[13/11/2013 07:47] /a 2
[13/11/2013 08:03] /reload actions
[13/11/2013 08:03] /reload actions
[13/11/2013 08:06] /reload actions
[13/11/2013 08:06] /r
[13/11/2013 08:11] /reload actions
[13/11/2013 08:17] /reload movements
[13/11/2013 08:22] /reload actions
[11/12/2013 16:52] /reload talkactions
[11/12/2013 16:54] /reload mounts
[11/12/2013 17:03] /reload talkactions
[15/12/2013 14:46] /reload actions
[15/12/2013 14:48] /reload actions
[15/12/2013 15:10] /reload actions
[15/12/2013 15:23] /reload actions
[15/12/2013 15:26] /reload creaturescripts
[15/12/2013 16:02] /reload actions
[15/12/2013 16:17] /reload creaturescripts
[15/12/2013 16:23] /reload items
[15/12/2013 16:30] /reload creaturescripts
[15/12/2013 16:30] /reload creaturescripts
[15/12/2013 16:46] /reload movements
