----- 25/8/2013 11:38:43 - ADM Alisson (127.0.0.1) -----
Comment: 
Graphic Engine: DirectX5 (0)
Operating System: Windows 7 Ultimate Edition 64 Bit in BRA
Processor: Dual Core Intel Pentium E5700 @ 3
Video Card: NVIDIA GeForce 9500 GT
Last Packet Types: 142 180 142 180 029 142 180 030 029 131
Last Packet: 180 034 012 000 047 110 101 119 116 121 112 101 032 053 050 053
Player Position: [32660,31684,7]
Player Name: ADM Alisson (Online)
Player Action: 049 050 055 046 048 046 048 046 049 058 055 049 055 050
Player.cpp 343: exception occurred, reason:
Player.cpp 447: exception occurred, reason:
Control.cpp 2040: exception occurred (MessageType: 0 MaW: 34E290 MoW: 0), reason:
Control.cpp 2035: exception occurred, reason:
Control.cpp 524: exception occurred (Force?1:0 = 0), reason:
MainWindow.cpp 127: exception occurred (Surface = 1), reason:
GUI.cpp 1683: exception occurred (Surface = 1), reason:
MapWindow.cpp 923: exception occurred (Surface = 1), reason:
MapWindow.cpp 546: exception occurred (Obj = 103), reason:
MapWindow.cpp 1247: exception occurred (posx = 224) (posy = 160), reason:
MapWindow.cpp 1149: exception occurred (i = 0) (Creatures[i]->OutfitType = 525), reason:
MapWindow.cpp 1114: exception occurred, reason:
MapWindow.cpp 1368: outfit has not all four directions (Creature->OutfitType = 525) (GetOutfitPatternWidth(Creature->OutfitType) = 1)
Sun Aug 25 11:38:31 2013
Debug Assertion 10.10 MapWindow.cpp 1368

----- 25/8/2013 11:40:10 - ADM Alisson (127.0.0.1) -----
Comment: 
Graphic Engine: DirectX5 (0)
Operating System: Windows 7 Ultimate Edition 64 Bit in BRA
Processor: Dual Core Intel Pentium E5700 @ 3
Video Card: NVIDIA GeForce 9500 GT
Last Packet Types: 100 015 023 010 031 100 020 000 000 000
Last Packet: 010 023 233 003 000 016 050 000 003 015 021 013 128 003 169 252
Player Position: [0,0,0]
Player Name: ADM Alisson (Online)
Player Action: 049 050 055 046 048 046 048 046 049 058 055 049 055 050
Player.cpp 343: exception occurred, reason:
Network.cpp 980: exception occurred (ErrorCode = 0), reason:
Control.cpp 1504: exception occurred (Type = 100) (MainWindow = 3205848), reason:
Communication.cpp 2089: exception occurred (PlayerX = 32660) (PlayerY = 31684), reason:
Communication.cpp 2067: exception occurred (xmin = 0) (ymin = 0), reason:
Communication.cpp 2046: exception occurred (Type = 97) (OldType = 18839), reason:
Communication.cpp 1963: exception occurred (Type = 97) (CreatureID = 268436457), reason:
Communication.cpp 1872: outfit has not all four directions (Creature->OutfitType = 525) (GetOutfitPatternWidth(Creature->OutfitType) = 1)
Sun Aug 25 11:38:43 2013
Debug Assertion 10.10 Communication.cpp 1872

----- 25/8/2013 11:45:42 - ADM Alisson (127.0.0.1) -----
Comment: 
Graphic Engine: DirectX5 (0)
Operating System: Windows 7 Ultimate Edition 64 Bit in BRA
Processor: Dual Core Intel Pentium E5700 @ 3
Video Card: NVIDIA GeForce 9500 GT
Last Packet Types: 142 180 030 029 142 180 142 180 029 142
Last Packet: 180 034 012 000 047 110 101 119 116 121 112 101 032 053 055 052
Player Position: [32660,31684,7]
Player Name: ADM Alisson (Offline)
Player Action: 049 050 055 046 048 046 048 046 049 058 055 049 055 050
Player.cpp 343: exception occurred, reason:
Player.cpp 447: exception occurred, reason:
Control.cpp 2040: exception occurred (MessageType: 0 MaW: 2A0EAD8 MoW: 0), reason:
Control.cpp 2035: exception occurred, reason:
Control.cpp 524: exception occurred (Force?1:0 = 0), reason:
MainWindow.cpp 127: exception occurred (Surface = 1), reason:
GUI.cpp 1683: exception occurred (Surface = 1), reason:
MapWindow.cpp 923: exception occurred (Surface = 1), reason:
MapWindow.cpp 546: exception occurred (Obj = 103), reason:
MapWindow.cpp 1247: exception occurred (posx = 192) (posy = 128), reason:
MapWindow.cpp 1034: exception occurred, reason:
MapWindow.cpp 1018: exception occurred (Creature->OutfitType = 574) (Creature->CreatureID = 268436461), reason:
Objects.cpp 806: exception occurred (Number = 574) (Flag = 25), reason:
Container.h 230: index out of range (original i: 574, i: 573, min: 1, d: 573)
Sun Aug 25 11:44:28 2013
Debug Assertion 10.10 Container.h 230

----- 25/8/2013 11:52:6 - ADM Alisson (127.0.0.1) -----
Comment: 
Graphic Engine: DirectX5 (0)
Operating System: Windows 7 Ultimate Edition 64 Bit in BRA
Processor: Dual Core Intel Pentium E5700 @ 3
Video Card: NVIDIA GeForce 9500 GT
Last Packet Types: 142 180 029 029 030 029 142 180 029 029
Last Packet: 180 034 012 000 047 110 101 119 116 121 112 101 032 053 052 057
Player Position: [32660,31684,7]
Player Name: ADM Alisson (Offline)
Player Action: 049 050 055 046 048 046 048 046 049 058 055 049 055 050
Player.cpp 343: exception occurred, reason:
Player.cpp 447: exception occurred, reason:
Control.cpp 2040: exception occurred (MessageType: 0 MaW: B5EAD8 MoW: 0), reason:
Control.cpp 2035: exception occurred, reason:
Control.cpp 524: exception occurred (Force?1:0 = 0), reason:
MainWindow.cpp 127: exception occurred (Surface = 1), reason:
GUI.cpp 1683: exception occurred (Surface = 1), reason:
MapWindow.cpp 923: exception occurred (Surface = 1), reason:
MapWindow.cpp 546: exception occurred (Obj = 103), reason:
MapWindow.cpp 1247: exception occurred (posx = 224) (posy = 160), reason:
MapWindow.cpp 1149: exception occurred (i = 0) (Creatures[i]->OutfitType = 549), reason:
MapWindow.cpp 1114: exception occurred, reason:
MapWindow.cpp 1368: outfit has not all four directions (Creature->OutfitType = 549) (GetOutfitPatternWidth(Creature->OutfitType) = 1)
Sun Aug 25 11:50:59 2013
Debug Assertion 10.10 MapWindow.cpp 1368

----- 25/8/2013 11:56:0 - ADM Alisson (127.0.0.1) -----
Comment: 
Graphic Engine: DirectX5 (0)
Operating System: Windows 7 Ultimate Edition 64 Bit in BRA
Processor: Dual Core Intel Pentium E5700 @ 3
Video Card: NVIDIA GeForce 9500 GT
Last Packet Types: 106 180 030 029 130 131 106 180 103 109
Last Packet: 180 034 014 000 047 109 032 070 111 114 101 115 116 032 070 117
Player Position: [32658,31685,7]
Player Name: ADM Alisson (Offline)
Player Action: 049 050 055 046 048 046 048 046 049 058 055 049 055 050
Player.cpp 343: exception occurred, reason:
Network.cpp 980: exception occurred (ErrorCode = 0), reason:
Control.cpp 1504: exception occurred (Type = 106) (MainWindow = 1829592), reason:
Communication.cpp 2194: exception occurred (rx = 7) (ry = 7), reason:
Communication.cpp 1963: exception occurred (Type = 97) (CreatureID = 1073742843), reason:
Objects.cpp 916: exception occurred (Number = 579), reason:
Container.h 230: index out of range (original i: 579, i: 578, min: 1, d: 573)
Sun Aug 25 11:54:23 2013
Debug Assertion 10.10 Container.h 230

----- 25/8/2013 11:58:44 - ADM Alisson (127.0.0.1) -----
Comment: 
Graphic Engine: DirectX5 (0)
Operating System: Windows 7 Ultimate Edition 64 Bit in BRA
Processor: Dual Core Intel Pentium E5700 @ 3
Video Card: NVIDIA GeForce 9500 GT
Last Packet Types: 101 109 029 107 102 109 102 109 102 109
Last Packet: 109 148 127 205 123 007 001 148 127 204 123 007 101 000 000 027
Player Position: [32660,31692,7]
Player Name: ADM Alisson (Offline)
Player Action: 049 050 055 046 048 046 048 046 049 058 055 049 055 050
Player.cpp 343: exception occurred, reason:
Network.cpp 980: exception occurred (ErrorCode = 0), reason:
Control.cpp 1504: exception occurred (Type = 101) (MainWindow = 17820376), reason:
Communication.cpp 2102: exception occurred, reason:
Communication.cpp 2067: exception occurred (xmin = 0) (ymin = 0), reason:
Communication.cpp 2046: exception occurred (Type = 97) (OldType = 18853), reason:
Communication.cpp 1963: exception occurred (Type = 97) (CreatureID = 1073742843), reason:
Objects.cpp 916: exception occurred (Number = 579), reason:
Container.h 230: index out of range (original i: 579, i: 578, min: 1, d: 573)
Sun Aug 25 11:57:18 2013
Debug Assertion 10.10 Container.h 230

----- 25/8/2013 12:5:30 - ADM Alisson (127.0.0.1) -----
Comment: 
Graphic Engine: DirectX5 (0)
Operating System: Windows 7 Ultimate Edition 64 Bit in BRA
Processor: Dual Core Intel Pentium E5700 @ 3
Video Card: NVIDIA GeForce 9500 GT
Last Packet Types: 103 109 107 029 104 109 104 109 104 109
Last Packet: 109 150 127 190 123 007 001 150 127 191 123 007 103 000 000 106
Player Position: [32662,31679,7]
Player Name: ADM Alisson (Offline)
Player Action: 049 050 055 046 048 046 048 046 049 058 055 049 055 050
Player.cpp 343: exception occurred, reason:
Network.cpp 980: exception occurred (ErrorCode = 0), reason:
Control.cpp 1504: exception occurred (Type = 103) (MainWindow = 45869784), reason:
Communication.cpp 2128: exception occurred, reason:
Communication.cpp 2067: exception occurred (xmin = 0) (ymin = 13), reason:
Communication.cpp 2046: exception occurred (Type = 97) (OldType = 18853), reason:
Communication.cpp 1963: exception occurred (Type = 97) (CreatureID = 1073742843), reason:
Objects.cpp 916: exception occurred (Number = 579), reason:
Container.h 230: index out of range (original i: 579, i: 578, min: 1, d: 573)
Sun Aug 25 11:59:32 2013
Debug Assertion 10.10 Container.h 230

----- 25/8/2013 12:8:37 - ADM Alisson (127.0.0.1) -----
Comment: 
Graphic Engine: DirectX5 (0)
Operating System: Windows 7 Ultimate Edition 64 Bit in BRA
Processor: Dual Core Intel Pentium E5700 @ 3
Video Card: NVIDIA GeForce 9500 GT
Last Packet Types: 142 180 030 162 142 180 142 180 029 142
Last Packet: 180 034 012 000 047 110 101 119 116 121 112 101 032 053 052 057
Player Position: [32338,32216,7]
Player Name: ADM Alisson (Offline)
Player Action: 049 050 055 046 048 046 048 046 049 058 055 049 055 050
Player.cpp 343: exception occurred, reason:
Player.cpp 447: exception occurred, reason:
Control.cpp 2040: exception occurred (MessageType: 0 MaW: 297EAD8 MoW: 0), reason:
Control.cpp 2035: exception occurred, reason:
Control.cpp 524: exception occurred (Force?1:0 = 0), reason:
MainWindow.cpp 127: exception occurred (Surface = 1), reason:
GUI.cpp 1683: exception occurred (Surface = 1), reason:
MapWindow.cpp 923: exception occurred (Surface = 1), reason:
MapWindow.cpp 546: exception occurred (Obj = 429), reason:
MapWindow.cpp 1247: exception occurred (posx = 224) (posy = 160), reason:
MapWindow.cpp 1149: exception occurred (i = 0) (Creatures[i]->OutfitType = 549), reason:
MapWindow.cpp 1114: exception occurred, reason:
MapWindow.cpp 1368: outfit has not all four directions (Creature->OutfitType = 549) (GetOutfitPatternWidth(Creature->OutfitType) = 1)
Sun Aug 25 12:06:16 2013
Debug Assertion 10.10 MapWindow.cpp 1368

----- 25/8/2013 18:25:13 - ADM Alisson (127.0.0.1) -----
Comment: 
Graphic Engine: DirectX5 (0)
Operating System: Windows 7 Ultimate Edition 64 Bit in BRA
Processor: Dual Core Intel Pentium E5700 @ 3
Video Card: NVIDIA GeForce 9500 GT
Last Packet Types: 110 108 163 180 106 106 170 160 133 131
Last Packet: 110 001 252 073 255 000 000 008 000 001 000 001 000 000 000 001
Player Position: [32967,32394,10]
Player Name: ADM Alisson (Offline)
Player Action: 049 050 055 046 048 046 048 046 049 058 055 049 055 050
Player.cpp 343: exception occurred, reason:
Network.cpp 980: exception occurred (ErrorCode = 0), reason:
Control.cpp 1504: exception occurred (Type = 110) (MainWindow = 42328720), reason:
Communication.cpp 2694: exception occurred, reason:
tcontainerview.cpp 25: assertion failed (m_Name.c_str() = 59230016), reason:
static_cast<int>(m_Name.size()) > 0
Sun Aug 25 18:24:50 2013
Debug Assertion 10.10 tcontainerview.cpp 25

----- 26/8/2013 13:1:44 - ADM Alisson (127.0.0.1) -----
Comment: 
Graphic Engine: DirectX5 (0)
Operating System: Windows 7 Ultimate Edition 64 Bit in BRA
Processor: Dual Core Intel Pentium E5700 @ 3
Video Card: NVIDIA GeForce 9500 GT
Last Packet Types: 100 015 023 010 180 180 159 159 031 020
Last Packet: 159 000 000 000 000 159 001 000 000 000 180 018 032 000 089 111
Player Position: [857,963,7]
Player Name: ADM Alisson (Offline)
Player Action: 049 050 055 046 048 046 048 046 049 058 055 049 055 050
Player.cpp 343: exception occurred, reason:
Network.cpp 980: exception occurred (ErrorCode = 0), reason:
Control.cpp 1504: exception occurred (Type = 100) (MainWindow = 11723408), reason:
Communication.cpp 2089: exception occurred (PlayerX = 857) (PlayerY = 964), reason:
Communication.cpp 2067: exception occurred (xmin = 0) (ymin = 0), reason:
Communication.cpp 2046: exception occurred (Type = 30975) (OldType = 632), reason:
Objects.cpp 513: exception occurred (Type = 30975) (Flag = 10), reason:
Objects.cpp 510: assertion failed (Type = 30975) (ObjectProperties->high() = 19235), reason:
In(Type,ObjectProperties->low(),ObjectProperties->high())
Mon Aug 26 12:48:10 2013
Debug Assertion 10.10 Objects.cpp 510

----- 26/8/2013 13:22:34 - ADM Alisson (127.0.0.1) -----
Comment: 
Graphic Engine: DirectX5 (0)
Operating System: Windows 7 Ultimate Edition 64 Bit in BRA
Processor: Dual Core Intel Pentium E5700 @ 3
Video Card: NVIDIA GeForce 9500 GT
Last Packet Types: 100 015 023 010 031 100 020 000 000 000
Last Packet: 010 023 017 004 000 016 050 000 003 015 021 013 128 003 169 252
Player Position: [857,964,7]
Player Name: ADM Alisson (Online)
Player Action: 049 050 055 046 048 046 048 046 049 058 055 049 055 050
Player.cpp 343: exception occurred, reason:
Network.cpp 980: exception occurred (ErrorCode = 0), reason:
Control.cpp 1504: exception occurred (Type = 100) (MainWindow = 1829592), reason:
Communication.cpp 2089: exception occurred (PlayerX = 857) (PlayerY = 964), reason:
Communication.cpp 2067: exception occurred (xmin = 0) (ymin = 0), reason:
Communication.cpp 2046: exception occurred (Type = 30975) (OldType = 632), reason:
Objects.cpp 513: exception occurred (Type = 30975) (Flag = 10), reason:
Objects.cpp 510: assertion failed (Type = 30975) (ObjectProperties->high() = 19235), reason:
In(Type,ObjectProperties->low(),ObjectProperties->high())
Mon Aug 26 13:11:17 2013
Debug Assertion 10.10 Objects.cpp 510

----- 27/8/2013 0:59:28 - Account Manager (127.0.0.1) -----
Comment: 
Graphic Engine: DirectX5 (0)
Operating System: Windows 7 Ultimate Edition 64 Bit in BRA
Processor: Dual Core Intel Pentium E5700 @ 3
Video Card: NVIDIA GeForce 9500 GT
Last Packet Types: 100 015 023 010 180 180 159 159 031 100
Last Packet: 159 000 000 000 000 159 001 000 000 000 180 018 032 000 089 111
Player Name: ADM Alisson (Offline)
Player Action: 049 050 055 046 048 046 048 046 049 058 055 049 055 050
Player.cpp 343: exception occurred, reason:
Network.cpp 980: exception occurred (ErrorCode = 0), reason:
Control.cpp 1504: exception occurred (Type = 100) (MainWindow = 44229264), reason:
Communication.cpp 2089: exception occurred (PlayerX = 857) (PlayerY = 964), reason:
Communication.cpp 2067: exception occurred (xmin = 0) (ymin = 0), reason:
Communication.cpp 2046: exception occurred (Type = 24) (OldType = 4515), reason:
Objects.cpp 513: exception occurred (Type = 24) (Flag = 10), reason:
Objects.cpp 510: assertion failed (Type = 24) (ObjectProperties->high() = 19235), reason:
In(Type,ObjectProperties->low(),ObjectProperties->high())
Mon Aug 26 14:56:55 2013
Debug Assertion 10.10 Objects.cpp 510

