[13/10/2013 15:57] /reload npc
[13/10/2013 15:58] /reload actions
[13/10/2013 15:58] /reload actions
[13/10/2013 16:13] /i 1988
[13/10/2013 16:16] /goto halvar
[13/10/2013 16:19] /goto halva
[13/10/2013 16:19] /goto halvar
[13/10/2013 16:19] /a 2
[13/10/2013 16:23] /goto halvar
[13/10/2013 16:23] /a 2
[13/10/2013 16:23] /a 2
[13/10/2013 16:25] /reload movements
[13/10/2013 16:25] /reload movements
[13/10/2013 16:32] /goto halvar
[13/10/2013 16:33] /a 2
[13/10/2013 16:51] /goto halvar
[13/10/2013 16:51] /a 2
[13/10/2013 16:52] /reload movements
[13/10/2013 16:55] /goto halvar
[13/10/2013 16:55] /a 2
[13/10/2013 16:58] /goto halvar
[13/10/2013 16:58] /a 5
[13/10/2013 16:59] /goto halvar
[13/10/2013 16:59] /a 5
[13/10/2013 17:03] /goto halvar
[13/10/2013 17:03] /a 5
[13/10/2013 17:05] /goto halvar
[13/10/2013 17:06] /a 5
[13/10/2013 17:08] /reload movements
[13/10/2013 17:21] /a 2
[13/10/2013 17:21] /goto galvar
[13/10/2013 17:21] /goto halvar
[13/10/2013 17:28] /a 2
[13/10/2013 17:30] /reload movements
[13/10/2013 17:32] /reload movements
[13/10/2013 17:35] /a 2
[13/10/2013 17:37] /i 1988
[13/10/2013 17:39] /i 2553
[13/10/2013 17:39] /i 2554
[13/10/2013 17:39] /i /i 2120
[13/10/2013 17:39] /i 2120
[13/10/2013 17:41] /reload actions
[13/10/2013 17:46] /reload movements
[13/10/2013 17:46] /reload actions
[13/10/2013 17:48] /reload actions
[13/10/2013 17:55] /reload actions
[13/10/2013 17:58] /i 2493
[13/10/2013 17:58] /i 2494
[13/10/2013 17:58] /i 2495
[13/10/2013 17:58] /i 2496
[13/10/2013 17:58] /i 2520
[13/10/2013 17:59] /i 2195
[13/10/2013 17:59] /i 2361
[13/10/2013 18:06] /reload actions
[13/10/2013 18:09] /reload actions
[13/10/2013 18:10] /reload actions
[13/10/2013 18:12] /reload actions
[13/10/2013 18:13] /reload actions
[14/10/2013 20:46] /goto oldrak
[14/10/2013 20:48] /reload movements
[14/10/2013 20:50] /reload actions
[14/10/2013 20:53] /reload actions
[14/10/2013 20:54] /goto tarek
[14/10/2013 20:54] /goto tarek
[14/10/2013 20:55] /goto palimuth
[14/10/2013 20:57] /goto tarak
[14/10/2013 21:06] /reload movements
[14/10/2013 21:09] /reload movements
[14/10/2013 21:11] /goto tarak
[14/10/2013 21:16] /goto tarak
[14/10/2013 21:19] /goto zalamon
[14/10/2013 21:20] /a 2
[14/10/2013 21:20] /goto oldrak
[14/10/2013 21:22] /reload actions
[14/10/2013 21:34] /goto benjamin
[14/10/2013 21:39] /a 2
[14/10/2013 21:39] /a 2
[14/10/2013 21:41] /reload actions
[14/10/2013 21:46] /m Azerus
[14/10/2013 21:46] /r
[14/10/2013 21:46] /m Azerus 3
[14/10/2013 21:46] /m Azerus 2
[14/10/2013 21:46] /m Azerus 1
[14/10/2013 21:50] /reload creaturescript
[14/10/2013 21:50] /reload actions
[14/10/2013 21:51] /m azerus3
[14/10/2013 21:57] /reload creaturescripts
[14/10/2013 21:58] /m azerus3
[14/10/2013 21:58] /m azerus3
[14/10/2013 21:58] /reload creaturescripts
[14/10/2013 22:00] /m azerus3
[14/10/2013 22:01] /reload monsters
[14/10/2013 22:01] /m azerus3
[14/10/2013 22:01] /a 2
[14/10/2013 22:02] /goto scorn of emperoro
[14/10/2013 22:02] /goto scorn of emperor
[14/10/2013 22:02] /goto scorn of the emperor
[14/10/2013 22:07] /reload creaturescripts
[14/10/2013 22:07] /m azerus3
[14/10/2013 22:10] /reload creaturescripts
[14/10/2013 22:15] /reload monsters
[14/10/2013 22:17] /r
[14/10/2013 22:21] /goto halvar
[14/10/2013 22:21] /a 2
[14/10/2013 22:23] /i 18521
[14/10/2013 22:24] /reload movements
[14/10/2013 22:25] /reload movements
[14/10/2013 22:28] /reload creaturescripts
[14/10/2013 22:29] /a 2
[14/10/2013 22:31] /m frostfur
[14/10/2013 22:35] /reload movements
[14/10/2013 22:35] /goto halvar
[14/10/2013 22:35] /a 5
[14/10/2013 22:35] /goto halvar
[14/10/2013 22:39] /a 2
[14/10/2013 22:43] /reload movements
[14/10/2013 22:49] /a 2
[14/10/2013 22:49] /goto halvar
[14/10/2013 22:50] /a 2
[14/10/2013 22:50] /i 1988
[14/10/2013 22:51] /goto grizzly adams
[14/10/2013 22:54] /m hydra
[14/10/2013 22:54] /reload quests
[14/10/2013 22:55] /m hydra
[14/10/2013 22:55] /reload creaturescripts
[14/10/2013 22:55] /m hydra
[14/10/2013 22:57] /m hydra
[14/10/2013 23:00] /reload creaturescripts
[14/10/2013 23:00] /m hydra
[14/10/2013 23:02] /m hydra
[14/10/2013 23:05] /reload creaturescripts
[14/10/2013 23:05] /m hydra
[14/10/2013 23:06] /reload creaturescripts
[14/10/2013 23:06] /m hydra
[14/10/2013 23:08] /m hydra
[14/10/2013 23:10] /reload creaturescripts
[14/10/2013 23:10] /m hydra
[14/10/2013 23:13] /m hydra
[14/10/2013 23:13] /reload creaturescripts
[14/10/2013 23:15] /m hydra
[14/10/2013 23:17] /reload creaturescripts
[14/10/2013 23:17] /m hydra
[14/10/2013 23:18] /m hydra
[14/10/2013 23:20] /reload creaturescripts
[14/10/2013 23:21] /reload creaturescripts
[14/10/2013 23:21] /reload creaturescripts
[14/10/2013 23:21] /m hydra
[14/10/2013 23:21] /reload creaturescripts
[14/10/2013 23:22] /m hydra
[14/10/2013 23:24] /reload creaturescripts
[14/10/2013 23:24] /m hydra
[14/10/2013 23:24] /goto ushuriel
[14/10/2013 23:26] /reload creaturescripts
[14/10/2013 23:26] /reload creaturescripts
[14/10/2013 23:28] /r
[14/10/2013 23:29] /reload creaturescripts
[14/10/2013 23:29] /r
[14/10/2013 23:29] /m ushuriel
[14/10/2013 23:30] /a 15
[14/10/2013 23:30] /a 15
[14/10/2013 23:30] /a 15
[14/10/2013 23:30] /a 5
[14/10/2013 23:34] /reload creaturescripts
[14/10/2013 23:34] /m Latrivan
[14/10/2013 23:34] /m Golgordan
[14/10/2013 23:35] /a 50
[14/10/2013 23:35] /a 50
[14/10/2013 23:35] /a 50
[14/10/2013 23:35] /a 20
[14/10/2013 23:47] /a 20
[14/10/2013 23:47] /a 20
[14/10/2013 23:47] /a 20
[14/10/2013 23:47] /a 20
[14/10/2013 23:47] /a 20
[14/10/2013 23:47] /a 5
[14/10/2013 23:47] /a 25
[14/10/2013 23:47] /a 25
[14/10/2013 23:47] /a 25
[14/10/2013 23:47] /a 25
[14/10/2013 23:47] /a 25
[14/10/2013 23:48] /a 10
[14/10/2013 23:48] /a 10
[14/10/2013 23:48] /a 25
[14/10/2013 23:48] /a 25
[14/10/2013 23:48] /a 25
[14/10/2013 23:48] /a 25
[14/10/2013 23:49] /a 25
[14/10/2013 23:49] /a 25
[14/10/2013 23:49] /a 10
[14/10/2013 23:50] /reload monsters
[14/10/2013 23:50] /reload monsters
[14/10/2013 23:50] /reload monsters
[14/10/2013 23:50] /m versperoth
[14/10/2013 23:52] /reload actions
[14/10/2013 23:52] /m scorpion sceptre
[14/10/2013 23:53] /i 13293
[14/10/2013 23:53] /m midnight panther
[14/10/2013 23:56] /goto oldrak
[14/10/2013 23:57] /a 2
[14/10/2013 23:58] /reload actions
[14/10/2013 23:58] /a 2
[14/10/2013 23:59] /a 20
[14/10/2013 23:59] /a 20
[15/10/2013 00:02] /reload actions
[15/10/2013 00:03] /reload actions
[15/10/2013 00:05] /reload movements
[15/10/2013 00:07] /reload movements
[15/10/2013 00:11] /reload actions
[15/10/2013 00:11] /reload actions
[15/10/2013 00:13] /a 15
[15/10/2013 00:13] /a 15
[15/10/2013 00:13] /a 2
[15/10/2013 00:13] /a 2
[15/10/2013 00:13] /a 2
[15/10/2013 00:13] /r
[15/10/2013 00:15] /r
[15/10/2013 00:15] /r
[15/10/2013 00:18] /a 5
[15/10/2013 00:18] /a 5
[15/10/2013 00:18] /a 5
[15/10/2013 00:18] /a 2
[15/10/2013 00:19] /reload actions
[15/10/2013 00:20] /reload actions
[15/10/2013 00:21] /reload actions
[15/10/2013 00:21] /a 15
[15/10/2013 00:21] /a 15
[15/10/2013 00:21] /a 15
[15/10/2013 00:21] /a 15
[15/10/2013 00:22] /reload actions
[15/10/2013 00:23] /reload actions
[15/10/2013 00:23] /reload actions
[15/10/2013 00:23] /reload actions
[15/10/2013 00:24] /reload actions
[15/10/2013 00:24] /a 15
[15/10/2013 00:24] /a 15
[15/10/2013 00:24] /a 15
[15/10/2013 00:24] /a 15
[15/10/2013 00:27] /reload actions
[15/10/2013 00:27] /a 15
[15/10/2013 00:27] /a 15
[15/10/2013 00:27] /a 15
[15/10/2013 00:27] /a 15
[15/10/2013 00:28] /reload actions
[15/10/2013 00:28] /a 15
[15/10/2013 00:28] /a 15
[15/10/2013 00:28] /a 15
[15/10/2013 00:28] /a 15
[15/10/2013 00:29] /reload actions
[15/10/2013 00:29] /a 15
[15/10/2013 00:29] /a 15
[15/10/2013 00:29] /a 15
[15/10/2013 00:29] /a 15
[15/10/2013 00:31] /reload actions
[15/10/2013 00:31] /a 15
[15/10/2013 00:31] /a 15
[15/10/2013 00:31] /a 15
[15/10/2013 00:32] /reload actions
[15/10/2013 00:32] /a 15
[15/10/2013 00:32] /a 15
[15/10/2013 00:32] /a 15
[15/10/2013 00:32] /a 15
[15/10/2013 00:32] /r
[15/10/2013 00:33] /r
[15/10/2013 00:33] /r
[15/10/2013 00:33] /r
[15/10/2013 00:33] /r
[15/10/2013 00:33] /r
[15/10/2013 00:33] /r 100
[15/10/2013 00:33] /r 100
[15/10/2013 00:33] /r 100
[15/10/2013 00:33] /r 100
[15/10/2013 00:33] /r 100
[15/10/2013 00:33] /r
[15/10/2013 00:33] /r
[15/10/2013 00:33] /r 1
[15/10/2013 00:33] /a 2
[15/10/2013 00:33] /r
[15/10/2013 00:35] /reload movements
[15/10/2013 00:35] /a 2
[15/10/2013 00:35] /a 2
[15/10/2013 00:39] /a 5
[15/10/2013 00:39] /a 5
[15/10/2013 00:39] /a 5
[15/10/2013 00:39] /a 5
[15/10/2013 00:39] /a 5
[15/10/2013 00:39] /a 5
[15/10/2013 00:39] /a 3
[15/10/2013 00:40] /a 6
[15/10/2013 00:40] /a 15
[15/10/2013 00:40] /a 15
[15/10/2013 00:40] /a 5
[15/10/2013 00:40] /a 35
[15/10/2013 00:41] /a 3
[15/10/2013 00:41] /a 3
[15/10/2013 00:43] /a 3
[15/10/2013 00:43] /a 3
[15/10/2013 00:46] /m assassin
[15/10/2013 00:49] /goto zarak
[15/10/2013 00:49] /goto zulak
[15/10/2013 00:49] /goto zurak
[15/10/2013 00:50] /c self test
[15/10/2013 00:50] /a 5
[15/10/2013 00:50] /a 2
[15/10/2013 00:50] /c self test
[15/10/2013 00:52] /reload actions
[15/10/2013 00:52] /a 3
[15/10/2013 00:52] /c self test
[15/10/2013 00:59] /reload creaturescripts
[15/10/2013 00:59] /m tirecz
[15/10/2013 00:59] /raid draptor
[15/10/2013 01:00] /raid demodras
[15/10/2013 01:01] /reload actions
[15/10/2013 01:03] /a 2
[15/10/2013 01:03] /goto naji
[15/10/2013 01:03] /a 2
[15/10/2013 01:03] /raid demodras
[15/10/2013 01:09] /raid demodras
[15/10/2013 01:13] /reload actions
[15/10/2013 01:14] /reload actions
[15/10/2013 01:14] /reload actions
[15/10/2013 01:17] /goto grizzly adams
[15/10/2013 01:17] /m behemoth
[15/10/2013 09:20] /reload actions
[15/10/2013 09:20] /reload actions
[15/10/2013 09:21] /reload actions
[15/10/2013 09:21] /reload actions
[15/10/2013 09:22] /reload actions
[15/10/2013 09:23] /reload actions
[15/10/2013 09:23] /reload actions
[15/10/2013 09:24] /reload actions
[15/10/2013 09:25] /reload actions
[15/10/2013 09:28] /reload actions
[15/10/2013 09:30] /reload actions
[15/10/2013 09:31] /reload actions
[15/10/2013 10:00] /a 150
[15/10/2013 10:00] /a 50
[15/10/2013 10:00] /a 50
[15/10/2013 10:00] /a 5
[15/10/2013 10:00] /a 25
[15/10/2013 10:01] /a 25
[15/10/2013 10:01] /a 25
[15/10/2013 10:02] /i 5908
[15/10/2013 10:04] /reload actions
[15/10/2013 12:43] /reload actions
[15/10/2013 12:44] /reload actions
[15/10/2013 12:44] /reload actions
[15/10/2013 12:44] /reload movements
[15/10/2013 12:52] /reload movements
[15/10/2013 12:56] /reload actions
[15/10/2013 12:58] /reload creaturescripts
[15/10/2013 13:00] /goto grizzly adams
[15/10/2013 13:00] /m hydra
[15/10/2013 13:05] /reload actions
[15/10/2013 13:05] /m midnight panther
[15/10/2013 13:06] /c midnight panther
[15/10/2013 13:07] /c self test
[15/10/2013 13:08] /reload actions
[15/10/2013 13:10] /reload talkactions
[15/10/2013 13:11] /reload talkactions
[15/10/2013 13:11] /reload talkactions
[15/10/2013 13:19] /reload talkactions
[15/10/2013 13:19] /reload talkactions
[15/10/2013 13:26] /reload globalevents
[15/10/2013 13:26] /reload globalevents
[15/10/2013 13:26] /reload globalevents
[15/10/2013 13:26] /reload globalevents
[15/10/2013 13:28] /reload globalevents
[15/10/2013 13:31] /reload globalevents
[15/10/2013 13:31] /reload globalevents
[15/10/2013 13:37] /reload globalevents
[15/10/2013 13:45] /raid demodras
[15/10/2013 13:46] /reload globalevents
[15/10/2013 13:46] /reload globalevents
[15/10/2013 13:47] /reload globalevents
[15/10/2013 13:48] /reload globalevents
[15/10/2013 13:48] /reload globalevents
[15/10/2013 13:50] /reload globalevents
[15/10/2013 13:51] /reload globalevents
[15/10/2013 13:53] /reload globalevents
[15/10/2013 13:53] /reload globalevents
[15/10/2013 13:54] /reload globalevents
[15/10/2013 13:55] /raid scarab
[15/10/2013 13:55] /raid Dryads
[15/10/2013 13:56] /goto dryad
[15/10/2013 13:56] /goto Dryads
[15/10/2013 13:56] /goto Dryad
[15/10/2013 13:56] /goto pino
[15/10/2013 13:56] /a 15
[15/10/2013 13:56] /a 15
[15/10/2013 13:57] /raid elfs
[15/10/2013 13:57] /goto aldo
[15/10/2013 13:57] /a 2
[15/10/2013 13:58] /a
[15/10/2013 13:58] /a 2
[15/10/2013 13:58] /a 2
[15/10/2013 13:58] /a 2
[15/10/2013 14:04] /reload actions
[15/10/2013 14:09] /goto oldrak
[15/10/2013 14:13] /reload actions
[15/10/2013 14:13] /a 20
[15/10/2013 14:13] /a 20
[15/10/2013 14:13] /a 20
[15/10/2013 14:14] /a 20
[15/10/2013 14:15] /reload actions
[15/10/2013 14:16] /reload actions
[15/10/2013 14:16] /reload actions
[15/10/2013 14:18] /reload actions
[15/10/2013 14:20] /reload actions
[15/10/2013 14:22] /reload actions
[15/10/2013 14:22] /a 25
[15/10/2013 14:22] /a 5
[15/10/2013 14:23] /a 3
[15/10/2013 14:23] /r
[15/10/2013 14:23] /a 15
[15/10/2013 14:23] /a 2
[15/10/2013 14:23] /r
[15/10/2013 14:23] /a 15
[15/10/2013 14:23] /a 15
[15/10/2013 14:23] /a 15
[15/10/2013 14:27] /reload movements
[15/10/2013 14:27] /a 5
[15/10/2013 14:28] /reload movements
[15/10/2013 14:28] /a 1
[15/10/2013 14:29] /a 3
[15/10/2013 14:29] /a 2
[15/10/2013 14:29] /a 2
[15/10/2013 14:29] /r
[15/10/2013 14:29] /r
[15/10/2013 14:29] /a 3
[15/10/2013 14:30] /a 3
[15/10/2013 14:30] /a 5
[15/10/2013 14:30] /c self test
[15/10/2013 14:30] /c self test
[15/10/2013 14:31] /a 3
[15/10/2013 14:32] /c self test
[15/10/2013 15:37] /i 8910
[15/10/2013 15:38] /i 8922
[15/10/2013 15:38] /m dragon
[15/10/2013 15:40] /reload weapowns
[15/10/2013 15:40] /reload weapons
[15/10/2013 15:42] /reload creaturescripts
[15/10/2013 15:45] /goto gnomally
[15/10/2013 15:45] /a 5
[15/10/2013 15:45] /a 5
[15/10/2013 15:46] /a 5
[15/10/2013 15:46] /r
[15/10/2013 15:48] /reload items
[15/10/2013 15:48] /reload items
[15/10/2013 15:48] /a 25
[15/10/2013 15:48] /a 25
[15/10/2013 15:48] /a 25
[15/10/2013 15:48] /a 10
[15/10/2013 15:48] /a 10
