[20/5/2013 18:35:37] /goto spit of the emperor
[20/5/2013 18:35:46] /goto spite of the emperor
[20/5/2013 18:36:36] /reload creaturescripts
[20/5/2013 18:41:22] /reload monsters
[20/5/2013 18:41:34] /clean
[20/5/2013 18:44:41] /reload creaturescripts
[20/5/2013 18:46:45] /reload monsters
[20/5/2013 18:47:10] /goto grizzly adams
[20/5/2013 18:47:49] /reload npc
[20/5/2013 18:48:19] /m hydra
[20/5/2013 19:24:58] /t
[21/5/2013 12:26:35] /reload creaturescripts
[21/5/2013 12:26:41] /reload monsters
[21/5/2013 12:27:29] /reload creaturescripts
[21/5/2013 12:27:41] /m wrath of the emperor
[21/5/2013 12:29:50] /goto zurak
[21/5/2013 12:30:0] /up
[21/5/2013 12:30:1] /up
[21/5/2013 12:30:2] /up
[21/5/2013 12:30:6] /up
[21/5/2013 12:30:8] /up
[21/5/2013 12:30:11] /down
[21/5/2013 12:31:54] /goto ongulf
[21/5/2013 12:32:34] /down
[21/5/2013 12:32:56] /up
[21/5/2013 12:32:56] /up
[21/5/2013 12:32:57] /up
[21/5/2013 12:32:57] /up
[21/5/2013 12:32:58] /up
[21/5/2013 12:33:40] /t
[21/5/2013 12:33:42] /save
[21/5/2013 12:34:11] /shutdown
[21/5/2013 12:53:35] /m hydra
[21/5/2013 12:54:6] /m necromancer
[21/5/2013 16:41:22] /t
[21/5/2013 16:45:47] /goto ushuriel
[21/5/2013 16:46:25] /goto yalahari
[21/5/2013 16:46:27] /down
[21/5/2013 16:46:28] /down
[21/5/2013 16:48:3] /goto oroclke
[21/5/2013 16:48:7] /goto manta ray
[21/5/2013 16:48:31] /goto abyssador
