[25/8/2013 11:35:19] /i 21453
[25/8/2013 11:35:24] /i 21454
[25/8/2013 11:35:27] /i 21456
[25/8/2013 11:35:29] /i 21458
[25/8/2013 11:35:31] /i 21456
[25/8/2013 11:35:36] /r
[25/8/2013 11:35:38] /r
[25/8/2013 11:35:39] /r
[25/8/2013 11:35:40] /r
[25/8/2013 11:35:40] /r
[25/8/2013 11:35:56] /newtype 521
[25/8/2013 11:35:59] /newtype 502
[25/8/2013 11:36:0] /newtype 506
[25/8/2013 11:36:3] /newtype 534
[25/8/2013 11:36:5] /newtype 500
[25/8/2013 11:36:7] /newtype 499
[25/8/2013 11:36:11] /newtype 400
[25/8/2013 11:36:12] /newtype 405
[25/8/2013 11:36:15] /newtype 450
[25/8/2013 11:36:17] /newtype 460
[25/8/2013 11:36:20] /newtype 480
[25/8/2013 11:36:22] /newtype 490
[25/8/2013 11:36:36] /n blood hand
[25/8/2013 11:36:41] /m blood hand
[25/8/2013 11:38:11] /reload talkactions
[25/8/2013 11:38:21] /n 510
[25/8/2013 11:38:26] /newtype 510
[25/8/2013 11:38:29] /newtype 515
[25/8/2013 11:38:31] /newtype 525
[25/8/2013 11:40:19] /newtype 540
[25/8/2013 11:41:19] /reload talkactions
[25/8/2013 11:41:25] /newtype 581
[25/8/2013 11:41:33] /newtype 581
[25/8/2013 11:41:34] /reload talkactions
[25/8/2013 11:41:37] /newtype 581
[25/8/2013 11:44:17] /newtype 570
[25/8/2013 11:44:22] /newtype 571
[25/8/2013 11:44:23] /newtype 572
[25/8/2013 11:44:24] /newtype 573
[25/8/2013 11:44:28] /newtype 574
[25/8/2013 11:45:50] /newtype 569
[25/8/2013 11:46:4] /newtype 568
[25/8/2013 11:46:54] /newtype 567
[25/8/2013 11:47:13] /newtype 566
[25/8/2013 11:47:32] /newtype 565
[25/8/2013 11:47:38] /newtype 564
[25/8/2013 11:47:41] /newtype 563
[25/8/2013 11:47:42] /newtype 562
[25/8/2013 11:47:56] /newtype 561
[25/8/2013 11:48:12] /newtype 56
[25/8/2013 11:48:14] /newtype 560
[25/8/2013 11:48:28] /newtype 559
[25/8/2013 11:48:41] /newtype 558
[25/8/2013 11:48:49] /newtype 557
[25/8/2013 11:49:2] /newtype 556
[25/8/2013 11:49:8] /newtype 555
[25/8/2013 11:49:31] /newtype 554
[25/8/2013 11:49:51] /newtype 553
[25/8/2013 11:50:15] /newtype 552
[25/8/2013 11:50:30] /newtype 551
[25/8/2013 11:50:45] /newtype 550
[25/8/2013 11:50:58] /newtype 549
[25/8/2013 11:52:10] /r
[25/8/2013 11:52:28] /reload monsters
[25/8/2013 11:52:45] /m blood hand
[25/8/2013 11:53:5] /r
[25/8/2013 11:53:7] /r
[25/8/2013 11:53:12] /i 6332
[25/8/2013 11:53:17] /r
[25/8/2013 11:53:20] /i 6232
[25/8/2013 11:53:25] /m blood hand
[25/8/2013 11:53:29] /m blood priest
[25/8/2013 11:53:34] /m gravedigger
[25/8/2013 11:53:39] /m elder wyrm
[25/8/2013 11:53:49] /m Nightfiend
[25/8/2013 11:53:55] /m rorc
[25/8/2013 11:54:1] /m Shadow Pupil
[25/8/2013 11:54:5] /m Tarnished Spirit
[25/8/2013 11:54:10] /m Leaf Golem
[25/8/2013 11:54:14] /a 2
[25/8/2013 11:54:17] /m Leaf Golem
[25/8/2013 11:54:22] /m Forest Fury
[25/8/2013 11:56:3] /reload monsters
[25/8/2013 11:56:15] /newtype 550
[25/8/2013 11:56:17] /newtype 556
[25/8/2013 11:56:19] /newtype 557
[25/8/2013 11:56:21] /newtype 558
[25/8/2013 11:56:21] /newtype 559
[25/8/2013 11:56:23] /newtype 560
[25/8/2013 11:56:24] /newtype 561
[25/8/2013 11:56:25] /newtype 562
[25/8/2013 11:56:26] /newtype 563
[25/8/2013 11:56:27] /newtype 564
[25/8/2013 11:56:28] /newtype 565
[25/8/2013 11:56:29] /newtype 566
[25/8/2013 11:56:30] /newtype 567
[25/8/2013 11:56:31] /newtype 568
[25/8/2013 11:56:32] /newtype 569
[25/8/2013 11:56:40] /reload monsters
[25/8/2013 11:57:2] /a 150
[25/8/2013 11:58:48] /reload monsters
[25/8/2013 11:58:55] /up
[25/8/2013 11:59:4] /n captain bluebear
[25/8/2013 11:59:17] /reload monsters
[25/8/2013 12:5:37] /reload monsters
[25/8/2013 12:5:50] /newtype 559
[25/8/2013 12:5:53] /newtype 560
[25/8/2013 12:5:53] /newtype 561
[25/8/2013 12:5:54] /newtype 562
[25/8/2013 12:5:55] /newtype 563
[25/8/2013 12:5:56] /newtype 564
[25/8/2013 12:5:56] /newtype 565
[25/8/2013 12:5:57] /newtype 566
[25/8/2013 12:5:58] /newtype 567
[25/8/2013 12:6:1] /newtype 568
[25/8/2013 12:6:2] /newtype 569
[25/8/2013 12:6:4] /newtype 570
[25/8/2013 12:6:6] /newtype 571
[25/8/2013 12:6:8] /newtype 572
[25/8/2013 12:6:11] /newtype 559
[25/8/2013 12:6:13] /newtype 550
[25/8/2013 12:6:14] /newtype 5549
[25/8/2013 12:6:16] /newtype 549
[25/8/2013 12:9:6] /goto pino
[25/8/2013 12:9:33] /goto captain waverider
[25/8/2013 12:9:48] /n pino
[25/8/2013 12:11:22] /down
[25/8/2013 12:11:44] /n foresty fury
[25/8/2013 12:11:49] /m foresty fury
[25/8/2013 12:12:8] /m Forest Fury
[25/8/2013 12:12:14] /m blood priest
[25/8/2013 12:12:18] /m blood hand
[25/8/2013 12:12:28] /m Gravedigger
[25/8/2013 12:12:35] /m Leaf Golem
[25/8/2013 12:12:44] /m Nightfiend
[25/8/2013 12:12:46] /m rorc
[25/8/2013 12:13:2] /m Shadow Pupil
[25/8/2013 12:13:10] /m Vampire Viscount
[25/8/2013 12:13:16] /m Vicious Manbat
[25/8/2013 12:13:21] /m White Shade
[25/8/2013 12:13:36] /m Elder Wyrm
[25/8/2013 12:14:29] /m Elder Wyrm/i 21245
[25/8/2013 12:14:33] /i 21245
[25/8/2013 12:14:52] /i 21246
[25/8/2013 12:14:53] /i 21247
[25/8/2013 12:14:54] /i 21248
[25/8/2013 12:15:3] /i 21243
[25/8/2013 12:19:4] /up
[25/8/2013 12:19:7] /up
[25/8/2013 12:19:9] /up
[25/8/2013 12:19:10] /up
[25/8/2013 12:19:30] /n pino
[25/8/2013 12:19:37] /down
[25/8/2013 12:19:37] /down
[25/8/2013 12:19:38] /down
[25/8/2013 12:22:40] /up
[25/8/2013 12:22:43] /up
[25/8/2013 12:22:44] /up
[25/8/2013 12:22:49] /i 1386
[25/8/2013 12:23:49] /m Leaf Golem
[25/8/2013 12:23:50] /m Leaf Golem
[25/8/2013 12:23:52] /m Leaf Golem
[25/8/2013 12:23:54] /m Leaf Golem
[25/8/2013 12:24:27] /save
[25/8/2013 12:25:6] /down
[25/8/2013 12:25:12] /down
[25/8/2013 12:25:15] /down
[25/8/2013 12:25:36] /down
[25/8/2013 12:25:39] /down
[25/8/2013 12:25:56] /down
[25/8/2013 12:26:1] /down
[25/8/2013 12:26:6] /down
[25/8/2013 12:26:8] /up
[25/8/2013 12:26:9] /up
[25/8/2013 12:26:12] /up
[25/8/2013 12:26:13] /up
[25/8/2013 12:26:19] /down
[25/8/2013 12:26:23] /down
[25/8/2013 12:26:58] /shutdown
[25/8/2013 18:22:30] /goto pino
[25/8/2013 18:22:44] /down
[25/8/2013 18:22:45] /down
[25/8/2013 18:22:47] /down
[25/8/2013 18:24:43] /goto blood hand
[25/8/2013 18:25:35] /i magic wall
[25/8/2013 18:25:39] /i magic wall rune
[25/8/2013 18:25:47] /mode 1
[25/8/2013 18:25:51] /mode 2
[25/8/2013 18:25:55] /mode 3
[25/8/2013 18:25:58] /mode 1
[25/8/2013 18:26:14] /down
[25/8/2013 18:26:30] /down
[25/8/2013 18:26:38] /down
[25/8/2013 18:26:47] /down
[25/8/2013 18:27:21] /goto dragonling
[25/8/2013 18:28:19] /down
[25/8/2013 18:28:25] /down
[25/8/2013 18:28:27] /up
[25/8/2013 18:28:58] /a 5
[25/8/2013 18:29:11] /a 10
[25/8/2013 18:29:13] /down
[25/8/2013 18:30:10] /down
[25/8/2013 18:30:11] /down
[25/8/2013 18:31:20] /goto oldrak
[25/8/2013 18:32:43] /i spellbook of vigilance
[25/8/2013 18:38:57] /reload movements
[25/8/2013 18:39:12] /reload movements
[25/8/2013 18:39:25] /reload movements
[25/8/2013 18:40:10] /reload movements
[25/8/2013 18:40:43] /reload movements
[25/8/2013 18:41:3] /reload movements
[25/8/2013 18:41:13] /reload movements
[25/8/2013 18:41:25] /reload movements
[25/8/2013 18:41:48] /reload movements
[25/8/2013 18:41:59] /reload movements
[25/8/2013 18:42:20] /reload movements
[25/8/2013 18:42:37] /i 10305
[25/8/2013 18:43:46] /reload movements
[25/8/2013 18:43:57] /reload movements
[25/8/2013 18:45:8] /i 10305
[25/8/2013 18:48:4] /reload movements
[25/8/2013 18:48:19] /reload movements
[25/8/2013 18:49:5] /c supreme ofs destroyer
[25/8/2013 18:49:13] /i 10305
[25/8/2013 18:49:14] /i 10305
[25/8/2013 18:50:9] /reload movements
[25/8/2013 18:50:33] /reload movements
[25/8/2013 18:50:49] /i 10305
[25/8/2013 18:50:50] /i 10305
[25/8/2013 18:59:23] /reload creaturescripts
[25/8/2013 18:59:28] /reload movemens
[25/8/2013 18:59:30] /reload movements
[25/8/2013 18:59:55] /reload movements
[25/8/2013 19:0:8] /reload movements
[25/8/2013 19:0:23] /i 10305
[25/8/2013 19:1:19] /i 10305
[25/8/2013 19:1:20] /i 10305
[25/8/2013 19:4:33] /reload movements
[25/8/2013 19:5:17] /r
[25/8/2013 19:6:11] /reload movements
[25/8/2013 19:8:22] /reload creaturescripts
[25/8/2013 19:8:26] /reload movements
[25/8/2013 19:8:53] /r
[25/8/2013 19:10:43] /reload creaturescripts
[25/8/2013 19:12:33] /r
[25/8/2013 19:16:3] /reload creaturescritps
[25/8/2013 19:16:7] /reload creaturescripts
[25/8/2013 19:19:29] /reload movements
[25/8/2013 19:19:47] /reload creaturescritps
[25/8/2013 19:19:55] /reload creaturescripts
[25/8/2013 19:20:40] /reload movements
[25/8/2013 19:20:55] /i holy icon
[25/8/2013 19:21:3] /i 10305
[25/8/2013 19:21:4] /i 10305
[25/8/2013 19:21:58] /reload movements
[25/8/2013 19:22:19] /r
[25/8/2013 19:22:52] /c supreme ofs destroyer
[25/8/2013 19:28:26] /reload movements
[25/8/2013 19:28:51] /r
[25/8/2013 19:30:8] /reload movements
[25/8/2013 19:31:56] /reload creaturescripts
[25/8/2013 19:32:1] /reload movements
[25/8/2013 19:32:19] /r
[25/8/2013 19:35:37] /reload movements
[25/8/2013 19:36:11] /reload movements
[25/8/2013 19:36:57] /reload movements
[25/8/2013 19:37:30] /i 10305
[25/8/2013 19:37:30] /i 10305
[25/8/2013 19:37:30] /i 10305
[25/8/2013 19:37:31] /i 10305
[25/8/2013 19:37:50] /reload movements
[25/8/2013 19:39:26] /reload movements
[25/8/2013 19:40:32] /reload creaturescripts
[25/8/2013 19:40:36] /reload movements
[25/8/2013 19:42:35] /reload movements
[25/8/2013 19:43:13] /reload creaturescritps
[25/8/2013 19:43:16] /reload creaturescripts
[25/8/2013 19:43:57] /reload movements
[25/8/2013 19:44:29] /reload movements
[25/8/2013 19:44:39] /i 10305
[25/8/2013 19:44:54] /i hallowed axe
[25/8/2013 19:45:26] /i pair of soft boots
[25/8/2013 19:48:48] /r
[25/8/2013 19:49:40] /reload creaturescripts
[25/8/2013 19:51:48] /reload creaturescripts
[25/8/2013 19:52:12] /reload creaturescripts
[25/8/2013 19:52:43] /reload creaturescripts
[25/8/2013 19:53:3] /reload creaturescripts
[25/8/2013 19:53:30] /i 10305
[25/8/2013 19:53:30] /i 10305
[25/8/2013 19:54:18] /reload movements
[25/8/2013 19:54:35] /reload creaturescripts
[25/8/2013 19:55:58] /i hallowed axe
[25/8/2013 19:55:59] /i hallowed axe
[25/8/2013 19:57:46] /save
[25/8/2013 20:2:54] /reload movements
[25/8/2013 20:3:3] /i 10305
[25/8/2013 20:7:11] /reload actions
[25/8/2013 20:7:37] /i 10305
[25/8/2013 20:10:19] /clean
[25/8/2013 20:10:19] /t
[25/8/2013 20:11:22] /goto war golem
[25/8/2013 20:12:12] /i gear wheel
[25/8/2013 20:22:44] /reload actions
[25/8/2013 20:23:24] /reload actions
[25/8/2013 20:25:2] /reload actions
[25/8/2013 20:27:2] /a 2
[25/8/2013 20:28:22] /a 2
[25/8/2013 20:28:24] /r
[25/8/2013 20:31:11] /r
[25/8/2013 20:32:19] /reload movemetns
[25/8/2013 20:32:23] /reload movements
[25/8/2013 20:32:50] /r
[25/8/2013 20:36:29] /r
[25/8/2013 20:36:43] /reload actions
[25/8/2013 20:36:58] /reload movements
[25/8/2013 20:38:8] /down
[25/8/2013 20:38:37] /reload movements
[25/8/2013 20:41:21] /a 5
[25/8/2013 20:41:29] /a 5
[25/8/2013 20:41:31] /save
[25/8/2013 20:41:35] /shutdown
[26/8/2013 0:28:3] /m blood hand
[26/8/2013 0:31:13] /goto blood hand
[26/8/2013 0:32:1] /goto ab'dendriel
[26/8/2013 0:32:6] /t
[26/8/2013 0:32:10] /goto pino
[26/8/2013 0:32:20] /down
[26/8/2013 0:32:22] /down
[26/8/2013 0:32:25] /down
[26/8/2013 0:36:3] /m gravedigger
[26/8/2013 0:36:15] /reload items
[26/8/2013 0:36:18] /reload item
[26/8/2013 0:36:32] /i 21452
[26/8/2013 0:37:18] /c supreme ofs destroyer
[26/8/2013 0:45:51] /goto ongulf
[26/8/2013 0:46:11] /down
[26/8/2013 0:47:44] /down
[26/8/2013 0:49:53] /reload creaturescripts
[26/8/2013 0:50:0] /goto snake god essence
[26/8/2013 0:52:45] /goto snake god essence
[26/8/2013 0:53:58] /reload creaturescripts
[26/8/2013 0:54:5] /m snake god essence
[26/8/2013 0:55:48] /m wrath of the emperor
[26/8/2013 0:56:4] /attr actionid 16007
[26/8/2013 0:56:44] /reload creaturescripts
[26/8/2013 0:58:4] /goto supreme ofs destroyer
[26/8/2013 0:58:54] /goto deathstrike
[26/8/2013 0:59:53] /goto oldrak
[26/8/2013 1:0:19] /i 10305
[26/8/2013 1:0:24] /c supreme ofs destroyer
[26/8/2013 1:1:30] /t
[26/8/2013 1:1:41] /c supreme ofs destroyer
[26/8/2013 1:15:44] /goto abyssador
[26/8/2013 1:15:46] /reload actions
[26/8/2013 1:18:48] /reload actions
[26/8/2013 1:24:46] /reload actions
[26/8/2013 1:46:12] /t
[26/8/2013 1:46:13] /save
[26/8/2013 1:46:39] /shutdown
[26/8/2013 2:22:58] /goto trisha
[26/8/2013 2:24:11] /up
[26/8/2013 2:26:15] /a 7
[26/8/2013 2:27:26] /reload npc
[26/8/2013 2:28:46] /reload actions
