[13/01/2012 04:41:23] /town thais
[13/01/2012 04:45:10] /r
[13/01/2012 04:45:18] /i backpack
[13/01/2012 04:45:21] /i 2160
[13/01/2012 04:45:47] /m demon
[13/01/2012 04:46:43] /r
[13/01/2012 04:46:45] /r
[13/01/2012 04:46:45] /r
[13/01/2012 04:46:46] /r
[13/01/2012 04:46:47] /r
[13/01/2012 04:46:48] /r
[13/01/2012 04:46:48] /r
[13/01/2012 04:47:09] /r
[13/01/2012 04:47:44] /town edron
[13/01/2012 04:48:27] /town ankrahmun
[13/01/2012 04:48:31] /a 100
[13/01/2012 04:48:32] /a 100
[13/01/2012 04:50:05] /t
[13/01/2012 04:50:09] /clean
[13/01/2012 05:03:33] /a
[13/01/2012 05:03:34] /a
[13/01/2012 05:03:34] /a
[13/01/2012 05:03:35] /a
[13/01/2012 05:03:46] /a
[13/01/2012 05:03:47] /a
[13/01/2012 05:03:47] /a
[13/01/2012 05:04:39] /r
[13/01/2012 05:05:42] /i addon doll
[13/01/2012 05:05:46] /i addon doll
[13/01/2012 05:28:44] /a 10
[13/01/2012 05:28:45] /a 10
[13/01/2012 05:28:46] /a 10
[13/01/2012 05:28:46] /a 10
[13/01/2012 05:28:48] /a 10
[13/01/2012 05:28:48] /a 10
[13/01/2012 05:28:51] /down
[13/01/2012 05:28:52] /down
[13/01/2012 05:28:53] /down
[13/01/2012 05:28:53] /down
[13/01/2012 05:28:56] /down
[13/01/2012 05:28:59] /a 10
[13/01/2012 05:29:00] /a 10
[13/01/2012 05:29:01] /a 10
[13/01/2012 05:29:02] /a 10
[13/01/2012 05:29:02] /a 10
[13/01/2012 05:29:04] /a 10
[13/01/2012 05:29:05] /a 10
[13/01/2012 05:29:05] /a 10
[13/01/2012 05:29:05] /a 10
[13/01/2012 05:29:07] /a 10
[13/01/2012 05:29:08] /a 10
[13/01/2012 05:29:08] /a 10
[13/01/2012 05:29:09] /a 10
[13/01/2012 05:29:09] /a 10
[13/01/2012 05:29:10] /a 10
[13/01/2012 05:29:11] /a 10
[13/01/2012 05:29:11] /a 10
[13/01/2012 05:29:12] /a 10
[13/01/2012 05:29:12] /a 10
[13/01/2012 05:29:13] /a 10
[13/01/2012 05:29:15] /down
[13/01/2012 05:29:16] /down
[13/01/2012 05:29:17] /down
[13/01/2012 05:29:29] /a 10
[13/01/2012 05:29:30] /a 10
[13/01/2012 05:29:31] /a 10
[13/01/2012 05:32:46] /town thais
[13/01/2012 05:33:20] /r
[13/01/2012 05:36:39] /attr unique 1987
[13/01/2012 05:36:45] /attr unique 1987
[13/01/2012 05:36:47] /attr unique 1987
[13/01/2012 05:37:17] /attr unique 1987
[13/01/2012 05:37:21] /attr unique 1987
[13/01/2012 05:37:56] /attr unique 39781
[13/01/2012 05:38:36] /attr unique 1987
[13/01/2012 05:38:48] /attr set unique 1987
[13/01/2012 05:38:53] /t
[13/01/2012 05:39:40] /attr set unique 7644
[13/01/2012 05:39:49] /attr set unique 7644
[13/01/2012 05:40:33] /down
[13/01/2012 05:40:35] /down
[13/01/2012 05:40:36] /down
[13/01/2012 05:40:36] /down
[13/01/2012 05:40:41] /up
[13/01/2012 05:40:42] /up
[13/01/2012 05:40:43] /up
[13/01/2012 05:40:44] /up
[13/01/2012 05:45:28] /i 2112
[13/01/2012 05:45:39] /i norseman doll
[13/01/2012 05:45:43] /i jester doll
[13/01/2012 05:47:26] /r
[13/01/2012 05:47:28] /i jester doll
[13/01/2012 05:50:03] /r
[13/01/2012 05:50:08] /i backpack
[13/01/2012 05:51:58] /i 2173
[13/01/2012 05:52:04] /i 2525
[13/01/2012 05:52:09] /i 2409
[13/01/2012 05:52:13] /i 2124
[13/01/2012 05:52:19] /i 2457
[13/01/2012 05:52:24] /i 2647
[13/01/2012 05:52:30] /i 2643
[13/01/2012 05:52:33] /i 2643
[13/01/2012 05:52:57] /i 2463
[13/01/2012 05:53:05] /i 2463
[13/01/2012 05:53:09] /r
[13/01/2012 05:53:22] /i wand of vortex
[13/01/2012 05:53:31] /i snakebite rod
[13/01/2012 05:57:38] /i unique 7442
[13/01/2012 05:57:42] /i unique 7442
[13/01/2012 05:57:49] /attr unique 7442
[13/01/2012 05:58:31] /a 50
[13/01/2012 05:58:31] /a 50
[13/01/2012 05:58:32] /a 50
[13/01/2012 05:58:47] /t
[13/01/2012 05:59:06] /attr unique 7644
[13/01/2012 05:59:09] /attr unique 7644
[13/01/2012 05:59:35] /clean
[13/01/2012 06:01:13] /save
[13/01/2012 06:30:50] /attr unique 7442
[13/01/2012 07:46:20] /a
[13/01/2012 15:01:27] /a
[13/01/2012 15:02:03] /b ola rasas como estan aorita are un evento solo ire a un mandadillo vengo en 20 minutillos
[13/01/2012 15:40:31] /bc
[13/01/2012 15:40:42] /bc game map cleaning in 1 minute
[13/01/2012 15:41:02] /clean
[13/01/2012 15:41:23] /ghost
[13/01/2012 15:41:30] /a 40
[13/01/2012 15:41:31] /a 40
[13/01/2012 15:41:32] /a 40
[13/01/2012 15:41:33] /a 40
[13/01/2012 15:42:02] /i stone
[13/01/2012 15:42:14] /town thais
[13/01/2012 15:42:23] /a
[13/01/2012 15:42:28] /ghost
[13/01/2012 15:42:42] /mc
[13/01/2012 15:43:05] /i spear
[13/01/2012 15:52:18] /b are un evento entre los pokitos que estamos el que gane ganara un addon doll
[13/01/2012 15:53:35] /b el que me encuentre le dara un addon doll
[13/01/2012 15:53:44] /b estoy en thais
[13/01/2012 15:53:54] /b escondido en algun lugar de thais
[13/01/2012 15:54:27] /b no vengan con sus chard y encuentrenme se ganaran un addon doll
[13/01/2012 15:55:10] /a
[13/01/2012 15:55:24] /a
[13/01/2012 15:55:25] /up
[13/01/2012 15:55:37] /b encuentrenme estoy en un lugar bien facil
[13/01/2012 15:58:31] /b como nadien me encuentra
[13/01/2012 15:58:33] /down
[13/01/2012 15:58:44] /a
[13/01/2012 15:58:53] /b gano destinate
[13/01/2012 15:58:56] /b XDD
[13/01/2012 15:59:00] /i addon doll
[13/01/2012 15:59:05] /i jester doll
[13/01/2012 15:59:46] /i golden legs
[13/01/2012 15:59:50] /i blue legs
[13/01/2012 16:00:29] /b recuerden invitar a sus amigos :D
[13/01/2012 16:01:30] /a
[13/01/2012 16:01:31] /a
[13/01/2012 16:01:31] /a
[13/01/2012 16:01:35] /up
[13/01/2012 16:01:37] /down
[13/01/2012 16:01:41] /n rashid
[13/01/2012 16:02:20] /n soya
[13/01/2012 16:02:31] /i 1481
[13/01/2012 16:02:32] /i 1481
[13/01/2012 16:02:33] /i 1481
[13/01/2012 16:02:34] /i 1481
[13/01/2012 16:03:19] /i stone skin amulet
[13/01/2012 16:03:28] /m dragon
[13/01/2012 16:03:52] /r
[13/01/2012 16:04:21] /i stone skin amulet
[13/01/2012 16:04:50] /b bless funcionando al 100%
[13/01/2012 16:05:45] /n haround
[13/01/2012 16:05:49] /n haroun
[13/01/2012 16:06:58] /n Alesar
[13/01/2012 16:07:58] /n Nah'Bob
[13/01/2012 16:08:21] /n yaman
[13/01/2012 16:09:37] /i 2160
[13/01/2012 16:13:59] /i santa doll
[13/01/2012 16:15:20] /i focus cape
[13/01/2012 16:15:24] /i hat of the mad
[13/01/2012 16:15:32] /i boots of haste
[13/01/2012 16:16:08] /n king tibianus
[13/01/2012 16:16:16] /r
[13/01/2012 16:17:41] /i jester addon
[13/01/2012 16:17:45] /i jester doll
[13/01/2012 16:18:54] /b perdonen los que son paladin las spear las arreglare en la noche porque tengo que apagar el server y volverlo a prender o sino se crashea
[13/01/2012 16:26:31] /r
[13/01/2012 16:26:56] /r
[13/01/2012 16:27:00] /i backpack
[13/01/2012 16:27:06] /i assassin star
[13/01/2012 16:27:07] /i assassin star
[13/01/2012 16:27:10] /i assassin star
[13/01/2012 16:27:11] /i assassin star
[13/01/2012 16:27:11] /i assassin star
[13/01/2012 16:27:11] /i assassin star
[13/01/2012 16:27:12] /i assassin star
[13/01/2012 16:27:12] /i assassin star
[13/01/2012 16:27:12] /i assassin star
[13/01/2012 16:27:13] /i assassin star
[13/01/2012 16:27:13] /i assassin star
[13/01/2012 16:27:13] /i assassin star
[13/01/2012 16:27:14] /i assassin star
[13/01/2012 16:27:14] /i assassin star
[13/01/2012 16:27:15] /i assassin star
[13/01/2012 16:27:15] /i assassin star
[13/01/2012 16:27:15] /i assassin star
[13/01/2012 16:27:16] /i assassin star
[13/01/2012 16:27:16] /i assassin star
[13/01/2012 16:27:17] /i assassin star
[13/01/2012 16:27:30] /goto Frik'ss
[13/01/2012 16:27:47] /i spear
[13/01/2012 16:27:52] /i backpack
[13/01/2012 16:27:56] /i enchanted spear
[13/01/2012 16:27:58] /i enchanted spear
[13/01/2012 16:27:58] /i enchanted spear
[13/01/2012 16:27:59] /i enchanted spear
[13/01/2012 16:27:59] /i enchanted spear
[13/01/2012 16:27:59] /i enchanted spear
[13/01/2012 16:28:00] /i enchanted spear
[13/01/2012 16:28:00] /i enchanted spear
[13/01/2012 16:28:00] /i enchanted spear
[13/01/2012 16:28:01] /i enchanted spear
[13/01/2012 16:28:01] /i enchanted spear
[13/01/2012 16:28:01] /i enchanted spear
[13/01/2012 16:28:02] /i enchanted spear
[13/01/2012 16:28:02] /i enchanted spear
[13/01/2012 16:28:02] /i enchanted spear
[13/01/2012 16:28:03] /i enchanted spear
[13/01/2012 16:28:03] /i enchanted spear
[13/01/2012 16:28:05] /i enchanted spear
[13/01/2012 16:28:06] /i enchanted spear
[13/01/2012 16:28:06] /i enchanted spear
[13/01/2012 16:28:11] /r 100
[13/01/2012 16:31:21] /i sword
[13/01/2012 16:31:31] /attr set attack 9999900
[13/01/2012 16:31:36] /attr set attack 9999999
[13/01/2012 16:31:40] /attr set attack 9999999999
[13/01/2012 16:31:42] /attr set attack 999999999
[13/01/2012 16:33:09] /r
[13/01/2012 16:33:19] /r
[13/01/2012 16:33:19] /r
[13/01/2012 16:33:20] /r
[13/01/2012 16:33:20] /r
[13/01/2012 16:33:21] /r
[13/01/2012 16:33:22] /r
[13/01/2012 16:33:23] /r
[13/01/2012 16:33:24] /r
[13/01/2012 16:33:42] /i 5580
[13/01/2012 16:35:39] /b nos vemos vengo mas de rato
[13/01/2012 16:35:48] /b bye :D
[13/01/2012 16:36:00] /ghost
[13/01/2012 16:38:26] /mc
[13/01/2012 19:19:37] /r
[13/01/2012 19:19:38] /r
[13/01/2012 20:45:04] /t
[13/01/2012 20:45:07] /ghost
[13/01/2012 20:45:26] /goto cheater lol
[13/01/2012 20:45:33] /goto jonatan
[13/01/2012 20:45:39] /goto destinate
[13/01/2012 20:49:31] /goto death master
[13/01/2012 20:50:31] /goto Gosht dragon
[13/01/2012 20:50:44] /goto Baitolinha rush
[13/01/2012 20:51:03] /info Baitolinha rush
[13/01/2012 20:51:12] /i 2160
[13/01/2012 20:51:36] /i boots of haste
[13/01/2012 20:51:43] /i blue leg
[13/01/2012 20:51:44] /i blue legs
[13/01/2012 20:51:50] /i focus cape
[13/01/2012 20:51:59] /i royal helmet
[13/01/2012 20:52:08] /i demon shield
[13/01/2012 20:55:53] /a
[13/01/2012 20:55:58] /a
[13/01/2012 20:56:00] /a
[13/01/2012 20:56:01] /a
[13/01/2012 20:56:32] /a /a 5
[13/01/2012 20:56:34] /a /a 5
[13/01/2012 20:56:35] /a /a 5
[13/01/2012 20:56:38] /a 5
[13/01/2012 20:58:19] /goto Flower Of Mistycal
[13/01/2012 20:59:14] /a
[13/01/2012 20:59:18] /r
[13/01/2012 20:59:33] /goto Elder bash
[13/01/2012 20:59:35] /goto Elder bash
[13/01/2012 20:59:48] /a
[13/01/2012 21:10:44] /ghost
[13/01/2012 21:12:04] /mc
[13/01/2012 22:28:52] /clean 1
[13/01/2012 22:29:01] /save 1
[13/01/2012 22:29:15] /goto Destinate
[13/01/2012 22:29:30] /goto Jonatan
[13/01/2012 22:29:45] /ghost
[13/01/2012 22:29:47] /t
[13/01/2012 22:31:09] /r
[13/01/2012 22:34:30] /r
[13/01/2012 22:34:32] /r
[13/01/2012 22:34:32] /r
[13/01/2012 22:34:33] /r
[13/01/2012 22:34:33] /r
[13/01/2012 22:34:34] /r
[13/01/2012 22:34:34] /r
[13/01/2012 22:34:38] /i 2740
[13/01/2012 22:34:40] /i 2740
[13/01/2012 22:34:40] /i 2740
[13/01/2012 22:34:41] /i 2740
[13/01/2012 22:34:44] /i stone
[13/01/2012 22:34:45] /i stone
[13/01/2012 22:34:46] /i stone
[13/01/2012 22:34:47] /i stone
[13/01/2012 22:34:54] /a
[13/01/2012 23:07:09] /ghost
[13/01/2012 23:07:13] /goto Ghost Dementito
[13/01/2012 23:07:21] /t
[13/01/2012 23:07:31] /ghost
[13/01/2012 23:07:33] /t
[13/01/2012 23:07:38] /t
[13/01/2012 23:07:48] /mc
[13/01/2012 23:09:28] /attr group 3
[13/01/2012 23:11:51] /bc si recuerdenlo para asi estar en arriva y ser los mas chingones
[13/01/2012 23:14:23] /goto Elder bash
[13/01/2012 23:15:35] /i backpack
[13/01/2012 23:17:08] /owner Elder bash
[13/01/2012 23:17:11] /owner Elder bash
[13/01/2012 23:18:08] /a
[13/01/2012 23:19:24] /a
[13/01/2012 23:20:59] /mc
[13/01/2012 23:21:07] /bc 23:20 Currently online players with same IP address(es): 23:20 Elite bash (189.186.96.33) 23:20 Elder bash (189.186.96.33)
[13/01/2012 23:21:12] /up
[13/01/2012 23:22:58] /bc recuerden usar !afk on y si lo dejan en training se kedaran ai exitiados y no se logearan asta el gloval server save que es a las 4 de la mañana
[13/01/2012 23:23:23] /a
[13/01/2012 23:23:26] /a 2
[13/01/2012 23:23:32] /a
[13/01/2012 23:23:33] /up
[13/01/2012 23:24:23] /m ferumbras
[13/01/2012 23:24:26] /r
[13/01/2012 23:24:33] /c Elder bash
[13/01/2012 23:24:34] /c Elder bash
[13/01/2012 23:24:35] /c Elder bash
[13/01/2012 23:24:35] /c Elder bash
[13/01/2012 23:24:36] /c Elder bash
[13/01/2012 23:24:37] /c Elder bash
[13/01/2012 23:24:38] /c Elder bash
[13/01/2012 23:24:39] /c Elder bash
[13/01/2012 23:24:39] /c Elder bash
[13/01/2012 23:26:52] /i Fire Wall Rune
[13/01/2012 23:27:14] /r
[13/01/2012 23:27:15] /r
[13/01/2012 23:27:17] /r
[13/01/2012 23:27:17] /r
[13/01/2012 23:27:19] /r
[13/01/2012 23:27:34] /m ghastly dragon
[13/01/2012 23:27:40] /r
[13/01/2012 23:27:44] /r
[13/01/2012 23:27:46] /r
[13/01/2012 23:27:47] /r
[13/01/2012 23:28:01] /r
[13/01/2012 23:28:31] /m grim reaper
[13/01/2012 23:28:36] /r
[13/01/2012 23:28:55] /r
[13/01/2012 23:28:56] /r
[13/01/2012 23:29:00] /m drogon
[13/01/2012 23:29:04] /m dragon
[13/01/2012 23:29:36] /m dragon lord
[13/01/2012 23:29:53] /i ice
[13/01/2012 23:30:03] /i 920
[13/01/2012 23:30:31] /i sudden death rune
[13/01/2012 23:30:34] /i sudden death rune
[13/01/2012 23:30:41] /i paralize rune
[13/01/2012 23:30:42] /i paralize rune
[13/01/2012 23:30:48] /i paralize rune
[13/01/2012 23:30:50] /i paralize rune
[13/01/2012 23:30:54] /i blank rune
[13/01/2012 23:31:06] /i paralyze rune
[13/01/2012 23:31:14] /m madareth
[13/01/2012 23:31:21] /r
[13/01/2012 23:31:24] /m anihilon
[13/01/2012 23:31:38] /m annihilon
[13/01/2012 23:33:16] /i great mana potion
[13/01/2012 23:33:37] /r
[13/01/2012 23:33:55] /c Elder bash
[13/01/2012 23:34:22] /info Elder bash
[13/01/2012 23:35:10] /r
[13/01/2012 23:35:48] /m annihilon
[13/01/2012 23:38:41] /c death master
[13/01/2012 23:38:43] /c elder bash
[13/01/2012 23:43:46] /i addon doll
[13/01/2012 23:43:51] /i jester doll
[13/01/2012 23:45:48] /goto Jonatan
[13/01/2012 23:45:53] /c elder bash
[13/01/2012 23:45:56] /c elder bash
[13/01/2012 23:45:58] /a 2
[13/01/2012 23:48:03] /i warlord sword
[13/01/2012 23:48:45] /i solar axe
[13/01/2012 23:49:33] /c death master
[14/01/2012 00:15:57] /goto death master
[14/01/2012 00:16:02] /i addon doll
[14/01/2012 00:16:11] /i jester doll
[14/01/2012 00:16:12] /i jester doll
[14/01/2012 00:16:13] /i jester doll
[14/01/2012 00:18:32] /i sahrd
[14/01/2012 00:18:37] /i shard
[14/01/2012 00:19:20] /a
[14/01/2012 00:19:22] /a
[14/01/2012 00:19:37] /owner death master
[14/01/2012 00:19:45] /a
[14/01/2012 00:19:55] /a 5
[14/01/2012 00:19:56] /a 5
[14/01/2012 00:19:57] /a 5
[14/01/2012 00:19:57] /a 5
[14/01/2012 00:20:07] /owner ADMIN [Killer]
[14/01/2012 00:20:29] /owner death master
[14/01/2012 00:20:39] /c elder bass
[14/01/2012 00:20:40] /c elder bass
[14/01/2012 00:20:49] /c Elder bash
[14/01/2012 00:20:54] /c death master
[14/01/2012 00:21:03] /r
[14/01/2012 00:21:08] /i 2160
[14/01/2012 00:21:09] /i 2160
[14/01/2012 00:21:16] /i ice cube
[14/01/2012 00:21:18] /i ice cube
[14/01/2012 00:21:19] /i ice cube
[14/01/2012 00:21:20] /i ice cube
[14/01/2012 00:21:22] /i ice cube
[14/01/2012 00:21:23] /i ice cube
[14/01/2012 00:21:23] /i ice cube
[14/01/2012 00:21:24] /i ice cube
[14/01/2012 00:21:27] /i ice cube
[14/01/2012 00:22:18] /i santa doll
[14/01/2012 00:22:26] /i lizard backpack
[14/01/2012 00:22:36] /i moon backpack
[14/01/2012 00:22:44] /i heart backpack
[14/01/2012 00:23:00] /i demon backpack
[14/01/2012 00:23:06] /i santa doll
[14/01/2012 00:23:11] /i demon backpack
[14/01/2012 00:23:17] /i heart backpack
[14/01/2012 00:23:35] /i santa doll
[14/01/2012 00:23:46] /i moon backpack
[14/01/2012 00:23:53] /i crown backpack
[14/01/2012 00:23:59] /i backpack of holding
[14/01/2012 00:24:12] /r
[14/01/2012 00:26:55] /bc el primero en ser 200 le doy cm
[14/01/2012 00:27:46] /bc el primero enser 200 le doy cm GOGO
[14/01/2012 00:28:06] /b death master no juega es camarada
[14/01/2012 00:29:20] /i magma legs
[14/01/2012 00:29:28] /i mastermind shield
[14/01/2012 00:29:31] /i magma armor
[14/01/2012 00:29:34] /i magma coat
[14/01/2012 00:29:40] /i boots of haste
[14/01/2012 00:29:47] /i ice cube
[14/01/2012 00:29:49] /i ice cube
[14/01/2012 00:29:49] /i ice cube
[14/01/2012 00:29:50] /i ice cube
[14/01/2012 00:29:51] /i ice cube
[14/01/2012 00:29:52] /i ice cube
[14/01/2012 00:29:53] /i ice cube
[14/01/2012 00:29:54] /i ice cube
[14/01/2012 00:29:55] /i ice cube
[14/01/2012 00:29:56] /i ice cube
[14/01/2012 00:29:57] /i ice cube
[14/01/2012 00:31:20] /i mastermind shield
[14/01/2012 00:31:20] /i focus cape
[14/01/2012 00:31:20] /i magma legs
[14/01/2012 00:31:20] /i demon armor
[14/01/2012 00:31:21] /i terra legs
[14/01/2012 00:31:21] /i boots of haste
[14/01/2012 00:31:25] /i boots of haste
[14/01/2012 00:31:28] /r
[14/01/2012 00:31:31] /i terra legs
[14/01/2012 00:31:31] /i focus cape
[14/01/2012 00:31:31] /i demon armor
[14/01/2012 00:31:31] /i magma legs
[14/01/2012 00:31:32] /i mastermind shield
[14/01/2012 00:31:32] /i boots of haste
[14/01/2012 00:31:39] /i terra legs
[14/01/2012 00:31:39] /i focus cape
[14/01/2012 00:31:39] /i demon armor
[14/01/2012 00:31:39] /i magma legs
[14/01/2012 00:31:40] /i mastermind shield
[14/01/2012 00:31:40] /i boots of haste
[14/01/2012 00:32:06] /i terra legs
[14/01/2012 00:32:07] /i demon armor
[14/01/2012 00:32:07] /i focus cape
[14/01/2012 00:32:08] /i magma legs
[14/01/2012 00:32:08] /i mastermind shield
[14/01/2012 00:32:09] /i magma legs
[14/01/2012 00:32:10] /i boots of haste
[14/01/2012 00:32:35] /i terra armor
[14/01/2012 00:32:40] /i terra coat
[14/01/2012 00:32:45] /i terra mantle
[14/01/2012 00:33:11] /i golden legs
[14/01/2012 00:33:12] /i blue legs
[14/01/2012 00:33:12] /i terra mantle
[14/01/2012 00:33:12] /i magma legs
[14/01/2012 00:33:14] /i mastermind shield
[14/01/2012 00:33:15] /i boots of haste
[14/01/2012 00:33:18] /i mastermind shield
[14/01/2012 00:33:18] /i blue legs
[14/01/2012 00:33:20] /i magma legs
[14/01/2012 00:33:20] /i terra mantle
[14/01/2012 00:33:21] /i golden legs
[14/01/2012 00:33:23] /i boots of haste
[14/01/2012 00:33:26] /i golden legs
[14/01/2012 00:33:26] /i blue legs
[14/01/2012 00:33:27] /i terra mantle
[14/01/2012 00:33:27] /i mastermind shield
[14/01/2012 00:33:27] /i blue legs
[14/01/2012 00:33:27] /i magma legs
[14/01/2012 00:33:28] /i golden legs
[14/01/2012 00:33:28] /i terra mantle
[14/01/2012 00:33:28] /i boots of haste
[14/01/2012 00:33:30] /i mastermind shield
[14/01/2012 00:33:31] /i terra mantle
[14/01/2012 00:33:31] /i blue legs
[14/01/2012 00:33:31] /i magma legs
[14/01/2012 00:33:32] /i golden legs
[14/01/2012 00:33:32] /i blue legs
[14/01/2012 00:33:33] /i terra mantle
[14/01/2012 00:33:33] /i magma legs
[14/01/2012 00:33:34] /i terra mantle
[14/01/2012 00:33:35] /i blue legs
[14/01/2012 00:33:36] /i golden legs
[14/01/2012 00:33:37] /i boots of haste
[14/01/2012 00:33:41] /i blue legs
[14/01/2012 00:33:41] /i mastermind shield
[14/01/2012 00:33:42] /i terra mantle
[14/01/2012 00:33:42] /i magma legs
[14/01/2012 00:33:42] /i blue legs
[14/01/2012 00:33:42] /i mastermind shield
[14/01/2012 00:33:42] /i boots of haste
[14/01/2012 00:33:46] /i golden legs
[14/01/2012 00:33:46] /i blue legs
[14/01/2012 00:33:46] /i mastermind shield
[14/01/2012 00:33:46] /i terra mantle
[14/01/2012 00:33:46] /i magma legs
[14/01/2012 00:33:46] /i blue legs
[14/01/2012 00:33:46] /i mastermind shield
[14/01/2012 00:33:46] /i magma legs
[14/01/2012 00:33:47] /i boots of haste
[14/01/2012 00:33:54] /i demon legs
[14/01/2012 00:34:11] /i sudden death rune
[14/01/2012 00:34:30] /goto Jonatan
[14/01/2012 00:34:42] /b Jonatan esta afk en training tiene oportunidad
[14/01/2012 00:34:44] /t
[14/01/2012 00:35:48] /r 100
[14/01/2012 00:36:05] /i golden legs
[14/01/2012 00:36:05] /i blue legs
[14/01/2012 00:36:05] /i mastermind shield
[14/01/2012 00:36:05] /i terra mantle
[14/01/2012 00:36:05] /i magma legs
[14/01/2012 00:36:05] /i blue legs
[14/01/2012 00:36:06] /i mastermind shield
[14/01/2012 00:36:06] /i magma legs
[14/01/2012 00:36:07] /i boots of haste
[14/01/2012 00:38:04] /c Destinate
[14/01/2012 00:39:41] /town darashia
[14/01/2012 00:39:53] /t
[14/01/2012 00:40:12] /i golden legs
[14/01/2012 00:40:12] /i terra mantle
[14/01/2012 00:40:12] /i mastermind shield
[14/01/2012 00:40:12] /i blue legs
[14/01/2012 00:40:12] /i magma legs
[14/01/2012 00:40:12] /i golden legs
[14/01/2012 00:40:12] /i mastermind shield
[14/01/2012 00:40:12] /i blue legs
[14/01/2012 00:40:12] /i magma legs
[14/01/2012 00:40:12] /i terra mantle
[14/01/2012 00:40:12] /i boots of haste
[14/01/2012 00:40:17] /i blue legs
[14/01/2012 00:40:17] /i mastermind shield
[14/01/2012 00:40:17] /i terra mantle
[14/01/2012 00:40:17] /i golden legs
[14/01/2012 00:40:17] /i blue legs
[14/01/2012 00:40:17] /i mastermind shield
[14/01/2012 00:40:17] /i terra mantle
[14/01/2012 00:40:18] /i boots of haste
[14/01/2012 00:40:19] /i mastermind shield
[14/01/2012 00:40:20] /i blue legs
[14/01/2012 00:40:20] /i mastermind shield
[14/01/2012 00:40:20] /i terra mantle
[14/01/2012 00:40:20] /i golden legs
[14/01/2012 00:40:20] /i blue legs
[14/01/2012 00:40:20] /i magma legs
[14/01/2012 00:40:21] /i boots of haste
[14/01/2012 00:40:24] /i mastermind shield
[14/01/2012 00:40:24] /i blue legs
[14/01/2012 00:40:25] /i terra mantle
[14/01/2012 00:40:25] /i golden legs
[14/01/2012 00:40:25] /i blue legs
[14/01/2012 00:40:25] /i magma legs
[14/01/2012 00:40:25] /i terra mantle
[14/01/2012 00:40:25] /i golden legs
[14/01/2012 00:40:26] /i boots of haste
[14/01/2012 00:40:29] /i blue legs
[14/01/2012 00:40:29] /i mastermind shield
[14/01/2012 00:40:30] /i terra mantle
[14/01/2012 00:40:30] /i mastermind shield
[14/01/2012 00:40:30] /i blue legs
[14/01/2012 00:40:30] /i terra mantle
[14/01/2012 00:40:30] /i magma legs
[14/01/2012 00:40:31] /i golden legs
[14/01/2012 00:40:31] /i boots of haste
[14/01/2012 00:40:42] /i frozen starlight
[14/01/2012 00:40:49] /i blue legs
[14/01/2012 00:40:49] /i mastermind shield
[14/01/2012 00:40:49] /i terra mantle
[14/01/2012 00:40:49] /i magma legs
[14/01/2012 00:40:49] /i golden legs
[14/01/2012 00:40:51] /i golden legs
[14/01/2012 00:40:51] /i blue legs
[14/01/2012 00:40:51] /i mastermind shield
[14/01/2012 00:40:51] /i terra mantle
[14/01/2012 00:40:51] /i magma legs
[14/01/2012 00:40:52] /i blue legs
[14/01/2012 00:40:52] /i magma legs
[14/01/2012 00:40:52] /i terra mantle
[14/01/2012 00:40:53] /i blue legs
[14/01/2012 00:40:54] /i blue legs
[14/01/2012 00:40:54] /i magma legs
[14/01/2012 00:40:54] /i terra mantle
[14/01/2012 00:40:55] /i golden legs
[14/01/2012 00:40:57] /i terra mantle
[14/01/2012 00:40:57] /i blue legs
[14/01/2012 00:40:57] /i mastermind shield
[14/01/2012 00:40:57] /i magma legs
[14/01/2012 00:40:57] /i blue legs
[14/01/2012 00:40:58] /i mastermind shield
[14/01/2012 00:40:59] /i blue legs
[14/01/2012 00:40:59] /i mastermind shield
[14/01/2012 00:40:59] /i terra mantle
[14/01/2012 00:40:59] /i magma legs
[14/01/2012 00:41:00] /i blue legs
[14/01/2012 00:41:01] /i magma legs
[14/01/2012 00:41:02] /i terra mantle
[14/01/2012 00:41:05] /i mastermind shield
[14/01/2012 00:41:06] /i blue legs
[14/01/2012 00:41:06] /i magma legs
[14/01/2012 00:41:06] /i golden legs
[14/01/2012 00:41:06] /i magma legs
[14/01/2012 00:41:06] /i blue legs
[14/01/2012 00:41:06] /i terra mantle
[14/01/2012 00:41:07] /i boots of haste
[14/01/2012 00:41:20] /i blue legs
[14/01/2012 00:41:20] /i mastermind shield
[14/01/2012 00:41:21] /i terra mantle
[14/01/2012 00:41:21] /i golden legs
[14/01/2012 00:41:26] /i demon armor
[14/01/2012 00:41:32] /i mastermind shield
[14/01/2012 00:41:32] /i blue legs
[14/01/2012 00:41:32] /i magma legs
[14/01/2012 00:41:32] /i terra mantle
[14/01/2012 00:41:32] /i golden legs
[14/01/2012 00:41:32] /i boots of haste
[14/01/2012 00:41:37] /i demon helmet
[14/01/2012 00:41:47] /i pair of soft boots
[14/01/2012 00:41:49] /i pair of soft boots
[14/01/2012 00:42:00] /i backpack
[14/01/2012 00:42:06] /i small saphire
[14/01/2012 00:43:07] /addskill ADMIN [Killer],lvl,1
[14/01/2012 00:43:10] /addskill ADMIN [Killer],lvl,1
[14/01/2012 00:43:12] /addskill ADMIN [Killer],lvl,20
[14/01/2012 00:43:39] /i enchanted small sapphire
[14/01/2012 00:45:46] /goto Destinate
[14/01/2012 00:46:09] /goto Elder bash
[14/01/2012 00:46:15] /t
[14/01/2012 00:46:19] /goto destinate
[14/01/2012 00:46:57] /goto Elder bash
[14/01/2012 00:47:03] /n xodet
[14/01/2012 00:47:06] /goto destinate
[14/01/2012 00:47:08] /goto destinate
[14/01/2012 00:47:09] /goto destinate
[14/01/2012 00:47:10] /goto destinate
[14/01/2012 00:47:10] /goto destinate
[14/01/2012 00:47:11] /goto destinate
[14/01/2012 00:47:12] /goto destinate
[14/01/2012 00:47:13] /goto destinate
[14/01/2012 00:47:14] /goto destinate
[14/01/2012 00:47:15] /goto destinate
[14/01/2012 00:47:15] /goto destinate
[14/01/2012 00:47:16] /goto destinate
[14/01/2012 00:47:17] /goto destinate
[14/01/2012 00:47:18] /goto destinate
[14/01/2012 00:47:33] /goto hellspawn
[14/01/2012 00:47:35] /town
[14/01/2012 00:47:40] /town yalahar
[14/01/2012 00:47:42] /goto destinate
[14/01/2012 00:47:58] /n xodet
[14/01/2012 00:48:14] /goto Elder bash
[14/01/2012 00:48:32] /goto Destinate
[14/01/2012 00:48:45] /i boots of haste
[14/01/2012 00:48:46] /i boots of haste
[14/01/2012 00:48:46] /i boots of haste
[14/01/2012 00:48:46] /i boots of haste
[14/01/2012 00:48:46] /i boots of haste
[14/01/2012 00:48:47] /i golden legs
[14/01/2012 00:49:28] /b suerte 
[14/01/2012 00:49:45] /bc aki tienen los primeros 4 lugares 1.  171  -  Jonatan 2.  136  -  Destinate 3.  120  -  Frik'ss 4.  107  -  Elder bash 
[14/01/2012 00:50:02] /b quien sera el ganador kien save solo suvan level
[14/01/2012 00:50:07] /t
[14/01/2012 00:50:50] /goto death master
[14/01/2012 00:51:15] /clean 1
[14/01/2012 00:52:33] /i glacier mask
[14/01/2012 00:52:40] /i glacier armor
[14/01/2012 00:52:51] /i glacier coat
[14/01/2012 00:52:54] /i glacier mantle
[14/01/2012 00:52:59] /i glacier set
[14/01/2012 00:53:28] /i glacier robe
[14/01/2012 00:53:32] /i glacier legs
[14/01/2012 00:53:48] /i glacier kilt
[14/01/2012 00:53:53] /i glacier boots
[14/01/2012 00:53:56] /i glacier boots
[14/01/2012 00:54:10] /i glacier amulet
[14/01/2012 00:54:27] /i dwarven legs
[14/01/2012 00:54:31] /i dwarven armor
[14/01/2012 00:54:33] /i dwarven helmet
[14/01/2012 00:55:15] /i brown mushroom
[14/01/2012 00:55:54] /goto death master
[14/01/2012 00:55:59] /r
[14/01/2012 00:56:04] /i backpack
[14/01/2012 00:56:09] /i sudden death rune
[14/01/2012 00:56:10] /i sudden death rune
[14/01/2012 00:56:10] /i sudden death rune
[14/01/2012 00:56:10] /i sudden death rune
[14/01/2012 00:56:11] /i sudden death rune
[14/01/2012 00:56:11] /i sudden death rune
[14/01/2012 00:56:11] /i sudden death rune
[14/01/2012 00:56:12] /i sudden death rune
[14/01/2012 00:56:12] /i sudden death rune
[14/01/2012 00:56:12] /i sudden death rune
[14/01/2012 00:56:12] /i sudden death rune
[14/01/2012 00:56:13] /i sudden death rune
[14/01/2012 00:58:10] /town venore
[14/01/2012 00:58:19] /i backpack
[14/01/2012 00:58:22] /i mana rune
[14/01/2012 00:59:10] /bc primero lugar Destinate [143]. segundo lugar Elder bash [129]
[14/01/2012 00:59:37] /t
[14/01/2012 01:01:33] /b afk
[14/01/2012 01:02:08] /c death master
[14/01/2012 01:02:10] /c death master
[14/01/2012 01:02:12] /c death master
[14/01/2012 01:03:18] /b aita a las 2 habre gloval server save
[14/01/2012 01:03:26] /b se apagara y se volvera a prender el server
[14/01/2012 01:03:34] /b para fixear unos bugs que arregle
[14/01/2012 01:08:36] /b no me hablen por private asta que sean 200 porque si me hablan zonara la alarma del bot... estare biendo cars 2 no me mensajien solo que sea algo imporante
[14/01/2012 01:09:08] /b no me hablen por private asta que sean 200 porque si me hablan zonara la alarma del bot... estare biendo cars 2 no me mensajien solo que sea algo imporante
[14/01/2012 01:09:09] /b no me hablen por private asta que sean 200 porque si me hablan zonara la alarma del bot... estare biendo cars 2 no me mensajien solo que sea algo imporante
[14/01/2012 01:09:10] /b no me hablen por private asta que sean 200 porque si me hablan zonara la alarma del bot... estare biendo cars 2 no me mensajien solo que sea algo imporante
[14/01/2012 01:09:10] /b no me hablen por private asta que sean 200 porque si me hablan zonara la alarma del bot... estare biendo cars 2 no me mensajien solo que sea algo imporante
[14/01/2012 01:09:11] /b no me hablen por private asta que sean 200 porque si me hablan zonara la alarma del bot... estare biendo cars 2 no me mensajien solo que sea algo imporante
[14/01/2012 01:09:11] /b no me hablen por private asta que sean 200 porque si me hablan zonara la alarma del bot... estare biendo cars 2 no me mensajien solo que sea algo imporante
[14/01/2012 01:09:12] /b no me hablen por private asta que sean 200 porque si me hablan zonara la alarma del bot... estare biendo cars 2 no me mensajien solo que sea algo imporante
[14/01/2012 01:09:12] /b no me hablen por private asta que sean 200 porque si me hablan zonara la alarma del bot... estare biendo cars 2 no me mensajien solo que sea algo imporante
[14/01/2012 01:09:13] /b no me hablen por private asta que sean 200 porque si me hablan zonara la alarma del bot... estare biendo cars 2 no me mensajien solo que sea algo imporante
[14/01/2012 01:14:03] /b me estaba dando una vuelta por animeid y encontre esto http://animeid.com/ver/high-school-dxd-2.html O.o!!
[14/01/2012 01:14:52] /b Elder bash [140], Destinate [141].
[14/01/2012 01:34:53] /b Elder bash [151], Destinate [150].
[14/01/2012 01:35:04] /goto elder bash
[14/01/2012 01:35:11] /goto desnitate
[14/01/2012 01:35:28] /goto Destinate
[14/01/2012 01:35:51] /t
[14/01/2012 01:38:43] /shutdown 32
[14/01/2012 02:01:23] /town venore
[14/01/2012 02:02:12] /a
[14/01/2012 02:02:19] /town venore
[14/01/2012 02:02:28] /a 100
[14/01/2012 02:02:30] /a 100
[14/01/2012 02:02:31] /a 100
[14/01/2012 02:02:32] /a 100
[14/01/2012 02:02:33] /a 100
[14/01/2012 02:02:34] /a 100
[14/01/2012 02:02:57] /a 4
[14/01/2012 02:03:30] /a 4
[14/01/2012 02:03:51] /t
[14/01/2012 02:04:02] /b 02:03 ADMIN [Killer] [30]: ya te rendistes 02:03 ADMIN [Killer] [30]: si o no 02:03 Elder bash [154]: si
[14/01/2012 02:04:11] /c el ganador es Destinate
[14/01/2012 02:04:16] /b el ganador es Destinate
[14/01/2012 02:04:37] /c Destinate
[14/01/2012 02:05:15] /t Elder bash
[14/01/2012 02:05:17] /r
[14/01/2012 02:05:43] /i jester doll
[14/01/2012 02:05:44] /i jester doll
[14/01/2012 02:09:26] /attr group 3
[14/01/2012 02:16:47] /a
[14/01/2012 02:18:42] /i blue legs
[14/01/2012 02:18:42] /i magma legs
[14/01/2012 02:18:43] /i terra mantle
[14/01/2012 02:18:43] /i golden legs
[14/01/2012 02:18:44] /i boots of haste
[14/01/2012 02:18:45] /i boots of haste
[14/01/2012 02:18:46] /i golden legs
[14/01/2012 02:18:46] /i terra mantle
[14/01/2012 02:18:46] /i magma legs
[14/01/2012 02:18:47] /i blue legs
[14/01/2012 02:18:47] /i mastermind shield
[14/01/2012 02:18:49] /i mastermind shield
[14/01/2012 02:18:50] /i blue legs
[14/01/2012 02:18:50] /i magma legs
[14/01/2012 02:18:50] /i terra mantle
[14/01/2012 02:18:50] /i blue legs
[14/01/2012 02:18:51] /i golden legs
[14/01/2012 02:18:51] /i boots of haste
[14/01/2012 02:18:53] /i mastermind shield
[14/01/2012 02:18:53] /i blue legs
[14/01/2012 02:18:53] /i terra mantle
[14/01/2012 02:18:53] /i magma legs
[14/01/2012 02:18:53] /i golden legs
[14/01/2012 02:18:54] /i boots of haste
[14/01/2012 02:18:54] /i mastermind shield
[14/01/2012 02:18:54] /i blue legs
[14/01/2012 02:18:55] /i terra mantle
[14/01/2012 02:18:55] /i magma legs
[14/01/2012 02:18:55] /i golden legs
[14/01/2012 02:18:55] /i boots of haste
[14/01/2012 02:18:56] /i golden legs
[14/01/2012 02:18:57] /i magma legs
[14/01/2012 02:18:57] /i blue legs
[14/01/2012 02:18:57] /i mastermind shield
[14/01/2012 02:18:57] /i magma legs
[14/01/2012 02:18:57] /i terra mantle
[14/01/2012 02:18:57] /i terra mantle
[14/01/2012 02:18:58] /i blue legs
[14/01/2012 02:18:58] /i mastermind shield
[14/01/2012 02:19:00] /i blue legs
[14/01/2012 02:19:05] /i terra mantle
[14/01/2012 02:19:05] /i mastermind shield
[14/01/2012 02:19:06] /i blue legs
[14/01/2012 02:19:06] /i magma legs
[14/01/2012 02:19:06] /i terra mantle
[14/01/2012 02:19:06] /i blue legs
[14/01/2012 02:19:07] /i golden legs
[14/01/2012 02:19:08] /i mastermind shield
[14/01/2012 02:19:08] /i blue legs
[14/01/2012 02:19:08] /i terra mantle
[14/01/2012 02:19:08] /i magma legs
[14/01/2012 02:19:08] /i mastermind shield
[14/01/2012 02:19:08] /i blue legs
[14/01/2012 02:19:10] /i golden legs
[14/01/2012 02:19:10] /i boots of haste
[14/01/2012 02:19:10] /i golden legs
[14/01/2012 02:19:10] /i magma legs
[14/01/2012 02:19:10] /i terra mantle
[14/01/2012 02:19:10] /i blue legs
[14/01/2012 02:19:13] /i mastermind shield
[14/01/2012 02:19:13] /i terra mantle
[14/01/2012 02:19:13] /i magma legs
[14/01/2012 02:19:13] /i blue legs
[14/01/2012 02:19:13] /i mastermind shield
[14/01/2012 02:19:13] /i terra mantle
[14/01/2012 02:19:13] /i magma legs
[14/01/2012 02:19:15] /i mastermind shield
[14/01/2012 02:19:15] /i blue legs
[14/01/2012 02:19:16] /i magma legs
[14/01/2012 02:19:16] /i mastermind shield
[14/01/2012 02:19:16] /i terra mantle
[14/01/2012 02:19:17] /i mastermind shield
[14/01/2012 02:19:17] /i blue legs
[14/01/2012 02:19:17] /i terra mantle
[14/01/2012 02:19:17] /i mastermind shield
[14/01/2012 02:19:17] /i blue legs
[14/01/2012 02:19:17] /i magma legs
[14/01/2012 02:19:18] /i mastermind shield
[14/01/2012 02:19:18] /i blue legs
[14/01/2012 02:19:18] /i magma legs
[14/01/2012 02:19:19] /i mastermind shield
[14/01/2012 02:19:19] /i blue legs
[14/01/2012 02:19:19] /i terra mantle
[14/01/2012 02:19:19] /i mastermind shield
[14/01/2012 02:19:19] /i blue legs
[14/01/2012 02:19:19] /i magma legs
[14/01/2012 02:19:20] /i mastermind shield
[14/01/2012 02:19:20] /i blue legs
[14/01/2012 02:19:21] /i mastermind shield
[14/01/2012 02:19:21] /i blue legs
[14/01/2012 02:19:21] /i terra mantle
[14/01/2012 02:19:22] /i mastermind shield
[14/01/2012 02:19:22] /i blue legs
[14/01/2012 02:19:22] /i magma legs
[14/01/2012 02:19:26] /i blue legs
[14/01/2012 02:19:26] /i mastermind shield
[14/01/2012 02:19:27] /i terra mantle
[14/01/2012 02:19:27] /i magma legs
[14/01/2012 02:19:27] /i golden legs
[14/01/2012 02:19:27] /i blue legs
[14/01/2012 02:19:27] /i magma legs
[14/01/2012 02:19:28] /i golden legs
[14/01/2012 02:19:28] /i blue legs
[14/01/2012 02:19:28] /i magma legs
[14/01/2012 02:19:28] /i terra mantle
[14/01/2012 02:19:28] /i blue legs
[14/01/2012 02:19:29] /i blue legs
[14/01/2012 02:19:29] /i mastermind shield
[14/01/2012 02:19:29] /i terra mantle
[14/01/2012 02:19:29] /i magma legs
[14/01/2012 02:19:30] /i blue legs
[14/01/2012 02:19:30] /i mastermind shield
[14/01/2012 02:19:30] /i terra mantle
[14/01/2012 02:19:30] /i magma legs
[14/01/2012 02:19:31] /i golden legs
[14/01/2012 02:19:32] /i boots of haste
[14/01/2012 02:19:33] /i boots of haste
[14/01/2012 02:19:34] /i boots of haste
[14/01/2012 02:19:34] /i boots of haste
[14/01/2012 02:19:35] /i boots of haste
[14/01/2012 02:20:05] /c Elder bash
[14/01/2012 02:20:31] /i mastermind shield
[14/01/2012 02:20:31] /i blue legs
[14/01/2012 02:20:31] /i terra mantle
[14/01/2012 02:20:31] /i magma legs
[14/01/2012 02:20:32] /i golden legs
[14/01/2012 02:20:33] /i boots of haste
[14/01/2012 02:20:34] /i blue legs
[14/01/2012 02:20:34] /i magma legs
[14/01/2012 02:20:34] /i terra mantle
[14/01/2012 02:20:34] /i blue legs
[14/01/2012 02:20:35] /i boots of haste
[14/01/2012 02:20:35] /i golden legs
[14/01/2012 02:20:36] /i mastermind shield
[14/01/2012 02:20:36] /i blue legs
[14/01/2012 02:20:36] /i magma legs
[14/01/2012 02:20:36] /i golden legs
[14/01/2012 02:20:37] /i boots of haste
[14/01/2012 02:20:38] /i mastermind shield
[14/01/2012 02:20:38] /i blue legs
[14/01/2012 02:20:38] /i magma legs
[14/01/2012 02:20:38] /i mastermind shield
[14/01/2012 02:20:39] /i golden legs
[14/01/2012 02:20:39] /i boots of haste
[14/01/2012 02:20:41] /i boots of haste
[14/01/2012 02:24:58] /goto CM Destinate
[14/01/2012 02:26:00] /m shark
[14/01/2012 02:26:04] /n shark
[14/01/2012 02:26:24] /c Elder bash
[14/01/2012 02:28:22] /goto Laff
[14/01/2012 02:28:36] /attr group 4
[14/01/2012 02:28:37] /r
[14/01/2012 02:28:51] /attr cap 9999
[14/01/2012 02:29:15] /goto CM Destinate
[14/01/2012 02:29:23] /c laff
[14/01/2012 02:29:26] /c laff
[14/01/2012 02:29:29] /c laff
[14/01/2012 02:29:53] /owner ADMIN [Killer]
[14/01/2012 02:30:15] /c CM Destinate
[14/01/2012 02:30:18] /c CM Destinate
[14/01/2012 02:31:57] /town thais
[14/01/2012 02:32:09] /c CM Destinate
[14/01/2012 02:37:21] /a
[14/01/2012 02:37:22] /a
[14/01/2012 02:37:26] /m morgaroth
[14/01/2012 02:37:32] /m morgaroth
[14/01/2012 02:37:38] /a
[14/01/2012 02:41:02] /a
[14/01/2012 02:41:06] /a 2
[14/01/2012 02:41:11] /a 2
[14/01/2012 02:41:46] /a
[14/01/2012 02:41:49] /a 2
[14/01/2012 02:42:47] /a 2
[14/01/2012 02:43:07] /a
[14/01/2012 02:44:51] /i mastermind shield
[14/01/2012 02:44:53] /i 2109
[14/01/2012 02:44:53] /i 2109
[14/01/2012 02:44:53] /i 2109
[14/01/2012 02:44:53] /i 2109
[14/01/2012 02:44:53] /i 2109
[14/01/2012 02:44:53] /i 2109
[14/01/2012 02:44:54] /i 2109
[14/01/2012 02:44:54] /i 2109
[14/01/2012 02:44:54] /i 2109
[14/01/2012 02:44:54] /i 2109
[14/01/2012 02:44:55] /i 2109
[14/01/2012 02:44:55] /i 2109
[14/01/2012 02:44:55] /i 2109
[14/01/2012 02:44:55] /i 2109
[14/01/2012 02:44:55] /i 2109
[14/01/2012 02:44:55] /i 2109
[14/01/2012 02:44:55] /i 2109
[14/01/2012 02:44:55] /i 2109
[14/01/2012 02:44:55] /i 2109
[14/01/2012 02:44:55] /i 2109
[14/01/2012 02:44:55] /i 2109
[14/01/2012 02:44:55] /i 2109
[14/01/2012 02:44:55] /i 2109
[14/01/2012 02:44:55] /i 2109
[14/01/2012 02:44:55] /i 2109
[14/01/2012 02:44:55] /i 2109
[14/01/2012 02:44:55] /i 2109
[14/01/2012 02:44:55] /i 2109
[14/01/2012 02:44:55] /i 2109
[14/01/2012 02:44:55] /i 2109
[14/01/2012 02:44:55] /i 2109
[14/01/2012 02:44:55] /i 2109
[14/01/2012 02:44:55] /i 2109
[14/01/2012 02:44:55] /i 2109
[14/01/2012 02:44:55] /i 2109
[14/01/2012 02:44:55] /i 2109
[14/01/2012 02:44:55] /i 2109
[14/01/2012 02:44:55] /i 2109
[14/01/2012 02:44:55] /i 2109
[14/01/2012 02:44:55] /i 2109
[14/01/2012 02:44:55] /i 2109
[14/01/2012 02:44:56] /i 2109
[14/01/2012 02:44:56] /i 2109
[14/01/2012 02:44:56] /i 2109
[14/01/2012 02:44:56] /i 2109
[14/01/2012 02:44:56] /i 2109
[14/01/2012 02:44:56] /i 2109
[14/01/2012 02:44:56] /i 2109
[14/01/2012 02:44:56] /i 2109
[14/01/2012 02:44:56] /i 2109
[14/01/2012 02:44:56] /i 2109
[14/01/2012 02:44:56] /i 2109
[14/01/2012 02:44:56] /i 2109
[14/01/2012 02:44:56] /i 2109
[14/01/2012 02:44:56] /i 2109
[14/01/2012 02:44:56] /i 2109
[14/01/2012 02:44:56] /i 2109
[14/01/2012 02:44:56] /i 2109
[14/01/2012 02:44:56] /i 2109
[14/01/2012 02:44:56] /i 2109
[14/01/2012 02:44:56] /i 2109
[14/01/2012 02:44:56] /i 2109
[14/01/2012 02:44:56] /i 2109
[14/01/2012 02:44:56] /i 2109
[14/01/2012 02:44:56] /i 2109
[14/01/2012 02:44:56] /i 2109
[14/01/2012 02:44:56] /i 2109
[14/01/2012 02:44:56] /i 2109
[14/01/2012 02:44:56] /i 2109
[14/01/2012 02:44:56] /i 2109
[14/01/2012 02:44:56] /i 2109
[14/01/2012 02:44:57] /i 2109
[14/01/2012 02:44:57] /i 2109
[14/01/2012 02:44:57] /i 2109
[14/01/2012 02:44:57] /i 2109
[14/01/2012 02:44:57] /i 2109
[14/01/2012 02:44:57] /i 2109
[14/01/2012 02:44:57] /i 2109
[14/01/2012 02:44:57] /i 2109
[14/01/2012 02:44:57] /i 2109
[14/01/2012 02:44:57] /i 2109
[14/01/2012 02:44:57] /i 2109
[14/01/2012 02:44:57] /i 2109
[14/01/2012 02:44:57] /i 2109
[14/01/2012 02:44:57] /i 2109
[14/01/2012 02:44:57] /i 2109
[14/01/2012 02:44:57] /i 2109
[14/01/2012 02:44:57] /i 2109
[14/01/2012 02:44:57] /i 2109
[14/01/2012 02:44:57] /i 2109
[14/01/2012 02:44:57] /i 2109
[14/01/2012 02:44:57] /i 2109
[14/01/2012 02:44:57] /i 2109
[14/01/2012 02:44:57] /i 2109
[14/01/2012 02:44:57] /i 2109
[14/01/2012 02:44:57] /i 2109
[14/01/2012 02:44:57] /i 2109
[14/01/2012 02:44:57] /i 2109
[14/01/2012 02:44:57] /i 2109
[14/01/2012 02:44:57] /i 2109
[14/01/2012 02:44:57] /i 2109
[14/01/2012 02:44:58] /i 2109
[14/01/2012 02:44:58] /i 2109
[14/01/2012 02:44:58] /i 2109
[14/01/2012 02:44:58] /i 2109
[14/01/2012 02:44:58] /i 2109
[14/01/2012 02:44:58] /i 2109
[14/01/2012 02:44:58] /i 2109
[14/01/2012 02:44:58] /i 2109
[14/01/2012 02:44:58] /i 2109
[14/01/2012 02:44:58] /i 2109
[14/01/2012 02:44:58] /i 2109
[14/01/2012 02:44:58] /i 2109
[14/01/2012 02:44:58] /i 2109
[14/01/2012 02:44:58] /i 2109
[14/01/2012 02:44:58] /i 2109
[14/01/2012 02:44:58] /i 2109
[14/01/2012 02:44:58] /i 2109
[14/01/2012 02:44:58] /i 2109
[14/01/2012 02:44:58] /i 2109
[14/01/2012 02:44:58] /i 2109
[14/01/2012 02:44:58] /i 2109
[14/01/2012 02:44:58] /i 2109
[14/01/2012 02:44:58] /i 2109
[14/01/2012 02:44:58] /i 2109
[14/01/2012 02:44:58] /i 2109
[14/01/2012 02:44:58] /i 2109
[14/01/2012 02:44:58] /i 2109
[14/01/2012 02:44:58] /i 2109
[14/01/2012 02:44:58] /i 2109
[14/01/2012 02:44:58] /i 2109
[14/01/2012 02:44:59] /i 2109
[14/01/2012 02:44:59] /i 2109
[14/01/2012 02:44:59] /i 2109
[14/01/2012 02:44:59] /i 2109
[14/01/2012 02:44:59] /i 2109
[14/01/2012 02:44:59] /i 2109
[14/01/2012 02:44:59] /i 2109
[14/01/2012 02:44:59] /i 2109
[14/01/2012 02:44:59] /i 2109
[14/01/2012 02:44:59] /i 2109
[14/01/2012 02:44:59] /i 2109
[14/01/2012 02:44:59] /i 2109
[14/01/2012 02:44:59] /i 2109
[14/01/2012 02:44:59] /i 2109
[14/01/2012 02:44:59] /i 2109
[14/01/2012 02:44:59] /i 2109
[14/01/2012 02:44:59] /i 2109
[14/01/2012 02:44:59] /i 2109
[14/01/2012 02:44:59] /i 2109
[14/01/2012 02:44:59] /i 2109
[14/01/2012 02:44:59] /i 2109
[14/01/2012 02:44:59] /i 2109
[14/01/2012 02:44:59] /i 2109
[14/01/2012 02:44:59] /i 2109
[14/01/2012 02:44:59] /i 2109
[14/01/2012 02:44:59] /i 2109
[14/01/2012 02:44:59] /i 2109
[14/01/2012 02:44:59] /i 2109
[14/01/2012 02:44:59] /i 2109
[14/01/2012 02:44:59] /i 2109
[14/01/2012 02:44:59] /i 2109
[14/01/2012 02:45:00] /i 2109
[14/01/2012 02:45:00] /i 2109
[14/01/2012 02:45:00] /i 2109
[14/01/2012 02:45:00] /i 2109
[14/01/2012 02:45:00] /i 2109
[14/01/2012 02:45:01] /i 2109
[14/01/2012 02:45:01] /i 2109
[14/01/2012 02:45:01] /i 2109
[14/01/2012 02:45:01] /i 2109
[14/01/2012 02:45:01] /i 2109
[14/01/2012 02:45:01] /i 2109
[14/01/2012 02:45:02] /i 2109
[14/01/2012 02:45:02] /i 2109
[14/01/2012 02:45:02] /i 2109
[14/01/2012 02:45:02] /i 2109
[14/01/2012 02:45:02] /i 2109
[14/01/2012 02:45:03] /i 2109
[14/01/2012 02:45:03] /i 2109
[14/01/2012 02:45:03] /i 2109
[14/01/2012 02:45:03] /i 2109
[14/01/2012 02:45:07] /i 2109
[14/01/2012 02:45:07] /i 2109
[14/01/2012 02:45:08] /i 2109
[14/01/2012 02:45:08] /i 2109
[14/01/2012 02:45:08] /i 2109
[14/01/2012 02:45:08] /i 2109
[14/01/2012 02:45:08] /i 2109
[14/01/2012 02:45:09] /i 2109
[14/01/2012 02:45:09] /i 2109
[14/01/2012 02:45:09] /i 2109
[14/01/2012 02:45:09] /i 2109
[14/01/2012 02:45:09] /i 2109
[14/01/2012 02:45:10] /i 2109
[14/01/2012 02:45:10] /i 2109
[14/01/2012 02:45:20] /clean
[14/01/2012 02:45:35] /bc 02:45 Fim de jogo! O placar foi de: Time 1 209 x 7 Time 2
[14/01/2012 02:45:55] /bc 02:45 Fim de jogo! O placar foi de: Time 1 209 x 7 Time 2
[14/01/2012 02:46:33] /a 2
[14/01/2012 02:46:51] /clean
[14/01/2012 02:49:39] /i backpack
[14/01/2012 02:49:43] /i 2160
[14/01/2012 02:49:43] /i 2160
[14/01/2012 02:49:44] /i 2160
[14/01/2012 02:49:44] /i 2160
[14/01/2012 02:49:44] /i 2160
[14/01/2012 02:51:12] /attr unique 7442
[14/01/2012 02:51:17] /a
[14/01/2012 02:54:58] /i blank rune
[14/01/2012 02:55:45] /i 2265
[14/01/2012 02:56:30] /i sword
[14/01/2012 02:56:38] /attr set attack 99999
[14/01/2012 02:57:11] /attr group 5
[14/01/2012 02:57:12] /r
[14/01/2012 02:59:00] /ghost
[14/01/2012 02:59:22] /clean
[14/01/2012 02:59:52] /ghost
[14/01/2012 03:02:19] /ghost
[14/01/2012 03:02:27] /ghost
[14/01/2012 03:02:29] /ghost
[14/01/2012 03:02:29] /ghost
[14/01/2012 03:02:29] /ghost
[14/01/2012 03:02:29] /ghost
[14/01/2012 03:02:30] /ghost
[14/01/2012 03:02:30] /ghost
[14/01/2012 03:02:30] /ghost
[14/01/2012 03:02:31] /ghost
[14/01/2012 03:02:31] /ghost
[14/01/2012 03:02:31] /ghost
[14/01/2012 03:02:32] /ghost
[14/01/2012 03:02:32] /ghost
[14/01/2012 03:02:32] /ghost
[14/01/2012 03:02:32] /ghost
[14/01/2012 03:02:33] /ghost
[14/01/2012 03:02:33] /ghost
[14/01/2012 03:02:33] /ghost
[14/01/2012 03:02:34] /ghost
[14/01/2012 03:02:34] /ghost
[14/01/2012 03:02:34] /ghost
[14/01/2012 03:02:34] /ghost
[14/01/2012 03:02:35] /ghost
[14/01/2012 03:02:41] /ghost
[14/01/2012 03:02:47] /ghost
[14/01/2012 03:02:52] /ghost
[14/01/2012 03:02:57] /ghost
[14/01/2012 03:03:24] /i 2109
[14/01/2012 03:03:25] /i 2109
[14/01/2012 03:03:25] /i 2109
[14/01/2012 03:03:25] /i 2109
[14/01/2012 03:03:25] /i 2109
[14/01/2012 03:03:25] /i 2109
[14/01/2012 03:03:26] /i 2109
[14/01/2012 03:03:26] /i 2109
[14/01/2012 03:03:26] /i 2109
[14/01/2012 03:03:26] /i 2109
[14/01/2012 03:03:26] /i 2109
[14/01/2012 03:03:26] /i 2109
[14/01/2012 03:03:27] /i 2109
[14/01/2012 03:03:27] /i 2109
[14/01/2012 03:03:27] /i 2109
[14/01/2012 03:03:27] /i 2109
[14/01/2012 03:03:27] /i 2109
[14/01/2012 03:03:28] /i 2109
[14/01/2012 03:03:28] /i 2109
[14/01/2012 03:03:28] /i 2109
[14/01/2012 03:03:28] /i 2109
[14/01/2012 03:03:29] /i 2109
[14/01/2012 03:03:29] /i 2109
[14/01/2012 03:03:29] /i 2109
[14/01/2012 03:03:29] /i 2109
[14/01/2012 03:03:29] /i 2109
[14/01/2012 03:03:30] /i 2109
[14/01/2012 03:03:30] /i 2109
[14/01/2012 03:03:30] /i 2109
[14/01/2012 03:03:30] /i 2109
[14/01/2012 03:03:30] /i 2109
[14/01/2012 03:03:31] /i 2109
[14/01/2012 03:03:31] /i 2109
[14/01/2012 03:03:31] /i 2109
[14/01/2012 03:03:31] /i 2109
[14/01/2012 03:03:32] /i 2109
[14/01/2012 03:03:32] /i 2109
[14/01/2012 03:03:43] /clean
[14/01/2012 03:04:21] /a
[14/01/2012 03:05:19] /i 2109
[14/01/2012 03:05:20] /i 2109
[14/01/2012 03:05:20] /i 2109
[14/01/2012 03:05:21] /i 2109
[14/01/2012 03:05:21] /i 2109
[14/01/2012 03:05:21] /i 2109
[14/01/2012 03:05:21] /i 2109
[14/01/2012 03:05:21] /i 2109
[14/01/2012 03:05:21] /i 2109
[14/01/2012 03:05:21] /i 2109
[14/01/2012 03:05:21] /i 2109
[14/01/2012 03:05:21] /i 2109
[14/01/2012 03:05:21] /i 2109
[14/01/2012 03:05:21] /i 2109
[14/01/2012 03:05:21] /i 2109
[14/01/2012 03:05:21] /i 2109
[14/01/2012 03:05:21] /i 2109
[14/01/2012 03:05:21] /i 2109
[14/01/2012 03:05:21] /i 2109
[14/01/2012 03:05:21] /i 2109
[14/01/2012 03:05:21] /i 2109
[14/01/2012 03:05:21] /i 2109
[14/01/2012 03:05:21] /i 2109
[14/01/2012 03:05:21] /i 2109
[14/01/2012 03:05:21] /i 2109
[14/01/2012 03:05:21] /i 2109
[14/01/2012 03:05:21] /i 2109
[14/01/2012 03:05:21] /i 2109
[14/01/2012 03:05:21] /i 2109
[14/01/2012 03:05:21] /i 2109
[14/01/2012 03:05:21] /i 2109
[14/01/2012 03:05:21] /i 2109
[14/01/2012 03:05:21] /i 2109
[14/01/2012 03:05:22] /i 2109
[14/01/2012 03:05:22] /i 2109
[14/01/2012 03:05:22] /i 2109
[14/01/2012 03:05:22] /i 2109
[14/01/2012 03:05:22] /i 2109
[14/01/2012 03:05:22] /i 2109
[14/01/2012 03:05:22] /i 2109
[14/01/2012 03:05:22] /i 2109
[14/01/2012 03:05:22] /i 2109
[14/01/2012 03:05:22] /i 2109
[14/01/2012 03:05:22] /i 2109
[14/01/2012 03:05:22] /i 2109
[14/01/2012 03:05:22] /i 2109
[14/01/2012 03:05:22] /i 2109
[14/01/2012 03:05:22] /i 2109
[14/01/2012 03:05:22] /i 2109
[14/01/2012 03:05:22] /i 2109
[14/01/2012 03:05:22] /i 2109
[14/01/2012 03:05:22] /i 2109
[14/01/2012 03:05:22] /i 2109
[14/01/2012 03:05:22] /i 2109
[14/01/2012 03:05:22] /i 2109
[14/01/2012 03:05:22] /i 2109
[14/01/2012 03:05:22] /i 2109
[14/01/2012 03:05:22] /i 2109
[14/01/2012 03:05:22] /i 2109
[14/01/2012 03:05:22] /i 2109
[14/01/2012 03:05:22] /i 2109
[14/01/2012 03:05:22] /i 2109
[14/01/2012 03:05:22] /i 2109
[14/01/2012 03:05:22] /i 2109
[14/01/2012 03:05:23] /i 2109
[14/01/2012 03:05:23] /i 2109
[14/01/2012 03:05:23] /i 2109
[14/01/2012 03:05:23] /i 2109
[14/01/2012 03:05:23] /i 2109
[14/01/2012 03:05:23] /i 2109
[14/01/2012 03:05:23] /i 2109
[14/01/2012 03:05:23] /i 2109
[14/01/2012 03:05:23] /i 2109
[14/01/2012 03:05:23] /i 2109
[14/01/2012 03:05:23] /i 2109
[14/01/2012 03:05:23] /i 2109
[14/01/2012 03:05:23] /i 2109
[14/01/2012 03:05:23] /i 2109
[14/01/2012 03:05:23] /i 2109
[14/01/2012 03:05:23] /i 2109
[14/01/2012 03:05:23] /i 2109
[14/01/2012 03:05:23] /i 2109
[14/01/2012 03:05:23] /i 2109
[14/01/2012 03:05:23] /i 2109
[14/01/2012 03:05:23] /i 2109
[14/01/2012 03:05:23] /i 2109
[14/01/2012 03:05:23] /i 2109
[14/01/2012 03:05:23] /i 2109
[14/01/2012 03:05:23] /i 2109
[14/01/2012 03:05:23] /i 2109
[14/01/2012 03:05:23] /i 2109
[14/01/2012 03:05:23] /i 2109
[14/01/2012 03:05:23] /i 2109
[14/01/2012 03:05:23] /i 2109
[14/01/2012 03:05:24] /i 2109
[14/01/2012 03:05:24] /i 2109
[14/01/2012 03:05:24] /i 2109
[14/01/2012 03:05:24] /i 2109
[14/01/2012 03:05:24] /i 2109
[14/01/2012 03:05:24] /i 2109
[14/01/2012 03:05:24] /i 2109
[14/01/2012 03:05:24] /i 2109
[14/01/2012 03:05:24] /i 2109
[14/01/2012 03:05:24] /i 2109
[14/01/2012 03:05:24] /i 2109
[14/01/2012 03:05:24] /i 2109
[14/01/2012 03:05:24] /i 2109
[14/01/2012 03:05:24] /i 2109
[14/01/2012 03:05:24] /i 2109
[14/01/2012 03:05:24] /i 2109
[14/01/2012 03:05:24] /i 2109
[14/01/2012 03:05:24] /i 2109
[14/01/2012 03:05:24] /i 2109
[14/01/2012 03:05:24] /i 2109
[14/01/2012 03:05:24] /i 2109
[14/01/2012 03:05:24] /i 2109
[14/01/2012 03:05:24] /i 2109
[14/01/2012 03:05:24] /i 2109
[14/01/2012 03:05:24] /i 2109
[14/01/2012 03:05:24] /i 2109
[14/01/2012 03:05:24] /i 2109
[14/01/2012 03:05:24] /i 2109
[14/01/2012 03:05:24] /i 2109
[14/01/2012 03:05:24] /i 2109
[14/01/2012 03:05:25] /i 2109
[14/01/2012 03:05:25] /i 2109
[14/01/2012 03:05:25] /i 2109
[14/01/2012 03:05:25] /i 2109
[14/01/2012 03:05:25] /i 2109
[14/01/2012 03:05:25] /i 2109
[14/01/2012 03:05:25] /i 2109
[14/01/2012 03:05:25] /i 2109
[14/01/2012 03:05:25] /i 2109
[14/01/2012 03:05:25] /i 2109
[14/01/2012 03:05:25] /i 2109
[14/01/2012 03:05:25] /i 2109
[14/01/2012 03:05:25] /i 2109
[14/01/2012 03:05:25] /i 2109
[14/01/2012 03:05:25] /i 2109
[14/01/2012 03:05:25] /i 2109
[14/01/2012 03:05:25] /i 2109
[14/01/2012 03:05:25] /i 2109
[14/01/2012 03:05:25] /i 2109
[14/01/2012 03:05:25] /i 2109
[14/01/2012 03:05:25] /i 2109
[14/01/2012 03:05:25] /i 2109
[14/01/2012 03:05:25] /i 2109
[14/01/2012 03:05:25] /i 2109
[14/01/2012 03:05:25] /i 2109
[14/01/2012 03:05:25] /i 2109
[14/01/2012 03:05:25] /i 2109
[14/01/2012 03:05:25] /i 2109
[14/01/2012 03:05:25] /i 2109
[14/01/2012 03:05:25] /i 2109
[14/01/2012 03:05:25] /i 2109
[14/01/2012 03:05:26] /i 2109
[14/01/2012 03:05:26] /i 2109
[14/01/2012 03:05:26] /i 2109
[14/01/2012 03:05:26] /i 2109
[14/01/2012 03:05:26] /i 2109
[14/01/2012 03:05:26] /i 2109
[14/01/2012 03:05:26] /i 2109
[14/01/2012 03:05:26] /i 2109
[14/01/2012 03:05:26] /i 2109
[14/01/2012 03:05:26] /i 2109
[14/01/2012 03:05:26] /i 2109
[14/01/2012 03:05:26] /i 2109
[14/01/2012 03:05:26] /i 2109
[14/01/2012 03:05:26] /i 2109
[14/01/2012 03:05:26] /i 2109
[14/01/2012 03:05:26] /i 2109
[14/01/2012 03:05:26] /i 2109
[14/01/2012 03:05:26] /i 2109
[14/01/2012 03:05:26] /i 2109
[14/01/2012 03:05:26] /i 2109
[14/01/2012 03:05:26] /i 2109
[14/01/2012 03:05:26] /i 2109
[14/01/2012 03:05:26] /i 2109
[14/01/2012 03:05:26] /i 2109
[14/01/2012 03:05:26] /i 2109
[14/01/2012 03:05:26] /i 2109
[14/01/2012 03:05:26] /i 2109
[14/01/2012 03:05:26] /i 2109
[14/01/2012 03:05:26] /i 2109
[14/01/2012 03:05:26] /i 2109
[14/01/2012 03:05:27] /i 2109
[14/01/2012 03:05:27] /i 2109
[14/01/2012 03:05:27] /i 2109
[14/01/2012 03:05:27] /i 2109
[14/01/2012 03:05:27] /i 2109
[14/01/2012 03:05:27] /i 2109
[14/01/2012 03:05:27] /i 2109
[14/01/2012 03:05:27] /i 2109
[14/01/2012 03:05:27] /i 2109
[14/01/2012 03:05:27] /i 2109
[14/01/2012 03:05:27] /i 2109
[14/01/2012 03:05:27] /i 2109
[14/01/2012 03:05:27] /i 2109
[14/01/2012 03:05:27] /i 2109
[14/01/2012 03:05:27] /i 2109
[14/01/2012 03:05:27] /i 2109
[14/01/2012 03:05:27] /i 2109
[14/01/2012 03:05:27] /i 2109
[14/01/2012 03:05:27] /i 2109
[14/01/2012 03:05:27] /i 2109
[14/01/2012 03:05:27] /i 2109
[14/01/2012 03:05:27] /i 2109
[14/01/2012 03:05:27] /i 2109
[14/01/2012 03:05:27] /i 2109
[14/01/2012 03:05:27] /i 2109
[14/01/2012 03:05:27] /i 2109
[14/01/2012 03:05:27] /i 2109
[14/01/2012 03:05:27] /i 2109
[14/01/2012 03:05:27] /i 2109
[14/01/2012 03:05:27] /i 2109
[14/01/2012 03:05:28] /i 2109
[14/01/2012 03:05:28] /i 2109
[14/01/2012 03:05:28] /i 2109
[14/01/2012 03:05:28] /i 2109
[14/01/2012 03:05:28] /i 2109
[14/01/2012 03:05:28] /i 2109
[14/01/2012 03:05:28] /i 2109
[14/01/2012 03:05:28] /i 2109
[14/01/2012 03:05:28] /i 2109
[14/01/2012 03:05:28] /i 2109
[14/01/2012 03:05:28] /i 2109
[14/01/2012 03:05:28] /i 2109
[14/01/2012 03:05:28] /i 2109
[14/01/2012 03:05:28] /i 2109
[14/01/2012 03:05:28] /i 2109
[14/01/2012 03:05:28] /i 2109
[14/01/2012 03:05:28] /i 2109
[14/01/2012 03:05:28] /i 2109
[14/01/2012 03:05:28] /i 2109
[14/01/2012 03:05:28] /i 2109
[14/01/2012 03:05:28] /i 2109
[14/01/2012 03:05:28] /i 2109
[14/01/2012 03:05:28] /i 2109
[14/01/2012 03:05:28] /i 2109
[14/01/2012 03:05:28] /i 2109
[14/01/2012 03:05:28] /i 2109
[14/01/2012 03:05:28] /i 2109
[14/01/2012 03:05:28] /i 2109
[14/01/2012 03:05:28] /i 2109
[14/01/2012 03:05:28] /i 2109
[14/01/2012 03:05:28] /i 2109
[14/01/2012 03:05:29] /i 2109
[14/01/2012 03:05:29] /i 2109
[14/01/2012 03:05:29] /i 2109
[14/01/2012 03:05:29] /i 2109
[14/01/2012 03:05:29] /i 2109
[14/01/2012 03:05:29] /i 2109
[14/01/2012 03:05:29] /i 2109
[14/01/2012 03:05:29] /i 2109
[14/01/2012 03:05:29] /i 2109
[14/01/2012 03:05:29] /i 2109
[14/01/2012 03:05:29] /i 2109
[14/01/2012 03:05:29] /i 2109
[14/01/2012 03:05:29] /i 2109
[14/01/2012 03:05:29] /i 2109
[14/01/2012 03:05:29] /i 2109
[14/01/2012 03:05:29] /i 2109
[14/01/2012 03:05:29] /i 2109
[14/01/2012 03:05:29] /i 2109
[14/01/2012 03:05:29] /i 2109
[14/01/2012 03:05:29] /i 2109
[14/01/2012 03:05:29] /i 2109
[14/01/2012 03:05:29] /i 2109
[14/01/2012 03:05:29] /i 2109
[14/01/2012 03:05:29] /i 2109
[14/01/2012 03:05:29] /i 2109
[14/01/2012 03:05:29] /i 2109
[14/01/2012 03:05:29] /i 2109
[14/01/2012 03:05:29] /i 2109
[14/01/2012 03:05:29] /i 2109
[14/01/2012 03:05:29] /i 2109
[14/01/2012 03:05:30] /i 2109
[14/01/2012 03:05:30] /i 2109
[14/01/2012 03:05:30] /i 2109
[14/01/2012 03:05:30] /i 2109
[14/01/2012 03:05:30] /i 2109
[14/01/2012 03:05:30] /i 2109
[14/01/2012 03:05:30] /i 2109
[14/01/2012 03:05:30] /i 2109
[14/01/2012 03:05:30] /i 2109
[14/01/2012 03:05:30] /i 2109
[14/01/2012 03:05:30] /i 2109
[14/01/2012 03:05:30] /i 2109
[14/01/2012 03:05:30] /i 2109
[14/01/2012 03:05:30] /i 2109
[14/01/2012 03:05:30] /i 2109
[14/01/2012 03:05:30] /i 2109
[14/01/2012 03:05:30] /i 2109
[14/01/2012 03:05:30] /i 2109
[14/01/2012 03:05:30] /i 2109
[14/01/2012 03:05:30] /i 2109
[14/01/2012 03:05:30] /i 2109
[14/01/2012 03:05:30] /i 2109
[14/01/2012 03:05:30] /i 2109
[14/01/2012 03:05:30] /i 2109
[14/01/2012 03:05:30] /i 2109
[14/01/2012 03:05:30] /i 2109
[14/01/2012 03:05:30] /i 2109
[14/01/2012 03:05:30] /i 2109
[14/01/2012 03:05:30] /i 2109
[14/01/2012 03:05:30] /i 2109
[14/01/2012 03:05:31] /i 2109
[14/01/2012 03:05:31] /i 2109
[14/01/2012 03:05:31] /i 2109
[14/01/2012 03:05:31] /i 2109
[14/01/2012 03:05:31] /i 2109
[14/01/2012 03:05:31] /i 2109
[14/01/2012 03:05:31] /i 2109
[14/01/2012 03:05:31] /i 2109
[14/01/2012 03:05:31] /i 2109
[14/01/2012 03:05:31] /i 2109
[14/01/2012 03:05:31] /i 2109
[14/01/2012 03:05:31] /i 2109
[14/01/2012 03:05:31] /i 2109
[14/01/2012 03:05:31] /i 2109
[14/01/2012 03:05:31] /i 2109
[14/01/2012 03:05:31] /i 2109
[14/01/2012 03:05:31] /i 2109
[14/01/2012 03:05:31] /i 2109
[14/01/2012 03:05:31] /i 2109
[14/01/2012 03:05:31] /i 2109
[14/01/2012 03:05:31] /i 2109
[14/01/2012 03:05:31] /i 2109
[14/01/2012 03:05:31] /i 2109
[14/01/2012 03:05:31] /i 2109
[14/01/2012 03:05:31] /i 2109
[14/01/2012 03:05:31] /i 2109
[14/01/2012 03:05:31] /i 2109
[14/01/2012 03:05:31] /i 2109
[14/01/2012 03:05:31] /i 2109
[14/01/2012 03:05:31] /i 2109
[14/01/2012 03:05:32] /i 2109
[14/01/2012 03:05:32] /i 2109
[14/01/2012 03:05:32] /i 2109
[14/01/2012 03:05:32] /i 2109
[14/01/2012 03:05:32] /i 2109
[14/01/2012 03:05:32] /i 2109
[14/01/2012 03:05:32] /i 2109
[14/01/2012 03:05:32] /i 2109
[14/01/2012 03:05:32] /i 2109
[14/01/2012 03:05:32] /i 2109
[14/01/2012 03:05:32] /i 2109
[14/01/2012 03:05:32] /i 2109
[14/01/2012 03:05:32] /i 2109
[14/01/2012 03:05:32] /i 2109
[14/01/2012 03:05:32] /i 2109
[14/01/2012 03:05:32] /i 2109
[14/01/2012 03:05:32] /i 2109
[14/01/2012 03:05:32] /i 2109
[14/01/2012 03:05:32] /i 2109
[14/01/2012 03:05:32] /i 2109
[14/01/2012 03:05:32] /i 2109
[14/01/2012 03:05:32] /i 2109
[14/01/2012 03:05:32] /i 2109
[14/01/2012 03:05:32] /i 2109
[14/01/2012 03:05:32] /i 2109
[14/01/2012 03:05:35] /i 2109
[14/01/2012 03:05:35] /i 2109
[14/01/2012 03:05:36] /i 2109
[14/01/2012 03:05:36] /i 2109
[14/01/2012 03:05:36] /i 2109
[14/01/2012 03:05:36] /i 2109
[14/01/2012 03:05:36] /i 2109
[14/01/2012 03:05:36] /i 2109
[14/01/2012 03:05:36] /i 2109
[14/01/2012 03:05:36] /i 2109
[14/01/2012 03:05:36] /i 2109
[14/01/2012 03:05:47] /i 2109
[14/01/2012 03:05:47] /i 2109
[14/01/2012 03:05:48] /i 2109
[14/01/2012 03:05:48] /i 2109
[14/01/2012 03:05:48] /i 2109
[14/01/2012 03:05:48] /i 2109
[14/01/2012 03:05:48] /i 2109
[14/01/2012 03:05:48] /i 2109
[14/01/2012 03:05:48] /i 2109
[14/01/2012 03:05:48] /i 2109
[14/01/2012 03:05:48] /i 2109
[14/01/2012 03:05:48] /i 2109
[14/01/2012 03:05:48] /i 2109
[14/01/2012 03:05:48] /i 2109
[14/01/2012 03:05:48] /i 2109
[14/01/2012 03:05:48] /i 2109
[14/01/2012 03:05:48] /i 2109
[14/01/2012 03:05:48] /i 2109
[14/01/2012 03:05:48] /i 2109
[14/01/2012 03:05:48] /i 2109
[14/01/2012 03:05:49] /i 2109
[14/01/2012 03:05:49] /i 2109
[14/01/2012 03:05:49] /i 2109
[14/01/2012 03:05:49] /i 2109
[14/01/2012 03:05:49] /i 2109
[14/01/2012 03:05:49] /i 2109
[14/01/2012 03:05:49] /i 2109
[14/01/2012 03:05:49] /i 2109
[14/01/2012 03:05:49] /i 2109
[14/01/2012 03:05:49] /i 2109
[14/01/2012 03:05:49] /i 2109
[14/01/2012 03:05:49] /i 2109
[14/01/2012 03:05:49] /i 2109
[14/01/2012 03:05:49] /i 2109
[14/01/2012 03:05:49] /i 2109
[14/01/2012 03:05:49] /i 2109
[14/01/2012 03:05:49] /i 2109
[14/01/2012 03:05:49] /i 2109
[14/01/2012 03:05:49] /i 2109
[14/01/2012 03:05:49] /i 2109
[14/01/2012 03:05:49] /i 2109
[14/01/2012 03:05:49] /i 2109
[14/01/2012 03:05:49] /i 2109
[14/01/2012 03:05:49] /i 2109
[14/01/2012 03:05:49] /i 2109
[14/01/2012 03:05:49] /i 2109
[14/01/2012 03:05:49] /i 2109
[14/01/2012 03:05:49] /i 2109
[14/01/2012 03:05:49] /i 2109
[14/01/2012 03:05:49] /i 2109
[14/01/2012 03:05:50] /i 2109
[14/01/2012 03:05:50] /i 2109
[14/01/2012 03:05:50] /i 2109
[14/01/2012 03:05:50] /i 2109
[14/01/2012 03:05:50] /i 2109
[14/01/2012 03:05:50] /i 2109
[14/01/2012 03:05:50] /i 2109
[14/01/2012 03:05:50] /i 2109
[14/01/2012 03:05:50] /i 2109
[14/01/2012 03:05:50] /i 2109
[14/01/2012 03:05:50] /i 2109
[14/01/2012 03:05:50] /i 2109
[14/01/2012 03:05:50] /i 2109
[14/01/2012 03:05:50] /i 2109
[14/01/2012 03:05:50] /i 2109
[14/01/2012 03:05:50] /i 2109
[14/01/2012 03:05:50] /i 2109
[14/01/2012 03:05:50] /i 2109
[14/01/2012 03:05:50] /i 2109
[14/01/2012 03:05:50] /i 2109
[14/01/2012 03:05:50] /i 2109
[14/01/2012 03:05:50] /i 2109
[14/01/2012 03:05:50] /i 2109
[14/01/2012 03:05:50] /i 2109
[14/01/2012 03:05:50] /i 2109
[14/01/2012 03:05:50] /i 2109
[14/01/2012 03:05:50] /i 2109
[14/01/2012 03:05:50] /i 2109
[14/01/2012 03:05:50] /i 2109
[14/01/2012 03:05:50] /i 2109
[14/01/2012 03:05:51] /i 2109
[14/01/2012 03:05:51] /i 2109
[14/01/2012 03:05:51] /i 2109
[14/01/2012 03:05:51] /i 2109
[14/01/2012 03:05:51] /i 2109
[14/01/2012 03:05:51] /i 2109
[14/01/2012 03:05:51] /i 2109
[14/01/2012 03:05:51] /i 2109
[14/01/2012 03:05:51] /i 2109
[14/01/2012 03:05:51] /i 2109
[14/01/2012 03:05:51] /i 2109
[14/01/2012 03:05:51] /i 2109
[14/01/2012 03:05:51] /i 2109
[14/01/2012 03:05:51] /i 2109
[14/01/2012 03:05:51] /i 2109
[14/01/2012 03:05:51] /i 2109
[14/01/2012 03:05:51] /i 2109
[14/01/2012 03:05:51] /i 2109
[14/01/2012 03:05:51] /i 2109
[14/01/2012 03:05:51] /i 2109
[14/01/2012 03:05:51] /i 2109
[14/01/2012 03:05:51] /i 2109
[14/01/2012 03:05:51] /i 2109
[14/01/2012 03:05:51] /i 2109
[14/01/2012 03:05:51] /i 2109
[14/01/2012 03:05:51] /i 2109
[14/01/2012 03:05:51] /i 2109
[14/01/2012 03:05:51] /i 2109
[14/01/2012 03:05:51] /i 2109
[14/01/2012 03:05:51] /i 2109
[14/01/2012 03:05:51] /i 2109
[14/01/2012 03:05:52] /i 2109
[14/01/2012 03:05:52] /i 2109
[14/01/2012 03:05:52] /i 2109
[14/01/2012 03:05:52] /i 2109
[14/01/2012 03:05:52] /i 2109
[14/01/2012 03:05:52] /i 2109
[14/01/2012 03:05:52] /i 2109
[14/01/2012 03:05:52] /i 2109
[14/01/2012 03:05:52] /i 2109
[14/01/2012 03:05:52] /i 2109
[14/01/2012 03:05:52] /i 2109
[14/01/2012 03:05:52] /i 2109
[14/01/2012 03:05:52] /i 2109
[14/01/2012 03:05:52] /i 2109
[14/01/2012 03:05:52] /i 2109
[14/01/2012 03:05:52] /i 2109
[14/01/2012 03:05:52] /i 2109
[14/01/2012 03:05:52] /i 2109
[14/01/2012 03:05:52] /i 2109
[14/01/2012 03:05:52] /i 2109
[14/01/2012 03:05:52] /i 2109
[14/01/2012 03:05:52] /i 2109
[14/01/2012 03:05:52] /i 2109
[14/01/2012 03:05:52] /i 2109
[14/01/2012 03:05:52] /i 2109
[14/01/2012 03:05:52] /i 2109
[14/01/2012 03:05:52] /i 2109
[14/01/2012 03:05:52] /i 2109
[14/01/2012 03:05:52] /i 2109
[14/01/2012 03:05:52] /i 2109
[14/01/2012 03:05:53] /i 2109
[14/01/2012 03:05:53] /i 2109
[14/01/2012 03:05:53] /i 2109
[14/01/2012 03:05:53] /i 2109
[14/01/2012 03:05:53] /i 2109
[14/01/2012 03:05:53] /i 2109
[14/01/2012 03:05:53] /i 2109
[14/01/2012 03:05:53] /i 2109
[14/01/2012 03:05:53] /i 2109
[14/01/2012 03:05:53] /i 2109
[14/01/2012 03:05:53] /i 2109
[14/01/2012 03:05:53] /i 2109
[14/01/2012 03:05:53] /i 2109
[14/01/2012 03:05:53] /i 2109
[14/01/2012 03:05:53] /i 2109
[14/01/2012 03:05:53] /i 2109
[14/01/2012 03:05:53] /i 2109
[14/01/2012 03:05:53] /i 2109
[14/01/2012 03:05:53] /i 2109
[14/01/2012 03:05:53] /i 2109
[14/01/2012 03:05:53] /i 2109
[14/01/2012 03:05:53] /i 2109
[14/01/2012 03:05:53] /i 2109
[14/01/2012 03:05:53] /i 2109
[14/01/2012 03:05:53] /i 2109
[14/01/2012 03:05:53] /i 2109
[14/01/2012 03:05:53] /i 2109
[14/01/2012 03:05:53] /i 2109
[14/01/2012 03:05:53] /i 2109
[14/01/2012 03:05:53] /i 2109
[14/01/2012 03:05:54] /i 2109
[14/01/2012 03:05:54] /i 2109
[14/01/2012 03:05:54] /i 2109
[14/01/2012 03:05:54] /i 2109
[14/01/2012 03:05:54] /i 2109
[14/01/2012 03:05:54] /i 2109
[14/01/2012 03:05:54] /i 2109
[14/01/2012 03:05:54] /i 2109
[14/01/2012 03:05:54] /i 2109
[14/01/2012 03:05:54] /i 2109
[14/01/2012 03:05:54] /i 2109
[14/01/2012 03:05:54] /i 2109
[14/01/2012 03:05:54] /i 2109
[14/01/2012 03:05:54] /i 2109
[14/01/2012 03:05:54] /i 2109
[14/01/2012 03:05:54] /i 2109
[14/01/2012 03:05:54] /i 2109
[14/01/2012 03:05:54] /i 2109
[14/01/2012 03:05:54] /i 2109
[14/01/2012 03:05:54] /i 2109
[14/01/2012 03:05:54] /i 2109
[14/01/2012 03:05:54] /i 2109
[14/01/2012 03:05:54] /i 2109
[14/01/2012 03:05:54] /i 2109
[14/01/2012 03:05:54] /i 2109
[14/01/2012 03:05:54] /i 2109
[14/01/2012 03:05:54] /i 2109
[14/01/2012 03:05:54] /i 2109
[14/01/2012 03:05:54] /i 2109
[14/01/2012 03:05:54] /i 2109
[14/01/2012 03:05:54] /i 2109
[14/01/2012 03:05:55] /i 2109
[14/01/2012 03:05:55] /i 2109
[14/01/2012 03:05:55] /i 2109
[14/01/2012 03:05:55] /i 2109
[14/01/2012 03:05:55] /i 2109
[14/01/2012 03:05:55] /i 2109
[14/01/2012 03:05:55] /i 2109
[14/01/2012 03:05:55] /i 2109
[14/01/2012 03:05:55] /i 2109
[14/01/2012 03:05:55] /i 2109
[14/01/2012 03:05:55] /i 2109
[14/01/2012 03:05:55] /i 2109
[14/01/2012 03:05:55] /i 2109
[14/01/2012 03:05:55] /i 2109
[14/01/2012 03:05:55] /i 2109
[14/01/2012 03:05:55] /i 2109
[14/01/2012 03:05:55] /i 2109
[14/01/2012 03:05:55] /i 2109
[14/01/2012 03:05:55] /i 2109
[14/01/2012 03:05:55] /i 2109
[14/01/2012 03:05:55] /i 2109
[14/01/2012 03:05:55] /i 2109
[14/01/2012 03:05:55] /i 2109
[14/01/2012 03:05:55] /i 2109
[14/01/2012 03:05:55] /i 2109
[14/01/2012 03:05:55] /i 2109
[14/01/2012 03:05:55] /i 2109
[14/01/2012 03:05:55] /i 2109
[14/01/2012 03:05:55] /i 2109
[14/01/2012 03:05:55] /i 2109
[14/01/2012 03:05:56] /i 2109
[14/01/2012 03:05:56] /i 2109
[14/01/2012 03:05:56] /i 2109
[14/01/2012 03:05:56] /i 2109
[14/01/2012 03:05:56] /i 2109
[14/01/2012 03:05:56] /i 2109
[14/01/2012 03:05:56] /i 2109
[14/01/2012 03:05:56] /i 2109
[14/01/2012 03:05:56] /i 2109
[14/01/2012 03:05:56] /i 2109
[14/01/2012 03:05:56] /i 2109
[14/01/2012 03:05:56] /i 2109
[14/01/2012 03:05:56] /i 2109
[14/01/2012 03:05:56] /i 2109
[14/01/2012 03:05:56] /i 2109
[14/01/2012 03:05:56] /i 2109
[14/01/2012 03:05:56] /i 2109
[14/01/2012 03:05:56] /i 2109
[14/01/2012 03:05:56] /i 2109
[14/01/2012 03:05:56] /i 2109
[14/01/2012 03:05:56] /i 2109
[14/01/2012 03:05:56] /i 2109
[14/01/2012 03:05:56] /i 2109
[14/01/2012 03:05:56] /i 2109
[14/01/2012 03:05:56] /i 2109
[14/01/2012 03:05:56] /i 2109
[14/01/2012 03:05:56] /i 2109
[14/01/2012 03:05:56] /i 2109
[14/01/2012 03:05:56] /i 2109
[14/01/2012 03:05:56] /i 2109
[14/01/2012 03:05:57] /i 2109
[14/01/2012 03:05:57] /i 2109
[14/01/2012 03:05:57] /i 2109
[14/01/2012 03:05:57] /i 2109
[14/01/2012 03:05:57] /i 2109
[14/01/2012 03:05:57] /i 2109
[14/01/2012 03:05:57] /i 2109
[14/01/2012 03:05:57] /i 2109
[14/01/2012 03:06:01] /clean
[14/01/2012 03:06:29] /i mastermind shield
[14/01/2012 03:06:29] /i mastermind shield
[14/01/2012 03:06:36] /bc  03:06 Fim de jogo! O placar foi de: Time 1 630 x 75 Time 2
[14/01/2012 03:06:43] /bc  03:06 Fim de jogo! O placar foi de: Time 1 630 x 75 Time 2
[14/01/2012 03:09:05] /i milk
[14/01/2012 03:09:09] /town venore
[14/01/2012 03:09:45] /goto gm laff
[14/01/2012 03:10:11] /i marijuana
[14/01/2012 03:10:25] /i crismans token
[14/01/2012 03:10:36] /i christmas token
[14/01/2012 03:12:03] /a 2
[14/01/2012 03:13:26] /a
[14/01/2012 03:14:00] /c GM Laff
[14/01/2012 03:14:04] /c GM Laff
[14/01/2012 03:14:06] /up
[14/01/2012 03:14:14] /c Destinate
[14/01/2012 03:14:26] /m
[14/01/2012 03:15:02] /i jester doll
[14/01/2012 03:15:17] /down
[14/01/2012 03:15:21] /m bad bug
[14/01/2012 03:15:25] /m rotworm
[14/01/2012 03:15:31] /r
[14/01/2012 03:15:34] /a
[14/01/2012 03:15:38] /up
[14/01/2012 03:15:45] /i 217
[14/01/2012 03:15:50] /i 2017
[14/01/2012 03:16:15] /i 2017
[14/01/2012 03:16:35] /i pool of blood
[14/01/2012 03:16:38] /i pool of blood
[14/01/2012 03:16:44] /i pool of blood.
[14/01/2012 03:16:46] /i pool of blood
[14/01/2012 03:16:51] /m demon
[14/01/2012 03:17:10] /r
[14/01/2012 03:17:40] /down
[14/01/2012 03:17:52] /i 2018
[14/01/2012 03:17:53] /i 2018
[14/01/2012 03:20:22] /attr cap 999
[14/01/2012 03:20:28] /attr cap 99999
[14/01/2012 03:20:44] /attr set cap 9999
[14/01/2012 03:20:54] /attr cap 9999
[14/01/2012 03:21:06] /attr capaciti 9999
[14/01/2012 03:21:15] /attr cap,9999
[14/01/2012 03:21:35] /attr cap 9999
[14/01/2012 03:21:37] /attr cap 9999
[14/01/2012 03:21:38] /attr cap 9999
[14/01/2012 03:21:38] /attr cap 9999
[14/01/2012 03:21:38] /attr cap 9999
[14/01/2012 03:21:42] /attr cap 99999999
[14/01/2012 03:21:44] /attr cap 99999999
[14/01/2012 03:21:44] /attr cap 99999999
[14/01/2012 03:22:16] /attr health -33
[14/01/2012 03:22:24] /attr health -99999999
[14/01/2012 03:22:52] /c GM Laff
[14/01/2012 03:23:53] /a 40
[14/01/2012 03:23:54] /a 40
[14/01/2012 03:23:58] /m demon
[14/01/2012 03:24:02] /m demon
[14/01/2012 03:24:10] /m ferumbras
[14/01/2012 03:24:20] /m orshabaal
[14/01/2012 03:34:01] /r
[14/01/2012 03:34:06] /i backpack
[14/01/2012 03:34:16] /i magma legs
[14/01/2012 03:34:20] /i magma coat
[14/01/2012 03:34:24] /i magma monocle
[14/01/2012 03:34:34] /i firewalker boots
[14/01/2012 03:34:51] /r
[14/01/2012 03:36:02] /i draken helmet
[14/01/2012 03:36:09] /i draken boots
[14/01/2012 03:36:23] /i underworld rod
[14/01/2012 03:38:30] /goto Destinate
[14/01/2012 03:38:34] /goto Destinate
[14/01/2012 03:38:35] /goto Destinate
[14/01/2012 03:40:23] /town venore
[14/01/2012 03:41:00] /i holy bible
[14/01/2012 03:41:04] /i holy bible
[14/01/2012 03:41:10] /i holy bibble
[14/01/2012 03:41:23] /a 5
[14/01/2012 03:41:35] /a 4
[14/01/2012 03:44:15] /i holy bible
[14/01/2012 03:44:17] /i holy bible
[14/01/2012 03:44:25] /i holy bible tibia
[14/01/2012 03:44:46] /i The Holy Bible
[14/01/2012 03:44:48] /i The Holy Bible
[14/01/2012 03:45:01] /c GM LAFF
[14/01/2012 03:45:22] /n xodet
[14/01/2012 04:32:08] /c death m aster
[14/01/2012 04:32:13] /c death master
[14/01/2012 04:33:15] /ghost
[14/01/2012 04:50:43] /c death master
[14/01/2012 04:51:08] /i backpack
[14/01/2012 04:51:14] /i sudden death rune
[14/01/2012 04:51:15] /i sudden death rune
[14/01/2012 04:51:16] /i sudden death rune
[14/01/2012 04:51:16] /i sudden death rune
[14/01/2012 04:51:16] /i sudden death rune
[14/01/2012 04:51:16] /i sudden death rune
[14/01/2012 04:51:17] /i sudden death rune
[14/01/2012 04:51:17] /i sudden death rune
[14/01/2012 04:51:17] /i sudden death rune
[14/01/2012 04:51:18] /i sudden death rune
[14/01/2012 04:51:21] /i sudden death rune
[14/01/2012 04:51:42] /i sudden death rune
[14/01/2012 05:32:56] /goto GM Laff
[14/01/2012 05:38:45] /r
[14/01/2012 05:39:34] /ghost
[14/01/2012 05:40:48] /goto morgaroth
[14/01/2012 05:40:50] /r
[14/01/2012 05:40:52] /r
[14/01/2012 05:40:53] /goto morgaroth
[14/01/2012 05:40:57] /goto elder bash
[14/01/2012 05:40:59] /goto elder bash
[14/01/2012 05:41:07] /goto destinate
[14/01/2012 05:41:34] /a
[14/01/2012 05:41:37] /t
[14/01/2012 05:41:53] /a 3
[14/01/2012 05:43:02] /i 10064
[14/01/2012 05:44:06] /a
[14/01/2012 05:44:07] /a
[14/01/2012 05:44:16] /i 9653
[14/01/2012 05:44:22] /a 2
[14/01/2012 05:45:06] /goto CM Destinate
[14/01/2012 05:45:10] /a
[14/01/2012 05:46:07] /b HOLY SHED!!
[14/01/2012 05:46:52] /b nada bye
[14/01/2012 05:46:54] /ghost
[14/01/2012 05:47:11] /goto GM Laff
[14/01/2012 05:48:01] /a 2
[14/01/2012 05:48:12] /r
[14/01/2012 05:48:13] /r
[14/01/2012 05:48:22] /i 1210
[14/01/2012 05:48:28] /goto GM Laff
[14/01/2012 05:48:37] /goto GM Laff
[14/01/2012 05:48:39] /goto GM Laff
[14/01/2012 05:48:40] /goto GM Laff
[14/01/2012 05:48:43] /goto GM Laff
[14/01/2012 05:48:48] /goto GM Laff0
[14/01/2012 05:48:50] /goto GM Laff0
[14/01/2012 05:48:51] /goto GM Laff0
[14/01/2012 05:48:55] /goto GM Laff
[14/01/2012 05:48:57] /goto GM Laff
[14/01/2012 05:49:02] /goto GM Laff
[14/01/2012 05:49:03] /goto GM Laff
[14/01/2012 05:49:03] /goto GM Laff
[14/01/2012 05:49:04] /goto GM Laff
[14/01/2012 05:49:05] /goto GM Laff
[14/01/2012 05:49:06] /goto GM Laff
[14/01/2012 05:49:07] /goto GM Laff
[14/01/2012 05:49:07] /goto GM Laff
[14/01/2012 05:49:09] /goto GM Laff
[14/01/2012 05:49:09] /goto GM Laff
[14/01/2012 05:49:10] /goto GM Laff
[14/01/2012 05:49:33] /goto GM Laff
[14/01/2012 05:49:47] /goto GM Laff
[14/01/2012 05:49:49] /goto GM Laff
[14/01/2012 05:50:16] /ghost
[14/01/2012 05:50:20] /ghost
[14/01/2012 05:51:25] /a
[14/01/2012 05:51:26] /a
[14/01/2012 05:51:27] /a
[14/01/2012 05:51:29] /a
[14/01/2012 05:51:45] /clean
[14/01/2012 05:53:35] /goto gm laff
[14/01/2012 05:54:07] /ghost
[14/01/2012 20:10:38] /b ola rasa xd
[14/01/2012 20:10:56] /goto CM Destinate
[14/01/2012 20:13:22] /attr pos 32348 32259 9
[14/01/2012 20:14:12] /attr pos 32348 32259 9
[14/01/2012 20:14:52] /attr pos 32348 32259 9
[14/01/2012 20:15:00] /r
[14/01/2012 20:15:24] /i 1387
[14/01/2012 20:15:26] /attr pos 32348 32259 9
[14/01/2012 20:15:36] /r
[14/01/2012 20:15:38] /r 100
[14/01/2012 20:15:39] /r 100
[14/01/2012 20:16:22] /r
[14/01/2012 20:16:28] /i 1026
[14/01/2012 20:16:30] /r
[14/01/2012 20:16:39] /i 1033
[14/01/2012 20:16:41] /r
[14/01/2012 20:16:48] /a
[14/01/2012 20:16:50] /i 1033
[14/01/2012 20:17:16] /goto Baitolinha rush
[14/01/2012 20:18:04] /a
[14/01/2012 20:20:26] /i blue legs
[14/01/2012 20:20:30] /i pair of soft boots
[14/01/2012 20:20:34] /i yalahari mask
[14/01/2012 20:20:42] /goto CM Destinate
[14/01/2012 20:21:03] /c Baitolinha rush
[14/01/2012 20:21:12] /attr pos 32330 32221 7
[14/01/2012 20:21:29] /attr pos 32330 32221 7
[14/01/2012 20:21:43] /goto Baitolinha rush
[14/01/2012 20:21:55] /t Baitolinha rush
[14/01/2012 20:22:12] /attr pos 32348 32260 9
[14/01/2012 20:22:53] /clean 1
[14/01/2012 20:23:46] /r
[14/01/2012 20:23:48] /r
[14/01/2012 20:25:48] /clean
[14/01/2012 20:25:52] /clean
[14/01/2012 20:25:53] /clean
[14/01/2012 20:25:54] /clean
[14/01/2012 20:25:54] /clean
[14/01/2012 20:25:55] /clean
[14/01/2012 20:25:55] /clean
[14/01/2012 20:25:56] /clean
[14/01/2012 20:25:57] /clean
[14/01/2012 20:25:58] /clean
[14/01/2012 20:26:00] /clean
[14/01/2012 20:26:07] /clean
[14/01/2012 20:28:48] /attr set attack 999999
[14/01/2012 20:30:15] /m morgaroth
[14/01/2012 20:31:15] /m demon
[14/01/2012 20:31:41] /mc
[14/01/2012 20:32:54] /a 10
[14/01/2012 20:33:07] /goto Baitolinha rush
[14/01/2012 20:34:12] /a
[14/01/2012 20:34:25] /i dice
[14/01/2012 20:34:29] /r
[14/01/2012 20:34:35] /r
[14/01/2012 20:34:39] /i stone
[14/01/2012 20:34:41] /i stone
[14/01/2012 20:34:41] /i stone
[14/01/2012 20:34:42] /i stone
[14/01/2012 20:34:43] /i stone
[14/01/2012 20:34:43] /i stone
[14/01/2012 20:34:45] /i stone
[14/01/2012 20:34:57] /a
[14/01/2012 20:35:07] /a
[14/01/2012 20:38:13] /i stone
[14/01/2012 20:38:14] /i stone
[14/01/2012 20:38:15] /i stone
[14/01/2012 20:38:16] /i stone
[14/01/2012 20:38:20] /i stone
[14/01/2012 20:38:21] /i stone
[14/01/2012 20:38:56] /i jester doll
[14/01/2012 20:39:55] /i jester doll
[14/01/2012 20:40:17] /i 2160
[14/01/2012 20:40:39] /r
[14/01/2012 20:40:40] /r
[14/01/2012 20:40:41] /r
[14/01/2012 20:40:46] /r
[14/01/2012 20:40:59] /r
[14/01/2012 20:41:00] /r
[14/01/2012 20:41:00] /r
[14/01/2012 20:41:02] /r
[14/01/2012 20:41:02] /r
[14/01/2012 20:41:17] /b evento de preguntas habran help channe;
[14/01/2012 20:41:30] /b aiva primera pregunta
[14/01/2012 20:42:03] /b quien fue el mejor genio de todo el mundo?
[14/01/2012 20:42:25] /b gana mauri
[14/01/2012 20:42:44] /i demon legs
[14/01/2012 20:43:23] /b siguente pregunta
[14/01/2012 20:43:46] /b que le dijo un cajon a otro cajon???
[14/01/2012 20:44:01] /b que le dijo un cajon a otro cajon???
[14/01/2012 20:44:15] /b se rinden
[14/01/2012 20:44:22] /b se rinden
[14/01/2012 20:44:29] /b la respuesta es
[14/01/2012 20:44:36] /b nada porque los cajones no hablan
[14/01/2012 20:44:54] /b siguiente pregunta
[14/01/2012 20:45:30] /b gano paladin
[14/01/2012 20:46:08] /b 1 pregunta mas y ya 
[14/01/2012 20:46:37] /b 1 pregunta mas y ya 
[14/01/2012 20:47:25] /b esas preguntas no mames!!
[14/01/2012 20:47:38] /b kien fue la empresa que creo tibia?
[14/01/2012 20:48:49] /b 20:47 /b kien fue la empresa que creo tibia? 20:47 Mauri [45]: ya bien" 20:47 CM Destinate: aver 20:47 Paladin [77]: cripsoft 20:47 Mauri [45]: cicroft
[14/01/2012 20:51:06] /i yalahari mask
[14/01/2012 20:51:15] /b osley?
[14/01/2012 20:51:23] /b osley?
[14/01/2012 20:52:07] /attr group 6
[14/01/2012 20:52:17] /r
[14/01/2012 20:52:20] /r
[14/01/2012 20:53:15] /b bebe es mi mano derecha los estara chekando
[14/01/2012 20:53:58] /i royal crossbow
[14/01/2012 20:54:30] /i yalari legs
[14/01/2012 20:54:35] /i yalaharian legs
[14/01/2012 20:54:41] /a
[14/01/2012 20:54:46] /i yalahari legs
[14/01/2012 20:55:07] /i Yalahari Leg Piece
[14/01/2012 20:55:37] /ghost
[14/01/2012 20:58:16] /bc staff no hagan desmadre poque ya saven las consecuencias
[14/01/2012 20:58:58] /a 5
[14/01/2012 20:59:13] /i owner 
[14/01/2012 20:59:16] /owner ADMIN [Killer]
[14/01/2012 20:59:53] /c CM Destinate
[14/01/2012 20:59:57] /c gm laff
[14/01/2012 20:59:59] /ghost
[14/01/2012 21:00:01] /c gm laff
[14/01/2012 21:00:03] /c gm laff
[14/01/2012 21:02:22] /b 0% de lag son ustedes
[14/01/2012 21:02:29] /b i have net de 6 megas
[14/01/2012 21:02:42] /goto Mauri
[14/01/2012 21:03:57] /n Atrad
[14/01/2012 21:05:01] /a
[14/01/2012 21:05:15] /a
[14/01/2012 21:05:24] /n Atrad
[14/01/2012 21:06:06] /i 1621
[14/01/2012 21:06:52] /goto Bash
[14/01/2012 21:07:27] /goto CM Destinate
[14/01/2012 21:07:33] /goto Flower Of Mistycal
[14/01/2012 21:08:02] /i blank rune
[14/01/2012 21:11:18] /goto bebe
[14/01/2012 21:11:26] /r
[14/01/2012 21:11:28] /r
[14/01/2012 21:11:57] /goto CM Destinate
[14/01/2012 21:12:08] /a 5
[14/01/2012 21:12:10] /a 5
[14/01/2012 21:12:16] /c cm destinate
[14/01/2012 21:12:39] /c gm laff
[14/01/2012 21:12:43] /r
[14/01/2012 21:13:35] /b nito un voluntario
[14/01/2012 21:13:45] /b 100 mas
[14/01/2012 21:14:03] /c Baitolinha rush
[14/01/2012 21:15:06] /b nito 2 voluntario 100+
[14/01/2012 21:15:08] /b nito 2 voluntario 100+
[14/01/2012 21:15:33] /c Destinate
[14/01/2012 21:15:46] /b 1 voluntario 100+
[14/01/2012 21:15:49] /b 1 voluntario 100+
[14/01/2012 21:15:50] /b 1 voluntario 100+
[14/01/2012 21:16:07] /c elder bash
[14/01/2012 21:16:09] /c elder bash
[14/01/2012 21:16:18] /kick Bash
[14/01/2012 21:16:21] /kick Bash
[14/01/2012 21:16:32] /c elder bash
[14/01/2012 21:24:46] /b bebe se keda acargo
[14/01/2012 21:24:50] /b del server
[14/01/2012 21:24:55] /t Destinate
[14/01/2012 21:24:58] /goto bebe
[14/01/2012 21:24:59] /goto bebe
[14/01/2012 21:25:50] /a 4
[14/01/2012 23:24:13] /goto gm laff
[14/01/2012 23:24:22] /goto cm destinate
[14/01/2012 23:25:14] /a
[14/01/2012 23:25:21] /down
[14/01/2012 23:25:31] /goto cm destinate
[14/01/2012 23:26:50] /i 4621
[14/01/2012 23:27:01] /a 5
[14/01/2012 23:27:20] /a 4
[14/01/2012 23:27:57] /a
[14/01/2012 23:28:14] /a
[14/01/2012 23:28:15] /a
[14/01/2012 23:28:15] /a
[14/01/2012 23:28:15] /a
[14/01/2012 23:28:15] /a
[14/01/2012 23:28:19] /a
[14/01/2012 23:28:19] /a
[14/01/2012 23:28:19] /a
[14/01/2012 23:28:20] /a
[14/01/2012 23:28:28] /a 3
[14/01/2012 23:29:06] /goto cm laff
[14/01/2012 23:29:15] /goto cm destinate
[14/01/2012 23:31:10] /a 4
[14/01/2012 23:31:17] /r
[14/01/2012 23:31:21] /a 3
[14/01/2012 23:31:28] /up
[14/01/2012 23:32:00] /up
[14/01/2012 23:32:52] /r
[14/01/2012 23:32:53] /r
[14/01/2012 23:32:55] /r
[14/01/2012 23:32:56] /r
[14/01/2012 23:32:56] /r
[14/01/2012 23:32:57] /r
[14/01/2012 23:32:58] /r
[14/01/2012 23:32:59] /r
[14/01/2012 23:36:27] /i magic wall rune
[14/01/2012 23:40:41] /openserver
[14/01/2012 23:40:53] /goto gm laff
[14/01/2012 23:50:22] /a 20
[14/01/2012 23:50:24] /a 2
[14/01/2012 23:50:26] /a 2
[14/01/2012 23:50:26] /a 2
[14/01/2012 23:50:26] /a 2
[14/01/2012 23:50:27] /a 2
[14/01/2012 23:50:27] /a 2
[14/01/2012 23:50:28] /a 2
[14/01/2012 23:50:42] /goto bebe
[14/01/2012 23:50:45] /ghost
[14/01/2012 23:53:59] /i ferumbras doll
[15/01/2012 00:00:10] /goto gm laff
[15/01/2012 00:00:20] /goto gm laff
[15/01/2012 00:00:22] /goto gm laff
[15/01/2012 00:00:23] /goto gm laff
[15/01/2012 00:00:24] /goto gm laff
[15/01/2012 00:00:25] /goto gm laff
[15/01/2012 00:00:31] /goto gm laff
[15/01/2012 00:00:34] /goto gm laff
[15/01/2012 00:00:35] /goto gm laff
[15/01/2012 00:00:37] /goto gm laff
[15/01/2012 00:01:01] /goto gm laff
[15/01/2012 00:01:02] /goto gm laff
[15/01/2012 00:01:03] /goto gm laff
[15/01/2012 00:01:19] /goto bebe
[15/01/2012 00:01:38] /goto CM Destinate
[15/01/2012 00:02:57] /clean 1
[15/01/2012 00:05:38] /ghost
[15/01/2012 18:06:26] /ghost
[15/01/2012 18:06:29] /goto bebe
[15/01/2012 18:06:35] /goto gm laff
[15/01/2012 18:06:40] /goto cm laff
[15/01/2012 18:06:44] /goto cm destinate
[15/01/2012 18:06:50] /goto destinate
[15/01/2012 18:08:54] /attr unique 7442
[15/01/2012 18:09:06] /ghost
[15/01/2012 18:15:07] /bc Recuerden Invitar A Sus Amigos...  =)
[15/01/2012 18:15:44] /i backpack
[15/01/2012 18:15:49] /i dragon scale mail
[15/01/2012 18:15:50] /i dragon scale mail
[15/01/2012 18:15:50] /i dragon scale mail
[15/01/2012 18:15:51] /i dragon scale mail
[15/01/2012 18:15:51] /i dragon scale mail
[15/01/2012 18:15:51] /i dragon scale mail
[15/01/2012 18:15:52] /i dragon scale mail
[15/01/2012 18:15:52] /i dragon scale mail
[15/01/2012 18:15:52] /i dragon scale mail
[15/01/2012 18:15:53] /i dragon scale mail
[15/01/2012 18:15:53] /i dragon scale mail
[15/01/2012 18:15:53] /i dragon scale mail
[15/01/2012 18:15:54] /i dragon scale mail
[15/01/2012 18:15:54] /i dragon scale mail
[15/01/2012 18:15:54] /i dragon scale mail
[15/01/2012 18:15:55] /i dragon scale mail
[15/01/2012 18:15:55] /i dragon scale mail
[15/01/2012 18:15:55] /i dragon scale mail
[15/01/2012 18:15:58] /i dragon scale mail
[15/01/2012 18:15:58] /i dragon scale mail
[15/01/2012 18:15:59] /i dragon scale mail
[15/01/2012 18:16:00] /i dragon scale mail
[15/01/2012 18:16:30] /i backpack
[15/01/2012 18:16:37] /i 3079
[15/01/2012 18:16:46] /i boots of haste
[15/01/2012 18:16:47] /i boots of haste
[15/01/2012 18:16:47] /i boots of haste
[15/01/2012 18:16:47] /i boots of haste
[15/01/2012 18:16:48] /i boots of haste
[15/01/2012 18:16:48] /i boots of haste
[15/01/2012 18:16:48] /i boots of haste
[15/01/2012 18:16:49] /i boots of haste
[15/01/2012 18:16:49] /i boots of haste
[15/01/2012 18:16:49] /i boots of haste
[15/01/2012 18:16:50] /i boots of haste
[15/01/2012 18:16:50] /i boots of haste
[15/01/2012 18:16:50] /i boots of haste
[15/01/2012 18:16:51] /i boots of haste
[15/01/2012 18:16:51] /i boots of haste
[15/01/2012 18:16:51] /i boots of haste
[15/01/2012 18:16:52] /i boots of haste
[15/01/2012 18:16:52] /i boots of haste
[15/01/2012 18:16:52] /i boots of haste
[15/01/2012 18:16:55] /i boots of haste
[15/01/2012 18:20:50] /i santa doll
[15/01/2012 18:20:54] /r
[15/01/2012 18:20:57] /i norseman doll
[15/01/2012 18:21:01] /r
[15/01/2012 18:22:25] /i 6512
[15/01/2012 18:22:29] /r
[15/01/2012 18:25:35] /b srry por el crash
[15/01/2012 18:25:54] /b se me trabo el google crome y cerre el server sin kerer :/
[15/01/2012 18:26:17] /ghost
[15/01/2012 18:27:14] /goto Kosia Knight
[15/01/2012 18:27:22] /ghost
[15/01/2012 18:28:58] /ghost
[15/01/2012 18:29:38] /c sicopata
[15/01/2012 18:30:00] /goto Kosia Knight
[15/01/2012 18:30:28] /owner Kosia Knight
[15/01/2012 18:30:40] /owner ADMIN [Killer]
[15/01/2012 18:30:55] /owner Kosia Knight
[15/01/2012 18:32:06] /goto Kosia Knight
[15/01/2012 18:32:11] /i dragon scale mail
[15/01/2012 18:32:12] /i dragon scale mail
[15/01/2012 18:32:12] /i dragon scale mail
[15/01/2012 18:32:13] /i dragon scale mail
[15/01/2012 18:33:20] /attr unique 7442
[15/01/2012 18:35:06] /b disculpen las molestias por cerrar el server estaremos ocupados haciendo scryps y arreglando unos bugs ^^ suerte..... Tambien recuerden que cuando esten skill decir !afk on para que no se logie su chard
[15/01/2012 18:35:29] /b disculpen las molestias por cerrar el server estaremos ocupados haciendo scryps y arreglando unos bugs ^^ suerte..... Tambien recuerden que cuando esten skill decir !afk on para que no se logie su chard
[15/01/2012 18:35:29] /b disculpen las molestias por cerrar el server estaremos ocupados haciendo scryps y arreglando unos bugs ^^ suerte..... Tambien recuerden que cuando esten skill decir !afk on para que no se logie su chard
[15/01/2012 18:35:30] /b disculpen las molestias por cerrar el server estaremos ocupados haciendo scryps y arreglando unos bugs ^^ suerte..... Tambien recuerden que cuando esten skill decir !afk on para que no se logie su chard
[15/01/2012 18:35:30] /b disculpen las molestias por cerrar el server estaremos ocupados haciendo scryps y arreglando unos bugs ^^ suerte..... Tambien recuerden que cuando esten skill decir !afk on para que no se logie su chard
[15/01/2012 18:35:31] /b disculpen las molestias por cerrar el server estaremos ocupados haciendo scryps y arreglando unos bugs ^^ suerte..... Tambien recuerden que cuando esten skill decir !afk on para que no se logie su chard
[15/01/2012 18:36:09] /bc Recuerden Invitar A Sus Amigos...  =)
[15/01/2012 18:36:33] /goto Kosia Knight
[15/01/2012 18:38:34] /kick karter
[15/01/2012 18:39:58] /goto v
[15/01/2012 18:40:00] /goto Karter
[15/01/2012 18:40:05] /goto CM Destinate
[15/01/2012 18:40:09] /ghost
[15/01/2012 18:42:07] /c Flower Of Mistycal
[15/01/2012 18:44:54] /goto karter
[15/01/2012 18:45:00] /goto cm destinate
[15/01/2012 18:45:02] /goto cm destinate
[15/01/2012 18:45:03] /goto cm destinate
[15/01/2012 18:45:04] /goto cm destinate
[15/01/2012 18:45:35] /a 2
[15/01/2012 18:45:52] /a
[15/01/2012 18:46:18] /a
[15/01/2012 18:46:32] /c cm destinate
[15/01/2012 18:48:04] /i solar axe
[15/01/2012 18:48:11] /attr set attack 99999999
[15/01/2012 18:59:55] /goto cm laff
[15/01/2012 19:00:00] /goto gm laff
[15/01/2012 19:00:05] /attr group 1
[15/01/2012 19:00:06] /r
[15/01/2012 19:02:03] /attr group 4
[15/01/2012 19:02:08] /a
[15/01/2012 19:02:09] /r
[15/01/2012 19:05:05] /save
[15/01/2012 19:10:09] /bc nesesito un mapper para el server
[15/01/2012 19:10:14] /bc nesesito un mapper para el server le dare cm
[15/01/2012 19:19:14] /c bebe
[15/01/2012 19:24:29] /ghost
[15/01/2012 19:25:15] /goto karter
[15/01/2012 19:25:21] /t
[15/01/2012 19:26:30] /goto CM Destinate
[15/01/2012 19:26:37] /goto cm malo
[15/01/2012 19:26:59] /goto gm laff
[15/01/2012 19:27:47] /bc Recuerden Invitar A Sus Amigos...  =)
[16/01/2012 18:26:54] /b hello ohh ohh (8)
[16/01/2012 18:35:51] /goto Kosia Knight
[16/01/2012 18:35:55] /t
[16/01/2012 18:36:03] /goto cm malo
[16/01/2012 18:36:06] /down
[16/01/2012 18:36:08] /down
[16/01/2012 18:36:09] /down
[16/01/2012 21:27:23] /goto gm laff
[16/01/2012 21:28:24] /attr unique 7442
[16/01/2012 21:28:25] /attr unique 7442
[16/01/2012 21:40:57] /a
[16/01/2012 21:43:40] /a
[16/01/2012 21:44:12] /i mexican sword
[16/01/2012 21:44:20] /i warlord sord
[16/01/2012 21:44:23] /i warlord sword
[16/01/2012 21:44:45] /attr set attack 999999
[16/01/2012 21:45:05] /r
[16/01/2012 21:45:11] /a
[16/01/2012 22:14:12] /a
[16/01/2012 22:16:10] /b sorry pero abra actualizaciones de nueva pag y asi ke se reiniciara accounts =( les digo para ke se pan pero es para mañan
[16/01/2012 22:16:58] /b no se les dara el lvl solo una oequena alluda
[16/01/2012 22:17:30] /goto Rudi Skate
[16/01/2012 22:18:33] /t
[16/01/2012 22:18:37] /a
[16/01/2012 22:29:58] /b JAJAJAJAJAJAJAJAJAJAJAJAJAJAJAJAJAJAJAJAJAJAJAJAJAJAJAJAJAJAJAJAJAJAJAJAJAJAJAJAJAJAJAJAJAJAJAJAJAJAJAJAJAJAJAJAJAJAJAJAJAJAJAJAJAJAJAJAJAJAJAJAJAJAJAJAJAJAJAJAJAJAJAJAJAJAJAJAJAJAJAJAJAJAJAJAJAJAJAJAJAJAJAJAJAJAJAJAJAJAJAJAJAJAJAJAJAJAJAJAJAJAJAJAJAJA
[16/01/2012 22:30:04] /goto cm malo
[16/01/2012 22:37:59] /unban malvado soul
[16/01/2012 22:38:15] /unban
[16/01/2012 22:38:23] /unban malvado soul
[16/01/2012 22:38:25] /unban malvado soul
[16/01/2012 22:39:54] /m morgaroth
[16/01/2012 22:40:13] /m gream reaper
[16/01/2012 22:40:17] /m grim reaper
[16/01/2012 22:40:18] /m grim reaper
[16/01/2012 22:40:18] /m grim reaper
[16/01/2012 22:40:19] /m grim reaper
[16/01/2012 22:40:19] /m grim reaper
[16/01/2012 22:40:19] /m grim reaper
[16/01/2012 22:40:20] /m grim reaper
[16/01/2012 22:40:20] /m grim reaper
[16/01/2012 22:40:20] /m grim reaper
[16/01/2012 22:40:21] /m grim reaper
[16/01/2012 22:40:21] /m grim reaper
[16/01/2012 22:40:21] /m grim reaper
[16/01/2012 22:40:23] /m grim reaper
[16/01/2012 22:40:23] /m grim reaper
[16/01/2012 22:40:24] /m grim reaper
[16/01/2012 22:40:24] /m grim reaper
[16/01/2012 22:40:24] /m grim reaper
[16/01/2012 22:40:25] /m grim reaper
[16/01/2012 22:40:25] /m grim reaper
[16/01/2012 22:40:25] /m grim reaper
[16/01/2012 22:40:26] /m grim reaper
[16/01/2012 22:40:26] /m grim reaper
[16/01/2012 22:40:26] /m grim reaper
[16/01/2012 22:40:27] /m grim reaper
[16/01/2012 22:40:27] /m grim reaper
[16/01/2012 22:40:28] /m grim reaper
[16/01/2012 22:40:28] /m grim reaper
[16/01/2012 22:40:28] /m grim reaper
[16/01/2012 22:40:29] /m grim reaper
[16/01/2012 22:40:29] /m grim reaper
[16/01/2012 22:40:29] /m grim reaper
[16/01/2012 22:40:30] /m grim reaper
[16/01/2012 22:40:30] /m grim reaper
[16/01/2012 22:40:30] /m grim reaper
[16/01/2012 22:40:31] /m grim reaper
[16/01/2012 22:40:31] /m grim reaper
[16/01/2012 22:40:32] /m grim reaper
[16/01/2012 22:40:32] /m grim reaper
[16/01/2012 22:40:32] /m grim reaper
[16/01/2012 22:40:33] /m grim reaper
[16/01/2012 22:40:33] /m grim reaper
[16/01/2012 22:40:33] /m grim reaper
[16/01/2012 22:40:34] /m grim reaper
[16/01/2012 22:40:34] /m grim reaper
[16/01/2012 22:40:54] /m morgaroth
[16/01/2012 22:40:54] /m morgaroth
[16/01/2012 22:40:54] /m morgaroth
[16/01/2012 22:40:54] /m morgaroth
[16/01/2012 22:40:54] /m morgaroth
[16/01/2012 22:40:54] /m morgaroth
[16/01/2012 22:40:54] /m morgaroth
[16/01/2012 22:40:54] /m morgaroth
[16/01/2012 22:40:54] /m morgaroth
[16/01/2012 22:40:54] /m morgaroth
[16/01/2012 22:40:54] /m morgaroth
[16/01/2012 22:40:54] /m morgaroth
[16/01/2012 22:40:54] /m morgaroth
[16/01/2012 22:40:54] /m morgaroth
[16/01/2012 22:40:54] /m morgaroth
[16/01/2012 22:40:55] /m morgaroth
[16/01/2012 22:40:55] /m morgaroth
[16/01/2012 22:40:55] /m morgaroth
[16/01/2012 22:40:55] /m morgaroth
[16/01/2012 22:40:55] /m morgaroth
[16/01/2012 22:40:55] /m morgaroth
[16/01/2012 22:40:55] /m morgaroth
[16/01/2012 22:40:55] /m morgaroth
[16/01/2012 22:40:55] /m morgaroth
[16/01/2012 22:40:55] /m morgaroth
[16/01/2012 22:40:55] /m morgaroth
[16/01/2012 22:40:55] /m morgaroth
[16/01/2012 22:40:55] /m morgaroth
[16/01/2012 22:40:55] /m morgaroth
[16/01/2012 22:40:55] /m morgaroth
[16/01/2012 22:40:55] /m morgaroth
[16/01/2012 22:40:55] /m morgaroth
[16/01/2012 22:40:55] /m morgaroth
[16/01/2012 22:40:55] /m morgaroth
[16/01/2012 22:40:55] /m morgaroth
[16/01/2012 22:40:55] /m morgaroth
[16/01/2012 22:40:55] /m morgaroth
[16/01/2012 22:40:55] /m morgaroth
[16/01/2012 22:40:55] /m morgaroth
[16/01/2012 22:40:55] /m morgaroth
[16/01/2012 22:40:55] /m morgaroth
[16/01/2012 22:40:55] /m morgaroth
[16/01/2012 22:40:55] /m morgaroth
[16/01/2012 22:40:55] /m morgaroth
[16/01/2012 22:40:55] /m morgaroth
[16/01/2012 22:40:56] /m morgaroth
[16/01/2012 22:40:56] /m morgaroth
[16/01/2012 22:40:56] /m morgaroth
[16/01/2012 22:40:56] /m morgaroth
[16/01/2012 22:40:56] /m morgaroth
[16/01/2012 22:40:56] /m morgaroth
[16/01/2012 22:40:56] /m morgaroth
[16/01/2012 22:40:56] /m morgaroth
[16/01/2012 22:40:56] /m morgaroth
[16/01/2012 22:40:56] /m morgaroth
[16/01/2012 22:40:56] /m morgaroth
[16/01/2012 22:40:56] /m morgaroth
[16/01/2012 22:40:56] /m morgaroth
[16/01/2012 22:40:56] /m morgaroth
[16/01/2012 22:40:56] /m morgaroth
[16/01/2012 22:40:56] /m morgaroth
[16/01/2012 22:40:56] /m morgaroth
[16/01/2012 22:40:56] /m morgaroth
[16/01/2012 22:40:56] /m morgaroth
[16/01/2012 22:40:56] /m morgaroth
[16/01/2012 22:40:56] /m morgaroth
[16/01/2012 22:40:56] /m morgaroth
[16/01/2012 22:40:56] /m morgaroth
[16/01/2012 22:40:56] /m morgaroth
[16/01/2012 22:40:56] /m morgaroth
[16/01/2012 22:40:56] /m morgaroth
[16/01/2012 22:40:56] /m morgaroth
[16/01/2012 22:40:56] /m morgaroth
[16/01/2012 22:40:56] /m morgaroth
[16/01/2012 22:40:56] /m morgaroth
[16/01/2012 22:40:57] /m morgaroth
[16/01/2012 22:40:57] /m morgaroth
[16/01/2012 22:40:57] /m morgaroth
[16/01/2012 22:40:57] /m morgaroth
[16/01/2012 22:40:57] /m morgaroth
[16/01/2012 22:40:57] /m morgaroth
[16/01/2012 22:40:57] /m morgaroth
[16/01/2012 22:40:57] /m morgaroth
[16/01/2012 22:40:57] /m morgaroth
[16/01/2012 22:40:57] /m morgaroth
[16/01/2012 22:40:57] /m morgaroth
[16/01/2012 22:40:57] /m morgaroth
[16/01/2012 22:40:57] /m morgaroth
[16/01/2012 22:40:57] /m morgaroth
[16/01/2012 22:40:57] /m morgaroth
[16/01/2012 22:40:57] /m morgaroth
[16/01/2012 22:40:57] /m morgaroth
[16/01/2012 22:40:57] /m morgaroth
[16/01/2012 22:40:57] /m morgaroth
[16/01/2012 22:40:57] /m morgaroth
[16/01/2012 22:40:57] /m morgaroth
[16/01/2012 22:40:57] /m morgaroth
[16/01/2012 22:40:57] /m morgaroth
[16/01/2012 22:40:57] /m morgaroth
[16/01/2012 22:40:57] /m morgaroth
[16/01/2012 22:40:57] /m morgaroth
[16/01/2012 22:40:57] /m morgaroth
[16/01/2012 22:40:57] /m morgaroth
[16/01/2012 22:40:57] /m morgaroth
[16/01/2012 22:40:57] /m morgaroth
[16/01/2012 22:40:58] /m morgaroth
[16/01/2012 22:40:58] /m morgaroth
[16/01/2012 22:40:58] /m morgaroth
[16/01/2012 22:40:58] /m morgaroth
[16/01/2012 22:40:58] /m morgaroth
[16/01/2012 22:40:58] /m morgaroth
[16/01/2012 22:40:58] /m morgaroth
[16/01/2012 22:40:58] /m morgaroth
[16/01/2012 22:40:58] /m morgaroth
[16/01/2012 22:40:58] /m morgaroth
[16/01/2012 22:40:58] /m morgaroth
[16/01/2012 22:40:58] /m morgaroth
[16/01/2012 22:40:58] /m morgaroth
[16/01/2012 22:40:58] /m morgaroth
[16/01/2012 22:40:58] /m morgaroth
[16/01/2012 22:40:58] /m morgaroth
[16/01/2012 22:40:58] /m morgaroth
[16/01/2012 22:40:58] /m morgaroth
[16/01/2012 22:40:58] /m morgaroth
[16/01/2012 22:40:58] /m morgaroth
[16/01/2012 22:40:58] /m morgaroth
[16/01/2012 22:40:58] /m morgaroth
[16/01/2012 22:40:58] /m morgaroth
[16/01/2012 22:40:58] /m morgaroth
[16/01/2012 22:40:58] /m morgaroth
[16/01/2012 22:40:58] /m morgaroth
[16/01/2012 22:40:58] /m morgaroth
[16/01/2012 22:40:58] /m morgaroth
[16/01/2012 22:40:58] /m morgaroth
[16/01/2012 22:40:58] /m morgaroth
[16/01/2012 22:40:59] /m morgaroth
[16/01/2012 22:40:59] /m morgaroth
[16/01/2012 22:40:59] /m morgaroth
[16/01/2012 22:40:59] /m morgaroth
[16/01/2012 22:40:59] /m morgaroth
[16/01/2012 22:40:59] /m morgaroth
[16/01/2012 22:40:59] /m morgaroth
[16/01/2012 22:40:59] /m morgaroth
[16/01/2012 22:40:59] /m morgaroth
[16/01/2012 22:40:59] /m morgaroth
[16/01/2012 22:40:59] /m morgaroth
[16/01/2012 22:40:59] /m morgaroth
[16/01/2012 22:40:59] /m morgaroth
[16/01/2012 22:40:59] /m morgaroth
[16/01/2012 22:40:59] /m morgaroth
[16/01/2012 22:40:59] /m morgaroth
[16/01/2012 22:40:59] /m morgaroth
[16/01/2012 22:40:59] /m morgaroth
[16/01/2012 22:40:59] /m morgaroth
[16/01/2012 22:40:59] /m morgaroth
[16/01/2012 22:40:59] /m morgaroth
[16/01/2012 22:40:59] /m morgaroth
[16/01/2012 22:40:59] /m morgaroth
[16/01/2012 22:40:59] /m morgaroth
[16/01/2012 22:40:59] /m morgaroth
[16/01/2012 22:40:59] /m morgaroth
[16/01/2012 22:41:00] /m morgaroth
[16/01/2012 22:41:00] /m morgaroth
[16/01/2012 22:41:00] /m morgaroth
[16/01/2012 22:41:00] /m morgaroth
[16/01/2012 22:41:00] /m morgaroth
[16/01/2012 22:41:00] /m morgaroth
[16/01/2012 22:41:00] /m morgaroth
[16/01/2012 22:42:14] /m morgaroth
[16/01/2012 22:43:45] /m morgaroth
[16/01/2012 22:43:45] /m morgaroth
[16/01/2012 22:43:45] /m morgaroth
[16/01/2012 22:43:45] /m morgaroth
[16/01/2012 22:43:45] /m morgaroth
[16/01/2012 22:43:45] /m morgaroth
[16/01/2012 22:43:45] /m morgaroth
[16/01/2012 22:43:45] /m morgaroth
[16/01/2012 22:43:45] /m morgaroth
[16/01/2012 22:43:45] /m morgaroth
[16/01/2012 22:43:45] /m morgaroth
[16/01/2012 22:43:45] /m morgaroth
[16/01/2012 22:43:45] /m morgaroth
[16/01/2012 22:43:45] /m morgaroth
[16/01/2012 22:44:15] /t
[16/01/2012 22:44:24] /ghost
[16/01/2012 22:46:33] /i bank rune
