[14/01/2012 20:52:14] /ghost
[14/01/2012 20:53:57] /goto ADMIN [Killer]
[14/01/2012 21:01:31] /goto ADMIN [Killer]
[14/01/2012 21:02:45] /goto ADMIN [Killer]
[14/01/2012 21:03:25] /t
[14/01/2012 21:03:53] /goto ADMIN [Killer]
[14/01/2012 21:04:21] /goto ADMIN [Killer]
[14/01/2012 21:04:24] /goto ADMIN [Killer]
[14/01/2012 21:06:56] /goto ADMIN [Killer]
[14/01/2012 21:08:01] /goto ADMIN [Killer]
[14/01/2012 21:09:10] /c death master
[14/01/2012 21:09:30] /c death master
[14/01/2012 21:10:59] /r
[14/01/2012 21:11:04] /r
[14/01/2012 21:11:08] /r
[14/01/2012 21:12:03] /goto ADMIN [Killer]
[14/01/2012 21:12:14] /goto ADMIN [Killer]
[14/01/2012 21:12:29] /ghost
[14/01/2012 21:12:58] /ghost
[14/01/2012 21:14:17] /ghost
[14/01/2012 21:15:45] /i great mana potion
[14/01/2012 21:16:36] /ghost
[14/01/2012 21:16:48] /c death master
[14/01/2012 21:16:50] /c death master
[14/01/2012 21:16:51] /c death master
[14/01/2012 21:16:52] /c death master
[14/01/2012 21:16:52] /c death master
[14/01/2012 21:16:53] /c death master
[14/01/2012 21:17:16] /i great mana potion
[14/01/2012 21:18:56] /t Baitolinha rush
[14/01/2012 21:19:24] /town
[14/01/2012 21:19:25] /town
[14/01/2012 21:19:27] /town
[14/01/2012 21:19:28] /town
[14/01/2012 21:19:37] /a
[14/01/2012 21:19:38] /a
[14/01/2012 21:19:38] /a
[14/01/2012 21:19:39] /a
[14/01/2012 21:19:40] /a
[14/01/2012 21:19:41] /a
[14/01/2012 21:19:41] /a
[14/01/2012 21:19:48] /a
[14/01/2012 21:19:52] /a
[14/01/2012 21:19:55] /a
[14/01/2012 21:19:56] /a
[14/01/2012 21:20:01] /a
[14/01/2012 21:20:04] /a
[14/01/2012 21:20:22] /t death master
[14/01/2012 21:21:34] /goto elder bash
[14/01/2012 21:21:39] /r
[14/01/2012 21:21:51] /t elder bash
[14/01/2012 21:21:54] /goto elder bash
[14/01/2012 21:24:16] /a
[14/01/2012 21:24:18] /a
[14/01/2012 21:24:28] /a
[14/01/2012 21:24:29] /a
[14/01/2012 21:24:29] /a
[14/01/2012 21:26:35] /goto ADMIN [Killer]
[14/01/2012 21:29:20] /a
[14/01/2012 21:29:21] /a
[14/01/2012 21:29:46] /goto karter
[14/01/2012 21:30:16] /goto cm destinate
[14/01/2012 21:30:29] /goto cm destinate
[14/01/2012 21:30:36] /goto Cm destinate
[14/01/2012 21:30:41] /goto Cm destinate
[14/01/2012 21:30:59] /goto Rockslayer 
[14/01/2012 21:31:09] /goto paladin
[14/01/2012 21:32:04] /goto Destinate
[14/01/2012 21:32:10] /goto Destinate
[14/01/2012 21:32:12] /goto Destinate
[14/01/2012 21:32:27] /goto CM Destinate
[14/01/2012 21:32:40] /ghost
[14/01/2012 21:35:49] /ghost
[14/01/2012 21:36:48] /ghost
[14/01/2012 21:40:11] /ghost
[14/01/2012 21:41:21] /i elite draken mail
[14/01/2012 21:42:15] /i Royal Scale Robe
[14/01/2012 21:43:14] /i backpack
[14/01/2012 21:44:39] /i Dwarven Legs
[14/01/2012 21:45:32] /i Snake God's Wristguard
[14/01/2012 21:45:56] /ghost
[14/01/2012 21:47:56] /i Wailing Widow's Necklace 
[14/01/2012 21:48:01] /i Wailing Widow's Necklace
[14/01/2012 21:48:17] /i Beetle Necklace
[14/01/2012 21:49:30] /i Koshei's Ancient Amulet
[14/01/2012 21:50:20] /i yalaharian mask
[14/01/2012 21:50:25] /i yalahari mask
[14/01/2012 21:50:31] /i firewalker boots
[14/01/2012 21:51:00] /ghost
[14/01/2012 21:51:06] /goto GM Laff
[14/01/2012 21:52:10] /town edron
[14/01/2012 21:52:44] /owner baitolinha rush
[14/01/2012 21:53:10] /c baitolinha rush
[14/01/2012 21:54:20] /i boots of haste
[14/01/2012 21:56:17] /i Engraved Wedding Ring
[14/01/2012 21:56:32] /i draken boots
[14/01/2012 21:57:03] /r
[14/01/2012 22:05:11] /town thais
[14/01/2012 22:08:47] /owner baitolinha rush
[14/01/2012 22:08:58] /c baitolinha rush
[14/01/2012 23:49:43] /goto ADMIN [Killer]
[14/01/2012 23:49:51] /goto ADMIN [Killer]
[14/01/2012 23:49:54] /goto ADMIN [Killer]
[14/01/2012 23:59:04] /goto ADMIN [Killer]
[15/01/2012 09:19:31] /goto mauri
[15/01/2012 09:20:08] /a
[15/01/2012 09:20:12] /a
[15/01/2012 09:20:13] /a
[15/01/2012 09:20:17] /a
[15/01/2012 09:20:51] /goto grimp reaper
[15/01/2012 09:21:20] /town edron
[15/01/2012 09:22:19] /down
[15/01/2012 09:22:21] /down
[15/01/2012 09:22:25] /up
[15/01/2012 09:24:08] /c baitolinha rush
[15/01/2012 09:25:59] /i suddent death runes
[15/01/2012 09:26:20] /i sudden death runes
[15/01/2012 09:26:24] /i sudden death runes
[15/01/2012 09:26:29] /c xodet
[15/01/2012 09:26:37] /i 2510
[15/01/2012 09:26:43] /i 2210
[15/01/2012 09:27:10] /i 2268
[15/01/2012 09:27:22] /i 2268
[15/01/2012 09:27:23] /i 2268
[15/01/2012 09:27:24] /i 2268
[15/01/2012 09:27:25] /i 2268
[15/01/2012 09:27:26] /i 2268
[15/01/2012 09:27:27] /i 2268
[15/01/2012 09:27:27] /i 2268
[15/01/2012 09:27:28] /i 2268
[15/01/2012 09:27:42] /r
[15/01/2012 09:27:51] /m dragon lord
[15/01/2012 09:27:59] /m dragon lord
[15/01/2012 09:28:01] /m dragon lord
[15/01/2012 09:28:02] /m dragon lord
[15/01/2012 09:28:04] /m dragon lord
[15/01/2012 09:28:19] /i great mana poton
[15/01/2012 09:28:35] /i great mana poton
[15/01/2012 09:28:47] /i great mana potion
[15/01/2012 09:31:18] /i great mana potion
[15/01/2012 09:31:19] /i great mana potion
[15/01/2012 09:31:20] /i great mana potion
[15/01/2012 09:31:21] /i great mana potion
[15/01/2012 09:31:24] /m dragon lord
[15/01/2012 09:31:25] /m dragon lord
[15/01/2012 09:31:26] /m dragon lord
[15/01/2012 09:31:27] /m dragon lord
[15/01/2012 09:31:32] /m dragon lord
[15/01/2012 09:31:33] /m dragon lord
[15/01/2012 09:31:33] /m dragon lord
[15/01/2012 09:31:34] /m dragon lord
[15/01/2012 09:31:34] /m dragon lord
[15/01/2012 09:31:35] /m dragon lord
[15/01/2012 09:31:42] /r
[15/01/2012 09:33:38] /m dragon lord
[15/01/2012 09:33:40] /m dragon lord
[15/01/2012 09:33:41] /m dragon lord
[15/01/2012 09:33:41] /m dragon lord
[15/01/2012 09:33:43] /m dragon lord
[15/01/2012 09:33:44] /m dragon lord
[15/01/2012 09:33:48] /m dragon lord
[15/01/2012 09:34:14] /m dragon lord
[15/01/2012 09:34:15] /m dragon lord
[15/01/2012 09:34:20] /m dragon lord
[15/01/2012 09:34:20] /m dragon lord
[15/01/2012 09:34:21] /m dragon lord
[15/01/2012 09:34:23] /m dragon lord
[15/01/2012 09:34:24] /m dragon lord
[15/01/2012 09:34:25] /m dragon lord
[15/01/2012 09:34:25] /m dragon lord
[15/01/2012 09:34:27] /m dragon lord
[15/01/2012 09:34:27] /m dragon lord
[15/01/2012 09:34:28] /m dragon lord
[15/01/2012 09:35:08] /m dragon lord
[15/01/2012 09:35:10] /m dragon lord
[15/01/2012 09:35:11] /m dragon lord
[15/01/2012 09:35:14] /m dragon lord
[15/01/2012 09:35:16] /m dragon lord
[15/01/2012 09:35:17] /m dragon lord
[15/01/2012 09:35:20] /m dragon lord
[15/01/2012 09:35:22] /m dragon lord
[15/01/2012 09:35:24] /m dragon lord
[15/01/2012 09:35:26] /m dragon lord
[15/01/2012 09:35:28] /m dragon lord
[15/01/2012 09:35:30] /m dragon lord
[15/01/2012 09:35:32] /m dragon lord
[15/01/2012 09:35:34] /m dragon lord
[15/01/2012 09:35:36] /m dragon lord
[15/01/2012 09:35:45] /a
[15/01/2012 09:35:48] /a
[15/01/2012 09:35:51] /a
[15/01/2012 09:37:32] /c baitloinha rush
[15/01/2012 09:37:42] /c baitolinha rush
[15/01/2012 09:38:27] /clean
[15/01/2012 09:38:37] /i stone
[15/01/2012 09:38:41] /r
[15/01/2012 09:38:44] /i stone
[15/01/2012 09:39:06] /c baitolinha rush
[15/01/2012 09:39:15] /a
[15/01/2012 09:40:15] /i stone
[15/01/2012 09:40:16] /i stone
[15/01/2012 09:40:17] /i stone
[15/01/2012 09:40:18] /i stone
[15/01/2012 09:40:32] /r
[15/01/2012 09:40:33] /r
[15/01/2012 09:40:50] /a
[15/01/2012 09:40:56] /c baitolinha rush
[15/01/2012 09:41:07] /a
[15/01/2012 09:41:17] /m dragon lord
[15/01/2012 09:41:18] /m dragon lord
[15/01/2012 09:41:18] /m dragon lord
[15/01/2012 09:41:19] /m dragon lord
[15/01/2012 09:41:19] /m dragon lord
[15/01/2012 09:41:19] /m dragon lord
[15/01/2012 09:41:20] /m dragon lord
[15/01/2012 09:41:20] /m dragon lord
[15/01/2012 09:41:20] /m dragon lord
[15/01/2012 09:41:21] /m dragon lord
[15/01/2012 09:41:21] /m dragon lord
[15/01/2012 09:41:22] /m dragon lord
[15/01/2012 09:41:22] /m dragon lord
[15/01/2012 09:41:22] /m dragon lord
[15/01/2012 09:41:23] /m dragon lord
[15/01/2012 09:41:23] /m dragon lord
[15/01/2012 09:41:24] /m dragon lord
[15/01/2012 09:41:24] /m dragon lord
[15/01/2012 09:41:24] /m dragon lord
[15/01/2012 09:41:25] /m dragon lord
[15/01/2012 09:41:32] /m dragon lord
[15/01/2012 09:41:33] /m dragon lord
[15/01/2012 09:41:35] /m dragon lord
[15/01/2012 09:41:40] /a
[15/01/2012 09:41:41] /a
[15/01/2012 09:41:42] /a
[15/01/2012 09:42:07] /r
[15/01/2012 09:43:09] /m dragon lord
[15/01/2012 09:43:10] /m dragon lord
[15/01/2012 09:43:11] /m dragon lord
[15/01/2012 09:43:12] /m dragon lord
[15/01/2012 09:43:12] /m dragon lord
[15/01/2012 09:43:16] /m dragon lord
[15/01/2012 09:43:34] /m dragon lord
[15/01/2012 09:43:35] /m dragon lord
[15/01/2012 09:43:36] /m dragon lord
[15/01/2012 09:43:37] /m dragon lord
[15/01/2012 09:43:37] /m dragon lord
[15/01/2012 09:43:37] /m dragon lord
[15/01/2012 09:43:38] /m dragon lord
[15/01/2012 09:43:38] /m dragon lord
[15/01/2012 09:43:39] /m dragon lord
[15/01/2012 09:43:39] /m dragon lord
[15/01/2012 09:43:40] /m dragon lord
[15/01/2012 09:43:40] /m dragon lord
[15/01/2012 09:43:41] /m dragon lord
[15/01/2012 09:43:41] /m dragon lord
[15/01/2012 09:43:41] /m dragon lord
[15/01/2012 09:43:42] /m dragon lord
[15/01/2012 09:43:42] /m dragon lord
[15/01/2012 09:43:43] /m dragon lord
[15/01/2012 09:43:43] /m dragon lord
[15/01/2012 09:43:44] /m dragon lord
[15/01/2012 09:43:44] /m dragon lord
[15/01/2012 09:43:45] /m dragon lord
[15/01/2012 09:43:45] /m dragon lord
[15/01/2012 09:43:46] /m dragon lord
[15/01/2012 09:43:46] /m dragon lord
[15/01/2012 09:43:46] /m dragon lord
[15/01/2012 09:43:47] /m dragon lord
[15/01/2012 09:43:47] /m dragon lord
[15/01/2012 09:43:48] /m dragon lord
[15/01/2012 09:43:49] /m dragon lord
[15/01/2012 09:43:49] /m dragon lord
[15/01/2012 09:43:50] /m dragon lord
[15/01/2012 09:43:50] /m dragon lord
[15/01/2012 09:43:50] /m dragon lord
[15/01/2012 09:43:51] /m dragon lord
[15/01/2012 09:43:51] /m dragon lord
[15/01/2012 09:43:52] /m dragon lord
[15/01/2012 09:43:52] /m dragon lord
[15/01/2012 09:43:53] /m dragon lord
[15/01/2012 09:43:53] /m dragon lord
[15/01/2012 09:43:54] /m dragon lord
[15/01/2012 09:43:54] /m dragon lord
[15/01/2012 09:43:55] /m dragon lord
[15/01/2012 09:43:55] /m dragon lord
[15/01/2012 09:43:55] /m dragon lord
[15/01/2012 09:43:56] /m dragon lord
[15/01/2012 09:43:56] /m dragon lord
[15/01/2012 09:44:21] /a
[15/01/2012 09:44:22] /a
[15/01/2012 09:44:23] /a
[15/01/2012 09:44:24] /a
[15/01/2012 09:44:25] /a
[15/01/2012 09:44:27] /a
[15/01/2012 09:44:36] /a
[15/01/2012 09:44:38] /a
[15/01/2012 09:44:44] /i stone
[15/01/2012 09:44:46] /i stone
[15/01/2012 09:46:50] /r
[15/01/2012 09:47:06] /r
[15/01/2012 09:47:06] /r
[15/01/2012 09:47:12] /a
[15/01/2012 09:47:14] /a
[15/01/2012 09:47:21] /r
[15/01/2012 09:47:24] /r
[15/01/2012 09:47:45] /m dragon lord
[15/01/2012 09:47:46] /m dragon lord
[15/01/2012 09:47:46] /m dragon lord
[15/01/2012 09:47:47] /m dragon lord
[15/01/2012 09:47:48] /m dragon lord
[15/01/2012 09:47:48] /m dragon lord
[15/01/2012 09:47:49] /m dragon lord
[15/01/2012 09:47:49] /m dragon lord
[15/01/2012 09:47:50] /m dragon lord
[15/01/2012 09:47:50] /m dragon lord
[15/01/2012 09:47:51] /m dragon lord
[15/01/2012 09:47:51] /m dragon lord
[15/01/2012 09:47:52] /m dragon lord
[15/01/2012 09:47:53] /m dragon lord
[15/01/2012 09:47:53] /m dragon lord
[15/01/2012 09:47:54] /m dragon lord
[15/01/2012 09:47:56] /m dragon lord
[15/01/2012 09:47:57] /m dragon lord
[15/01/2012 09:47:57] /m dragon lord
[15/01/2012 09:47:58] /m dragon lord
[15/01/2012 09:47:59] /m dragon lord
[15/01/2012 09:47:59] /m dragon lord
[15/01/2012 09:48:00] /m dragon lord
[15/01/2012 09:48:01] /m dragon lord
[15/01/2012 09:48:01] /m dragon lord
[15/01/2012 09:48:02] /m dragon lord
[15/01/2012 09:48:02] /m dragon lord
[15/01/2012 09:48:13] /a
[15/01/2012 09:48:14] /a
[15/01/2012 09:49:46] /c baitolinha rush
[15/01/2012 09:50:20] /clean
[15/01/2012 09:50:45] /c baitolinha rush
[15/01/2012 09:50:48] /a
[15/01/2012 09:50:52] /a
[15/01/2012 09:50:54] /a
[15/01/2012 09:50:55] /a
[15/01/2012 09:53:06] /m dragon lord
[15/01/2012 09:53:07] /m dragon lord
[15/01/2012 09:53:07] /m dragon lord
[15/01/2012 09:53:07] /m dragon lord
[15/01/2012 09:53:07] /m dragon lord
[15/01/2012 09:53:07] /m dragon lord
[15/01/2012 09:53:07] /m dragon lord
[15/01/2012 09:53:07] /m dragon lord
[15/01/2012 09:53:07] /m dragon lord
[15/01/2012 09:53:07] /m dragon lord
[15/01/2012 09:53:07] /m dragon lord
[15/01/2012 09:53:07] /m dragon lord
[15/01/2012 09:53:07] /m dragon lord
[15/01/2012 09:53:07] /m dragon lord
[15/01/2012 09:53:07] /m dragon lord
[15/01/2012 09:53:07] /m dragon lord
[15/01/2012 09:53:07] /m dragon lord
[15/01/2012 09:53:08] /m dragon lord
[15/01/2012 09:53:08] /m dragon lord
[15/01/2012 09:53:08] /m dragon lord
[15/01/2012 09:53:08] /m dragon lord
[15/01/2012 09:53:08] /m dragon lord
[15/01/2012 09:53:08] /m dragon lord
[15/01/2012 09:53:08] /m dragon lord
[15/01/2012 09:53:08] /m dragon lord
[15/01/2012 09:53:08] /m dragon lord
[15/01/2012 09:53:08] /m dragon lord
[15/01/2012 09:53:08] /m dragon lord
[15/01/2012 09:53:08] /m dragon lord
[15/01/2012 09:53:08] /m dragon lord
[15/01/2012 09:53:08] /m dragon lord
[15/01/2012 09:53:08] /m dragon lord
[15/01/2012 09:53:08] /m dragon lord
[15/01/2012 09:53:08] /m dragon lord
[15/01/2012 09:53:08] /m dragon lord
[15/01/2012 09:53:08] /m dragon lord
[15/01/2012 09:53:08] /m dragon lord
[15/01/2012 09:53:08] /m dragon lord
[15/01/2012 09:53:08] /m dragon lord
[15/01/2012 09:53:08] /m dragon lord
[15/01/2012 09:53:08] /m dragon lord
[15/01/2012 09:53:09] /m dragon lord
[15/01/2012 09:53:10] /m dragon lord
[15/01/2012 09:53:10] /m dragon lord
[15/01/2012 09:53:10] /m dragon lord
[15/01/2012 09:53:10] /m dragon lord
[15/01/2012 09:53:10] /m dragon lord
[15/01/2012 09:53:10] /m dragon lord
[15/01/2012 09:53:10] /m dragon lord
[15/01/2012 09:53:10] /m dragon lord
[15/01/2012 09:53:10] /m dragon lord
[15/01/2012 09:53:10] /m dragon lord
[15/01/2012 09:53:10] /m dragon lord
[15/01/2012 09:53:10] /m dragon lord
[15/01/2012 09:53:10] /m dragon lord
[15/01/2012 09:53:10] /m dragon lord
[15/01/2012 09:53:10] /m dragon lord
[15/01/2012 09:53:10] /m dragon lord
[15/01/2012 09:53:10] /m dragon lord
[15/01/2012 09:53:10] /m dragon lord
[15/01/2012 09:53:10] /m dragon lord
[15/01/2012 09:53:10] /m dragon lord
[15/01/2012 09:53:10] /m dragon lord
[15/01/2012 09:53:10] /m dragon lord
[15/01/2012 09:53:10] /m dragon lord
[15/01/2012 09:53:10] /m dragon lord
[15/01/2012 09:53:10] /m dragon lord
[15/01/2012 09:53:10] /m dragon lord
[15/01/2012 09:53:10] /m dragon lord
[15/01/2012 09:53:10] /m dragon lord
[15/01/2012 09:53:10] /m dragon lord
[15/01/2012 09:53:10] /m dragon lord
[15/01/2012 09:53:10] /m dragon lord
[15/01/2012 09:53:10] /m dragon lord
[15/01/2012 09:53:10] /m dragon lord
[15/01/2012 09:53:10] /m dragon lord
[15/01/2012 09:53:10] /m dragon lord
[15/01/2012 09:53:10] /m dragon lord
[15/01/2012 09:53:10] /m dragon lord
[15/01/2012 09:53:10] /m dragon lord
[15/01/2012 09:53:10] /m dragon lord
[15/01/2012 09:53:10] /m dragon lord
[15/01/2012 09:53:10] /m dragon lord
[15/01/2012 09:53:10] /m dragon lord
[15/01/2012 09:53:10] /m dragon lord
[15/01/2012 09:53:10] /m dragon lord
[15/01/2012 09:53:10] /m dragon lord
[15/01/2012 09:53:10] /m dragon lord
[15/01/2012 09:53:10] /m dragon lord
[15/01/2012 09:53:10] /m dragon lord
[15/01/2012 09:53:10] /m dragon lord
[15/01/2012 09:53:11] /m dragon lord
[15/01/2012 09:53:11] /m dragon lord
[15/01/2012 09:53:11] /m dragon lord
[15/01/2012 09:53:11] /m dragon lord
[15/01/2012 09:53:11] /m dragon lord
[15/01/2012 09:53:11] /m dragon lord
[15/01/2012 09:53:11] /m dragon lord
[15/01/2012 09:53:11] /m dragon lord
[15/01/2012 09:53:11] /m dragon lord
[15/01/2012 09:53:11] /m dragon lord
[15/01/2012 09:53:11] /m dragon lord
[15/01/2012 09:53:11] /m dragon lord
[15/01/2012 09:53:11] /m dragon lord
[15/01/2012 09:53:11] /m dragon lord
[15/01/2012 09:53:11] /m dragon lord
[15/01/2012 09:53:11] /m dragon lord
[15/01/2012 09:53:12] /m dragon lord
[15/01/2012 09:53:12] /m dragon lord
[15/01/2012 09:53:12] /m dragon lord
[15/01/2012 09:53:12] /m dragon lord
[15/01/2012 09:53:12] /m dragon lord
[15/01/2012 09:53:12] /m dragon lord
[15/01/2012 09:53:12] /m dragon lord
[15/01/2012 09:53:12] /m dragon lord
[15/01/2012 09:53:12] /m dragon lord
[15/01/2012 09:53:12] /m dragon lord
[15/01/2012 09:53:12] /m dragon lord
[15/01/2012 09:53:12] /m dragon lord
[15/01/2012 09:53:12] /m dragon lord
[15/01/2012 09:53:12] /m dragon lord
[15/01/2012 09:53:12] /m dragon lord
[15/01/2012 09:53:12] /m dragon lord
[15/01/2012 09:53:12] /m dragon lord
[15/01/2012 09:53:12] /m dragon lord
[15/01/2012 09:53:12] /m dragon lord
[15/01/2012 09:53:12] /m dragon lord
[15/01/2012 09:53:12] /m dragon lord
[15/01/2012 09:53:12] /m dragon lord
[15/01/2012 09:53:12] /m dragon lord
[15/01/2012 09:53:12] /m dragon lord
[15/01/2012 09:53:12] /m dragon lord
[15/01/2012 09:53:12] /m dragon lord
[15/01/2012 09:53:13] /m dragon lord
[15/01/2012 09:53:13] /m dragon lord
[15/01/2012 09:53:13] /m dragon lord
[15/01/2012 09:53:13] /m dragon lord
[15/01/2012 09:53:13] /m dragon lord
[15/01/2012 09:53:13] /m dragon lord
[15/01/2012 09:53:13] /m dragon lord
[15/01/2012 09:53:13] /m dragon lord
[15/01/2012 09:53:13] /m dragon lord
[15/01/2012 09:53:13] /m dragon lord
[15/01/2012 09:53:13] /m dragon lord
[15/01/2012 09:53:13] /m dragon lord
[15/01/2012 09:53:13] /m dragon lord
[15/01/2012 09:53:13] /m dragon lord
[15/01/2012 09:53:13] /m dragon lord
[15/01/2012 09:53:13] /m dragon lord
[15/01/2012 09:53:13] /m dragon lord
[15/01/2012 09:53:14] /m dragon lord
[15/01/2012 09:53:14] /m dragon lord
[15/01/2012 09:53:14] /m dragon lord
[15/01/2012 09:53:14] /m dragon lord
[15/01/2012 09:53:14] /m dragon lord
[15/01/2012 09:53:14] /m dragon lord
[15/01/2012 09:53:14] /m dragon lord
[15/01/2012 09:53:30] /c baitolinha rush
[15/01/2012 09:53:33] /c baitolinha rush
[15/01/2012 09:53:52] /c baitolinha rush
[15/01/2012 09:54:39] /t baitloinha rush
[15/01/2012 09:54:48] /t baitolinha rush
[15/01/2012 09:55:59] /clean
[15/01/2012 09:56:03] /r
[15/01/2012 09:56:05] /r
[15/01/2012 09:56:08] /r
[15/01/2012 09:56:10] /r
[15/01/2012 09:56:11] /r
[15/01/2012 09:56:12] /r
[15/01/2012 09:56:14] /r
[15/01/2012 09:56:17] /r
[15/01/2012 09:56:18] /r
[15/01/2012 09:56:21] /t
[15/01/2012 09:56:38] /up
[15/01/2012 09:56:41] /up
[15/01/2012 09:56:44] /a
[15/01/2012 09:56:46] /up
[15/01/2012 09:56:50] /a
[15/01/2012 09:56:51] /a
[15/01/2012 09:56:59] /down
[15/01/2012 09:57:36] /c baitolinha rush
[15/01/2012 09:58:54] /r
[15/01/2012 09:58:56] /r
[15/01/2012 09:58:58] /r
[15/01/2012 09:59:02] /r
[15/01/2012 09:59:12] /r
[15/01/2012 09:59:22] /r
[15/01/2012 09:59:28] /r
[15/01/2012 11:24:45] /goto malvado soul
[15/01/2012 11:25:23] /i uh runes
[15/01/2012 11:25:53] /goto sicopata
[15/01/2012 11:26:08] /goto malvado soul
[15/01/2012 11:26:37] /goto glubi
[15/01/2012 11:27:02] /ghost
[15/01/2012 11:27:37] /i 2160
[15/01/2012 11:28:45] /i enchanted spear
[15/01/2012 11:30:10] /i blue legs
[15/01/2012 11:30:18] /i focus cape
[15/01/2012 11:30:33] /i boots of haste
[15/01/2012 11:30:50] /i hat of the mad
[15/01/2012 11:31:00] /i demon shield
[15/01/2012 11:31:11] /i 2160
[15/01/2012 11:32:09] /i golden legs
[15/01/2012 11:32:18] /i magic plate armor
[15/01/2012 11:32:29] /i boots of haste
[15/01/2012 11:32:49] /i demon helmet
[15/01/2012 11:33:01] /i mastermind shield
[15/01/2012 11:33:15] /i stonnecuter axe
[15/01/2012 11:33:36] /i sttonecuter axe
[15/01/2012 11:33:59] /i stoncutter axe
[15/01/2012 11:34:37] /i Stonecutter Axe
[15/01/2012 11:35:23] /i blue legs
[15/01/2012 11:35:59] /i focus cape
[15/01/2012 11:36:13] /i hat of the mad
[15/01/2012 11:36:20] /i demon shield
[15/01/2012 11:36:28] /i boots of haste
[15/01/2012 11:37:45] /i stone
[15/01/2012 11:37:47] /i stone
[15/01/2012 11:38:43] /i blue legs
[15/01/2012 11:38:50] /i focus cape
[15/01/2012 11:39:00] /i hat of the mad
[15/01/2012 11:39:20] /i boots of haste
[15/01/2012 11:40:38] /i boots of haset
[15/01/2012 11:40:45] /i boots of haste
[15/01/2012 11:40:56] /i paladin armor
[15/01/2012 11:41:03] /i master mind shield
[15/01/2012 11:41:11] /i mastermind shield
[15/01/2012 11:41:16] /i mastermind shield
[15/01/2012 11:41:47] /i golden legs
[15/01/2012 11:42:33] /i demon helmet
[15/01/2012 11:43:02] /i demon helmet
[15/01/2012 11:43:22] /i golden legs
[15/01/2012 11:43:30] /i boots of haste
[15/01/2012 11:43:38] /i mastermind shield
[15/01/2012 11:43:51] /i mastermind shield
[15/01/2012 11:44:13] /i mastermind shield
[15/01/2012 11:44:32] /i paladin armor
[15/01/2012 11:44:54] /r
[15/01/2012 11:44:59] /r
[15/01/2012 11:46:46] /i underworld rod
[15/01/2012 11:46:55] /i underworld rod
[15/01/2012 11:49:15] /i blue legs
[15/01/2012 11:49:20] /i focus cape
[15/01/2012 11:49:26] /i hat of the mad
[15/01/2012 11:49:47] /i mastermind shield
[15/01/2012 11:49:55] /i botts of haste
[15/01/2012 11:50:00] /i bots of haste
[15/01/2012 11:50:08] /i boots of haste
[15/01/2012 11:50:24] /i underworl rdo
[15/01/2012 11:50:26] /i underworl rod
[15/01/2012 11:50:31] /i underworlrod
[15/01/2012 11:50:41] /i under world rod
[15/01/2012 11:51:00] /i 2160
[15/01/2012 11:51:30] /i backpack
[15/01/2012 11:51:56] /i rod
[15/01/2012 11:52:02] /i underworld rod
[15/01/2012 11:52:25] /goto malvado soul
[15/01/2012 11:52:48] /ghost
[15/01/2012 11:53:02] /m xodet
[15/01/2012 11:53:06] /c xodet
[15/01/2012 11:54:11] /b CUAL QUIER COSA ABLENME
[15/01/2012 11:54:34] /c malvado soul
[15/01/2012 11:54:44] /i pair of soft boots
[15/01/2012 11:55:15] /ghost
[15/01/2012 11:56:26] /c lash
[15/01/2012 11:56:43] /i golden legs
[15/01/2012 11:56:55] /i magic plate armor
[15/01/2012 11:56:59] /i boots of haste
[15/01/2012 11:57:08] /i paladin armor
[15/01/2012 11:57:18] /i mastermind shield
[15/01/2012 11:57:24] /i 2160
[15/01/2012 11:57:51] /ghost
[15/01/2012 12:00:02] /c rashid
[15/01/2012 12:00:11] /c soya
[15/01/2012 12:00:15] /c soya
[15/01/2012 12:00:22] /n soya
[15/01/2012 12:02:42] /a
[15/01/2012 12:02:45] /r
[15/01/2012 12:02:49] /n rashid
[15/01/2012 12:02:53] /a
[15/01/2012 12:02:55] /a
[15/01/2012 12:03:06] /a
[15/01/2012 12:03:18] /r
[15/01/2012 12:03:21] /n soya
[15/01/2012 12:03:24] /a
[15/01/2012 14:53:11] /goto reno
[15/01/2012 14:53:26] /goto el reno
[15/01/2012 14:53:33] /ghost
[15/01/2012 14:53:40] /ghost
[15/01/2012 14:53:56] /town edron
[15/01/2012 14:54:33] /down
[15/01/2012 14:55:47] /ghost
[15/01/2012 14:55:52] /c el reno
[15/01/2012 14:56:09] /c rudi skate
[15/01/2012 14:57:21] /goto destinate
[15/01/2012 14:57:52] /r
[15/01/2012 14:59:10] /ghost
[15/01/2012 14:59:14] /goto el reno
[15/01/2012 14:59:28] /i magma legs
[15/01/2012 14:59:53] /i focus cape
[15/01/2012 15:00:02] /i pair of soft boots
[15/01/2012 15:00:09] /i yalahari mask
[15/01/2012 15:00:23] /i underworld rod
[15/01/2012 15:00:55] /i 2160
[15/01/2012 15:01:41] /i spellbook of dark misteries
[15/01/2012 15:01:49] /i spellbook of dark mysteries
[15/01/2012 15:02:18] /c karter
[15/01/2012 15:02:56] /i yalahari peg legs
[15/01/2012 15:03:04] /i yalahari leg piece
[15/01/2012 15:03:25] /i blue legs
[15/01/2012 15:03:50] /i blue robe
[15/01/2012 15:04:07] /i jester doll
[15/01/2012 15:04:36] /i spellbook of dark mysteries
[15/01/2012 15:04:47] /i demon legs
[15/01/2012 15:04:58] /i foucus cape
[15/01/2012 15:05:03] /i foukus cae
[15/01/2012 15:05:05] /i foukus cape
[15/01/2012 15:05:14] /i focus cape
[15/01/2012 15:05:44] /i pair of soft boots
[15/01/2012 15:05:59] /i jester doll
[15/01/2012 15:06:07] /i 2160
[15/01/2012 15:06:43] /t rudi skate
[15/01/2012 15:07:14] /i golden helmet
[15/01/2012 15:07:36] /i demon legs
[15/01/2012 15:08:35] /i demon legs
[15/01/2012 15:09:19] /i blessed shield
[15/01/2012 15:09:45] /i 2160
[15/01/2012 15:09:53] /i jester doll
[15/01/2012 15:10:08] /i helforged axe
[15/01/2012 15:10:14] /i helfored axe
[15/01/2012 15:10:22] /i helforged axe
[15/01/2012 15:10:27] /i helforgedaxe
[15/01/2012 15:10:35] /i helfored axe
[15/01/2012 15:10:46] /i frosen startlight
[15/01/2012 15:10:56] /i frozen startlight
[15/01/2012 15:11:08] /i frozen starlight
[15/01/2012 15:11:15] /i frozen starlight
[15/01/2012 15:11:24] /i el reno
[15/01/2012 15:11:30] /t el reno
[15/01/2012 15:11:58] /i pair of soft boots
[15/01/2012 15:13:09] /town thais
[15/01/2012 15:13:35] /i hellforged axe
[15/01/2012 15:13:44] /goto karter
[15/01/2012 15:14:03] /goto dragon lord
[15/01/2012 15:14:06] /goto dragon lord
[15/01/2012 15:14:07] /goto dragon lord
[15/01/2012 15:14:36] /town darashia
[15/01/2012 15:15:56] /c karter
[15/01/2012 15:24:53] /goto el reno
[15/01/2012 15:24:59] /ghost
[15/01/2012 15:28:02] /r
[15/01/2012 15:28:03] /r
[15/01/2012 15:31:46] /ghost
[15/01/2012 15:31:56] /goto el reno
[15/01/2012 15:37:15] /goto el reno
[15/01/2012 15:37:28] /goto rudi skate
[15/01/2012 15:37:49] /ghost
[15/01/2012 15:38:36] /r
[15/01/2012 15:38:50] /r
[15/01/2012 15:39:08] /i 4762
[15/01/2012 15:39:15] /r
[15/01/2012 15:39:19] /i 4766
[15/01/2012 15:39:36] /i 4765
[15/01/2012 15:39:40] /r
[15/01/2012 15:39:40] /r
[15/01/2012 15:39:49] /i 4765
[15/01/2012 15:39:52] /r
[15/01/2012 15:39:58] /r
[15/01/2012 15:39:59] /r
[15/01/2012 15:40:05] /i 9059
[15/01/2012 15:40:12] /i 9059
[15/01/2012 15:40:13] /i 9059
[15/01/2012 15:41:18] /ghost
[15/01/2012 15:41:38] /i 4762
[15/01/2012 15:41:40] /i 4762
[15/01/2012 15:41:42] /i 4762
[15/01/2012 15:41:43] /i 4762
[15/01/2012 15:41:43] /i 4762
[15/01/2012 15:41:44] /i 4762
[15/01/2012 15:42:16] /i jester doll
[15/01/2012 15:42:36] /goto el reno
[15/01/2012 15:42:38] /i jester doll
[15/01/2012 15:43:06] /town thais
[15/01/2012 15:44:40] /b ABRAN RETAS DE FUTBOL EN EL TEMPLO A LA ISKIERDA AI UN TP K DICE JUEGOS METANSE AL DE FUTBOL ABRAN PREMIOS AL EKIPO GANADOR SE NESESITAN 10 PLAYER EN TOTAL 5 VS 5
[15/01/2012 15:44:51] /ghost
[15/01/2012 15:44:57] /i jester doll
[15/01/2012 15:45:43] /b ABRAN RETAS DE FUTBOL EN EL TEMPLO A LA ISKIERDA AI UN TP K DICE JUEGOS METANSE AL DE FUTBOL ABRAN PREMIOS AL EKIPO GANADOR SE NESESITAN 10 PLAYER EN TOTAL 5 VS 5
[15/01/2012 15:46:19] /b ABRAN RETAS DE FUTBOL EN EL TEMPLO A LA ISKIERDA AI UN TP K DICE JUEGOS METANSE AL DE FUTBOL ABRAN PREMIOS AL EKIPO GANADOR SE NESESITAN 10 PLAYER EN TOTAL 5 VS 5
[15/01/2012 15:46:49] /t el reno
[15/01/2012 15:47:01] /t rudi skate
[15/01/2012 15:50:03] /i stone
[15/01/2012 15:50:04] /i stone
[15/01/2012 15:50:05] /i stone
[15/01/2012 15:50:07] /i stone
[15/01/2012 15:50:08] /i stone
[15/01/2012 15:50:09] /i stone
[15/01/2012 15:50:14] /i stone
[15/01/2012 15:50:17] /i stone
[15/01/2012 15:50:18] /i stone
[15/01/2012 15:50:20] /i stone
[15/01/2012 15:50:53] /i 2160
[15/01/2012 15:51:11] /a
[15/01/2012 15:51:11] /a
[15/01/2012 15:51:39] /bc EVENTO DE PREGUNTAS
[15/01/2012 15:51:57] /bc EVENTO DE PREGUNTAS DP DE THAIS
[15/01/2012 15:52:18] /bc EVENTO DE PREGUNTAS DP DE THAIS
[15/01/2012 15:52:19] /bc EVENTO DE PREGUNTAS DP DE THAIS
[15/01/2012 15:52:19] /bc EVENTO DE PREGUNTAS DP DE THAIS
[15/01/2012 15:53:42] /bc ESPEREN
[15/01/2012 15:53:44] /bc ESPEREN
[15/01/2012 15:53:44] /bc ESPEREN
[15/01/2012 15:54:22] /bc EVENTOS DE PREGUNTAS EN 1 MINUTO
[15/01/2012 15:55:13] /bc EVENTOS DE PREGUNTAS EN  POR TRADE CHANEL
[15/01/2012 15:55:36] /a
[15/01/2012 15:55:45] /r
[15/01/2012 15:55:48] /r
[15/01/2012 15:55:50] /r
[15/01/2012 15:55:53] /i stone
[15/01/2012 15:55:55] /i stone
[15/01/2012 15:55:58] /i stone
[15/01/2012 15:56:00] /i stone
[15/01/2012 15:56:01] /i stone
[15/01/2012 15:56:02] /i stone
[15/01/2012 15:56:02] /i stone
[15/01/2012 15:56:06] /i stone
[15/01/2012 15:56:07] /i stone
[15/01/2012 15:56:08] /i stone
[15/01/2012 15:56:08] /i stone
[15/01/2012 15:56:09] /i stone
[15/01/2012 15:56:12] /i stone
[15/01/2012 15:56:12] /i stone
[15/01/2012 15:56:16] /i stone
[15/01/2012 15:56:21] /r
[15/01/2012 15:56:23] /i stone
[15/01/2012 15:57:25] /bc ORITA SERA DE PREGUNTAS
[15/01/2012 16:00:13] /bc SE ACABO EMPIESA EL DE PREGUNTAS
[15/01/2012 16:00:22] /r
[15/01/2012 16:00:26] /r
[15/01/2012 16:00:28] /r
[15/01/2012 16:00:29] /r
[15/01/2012 16:00:30] /r
[15/01/2012 16:00:31] /r
[15/01/2012 16:00:32] /r
[15/01/2012 16:00:33] /r
[15/01/2012 16:00:37] /bc SE ACABO EMPIESA EL DE PREGUNTAS
[15/01/2012 16:00:38] /bc SE ACABO EMPIESA EL DE PREGUNTAS
[15/01/2012 16:00:38] /bc SE ACABO EMPIESA EL DE PREGUNTAS
[15/01/2012 16:00:48] /bc SE ACABO EMPIESA EL DE PREGUNTAS POR TRADE CHANELLLL
[15/01/2012 16:01:25] /bc SE ACABO EMPIESA EL DE PREGUNTAS POR TRADE CHANEL KONTESTARAN
[15/01/2012 16:02:00] /bc AI BAN PONGANSE AL TIROP
[15/01/2012 16:02:35] /b ESTA PREGUNTA BA A SER POR UN ADDON DOLL
[15/01/2012 16:02:55] /b A K ORAS EMPIESA LA NOBELA DE LAS 4:30
[15/01/2012 16:03:01] /b HAHAHAHHA
[15/01/2012 16:03:59] /b ESPEREN 1 MINUTO
[15/01/2012 16:04:06] /b SERA POR ADDON DOLL
[15/01/2012 16:05:55] /b KE DIA KUMPLE AÑOS CM DESTINATE?
[15/01/2012 16:06:04] /b KE DIA KUMPLE AÑOS CM DESTINATE?
[15/01/2012 16:06:19] /b KE DIA KUMPLE AÑOS CM DESTINATE?
[15/01/2012 16:06:27] /b KE DIA KUMPLE AÑOS CM DESTINATE?
[15/01/2012 16:06:41] /b es de oktubre
[15/01/2012 16:07:15] /i jester doll
[15/01/2012 16:08:50] /b AI LES BA UNA ADIBINANSA
[15/01/2012 16:09:28] /b K TIENE EL WILL SMITH EN LA PANSA POR 1KK
[15/01/2012 16:09:30] /b K TIENE EL WILL SMITH EN LA PANSA POR 1KK
[15/01/2012 16:09:31] /b K TIENE EL WILL SMITH EN LA PANSA POR 1KK
[15/01/2012 16:09:41] /b K TIENE EL WILL SMITH EN LA PANSA POR 1KK
[15/01/2012 16:09:47] /b K TIENE EL WILL SMITH EN LA PANSA POR 1KK
[15/01/2012 16:09:49] /b K TIENE EL WILL SMITH EN LA PANSA POR 1KK
[15/01/2012 16:09:51] /b K TIENE EL WILL SMITH EN LA PANSA POR 1KK
[15/01/2012 16:09:52] /b K TIENE EL WILL SMITH EN LA PANSA POR 1KK
[15/01/2012 16:10:17] /i 2510
[15/01/2012 16:10:21] /i 2610
[15/01/2012 16:10:26] /r
[15/01/2012 16:13:17] /b ARE UN EVENTO MAS
[15/01/2012 16:15:06] /i stone
[15/01/2012 16:15:07] /i stone
[15/01/2012 16:15:08] /i stone
[15/01/2012 16:15:09] /i stone
[15/01/2012 16:15:10] /i stone
[15/01/2012 16:15:11] /i stone
[15/01/2012 16:15:12] /i stone
[15/01/2012 16:15:14] /i stone
[15/01/2012 16:15:15] /i stone
[15/01/2012 16:15:16] /i stone
[15/01/2012 16:15:24] /i stone
[15/01/2012 16:15:39] /i stone
[15/01/2012 16:15:40] /i stone
[15/01/2012 16:15:41] /i stone
[15/01/2012 16:15:42] /i stone
[15/01/2012 16:15:43] /i stone
[15/01/2012 16:15:43] /i stone
[15/01/2012 16:15:47] /i stone
[15/01/2012 16:15:48] /i stone
[15/01/2012 16:15:50] /i stone
[15/01/2012 16:15:53] /i stone
[15/01/2012 16:15:54] /i stone
[15/01/2012 16:15:57] /i stone
[15/01/2012 16:15:58] /i stone
[15/01/2012 16:16:04] /i stone
[15/01/2012 16:16:04] /i stone
[15/01/2012 16:16:05] /i stone
[15/01/2012 16:16:36] /r
[15/01/2012 16:16:37] /r
[15/01/2012 16:16:37] /r
[15/01/2012 16:16:37] /r
[15/01/2012 16:16:38] /r
[15/01/2012 16:16:38] /r
[15/01/2012 16:16:38] /r
[15/01/2012 16:16:38] /r
[15/01/2012 16:16:38] /r
[15/01/2012 16:16:38] /r
[15/01/2012 16:16:38] /r
[15/01/2012 16:16:39] /r
[15/01/2012 16:16:39] /r
[15/01/2012 16:16:39] /r
[15/01/2012 16:16:40] /r
[15/01/2012 16:16:41] /r
[15/01/2012 16:16:44] /r
[15/01/2012 16:16:44] /r
[15/01/2012 16:16:44] /r
[15/01/2012 16:16:45] /r
[15/01/2012 16:16:47] /r
[15/01/2012 16:16:49] /r
[15/01/2012 16:16:50] /r
[15/01/2012 16:16:51] /r
[15/01/2012 16:16:51] /r
[15/01/2012 16:16:52] /r
[15/01/2012 16:16:52] /r
[15/01/2012 16:17:00] /r
[15/01/2012 16:17:01] /r
[15/01/2012 16:17:02] /r
[15/01/2012 16:17:03] /r
[15/01/2012 16:17:04] /r
[15/01/2012 16:17:04] /r
[15/01/2012 16:17:05] /r
[15/01/2012 16:17:06] /r
[15/01/2012 16:17:06] /r
[15/01/2012 16:17:07] /r
[15/01/2012 16:17:09] /r
[15/01/2012 16:17:11] /r
[15/01/2012 16:17:13] /r
[15/01/2012 16:17:21] /i stone
[15/01/2012 16:17:22] /i stone
[15/01/2012 16:17:23] /i stone
[15/01/2012 16:17:24] /i stone
[15/01/2012 16:17:24] /i stone
[15/01/2012 16:17:26] /i stone
[15/01/2012 16:17:27] /i stone
[15/01/2012 16:17:28] /i stone
[15/01/2012 16:17:29] /i stone
[15/01/2012 16:17:30] /i stone
[15/01/2012 16:17:33] /i stone
[15/01/2012 16:17:34] /i stone
[15/01/2012 16:17:35] /i stone
[15/01/2012 16:17:36] /i stone
[15/01/2012 16:17:37] /i stone
[15/01/2012 16:17:38] /i stone
[15/01/2012 16:17:39] /i stone
[15/01/2012 16:17:39] /i stone
[15/01/2012 16:17:47] /i stone
[15/01/2012 16:17:48] /i stone
[15/01/2012 16:17:49] /i stone
[15/01/2012 16:17:50] /i stone
[15/01/2012 16:17:51] /i stone
[15/01/2012 16:17:55] /i stone
[15/01/2012 16:18:00] /i stone
[15/01/2012 16:18:02] /i stone
[15/01/2012 16:18:15] /i 2160
[15/01/2012 16:18:30] /i stone
[15/01/2012 16:18:34] /i stone
[15/01/2012 16:18:44] /a
[15/01/2012 16:19:11] /i stone
[15/01/2012 16:19:12] /i stone
[15/01/2012 16:19:13] /i stone
[15/01/2012 16:19:14] /i stone
[15/01/2012 16:19:15] /i stone
[15/01/2012 16:20:17] /i jester doll
[15/01/2012 16:20:23] /i ice cube
[15/01/2012 16:21:22] /t Lokitha
[15/01/2012 16:21:27] /i ice cube
[15/01/2012 16:21:36] /i ice cube
[15/01/2012 16:21:47] /i ice cube
[15/01/2012 16:22:05] /i demon armor
[15/01/2012 16:22:27] /i meat
[15/01/2012 16:22:39] /i stone
[15/01/2012 16:24:57] /i great mana potion
[15/01/2012 16:24:59] /i great mana potion
[15/01/2012 16:24:59] /i great mana potion
[15/01/2012 16:25:16] /i ice cube
[15/01/2012 16:25:25] /i ice cube
[15/01/2012 16:25:26] /i ice cube
[15/01/2012 16:25:27] /i ice cube
[15/01/2012 16:25:44] /i great shield
[15/01/2012 16:25:58] /i demon helmet
[15/01/2012 16:26:15] /i ice cube
[15/01/2012 16:26:17] /i ice cube
[15/01/2012 16:26:40] /goto demon xena
[15/01/2012 16:29:29] /a
[15/01/2012 16:29:46] /b ESPEREN PÒRFAVOR
[15/01/2012 16:29:59] /i demon legs
[15/01/2012 16:30:22] /i ice cube
[15/01/2012 16:31:13] /i rope
[15/01/2012 16:31:29] /i ice cube
[15/01/2012 16:31:50] /b EL EVENO EMPIESDA IAAAAAAAAAAAAAAAAAAAAAAAAAAAAAAAAA
[15/01/2012 16:32:08] /r
[15/01/2012 16:32:11] /a
[15/01/2012 16:32:12] /a
[15/01/2012 16:32:12] /a
[15/01/2012 16:32:13] /a
[15/01/2012 16:32:13] /a
[15/01/2012 16:32:18] /i stone
[15/01/2012 16:32:20] /i stone
[15/01/2012 16:32:21] /i stone
[15/01/2012 16:32:25] /a
[15/01/2012 16:32:34] /b EL EVENO EMPIESDA IAAAAAAAAAAAAAAAAAAAAAAAAAAAAAAAAA EN EL DP DE THAIS
[15/01/2012 16:33:14] /b EL EVENO EMPIESDA IAAAAAAAAAAAAAAAAAAAAAAAAAAAAAAAAA EN EL DP DE THAIS AI ITEMS CHIDOS KOMO ITEMS MAMONES
[15/01/2012 16:33:31] /a
[15/01/2012 16:33:32] /a
[15/01/2012 16:33:34] /b EL EVENO EMPIESDA IAAAAAAAAAAAAAAAAAAAAAAAAAAAAAAAAA EN EL DP DE THAIS AI ITEMS CHIDOS KOMO ITEMS MAMONES
[15/01/2012 16:33:40] /a
[15/01/2012 16:33:43] /a
[15/01/2012 16:33:46] /r
[15/01/2012 16:33:59] /b EL EVENO EMPIESDA IAAAAAAAAAAAAAAAAAAAAAAAAAAAAAAAAA EN EL DP DE THAIS AI ITEMS CHIDOS KOMO ITEMS MAMONES
[15/01/2012 16:34:01] /a
[15/01/2012 16:34:05] /b EL EVENO EMPIESDA IAAAAAAAAAAAAAAAAAAAAAAAAAAAAAAAAA EN EL DP DE THAIS AI ITEMS CHIDOS KOMO ITEMS MAMONES
[15/01/2012 16:34:19] /b EL EVENO EMPIESDA IAAAAAAAAAAAAAAAAAAAAAAAAAAAAAAAAA EN EL DP DE THAIS AI ITEMS CHIDOS KOMO ITEMS MAMONES
[15/01/2012 16:34:34] /a
[15/01/2012 16:34:37] /a
[15/01/2012 16:34:40] /r
[15/01/2012 16:34:46] /b EL EVENO EMPIESDA IAAAAAAAAAAAAAAAAAAAAAAAAAAAAAAAAA EN EL DP DE THAIS AI ITEMS CHIDOS KOMO ITEMS MAMONES
[15/01/2012 16:34:57] /goto el reno
[15/01/2012 16:35:04] /r
[15/01/2012 16:35:05] /r
[15/01/2012 16:35:15] /a
[15/01/2012 16:35:17] /b EL EVENO EMPIESDA IAAAAAAAAAAAAAAAAAAAAAAAAAAAAAAAAA EN EL DP DE THAIS AI ITEMS CHIDOS KOMO ITEMS MAMONES
[15/01/2012 16:35:19] /a
[15/01/2012 16:35:33] /b EL EVENO EMPIESDA IAAAAAAAAAAAAAAAAAAAAAAAAAAAAAAAAA EN EL DP DE THAIS AI ITEMS CHIDOS KOMO ITEMS MAMONES
[15/01/2012 16:35:40] /b ia son todos?
[15/01/2012 16:35:42] /b ia son todos?
[15/01/2012 16:35:43] /b ia son todos?
[15/01/2012 16:47:39] /clean
[15/01/2012 16:47:53] /r
[15/01/2012 16:47:56] /r
[15/01/2012 16:47:57] /r
[15/01/2012 16:47:58] /r
[15/01/2012 16:47:59] /r
[15/01/2012 16:48:01] /r
[15/01/2012 16:48:03] /r
[15/01/2012 16:48:04] /r
[15/01/2012 16:48:05] /r
[15/01/2012 16:48:06] /r
[15/01/2012 16:48:10] /r
[15/01/2012 16:48:11] /r
[15/01/2012 16:48:11] /r
[15/01/2012 16:48:11] /r
[15/01/2012 16:48:12] /r
[15/01/2012 16:48:12] /r
[15/01/2012 16:48:12] /r
[15/01/2012 16:48:13] /r
[15/01/2012 16:48:13] /r
[15/01/2012 16:48:13] /r
[15/01/2012 16:48:13] /r
[15/01/2012 16:48:14] /r
[15/01/2012 16:48:15] /r
[15/01/2012 16:48:15] /r
[15/01/2012 16:48:15] /r
[15/01/2012 16:48:16] /r
[15/01/2012 16:48:16] /r
[15/01/2012 16:48:17] /r
[15/01/2012 16:48:17] /r
[15/01/2012 16:48:17] /r
[15/01/2012 16:48:18] /r
[15/01/2012 16:48:18] /r
[15/01/2012 16:48:20] /r
[15/01/2012 16:48:20] /r
[15/01/2012 16:48:21] /r
[15/01/2012 16:48:22] /r
[15/01/2012 16:48:27] /r
[15/01/2012 16:48:30] /r
[15/01/2012 16:48:30] /r
[15/01/2012 16:48:31] /r
[15/01/2012 16:48:31] /r
[15/01/2012 16:48:35] /r
[15/01/2012 16:48:37] /r
[15/01/2012 16:48:38] /r
[15/01/2012 16:49:08] /b NOS BEMOS MAÑANA ARE OTRO EVENTO IGUAL
[15/01/2012 16:50:24] /b NOS BEMOS MAÑANA ARE OTRO EVENTO IGUAL
[15/01/2012 16:51:29] /i 2160
[15/01/2012 16:55:07] /c sicopata
[15/01/2012 16:55:53] /c sicopata
[15/01/2012 16:57:02] /ghost
[15/01/2012 16:57:14] /goto el reno
[15/01/2012 16:58:23] /r
[15/01/2012 16:59:34] /r
[15/01/2012 16:59:47] /b ia me bpo
[15/01/2012 16:59:51] /b ia me BOI
[15/01/2012 17:00:57] /goto shemus
[15/01/2012 17:01:04] /c destinate
[15/01/2012 17:31:03] /goto karter
[15/01/2012 17:32:33] /r
[15/01/2012 17:32:49] /n xodet
[15/01/2012 18:55:29] /goto rudi skate
[15/01/2012 18:55:49] /goto gm laff
[15/01/2012 18:58:04] /r 100
[15/01/2012 18:58:05] /r 100
[15/01/2012 19:00:19] /goto ADMIN [Killer]
[15/01/2012 19:04:36] /ghost
[15/01/2012 19:14:28] /ghost
[15/01/2012 19:15:18] /goto rudi skate
[15/01/2012 19:15:31] /ghost
[15/01/2012 19:15:53] /goto rudi skate
[15/01/2012 19:16:38] /i demon helmet
[15/01/2012 19:16:40] /i demon helmet
[15/01/2012 19:16:53] /i jester doll
[15/01/2012 19:16:54] /i jester doll
[15/01/2012 19:17:07] /i golden legs
[15/01/2012 19:17:20] /i demon shield
[15/01/2012 19:17:28] /i steel bots
[15/01/2012 19:17:32] /i steel boots
[15/01/2012 19:17:49] /i fire axe
[15/01/2012 19:18:16] /i knight armor
[15/01/2012 19:18:33] /i boots of haste
[15/01/2012 19:24:24] /ghost
[15/01/2012 19:26:38] /goto CM destinate
