[15/01/2012 19:32:04] /goto  
[15/01/2012 19:32:42] /goto  
[15/01/2012 19:32:46] /goto  
[15/01/2012 19:33:38] /goto
[15/01/2012 19:34:29] /goto  
[15/01/2012 19:36:02] /goto *^
[15/01/2012 19:36:04] /goto *
[15/01/2012 19:40:12] /i pair of soft boots
[15/01/2012 19:40:18] /goto sir knight
[15/01/2012 19:41:09] /i knight axe
[15/01/2012 19:41:31] /goto cm malo
[15/01/2012 19:42:59] /goto el reno
[15/01/2012 19:43:07] /ghost
[15/01/2012 19:43:17] /c el reno
[15/01/2012 19:44:08] /i 2160
[15/01/2012 19:44:24] /i demon armor
[15/01/2012 19:45:10] /ghost
[15/01/2012 20:22:21] /i solar axe
[15/01/2012 20:22:29] /goto rudi skate
[15/01/2012 20:22:56] /goto rudi skate
[15/01/2012 20:24:18] /goto rudi skate
[15/01/2012 20:24:22] /goto rudi skate
[15/01/2012 20:24:24] /goto rudi skate
[15/01/2012 20:29:23] /a
[15/01/2012 20:31:22] /ghost
[15/01/2012 20:31:25] /a
[15/01/2012 20:31:26] /a
[15/01/2012 20:31:38] /i shovel
[15/01/2012 20:32:12] /a
[15/01/2012 20:32:15] /a
[15/01/2012 20:32:16] /a
[15/01/2012 20:32:17] /a
[15/01/2012 20:33:44] /ghost
[15/01/2012 20:34:44] /goto cm malo
[15/01/2012 20:36:56] /goto haggard
[15/01/2012 20:40:47] /goto malvado soul
[15/01/2012 20:50:23] /goto haggard
[15/01/2012 20:52:14] /i tunder armor
[15/01/2012 20:52:20] /i tunderia armor
[15/01/2012 20:55:04] /ghost
[15/01/2012 20:56:46] /ghost
[15/01/2012 20:59:38] /r
[15/01/2012 20:59:41] /r
[15/01/2012 20:59:43] /r
[15/01/2012 21:03:26] /goto baitolinha rush
[15/01/2012 21:03:27] /goto baitolinha rush
[15/01/2012 21:03:54] /goto elder bash
[15/01/2012 21:04:05] /r
[15/01/2012 21:04:36] /goto baitolinha rusj
[15/01/2012 21:04:38] /goto baitolinha rush
[15/01/2012 21:04:46] /goto baitolinha rush
[15/01/2012 21:05:30] /goto baitolinha rush
[15/01/2012 21:05:50] /goto baitolinha rush
[15/01/2012 21:05:57] /goto baitolinha rush
[15/01/2012 21:11:25] /goto baitolinha rush
