[25/06/2011 01:10:13] /goto the oracle
[25/06/2011 01:16:55] /a 5
[25/06/2011 01:16:56] /a 5
[25/06/2011 01:16:56] /a 5
[25/06/2011 01:16:56] /a 5
[25/06/2011 01:16:56] /a 5
[25/06/2011 01:16:57] /a 5
[25/06/2011 01:16:57] /a 5
[25/06/2011 01:16:57] /a 5
[25/06/2011 01:16:57] /a 5
[25/06/2011 01:16:59] /a 5
[25/06/2011 01:16:59] /a 5
[25/06/2011 01:16:59] /a 5
[25/06/2011 01:16:59] /a 5
[25/06/2011 01:16:59] /a 5
[25/06/2011 01:17:00] /a 5
[25/06/2011 01:17:00] /a 5
[25/06/2011 01:17:01] /a 5
[25/06/2011 01:17:01] /a 5
[25/06/2011 01:17:01] /a 5
[25/06/2011 01:17:01] /a 5
[25/06/2011 01:17:02] /a 5
[25/06/2011 01:17:02] /a 5
[25/06/2011 01:17:02] /a 5
[25/06/2011 01:17:02] /a 5
[25/06/2011 01:17:03] /a 5
[25/06/2011 01:17:03] /a 5
[25/06/2011 01:17:03] /a 5
[25/06/2011 01:17:04] /a 5
[25/06/2011 01:17:04] /a 5
[25/06/2011 01:17:04] /a 5
[25/06/2011 01:17:04] /a 5
[25/06/2011 01:17:05] /a 5
[25/06/2011 01:17:05] /a 5
[25/06/2011 01:18:04] /goto paladin narai
[25/06/2011 01:32:35] /goto lizard gate guardian.xml
[25/06/2011 01:32:44] /goto lizard gate guardian
[25/06/2011 01:35:52] /t
[25/06/2011 01:38:19] /goto eternal guardian
[25/06/2011 01:38:31] /up
[25/06/2011 01:38:33] /up
[25/06/2011 01:38:34] /up
[25/06/2011 01:38:36] /up
[25/06/2011 01:38:37] /up
[25/06/2011 01:38:38] /a 5
[25/06/2011 01:38:39] /a 5
[25/06/2011 01:38:39] /a 5
[25/06/2011 01:38:39] /a 5
[25/06/2011 01:38:39] /a 5
[25/06/2011 01:38:39] /a 5
[25/06/2011 01:38:39] /a 5
[25/06/2011 01:38:39] /a 5
[25/06/2011 01:38:39] /a 5
[25/06/2011 01:38:39] /a 5
[25/06/2011 01:38:39] /a 5
[25/06/2011 01:38:39] /a 5
[25/06/2011 01:38:39] /a 5
[25/06/2011 01:38:39] /a 5
[25/06/2011 01:38:41] /a 5
[25/06/2011 01:38:41] /a 5
[25/06/2011 01:38:41] /a 5
[25/06/2011 01:38:41] /a 5
[25/06/2011 01:38:41] /a 5
[25/06/2011 01:38:41] /a 5
[25/06/2011 01:38:41] /a 5
[25/06/2011 01:38:41] /a 5
[25/06/2011 01:38:41] /a 5
[25/06/2011 01:38:41] /a 5
[25/06/2011 01:38:41] /a 5
[25/06/2011 01:38:41] /a 5
[25/06/2011 01:38:41] /a 5
[25/06/2011 01:38:41] /a 5
[25/06/2011 01:38:41] /a 5
[25/06/2011 01:38:41] /a 5
[25/06/2011 01:38:41] /a 5
[25/06/2011 01:38:41] /a 5
[25/06/2011 01:38:41] /a 5
[25/06/2011 01:38:41] /a 5
[25/06/2011 01:38:41] /a 5
[25/06/2011 01:38:41] /a 5
[25/06/2011 01:38:41] /a 5
[25/06/2011 01:38:41] /a 5
[25/06/2011 01:38:41] /a 5
[25/06/2011 01:38:41] /a 5
[25/06/2011 01:38:41] /a 5
[25/06/2011 01:38:41] /a 5
[25/06/2011 01:38:41] /a 5
[25/06/2011 01:38:41] /a 5
[25/06/2011 01:38:42] /a 5
[25/06/2011 01:38:42] /a 5
[25/06/2011 01:38:42] /a 5
[25/06/2011 01:38:42] /a 5
[25/06/2011 01:38:42] /a 5
[25/06/2011 01:38:42] /a 5
[25/06/2011 01:38:42] /a 5
[25/06/2011 01:38:42] /a 5
[25/06/2011 01:38:42] /a 5
[25/06/2011 01:38:42] /a 5
[25/06/2011 01:38:42] /a 5
[25/06/2011 01:38:42] /a 5
[25/06/2011 01:38:42] /a 5
[25/06/2011 01:38:42] /a 5
[25/06/2011 01:38:42] /a 5
[25/06/2011 01:38:42] /a 5
[25/06/2011 01:38:42] /a 5
[25/06/2011 01:38:42] /a 5
[25/06/2011 01:38:42] /a 5
[25/06/2011 01:38:42] /a 5
[25/06/2011 01:38:42] /a 5
[25/06/2011 01:38:42] /a 5
[25/06/2011 01:38:42] /a 5
[25/06/2011 01:38:42] /a 5
[25/06/2011 01:38:42] /a 5
[25/06/2011 01:38:42] /a 5
[25/06/2011 01:38:42] /a 5
[25/06/2011 01:38:43] /a 5
[25/06/2011 01:38:43] /a 5
[25/06/2011 01:38:43] /a 5
[25/06/2011 01:38:43] /a 5
[25/06/2011 01:38:43] /a 5
[25/06/2011 01:38:43] /a 5
[25/06/2011 01:38:44] /a 5
[25/06/2011 01:38:44] /a 5
[25/06/2011 01:38:44] /a 5
[25/06/2011 01:38:44] /a 5
[25/06/2011 01:38:44] /a 5
[25/06/2011 01:38:44] /a 5
[25/06/2011 01:38:44] /a 5
[25/06/2011 01:38:44] /a 5
[25/06/2011 01:38:44] /a 5
[25/06/2011 01:38:44] /a 5
[25/06/2011 01:38:44] /a 5
[25/06/2011 01:38:44] /a 5
[25/06/2011 01:38:44] /a 5
[25/06/2011 01:38:44] /a 5
[25/06/2011 01:38:44] /a 5
[25/06/2011 01:38:44] /a 5
[25/06/2011 01:38:44] /a 5
[25/06/2011 01:38:44] /a 5
[25/06/2011 01:38:44] /a 5
[25/06/2011 01:38:44] /a 5
[25/06/2011 01:38:44] /a 5
[25/06/2011 01:38:44] /a 5
[25/06/2011 01:38:44] /a 5
[25/06/2011 01:38:44] /a 5
[25/06/2011 01:38:44] /a 5
[25/06/2011 01:38:44] /a 5
[25/06/2011 01:38:44] /a 5
[25/06/2011 01:38:44] /a 5
[25/06/2011 01:38:44] /a 5
[25/06/2011 01:38:44] /a 5
[25/06/2011 01:38:45] /a 5
[25/06/2011 01:38:45] /a 5
[25/06/2011 01:38:45] /a 5
[25/06/2011 01:38:45] /a 5
[25/06/2011 01:38:45] /a 5
[25/06/2011 01:38:45] /a 5
[25/06/2011 01:38:45] /a 5
[25/06/2011 01:38:45] /a 5
[25/06/2011 01:38:45] /a 5
[25/06/2011 01:38:45] /a 5
[25/06/2011 01:38:45] /a 5
[25/06/2011 01:38:45] /a 5
[25/06/2011 01:38:45] /a 5
[25/06/2011 01:38:45] /a 5
[25/06/2011 01:38:45] /a 5
[25/06/2011 01:38:45] /a 5
[25/06/2011 01:38:45] /a 5
[25/06/2011 01:38:45] /a 5
[25/06/2011 01:38:45] /a 5
[25/06/2011 01:38:45] /a 5
[25/06/2011 01:38:45] /a 5
[25/06/2011 01:38:45] /a 5
[25/06/2011 01:38:45] /a 5
[25/06/2011 01:38:46] /a 5
[25/06/2011 01:38:46] /a 5
[25/06/2011 01:38:46] /a 5
[25/06/2011 01:38:46] /a 5
[25/06/2011 01:38:46] /a 5
[25/06/2011 01:38:46] /a 5
[25/06/2011 01:38:46] /a 5
[25/06/2011 01:38:46] /a 5
[25/06/2011 01:38:47] /a 5
[25/06/2011 01:38:47] /a 5
[25/06/2011 01:38:47] /a 5
[25/06/2011 01:38:47] /a 5
[25/06/2011 01:38:47] /a 5
[25/06/2011 01:38:47] /a 5
[25/06/2011 01:38:47] /a 5
[25/06/2011 01:38:47] /a 5
[25/06/2011 01:38:48] /a 5
[25/06/2011 01:38:48] /a 5
[25/06/2011 01:38:48] /a 5
[25/06/2011 01:38:48] /a 5
[25/06/2011 01:38:48] /a 5
[25/06/2011 01:38:48] /a 5
[25/06/2011 01:38:48] /a 5
[25/06/2011 01:38:48] /a 5
[25/06/2011 01:38:48] /a 5
[25/06/2011 01:38:48] /a 5
[25/06/2011 01:38:48] /a 5
[25/06/2011 01:38:50] /a 5
[25/06/2011 01:38:50] /a 5
[25/06/2011 01:38:50] /a 5
[25/06/2011 01:38:50] /a 5
[25/06/2011 01:38:50] /a 5
[25/06/2011 01:38:51] /a 5
[25/06/2011 01:38:51] /a 5
[25/06/2011 01:38:51] /a 5
[25/06/2011 01:38:51] /a 5
[25/06/2011 01:38:51] /a 5
[25/06/2011 01:38:51] /a 5
[25/06/2011 01:38:51] /a 5
[25/06/2011 01:38:51] /a 5
[25/06/2011 01:38:51] /a 5
[25/06/2011 01:38:51] /a 5
[25/06/2011 01:38:51] /a 5
[25/06/2011 01:38:51] /a 5
[25/06/2011 01:38:51] /a 5
[25/06/2011 01:38:51] /a 5
[25/06/2011 01:38:51] /a 5
[25/06/2011 01:38:51] /a 5
[25/06/2011 01:38:51] /a 5
[25/06/2011 01:38:51] /a 5
[25/06/2011 01:38:51] /a 5
[25/06/2011 01:38:51] /a 5
[25/06/2011 01:38:51] /a 5
[25/06/2011 01:38:51] /a 5
[25/06/2011 01:38:51] /a 5
[25/06/2011 01:38:51] /a 5
[25/06/2011 01:38:51] /a 5
[25/06/2011 01:38:51] /a 5
[25/06/2011 01:38:51] /a 5
[25/06/2011 01:38:51] /a 5
[25/06/2011 01:38:51] /a 5
[25/06/2011 01:38:51] /a 5
[25/06/2011 01:38:52] /a 5
[25/06/2011 01:38:52] /a 5
[25/06/2011 01:38:52] /a 5
[25/06/2011 01:38:52] /a 5
[25/06/2011 01:38:52] /a 5
[25/06/2011 01:38:52] /a 5
[25/06/2011 01:38:52] /a 5
[25/06/2011 01:38:52] /a 5
[25/06/2011 01:38:52] /a 5
[25/06/2011 01:38:53] /a 5
[25/06/2011 01:38:53] /a 5
[25/06/2011 01:38:53] /a 5
[25/06/2011 01:38:53] /a 5
[25/06/2011 01:38:53] /a 5
[25/06/2011 01:38:53] /a 5
[25/06/2011 01:38:53] /a 5
[25/06/2011 01:38:53] /a 5
[25/06/2011 01:38:53] /a 5
[25/06/2011 01:38:53] /a 5
[25/06/2011 01:38:53] /a 5
[25/06/2011 01:38:53] /a 5
[25/06/2011 01:38:53] /a 5
[25/06/2011 01:38:53] /a 5
[25/06/2011 01:38:53] /a 5
[25/06/2011 01:38:53] /a 5
[25/06/2011 01:38:53] /a 5
[25/06/2011 01:38:53] /a 5
[25/06/2011 01:38:53] /a 5
[25/06/2011 01:38:53] /a 5
[25/06/2011 01:38:53] /a 5
[25/06/2011 01:38:53] /a 5
[25/06/2011 01:38:53] /a 5
[25/06/2011 01:38:53] /a 5
[25/06/2011 01:38:53] /a 5
[25/06/2011 01:38:53] /a 5
[25/06/2011 01:38:53] /a 5
[25/06/2011 01:38:53] /a 5
[25/06/2011 01:38:53] /a 5
[25/06/2011 01:38:53] /a 5
[25/06/2011 01:38:54] /a 5
[25/06/2011 01:38:54] /a 5
[25/06/2011 01:49:27] /goto Lizard Zaogun
[25/06/2011 01:53:20] /a 5
[25/06/2011 01:53:21] /a 5
[25/06/2011 01:53:21] /a 5
[25/06/2011 01:53:21] /a 5
[25/06/2011 01:53:21] /a 5
[25/06/2011 01:53:21] /a 5
[25/06/2011 01:53:21] /a 5
[25/06/2011 01:53:22] /a 5
[25/06/2011 01:53:22] /a 5
[25/06/2011 01:53:22] /a 5
[25/06/2011 01:53:22] /a 5
[25/06/2011 01:53:22] /a 5
[25/06/2011 01:53:22] /a 5
[25/06/2011 01:53:22] /a 5
[25/06/2011 01:53:22] /a 5
[25/06/2011 01:53:22] /a 5
[25/06/2011 01:53:22] /a 5
[25/06/2011 01:53:22] /a 5
[25/06/2011 01:53:22] /a 5
[25/06/2011 01:53:22] /a 5
[25/06/2011 01:53:22] /a 5
[25/06/2011 01:53:22] /a 5
[25/06/2011 01:53:22] /a 5
[25/06/2011 01:53:22] /a 5
[25/06/2011 01:53:23] /a 5
[25/06/2011 01:53:23] /a 5
[25/06/2011 01:53:23] /a 5
[25/06/2011 01:53:23] /a 5
[25/06/2011 01:53:23] /a 5
[25/06/2011 01:53:24] /a 5
[25/06/2011 01:53:24] /a 5
[25/06/2011 01:53:24] /a 5
[25/06/2011 01:53:25] /a 5
[25/06/2011 01:53:25] /a 5
[25/06/2011 01:53:25] /a 5
[25/06/2011 01:53:25] /a 5
[25/06/2011 01:53:25] /a 5
[25/06/2011 01:53:25] /a 5
[25/06/2011 01:53:25] /a 5
[25/06/2011 01:53:25] /a 5
[25/06/2011 01:53:25] /a 5
[25/06/2011 01:53:25] /a 5
[25/06/2011 01:53:25] /a 5
[25/06/2011 01:53:25] /a 5
[25/06/2011 01:53:28] /a 5
[25/06/2011 01:53:28] /a 5
[25/06/2011 01:53:28] /a 5
[25/06/2011 01:53:30] /a 5
[25/06/2011 01:53:31] /a 5
[25/06/2011 01:53:32] /a 5
[25/06/2011 01:53:32] /a 5
[25/06/2011 01:53:33] /a 5
[25/06/2011 01:54:53] /down
[25/06/2011 01:54:54] /down
[25/06/2011 01:54:55] /a 5
[25/06/2011 01:54:55] /a 5
[25/06/2011 01:54:55] /a 5
[25/06/2011 01:54:56] /a 5
[25/06/2011 01:54:56] /a 5
[25/06/2011 01:54:56] /a 5
[25/06/2011 01:54:57] /a 5
[25/06/2011 01:54:57] /a 5
[25/06/2011 01:54:57] /a 5
[25/06/2011 01:54:57] /a 5
[25/06/2011 01:54:58] /a 5
[25/06/2011 01:54:58] /a 5
[25/06/2011 01:54:58] /a 5
[25/06/2011 01:54:58] /a 5
[25/06/2011 01:54:58] /a 5
[25/06/2011 01:54:59] /a 5
[25/06/2011 01:54:59] /a 5
[25/06/2011 01:55:00] /a 5
[25/06/2011 01:55:00] /a 5
[25/06/2011 01:59:19] /t
[26/06/2011 01:33:26] /goto hand
[26/06/2011 01:33:58] /a 5
[26/06/2011 01:33:59] /a 5
[26/06/2011 01:33:59] /a 5
[26/06/2011 01:33:59] /a 5
[26/06/2011 01:33:59] /a 5
[26/06/2011 01:33:59] /a 5
[26/06/2011 01:33:59] /a 5
[26/06/2011 01:33:59] /a 5
[26/06/2011 01:34:00] /a 5
[26/06/2011 01:34:00] /a 5
[26/06/2011 01:34:00] /a 5
[26/06/2011 01:34:00] /a 5
[26/06/2011 01:34:00] /a 5
[26/06/2011 01:34:00] /a 5
[26/06/2011 01:34:00] /a 5
[26/06/2011 01:34:00] /a 5
[26/06/2011 01:34:00] /a 5
[26/06/2011 01:34:00] /a 5
[26/06/2011 01:34:00] /a 5
[26/06/2011 01:34:00] /a 5
[26/06/2011 01:34:00] /a 5
[26/06/2011 01:34:00] /a 5
[26/06/2011 01:34:00] /a 5
[26/06/2011 01:34:00] /a 5
[26/06/2011 01:34:00] /a 5
[26/06/2011 01:34:00] /a 5
[26/06/2011 01:34:01] /a 5
[26/06/2011 01:34:01] /a 5
[26/06/2011 01:34:01] /a 5
[26/06/2011 01:34:01] /a 5
[26/06/2011 01:34:01] /a 5
[26/06/2011 01:34:01] /a 5
[26/06/2011 01:34:01] /a 5
[26/06/2011 01:34:01] /a 5
[26/06/2011 01:34:01] /a 5
[26/06/2011 01:34:01] /a 5
[26/06/2011 01:34:01] /a 5
[26/06/2011 01:34:01] /a 5
[26/06/2011 01:34:01] /a 5
[26/06/2011 01:34:01] /a 5
[26/06/2011 01:34:01] /a 5
[26/06/2011 01:34:01] /a 5
[26/06/2011 01:34:01] /a 5
[26/06/2011 01:34:01] /a 5
[26/06/2011 01:34:01] /a 5
[26/06/2011 01:34:01] /a 5
[26/06/2011 01:34:01] /a 5
[26/06/2011 01:34:01] /a 5
[26/06/2011 01:34:01] /a 5
[26/06/2011 01:34:01] /a 5
[26/06/2011 01:34:01] /a 5
[26/06/2011 01:34:01] /a 5
[26/06/2011 01:34:01] /a 5
[26/06/2011 01:34:01] /a 5
[26/06/2011 01:34:01] /a 5
[26/06/2011 01:34:02] /a 5
[26/06/2011 01:34:02] /a 5
[26/06/2011 01:34:02] /a 5
[26/06/2011 01:34:02] /a 5
[26/06/2011 01:34:02] /a 5
[26/06/2011 01:34:02] /a 5
[26/06/2011 01:34:02] /a 5
[26/06/2011 01:34:02] /a 5
[26/06/2011 01:34:03] /a 5
[26/06/2011 01:34:03] /a 5
[26/06/2011 01:34:03] /a 5
[26/06/2011 01:34:03] /a 5
[26/06/2011 01:34:03] /a 5
[26/06/2011 01:34:03] /a 5
[26/06/2011 01:34:03] /a 5
[26/06/2011 01:34:03] /a 5
[26/06/2011 01:34:03] /a 5
[26/06/2011 01:34:03] /a 5
[26/06/2011 01:34:03] /a 5
[26/06/2011 01:34:03] /a 5
[26/06/2011 01:34:04] /a 5
[26/06/2011 01:34:04] /a 5
[26/06/2011 01:34:04] /a 5
[26/06/2011 01:34:04] /a 5
[26/06/2011 01:34:04] /a 5
[26/06/2011 01:34:04] /a 5
[26/06/2011 01:34:04] /a 5
[26/06/2011 01:34:04] /a 5
[26/06/2011 01:34:04] /a 5
[26/06/2011 01:34:04] /a 5
[26/06/2011 01:34:04] /a 5
[26/06/2011 01:34:04] /a 5
[26/06/2011 01:34:04] /a 5
[26/06/2011 01:34:04] /a 5
[26/06/2011 01:34:04] /a 5
[26/06/2011 01:34:04] /a 5
[26/06/2011 01:34:04] /a 5
[26/06/2011 01:34:04] /a 5
[26/06/2011 01:34:04] /a 5
[26/06/2011 01:34:04] /a 5
[26/06/2011 01:34:04] /a 5
[26/06/2011 01:34:04] /a 5
[26/06/2011 01:34:04] /a 5
[26/06/2011 01:34:05] /a 5
[26/06/2011 01:34:05] /a 5
[26/06/2011 01:34:05] /a 5
[26/06/2011 01:34:05] /a 5
[26/06/2011 01:34:05] /a 5
[26/06/2011 01:34:05] /a 5
[26/06/2011 01:34:05] /a 5
[26/06/2011 01:34:05] /a 5
[26/06/2011 01:34:05] /a 5
[26/06/2011 01:34:06] /a 5
[26/06/2011 01:34:06] /a 5
[26/06/2011 01:34:06] /a 5
[26/06/2011 01:34:06] /a 5
[26/06/2011 01:34:06] /a 5
[26/06/2011 01:34:06] /a 5
[26/06/2011 01:34:06] /a 5
[26/06/2011 01:34:06] /a 5
[26/06/2011 01:34:06] /a 5
[26/06/2011 01:34:06] /a 5
[26/06/2011 01:34:06] /a 5
[26/06/2011 01:34:06] /a 5
[26/06/2011 01:34:07] /a 5
[26/06/2011 01:34:07] /a 5
[26/06/2011 01:34:07] /a 5
[26/06/2011 01:34:07] /a 5
[26/06/2011 01:34:07] /a 5
[26/06/2011 01:34:07] /a 5
[26/06/2011 01:34:07] /a 5
[26/06/2011 01:34:08] /a 5
[26/06/2011 01:34:08] /a 5
[26/06/2011 01:34:08] /a 5
[26/06/2011 01:34:08] /a 5
[26/06/2011 01:34:08] /a 5
[26/06/2011 01:34:08] /a 5
[26/06/2011 01:34:08] /a 5
[26/06/2011 01:34:08] /a 5
[26/06/2011 01:34:08] /a 5
[26/06/2011 01:34:08] /a 5
[26/06/2011 01:34:08] /a 5
[26/06/2011 01:34:08] /a 5
[26/06/2011 01:34:08] /a 5
[26/06/2011 01:34:08] /a 5
[26/06/2011 01:34:08] /a 5
[26/06/2011 01:34:08] /a 5
[26/06/2011 01:34:09] /a 5
[26/06/2011 01:34:09] /a 5
[26/06/2011 01:34:09] /a 5
[26/06/2011 01:34:09] /a 5
[26/06/2011 01:34:09] /a 5
[26/06/2011 01:34:09] /a 5
[26/06/2011 01:34:10] /a 5
[26/06/2011 01:34:10] /a 5
[26/06/2011 01:34:10] /a 5
[26/06/2011 01:34:10] /a 5
[26/06/2011 01:34:10] /a 5
[26/06/2011 01:34:10] /a 5
[26/06/2011 01:34:10] /a 5
[26/06/2011 01:34:10] /a 5
[26/06/2011 01:34:11] /a 5
[26/06/2011 01:34:11] /a 5
[26/06/2011 01:34:11] /a 5
[26/06/2011 01:34:11] /a 5
[26/06/2011 01:34:11] /a 5
[26/06/2011 01:34:11] /a 5
[26/06/2011 01:34:11] /a 5
[26/06/2011 01:34:11] /a 5
[26/06/2011 01:34:11] /a 5
[26/06/2011 01:34:11] /a 5
[26/06/2011 01:34:11] /a 5
[26/06/2011 01:34:11] /a 5
[26/06/2011 01:34:11] /a 5
[26/06/2011 01:34:11] /a 5
[26/06/2011 01:34:11] /a 5
[26/06/2011 01:34:11] /a 5
[26/06/2011 01:34:11] /a 5
[26/06/2011 01:34:11] /a 5
[26/06/2011 01:34:11] /a 5
[26/06/2011 01:34:11] /a 5
[26/06/2011 01:34:11] /a 5
[26/06/2011 01:34:11] /a 5
[26/06/2011 01:34:12] /a 5
[26/06/2011 01:34:12] /a 5
[26/06/2011 01:34:12] /a 5
[26/06/2011 01:34:12] /a 5
[26/06/2011 01:34:12] /a 5
[26/06/2011 01:34:12] /a 5
[26/06/2011 01:34:12] /a 5
[26/06/2011 01:34:12] /a 5
[26/06/2011 01:34:12] /a 5
[26/06/2011 01:34:12] /a 5
[26/06/2011 01:34:12] /a 5
[26/06/2011 01:34:12] /a 5
[26/06/2011 01:34:12] /a 5
[26/06/2011 01:34:12] /a 5
[26/06/2011 01:34:12] /a 5
[26/06/2011 01:34:13] /a 5
[26/06/2011 01:34:13] /a 5
[26/06/2011 01:34:13] /a 5
[26/06/2011 01:34:13] /a 5
[26/06/2011 01:34:13] /a 5
[26/06/2011 01:34:13] /a 5
[26/06/2011 01:34:14] /a 5
[26/06/2011 01:34:14] /a 5
[26/06/2011 01:34:14] /a 5
[26/06/2011 01:34:14] /a 5
[26/06/2011 01:34:14] /a 5
[26/06/2011 01:34:15] /a 5
[26/06/2011 01:34:15] /a 5
[26/06/2011 01:34:15] /a 5
[26/06/2011 01:34:16] /a 5
[26/06/2011 01:34:16] /a 5
[26/06/2011 01:34:16] /a 5
[26/06/2011 01:34:17] /a 5
[26/06/2011 01:34:17] /a 5
[26/06/2011 01:34:18] /a 5
[26/06/2011 01:34:18] /a 5
[26/06/2011 01:34:18] /a 5
[26/06/2011 01:34:19] /a 5
[26/06/2011 01:43:12] /r
[26/06/2011 01:43:13] /r
[26/06/2011 01:43:13] /r
[26/06/2011 01:43:13] /r
[26/06/2011 01:43:13] /r
[26/06/2011 01:43:13] /r
[26/06/2011 01:43:13] /r
[26/06/2011 01:43:13] /r
[26/06/2011 01:43:13] /r
[26/06/2011 01:43:13] /r
[26/06/2011 01:43:13] /r
[26/06/2011 01:43:13] /r
[26/06/2011 01:43:13] /r
[26/06/2011 01:43:13] /r
[26/06/2011 01:43:13] /r
[26/06/2011 01:43:13] /r
[26/06/2011 01:43:13] /r
[26/06/2011 01:43:13] /r
[26/06/2011 01:43:13] /r
[26/06/2011 01:43:14] /r
[26/06/2011 01:43:14] /r
[26/06/2011 01:43:14] /r
[26/06/2011 01:43:14] /r
[26/06/2011 01:43:14] /r
[26/06/2011 01:43:14] /r
[26/06/2011 01:43:14] /r
[26/06/2011 01:43:14] /r
[26/06/2011 01:43:14] /r
[26/06/2011 01:43:14] /r
[26/06/2011 01:43:14] /r
[26/06/2011 01:43:15] /r
[26/06/2011 01:43:15] /r
[26/06/2011 01:43:15] /r
[26/06/2011 01:43:15] /r
[26/06/2011 01:43:15] /r
[26/06/2011 01:43:15] /r
[26/06/2011 01:43:15] /r
[26/06/2011 01:43:15] /r
[26/06/2011 01:43:15] /r
[26/06/2011 01:43:15] /r
[26/06/2011 01:43:15] /r
[26/06/2011 01:43:15] /r
[26/06/2011 01:43:15] /r
[26/06/2011 01:43:15] /r
[26/06/2011 01:43:15] /r
[26/06/2011 01:43:16] /r
[26/06/2011 01:43:16] /r
[26/06/2011 01:43:16] /r
[26/06/2011 01:43:16] /r
[26/06/2011 01:43:16] /r
[26/06/2011 01:43:16] /r
[26/06/2011 01:43:16] /r
[26/06/2011 01:43:16] /r
[26/06/2011 01:43:16] /r
[26/06/2011 01:43:16] /r
[26/06/2011 01:43:16] /r
[26/06/2011 01:43:16] /r
[26/06/2011 01:43:16] /r
[26/06/2011 01:43:16] /r
[26/06/2011 01:43:16] /r
[26/06/2011 01:43:16] /r
[26/06/2011 01:43:16] /r
[26/06/2011 01:43:16] /r
[26/06/2011 01:43:16] /r
[26/06/2011 01:43:16] /r
[26/06/2011 01:43:16] /r
[26/06/2011 01:43:16] /r
[26/06/2011 01:43:16] /r
[26/06/2011 01:43:16] /r
[26/06/2011 01:43:16] /r
[26/06/2011 01:43:16] /r
[26/06/2011 01:43:16] /r
[26/06/2011 01:43:16] /r
[26/06/2011 01:43:16] /r
[26/06/2011 01:43:16] /r
[26/06/2011 01:43:16] /r
[26/06/2011 01:43:17] /r
[26/06/2011 01:43:17] /r
[26/06/2011 01:43:18] /r
[26/06/2011 01:43:18] /r
[26/06/2011 01:43:18] /r
[26/06/2011 01:43:18] /r
[26/06/2011 01:43:18] /r
[26/06/2011 01:43:18] /r
[26/06/2011 01:43:18] /r
[26/06/2011 01:43:18] /r
[26/06/2011 01:43:18] /r
[26/06/2011 01:43:18] /r
[26/06/2011 01:43:18] /r
[26/06/2011 01:43:18] /r
[26/06/2011 01:43:18] /r
[26/06/2011 01:43:18] /r
[26/06/2011 01:43:18] /r
[26/06/2011 01:43:18] /r
[26/06/2011 01:43:18] /r
[26/06/2011 01:43:18] /r
[26/06/2011 01:43:18] /r
[26/06/2011 01:43:18] /r
[26/06/2011 01:43:18] /r
[26/06/2011 01:43:18] /r
[26/06/2011 01:43:18] /r
[26/06/2011 01:43:18] /r
[26/06/2011 01:43:18] /r
[26/06/2011 01:43:18] /r
[26/06/2011 01:43:19] /r
[26/06/2011 01:43:19] /r
[26/06/2011 01:43:19] /r
[26/06/2011 01:43:19] /r
[26/06/2011 01:43:19] /r
[26/06/2011 01:43:19] /r
[26/06/2011 01:43:19] /r
[26/06/2011 01:43:19] /r
[26/06/2011 01:43:19] /r
[26/06/2011 01:43:19] /r
[26/06/2011 01:43:19] /r
[26/06/2011 01:43:19] /r
[26/06/2011 01:43:19] /r
[26/06/2011 01:43:19] /r
[26/06/2011 01:43:19] /r
[26/06/2011 01:43:19] /r
[26/06/2011 01:43:19] /r
[26/06/2011 01:43:19] /r
[26/06/2011 01:43:19] /r
[26/06/2011 01:43:19] /r
[26/06/2011 01:43:19] /r
[26/06/2011 01:43:19] /r
[26/06/2011 01:43:19] /r
[26/06/2011 01:43:19] /r
[26/06/2011 01:43:19] /r
[26/06/2011 01:43:19] /r
[26/06/2011 01:43:19] /r
[26/06/2011 01:43:19] /r
[26/06/2011 01:43:19] /r
[26/06/2011 01:43:19] /r
[26/06/2011 01:43:19] /r
[26/06/2011 01:43:20] /r
[26/06/2011 01:43:20] /r
[26/06/2011 01:43:20] /r
[26/06/2011 01:43:20] /r
[26/06/2011 01:43:20] /r
[26/06/2011 01:43:20] /r
[26/06/2011 01:43:20] /r
[26/06/2011 01:43:20] /r
[26/06/2011 01:43:20] /r
[26/06/2011 01:43:20] /r
[26/06/2011 01:43:20] /r
[26/06/2011 01:43:20] /r
[26/06/2011 01:43:20] /r
[26/06/2011 01:43:20] /r
[26/06/2011 01:43:20] /r
[26/06/2011 01:43:20] /r
[26/06/2011 01:43:20] /r
[26/06/2011 01:43:20] /r
[26/06/2011 01:43:20] /r
[26/06/2011 01:43:20] /r
[26/06/2011 01:43:20] /r
[26/06/2011 01:43:20] /r
[26/06/2011 01:43:20] /r
[26/06/2011 01:43:20] /r
[26/06/2011 01:43:20] /r
[26/06/2011 01:43:20] /r
[26/06/2011 01:43:20] /r
[26/06/2011 01:43:20] /r
[30/06/2011 01:16:21] /goto rafael
[30/06/2011 01:16:25] /goto the oracle
[30/06/2011 01:19:08] /goto raphael
[30/06/2011 01:19:17] /goto paladin narai
[30/06/2011 01:20:53] /goto nuff netdown
[30/06/2011 01:21:02] /goto raffael
[30/06/2011 01:21:07] /c nuff netdown
[30/06/2011 01:21:13] /a
[30/06/2011 01:21:14] /c nuff netdown
[30/06/2011 01:22:00] /attr group 6
[30/06/2011 01:22:44] /goto nuff netdown
[30/06/2011 01:22:50] /goto nuff netdown
[30/06/2011 01:22:50] /goto nuff netdown
[30/06/2011 01:22:51] /goto nuff netdown
[30/06/2011 01:22:52] /goto nuff netdown
[30/06/2011 01:22:54] /goto nuff netdown
[30/06/2011 01:22:55] /goto nuff netdown
[30/06/2011 01:22:56] /goto nuff netdown
[30/06/2011 01:22:57] /goto nuff netdown
[30/06/2011 01:22:58] /goto nuff netdown
[30/06/2011 01:23:01] /goto nuff netdown
[30/06/2011 01:23:02] /goto nuff netdown
[30/06/2011 01:23:03] /goto nuff netdown
[30/06/2011 01:23:05] /goto nuff netdown
[30/06/2011 01:23:06] /goto nuff netdown
[30/06/2011 01:23:07] /goto nuff netdown
[30/06/2011 01:23:08] /goto nuff netdown
[30/06/2011 01:23:09] /goto nuff netdown
[30/06/2011 01:23:10] /goto nuff netdown
[30/06/2011 01:23:13] /goto nuff netdown
[30/06/2011 01:23:15] /goto nuff netdown
[30/06/2011 01:23:20] /goto nuff netdown
[30/06/2011 01:23:22] /goto nuff netdown
[30/06/2011 01:23:25] /goto nuff netdown
[30/06/2011 01:23:36] /goto nuff netdown
[30/06/2011 01:23:36] /goto nuff netdown
[30/06/2011 01:23:37] /goto nuff netdown
[30/06/2011 01:23:38] /goto nuff netdown
[30/06/2011 01:23:38] /goto nuff netdown
[30/06/2011 01:23:39] /goto nuff netdown
[30/06/2011 01:23:44] /goto raffael
[30/06/2011 01:23:47] /a
[30/06/2011 01:28:11] /goto nuff netdown
[30/06/2011 01:29:16] /t
[30/06/2011 01:29:20] /goto the oracle
[30/06/2011 01:29:24] /down
[30/06/2011 01:29:59] /t
[30/06/2011 01:30:14] /goto troll
[30/06/2011 01:30:15] /a 9
[30/06/2011 01:30:15] /a 9
[30/06/2011 01:30:16] /t
[30/06/2011 01:30:17] /a 9
[30/06/2011 01:30:17] /a 9
[30/06/2011 01:30:17] /a 9
[30/06/2011 01:30:17] /a 9
[30/06/2011 01:30:17] /a 9
[30/06/2011 01:30:18] /a 9
[30/06/2011 01:30:18] /a 9
[30/06/2011 01:30:18] /a 9
[30/06/2011 01:30:18] /a 9
[30/06/2011 01:30:18] /a 9
[30/06/2011 01:30:18] /a 9
[30/06/2011 01:30:18] /a 9
[30/06/2011 01:30:18] /a 9
[30/06/2011 01:30:18] /a 9
[30/06/2011 01:30:18] /a 9
[30/06/2011 01:30:18] /a 9
[30/06/2011 01:30:18] /a 9
[30/06/2011 01:30:18] /a 9
[30/06/2011 01:30:18] /a 9
[30/06/2011 01:30:18] /a 9
[30/06/2011 01:30:18] /a 9
[30/06/2011 01:30:18] /a 9
[30/06/2011 01:30:18] /a 9
[30/06/2011 01:30:18] /a 9
[30/06/2011 01:30:18] /a 9
[30/06/2011 01:30:18] /a 9
[30/06/2011 01:30:18] /a 9
[30/06/2011 01:30:18] /a 9
[30/06/2011 01:30:18] /a 9
[30/06/2011 01:30:18] /a 9
[30/06/2011 01:30:18] /a 9
[30/06/2011 01:30:18] /a 9
[30/06/2011 01:30:18] /a 9
[30/06/2011 01:30:18] /a 9
[30/06/2011 01:30:19] /a 9
[30/06/2011 01:30:19] /a 9
[30/06/2011 01:30:19] /a 9
[30/06/2011 01:30:20] /a 9
[30/06/2011 01:30:20] /a 9
[30/06/2011 01:30:20] /a 9
[30/06/2011 01:30:20] /a 9
[30/06/2011 01:30:20] /a 9
[30/06/2011 01:30:20] /a 9
[30/06/2011 01:30:20] /a 9
[30/06/2011 01:30:20] /a 9
[30/06/2011 01:30:20] /a 9
[30/06/2011 01:30:20] /a 9
[30/06/2011 01:30:20] /a 9
[30/06/2011 01:30:20] /a 9
[30/06/2011 01:30:20] /a 9
[30/06/2011 01:30:20] /a 9
[30/06/2011 01:30:20] /a 9
[30/06/2011 01:30:20] /a 9
[30/06/2011 01:30:20] /a 9
[30/06/2011 01:30:20] /a 9
[30/06/2011 01:30:20] /a 9
[30/06/2011 01:30:20] /a 9
[30/06/2011 01:30:21] /a 9
[30/06/2011 01:30:21] /a 9
[30/06/2011 01:30:21] /a 9
[30/06/2011 01:30:21] /a 9
[30/06/2011 01:30:21] /a 9
[30/06/2011 01:30:21] /a 9
[30/06/2011 01:30:21] /a 9
[30/06/2011 01:30:21] /a 9
[30/06/2011 01:30:21] /a 9
[30/06/2011 01:30:21] /a 9
[30/06/2011 01:30:22] /a 9
[30/06/2011 01:30:22] /a 9
[30/06/2011 01:30:22] /a 9
[30/06/2011 01:30:22] /a 9
[30/06/2011 01:30:22] /a 9
[30/06/2011 01:30:22] /a 9
[30/06/2011 01:30:22] /a 9
[30/06/2011 01:30:22] /a 9
[30/06/2011 01:30:22] /a 9
[30/06/2011 01:30:22] /a 9
[30/06/2011 01:30:23] /a 9
[30/06/2011 01:30:23] /a 9
[30/06/2011 01:30:23] /a 9
[30/06/2011 01:30:23] /a 9
[30/06/2011 01:30:23] /a 9
[30/06/2011 01:30:23] /a 9
[30/06/2011 01:30:23] /a 9
[30/06/2011 01:30:23] /a 9
[30/06/2011 01:30:23] /a 9
[30/06/2011 01:30:23] /a 9
[30/06/2011 01:30:23] /a 9
[30/06/2011 01:30:23] /a 9
[30/06/2011 01:30:23] /a 9
[30/06/2011 01:30:23] /a 9
[30/06/2011 01:30:23] /a 9
[30/06/2011 01:30:23] /a 9
[30/06/2011 01:30:23] /a 9
[30/06/2011 01:30:24] /a 9
[30/06/2011 01:30:24] /a 9
[30/06/2011 01:30:24] /a 9
[30/06/2011 01:30:24] /a 9
[30/06/2011 01:30:25] /a 9
[30/06/2011 01:30:25] /a 9
[30/06/2011 01:30:25] /a 9
[30/06/2011 01:30:25] /a 9
[30/06/2011 01:30:25] /a 9
[30/06/2011 01:30:25] /a 9
[30/06/2011 01:30:26] /a 9
[30/06/2011 01:30:26] /a 9
[30/06/2011 01:30:26] /a 9
[30/06/2011 01:30:26] /a 9
[30/06/2011 01:30:26] /a 9
[30/06/2011 01:30:26] /a 9
[30/06/2011 01:30:27] /a 9
[30/06/2011 01:30:27] /a 9
[30/06/2011 01:30:27] /a 9
[30/06/2011 01:30:27] /a 9
[30/06/2011 01:30:27] /a 9
[30/06/2011 01:30:27] /a 9
[30/06/2011 01:30:28] /a 9
[30/06/2011 01:30:28] /a 9
[30/06/2011 01:30:29] /a 9
[30/06/2011 01:30:29] /a 9
[30/06/2011 01:30:29] /a 9
[30/06/2011 01:30:29] /a 9
[30/06/2011 01:30:30] /a 9
[30/06/2011 01:30:30] /a 9
[30/06/2011 01:30:30] /a 9
[30/06/2011 01:30:30] /a 9
[30/06/2011 01:30:31] /a 9
[30/06/2011 01:30:31] /a 9
[30/06/2011 01:30:32] /a 9
[30/06/2011 01:30:32] /a 9
[30/06/2011 01:30:33] /a 9
[30/06/2011 01:30:35] /a 9
[30/06/2011 01:30:40] /c teste
[30/06/2011 10:18:15] /goto raffael
[30/06/2011 10:18:16] /a
[30/06/2011 11:11:25] /goto raffael
[02/07/2011 00:41:07] /goto the oracle
[02/07/2011 00:46:54] /a
[02/07/2011 00:46:54] /a
[02/07/2011 00:46:56] /a
[02/07/2011 00:46:58] /a
[02/07/2011 00:47:00] /a
[02/07/2011 00:47:01] /r
[02/07/2011 00:47:01] /r
[02/07/2011 00:47:02] /r
[02/07/2011 00:47:03] /a
[02/07/2011 00:47:05] /a
[02/07/2011 00:47:45] /goto raffael
[02/07/2011 00:47:46] /a
[02/07/2011 00:48:36] /a
[02/07/2011 00:49:00] /a
[02/07/2011 00:49:11] /a
[02/07/2011 00:49:37] /up
[02/07/2011 00:49:50] /a
[02/07/2011 00:49:58] /a
[02/07/2011 00:50:14] /t
[02/07/2011 02:20:31] /goto the oracle
[02/07/2011 02:20:34] /goto bear
[02/07/2011 02:20:39] /goto the oracle
[02/07/2011 02:23:54] /n "pick
[02/07/2011 02:24:00] /down
[02/07/2011 02:24:22] /t
[02/07/2011 02:49:48] /goto seymour
[02/07/2011 02:53:56] /goto seymour
[02/07/2011 02:54:51] /down
[02/07/2011 02:54:54] /a
[02/07/2011 02:54:55] /a
[02/07/2011 12:22:43] /goto seymour
[02/07/2011 12:23:17] /a
[02/07/2011 12:23:19] /a
[02/07/2011 12:23:22] /a
[02/07/2011 12:23:40] /t
[02/07/2011 12:23:43] /a 9
[02/07/2011 12:23:43] /a 9
[02/07/2011 12:23:44] /a 9
[02/07/2011 12:23:44] /a 9
[02/07/2011 12:23:44] /a 9
[02/07/2011 12:23:44] /a 9
[02/07/2011 12:23:44] /a 9
[02/07/2011 12:23:45] /a 9
[02/07/2011 12:23:46] /down
[02/07/2011 12:23:47] /a 9
[02/07/2011 12:23:47] /a 9
[02/07/2011 12:23:49] /a 9
[02/07/2011 12:23:49] /a 9
[02/07/2011 12:23:49] /a 9
[02/07/2011 12:23:54] /a 9
[02/07/2011 12:23:54] /a 9
[02/07/2011 12:23:54] /a 9
[02/07/2011 12:23:55] /a 9
[02/07/2011 12:23:56] /a 9
[02/07/2011 12:23:58] /a
[02/07/2011 12:23:58] /a
[02/07/2011 12:24:00] /a 9
[02/07/2011 12:24:01] /a 9
[02/07/2011 12:24:01] /a 9
[02/07/2011 12:24:01] /a 9
[02/07/2011 12:24:01] /a 9
[02/07/2011 12:24:01] /a 9
[02/07/2011 12:24:02] /a 9
[02/07/2011 12:24:02] /a 9
[02/07/2011 12:24:03] /a 9
[02/07/2011 12:24:04] /a
[02/07/2011 12:24:05] /a
[02/07/2011 12:24:08] /a 9
[02/07/2011 12:25:02] /t
[02/07/2011 12:25:16] /goto seymour
[02/07/2011 12:56:20] /a 5
[02/07/2011 14:24:41] /goto paladin narai
[02/07/2011 14:26:07] /r
[02/07/2011 14:26:19] /a
[02/07/2011 14:26:39] /a
[02/07/2011 14:32:37] /a
[02/07/2011 14:32:57] /a
[02/07/2011 14:36:12] /a
[02/07/2011 14:36:13] /a
[02/07/2011 14:36:25] /t
[02/07/2011 14:36:28] /goto rafffael
[02/07/2011 14:36:31] /goto raffael
[02/07/2011 14:36:35] /r
[02/07/2011 14:36:36] /r
[02/07/2011 14:36:38] /r
