[23/6/2013 16:7:54] /save
[23/6/2013 16:8:26] /shutdown
[23/6/2013 16:29:58] /i 2160
[23/6/2013 16:32:50] /i 2160
[23/6/2013 16:43:26] /reload vocations
[23/6/2013 16:43:29] /reload vocations
[23/6/2013 16:43:38] /reload vocations
[23/6/2013 16:43:56] /reload vocations
[23/6/2013 16:43:57] /reload vocations
[23/6/2013 16:43:58] /reload vocations
[23/6/2013 16:43:58] /reload vocations
[23/6/2013 16:47:53] /reload vocations.xml
[23/6/2013 16:51:39] /m horse
[23/6/2013 16:53:36] /t andre zoio
[23/6/2013 16:53:46] /t andre zoio
[23/6/2013 17:9:9] /reload config
[23/6/2013 17:14:38] /goto andre zoio
[23/6/2013 17:14:40] /t
[23/6/2013 17:15:1] /goto andre zoio
[23/6/2013 17:15:10] /i 2260
[23/6/2013 17:17:13] /i 9774
[23/6/2013 17:17:19] /i 9774
[23/6/2013 17:21:19] /save
[23/6/2013 17:21:22] /shutdown
[23/6/2013 17:46:59] /i 1988
[23/6/2013 17:48:25] /i 2260
[23/6/2013 17:48:50] /i 2160
[23/6/2013 17:48:56] /goto andre zoio
[23/6/2013 17:49:12] /i 2260
[23/6/2013 17:49:22] /i 1988
[23/6/2013 18:30:14] /goto andre zoio
[23/6/2013 18:30:24] /r
[23/6/2013 18:35:31] /goto andre zoio
[23/6/2013 18:35:38] /r
[23/6/2013 19:3:54] /t
[23/6/2013 19:4:28] /i 7730
[23/6/2013 19:4:40] /i 2523
[23/6/2013 19:4:53] /i 2656
[23/6/2013 19:5:6] /i 2195
[23/6/2013 19:5:39] /i 15489
[23/6/2013 19:6:31] /i 2494
[23/6/2013 19:7:10] /i 15408
[23/6/2013 19:9:24] /i 2495
[23/6/2013 19:10:22] /goto andre zoio
[23/6/2013 19:11:15] /t
[23/6/2013 19:22:13] /up
[23/6/2013 19:23:50] /down
[23/6/2013 19:24:0] /up
[23/6/2013 19:24:4] /down
[23/6/2013 19:24:13] /up
[23/6/2013 19:24:20] /down
[23/6/2013 19:24:46] /up
[23/6/2013 19:24:49] /down
[23/6/2013 19:25:14] /up
[23/6/2013 19:25:46] /up
[23/6/2013 19:25:48] /up
[23/6/2013 19:25:55] /up
[23/6/2013 19:26:6] /up
[23/6/2013 19:26:13] /up
[23/6/2013 19:26:21] /up
[23/6/2013 19:26:27] /down
[23/6/2013 19:26:36] /up
[23/6/2013 19:26:41] /down
[23/6/2013 19:26:57] /up
[23/6/2013 19:27:26] /up
[23/6/2013 19:27:45] /up
[23/6/2013 19:27:51] /up
[23/6/2013 19:28:9] /down
[23/6/2013 19:28:25] /up
[23/6/2013 19:28:38] /up
[23/6/2013 19:28:43] /down
[23/6/2013 19:29:1] /t
[23/6/2013 20:8:22] /m demon
[23/6/2013 20:9:10] /s devovorga
[23/6/2013 20:9:17] /s ghazbaran
[23/6/2013 20:12:42] /mode
[23/6/2013 20:12:48] /skill
[23/6/2013 20:12:51] /skill gm andre
[23/6/2013 20:12:56] /skill gm andre 1 100
[23/6/2013 20:14:48] /i 6527
[23/6/2013 20:15:8] /i 6579
[23/6/2013 20:17:1] /reload talkactions
[23/6/2013 20:17:24] /goto andre zoio
[23/6/2013 20:19:56] /reload talkactions
[23/6/2013 20:23:50] /t
[23/6/2013 20:24:22] /i 2160
[23/6/2013 20:43:57] /goto andre zoio
[23/6/2013 20:44:14] /r
[23/6/2013 20:44:34] /up
[23/6/2013 20:46:43] /goto dragon
[23/6/2013 20:47:15] /s ghazbaran
[23/6/2013 20:47:42] /goto dragon
[23/6/2013 20:48:12] /ghost
[23/6/2013 20:48:33] /raid demodras
[23/6/2013 21:0:0] /save
[23/6/2013 21:0:4] /shutdown
[23/6/2013 21:34:31] /t
[23/6/2013 21:35:56] /ghost
[24/6/2013 0:38:13] /goto ferumbras
[24/6/2013 0:38:19] /t
[24/6/2013 0:40:39] /t
[24/6/2013 0:46:9] /down
[24/6/2013 0:46:13] /up
[24/6/2013 0:51:6] /down
[24/6/2013 0:52:33] /down
[24/6/2013 0:54:50] /up
[24/6/2013 0:55:43] /down
[24/6/2013 0:57:33] /up
[24/6/2013 0:57:54] /up
[24/6/2013 0:59:27] /up
[24/6/2013 0:59:28] /up
[24/6/2013 1:1:24] /up
[24/6/2013 1:1:25] /up
[24/6/2013 1:7:47] /up
[24/6/2013 1:8:8] /up
[24/6/2013 1:8:59] /up
[24/6/2013 1:11:30] /up
[24/6/2013 1:11:31] /up
[24/6/2013 1:15:6] /up
[24/6/2013 1:15:10] /down
[24/6/2013 1:15:42] /up
[24/6/2013 1:15:46] /up
[24/6/2013 1:16:43] /up
[24/6/2013 1:18:57] /up
[24/6/2013 1:25:39] /up
[24/6/2013 1:28:25] /r
[24/6/2013 1:29:25] /t
[24/6/2013 1:33:22] /up
[24/6/2013 1:42:59] /t
[24/6/2013 1:43:27] /r
[24/6/2013 1:44:20] /save
[24/6/2013 1:44:23] /shutdown
[24/6/2013 22:43:59] /m demon skeleton
[24/6/2013 22:44:8] /goto demon skeleton
[24/6/2013 22:44:11] /goto demon skeleton
[24/6/2013 22:44:22] /goto demon skeleton
[24/6/2013 22:46:13] /reload realworld-spawn
[24/6/2013 22:46:22] /shutdown
[24/6/2013 23:16:7] /t
[24/6/2013 23:17:0] /i 2407
[24/6/2013 23:17:13] /i 2195
[24/6/2013 23:17:21] /i 2523
[24/6/2013 23:18:18] /i 2400
[24/6/2013 23:18:38] /i 2471
[24/6/2013 23:18:45] /i 2469
[24/6/2013 23:18:51] /goto andre knight
[24/6/2013 23:19:10] /i 2472
[24/6/2013 23:19:46] /i 2195
[24/6/2013 23:21:15] /save
[24/6/2013 23:21:19] /shutdown
[25/6/2013 1:53:5] /t
[25/6/2013 1:55:58] /goto xodet
[25/6/2013 1:56:30] /save
[25/6/2013 2:1:56] /send andrezoio 32203,32441,7
[25/6/2013 2:4:51] /c andrezoio 32203,32441,7
[25/6/2013 2:5:1] /c andre zoio 32203,32441,7
[25/6/2013 2:5:33] /a andre zoio 32203,32441,7
[25/6/2013 2:5:50] /a 32203,32441,7
[25/6/2013 2:6:1] /a 32203 32441 7
[25/6/2013 2:6:3] /a 32203 32441 7
[25/6/2013 2:6:5] /a 32203 32441 7
[25/6/2013 2:6:5] /a 32203 32441 7
[25/6/2013 2:6:13] /a 32203 32441 7, andre zoio
[25/6/2013 2:6:27] /a
[25/6/2013 2:6:30] /a 6
[25/6/2013 2:6:32] /a 6
[25/6/2013 2:6:32] /a 6
[25/6/2013 2:7:6] /t andre zoio
[25/6/2013 2:7:15] /goto 32203,32441,7
[25/6/2013 2:7:23] /goto andre zoio 32203,32441,7
[25/6/2013 2:7:38] /goto 32203,32441,7 andre zoio
[25/6/2013 2:7:59] /send
[25/6/2013 2:8:2] /send andre zoio
[25/6/2013 2:8:8] /send andre zoio,32203,32441,7
[25/6/2013 2:8:12] /send andre zoio 32203,32441,7
[25/6/2013 2:8:23] /send andre zoio 32203,32441,7
[25/6/2013 2:8:30] /send "andre zoio" 32203,32441,7
[25/6/2013 2:8:43] /send andre zoio thais
[25/6/2013 2:8:50] /send andre zoio 32203,32441,7
[25/6/2013 2:8:51] /send andre zoio 32203,32441,7
[25/6/2013 2:9:40] /send andre zoio; 32203,32441,7
[25/6/2013 2:30:46] /save
[25/6/2013 2:30:49] /shutdown
[25/6/2013 2:38:5] /send andre knight; 32201,32440,7
[25/6/2013 2:40:30] /reload talkactions
[25/6/2013 2:43:14] /reload talkactions
[25/6/2013 2:44:49] /reload talkactions
[25/6/2013 19:9:47] /promote andre knight
[25/6/2013 19:10:13] /promote andre knight
[25/6/2013 19:10:20] /demote andre knight
[25/6/2013 19:10:21] /demote andre knight
[25/6/2013 19:10:22] /demote andre knight
[25/6/2013 19:18:7] /i 2093
[25/6/2013 19:19:29] /i 6087
[25/6/2013 19:20:23] /i 7731
[25/6/2013 19:20:28] /i 7731
[25/6/2013 19:20:29] /i 7731
[25/6/2013 19:20:29] /i 7731
[25/6/2013 19:20:54] /i 5710
[25/6/2013 19:20:58] /i 5710
[25/6/2013 19:21:1] /i 5710
[25/6/2013 19:21:4] /i 5710
[25/6/2013 19:22:29] /i 3901
[25/6/2013 19:23:5] /i 3938
[25/6/2013 19:23:33] /i 3902
[25/6/2013 19:23:42] /i 3903
[25/6/2013 19:23:49] /i 3904
[25/6/2013 19:23:55] /i 3905
[25/6/2013 19:24:2] /i 3906
[25/6/2013 19:24:10] /i 3907
[25/6/2013 19:24:19] /i 3907
[25/6/2013 19:24:53] /i 5086
[25/6/2013 19:28:21] /i 11127
[25/6/2013 19:28:39] /i 11123
[25/6/2013 19:28:46] /r
[25/6/2013 19:29:59] /i 11127
[25/6/2013 19:30:12] /r
[25/6/2013 19:30:15] /r
[25/6/2013 19:31:11] /i 3907
[25/6/2013 19:33:8] /i 3811
[25/6/2013 19:33:22] /i 3821
[25/6/2013 19:34:27] /i 4038
[25/6/2013 19:34:35] /i 4039
[25/6/2013 19:34:39] /i 4040
[25/6/2013 19:34:44] /r
[25/6/2013 19:34:46] /r
[25/6/2013 19:34:48] /r
[25/6/2013 19:36:43] /i 3908
[25/6/2013 19:37:17] /i 3908
[25/6/2013 19:37:20] /i 3909
[25/6/2013 19:37:34] /i 3910
[25/6/2013 19:37:43] /i 3911
[25/6/2013 19:37:51] /i 3912
[25/6/2013 19:38:0] /i 3912
[25/6/2013 19:40:20] /i 3913
[25/6/2013 19:40:31] /i 3914
[25/6/2013 19:40:38] /i 3915
[25/6/2013 19:40:51] /i 3915
[25/6/2013 19:40:53] /i 3916
[25/6/2013 19:41:23] /i 3915
[25/6/2013 19:41:27] /i 3916
[25/6/2013 19:42:2] /i 3917
[25/6/2013 19:42:11] /i 3917
[25/6/2013 19:42:14] /i 3918
[25/6/2013 19:42:26] /i 3918
[25/6/2013 19:42:30] /i 3919
[25/6/2013 19:42:37] /i 3920
[25/6/2013 19:42:53] /i 3920
[25/6/2013 19:43:26] /i 3907
[25/6/2013 19:46:37] /i 3925
[25/6/2013 19:46:50] /i 3925
[25/6/2013 19:48:11] /i 1725
[25/6/2013 19:49:10] /i 3917
[25/6/2013 19:49:58] /i 1728
[25/6/2013 19:50:50] /i 3920
[25/6/2013 19:51:51] /i 3921
[25/6/2013 19:52:42] /i 3921
[25/6/2013 19:53:43] /i 3922
[25/6/2013 19:53:53] /i 3922
[25/6/2013 19:54:21] /i 3923
[25/6/2013 19:54:56] /i 3923
[25/6/2013 19:55:12] /i 3924
[25/6/2013 19:55:23] /i 3924
[25/6/2013 19:56:21] /i 3925
[25/6/2013 19:56:42] /i 3926
[25/6/2013 19:56:53] /i 3927
[25/6/2013 19:57:4] /i 3927
[25/6/2013 19:58:25] /i 3928
[25/6/2013 19:58:35] /i 3928
[25/6/2013 19:59:21] /i 3929
[25/6/2013 20:0:1] /i 3930
[25/6/2013 20:0:44] /i 3930
[25/6/2013 20:1:8] /i 3931
[25/6/2013 20:1:18] /i 3931
[25/6/2013 20:2:1] /i 3932
[25/6/2013 20:2:44] /i 3933
[25/6/2013 20:3:6] /i 3934
[25/6/2013 20:3:18] /i 3934
[25/6/2013 20:4:1] /i 3935
[25/6/2013 20:4:36] /i 3936
[25/6/2013 20:4:49] /i 3936
[25/6/2013 20:6:50] /i 3937
[25/6/2013 20:7:33] /i 3938
[25/6/2013 20:8:13] /i 6085
[25/6/2013 20:8:44] /i 1753
[25/6/2013 20:9:12] /i 3938
[25/6/2013 20:9:34] /i 3939
[25/6/2013 20:9:50] /clean
[25/6/2013 20:9:59] /r
[25/6/2013 20:10:22] /i 5086
[25/6/2013 20:10:32] /i 5086
[25/6/2013 20:12:1] /i 6114
[25/6/2013 20:12:12] /i 6114
[25/6/2013 20:13:3] /i 5852
[25/6/2013 20:13:10] /r
[25/6/2013 20:13:16] /r
[25/6/2013 20:13:21] /i 5852
[25/6/2013 20:13:29] /r
[25/6/2013 20:13:33] /i 5853
[25/6/2013 20:13:38] /r
[25/6/2013 20:13:54] /i 6109
[25/6/2013 20:14:16] /i 6115
[25/6/2013 20:14:48] /i 6372
[25/6/2013 20:15:26] /i 6372
[25/6/2013 20:15:46] /i 6356
[25/6/2013 20:16:18] /i 6357
[25/6/2013 20:17:19] /i 6373
[25/6/2013 20:17:27] /i 6373
[25/6/2013 20:17:43] /i 6368
[25/6/2013 20:18:10] /i 7503
[25/6/2013 20:18:39] /i 7700
[25/6/2013 20:18:50] /i 7700
[25/6/2013 20:18:59] /i 7960
[25/6/2013 20:19:15] /i 7961
[25/6/2013 20:19:24] /i 7962
[25/6/2013 20:19:39] /i 8692
[25/6/2013 20:19:50] /i 8693
[25/6/2013 20:20:4] /r
[25/6/2013 20:21:48] /i 8692
[25/6/2013 20:22:47] /i 11199
[25/6/2013 20:23:15] /i 11120
[25/6/2013 20:23:23] /i 11120
[25/6/2013 20:23:59] /r
[25/6/2013 20:24:4] /clean
[25/6/2013 20:25:52] /i 8693
[25/6/2013 20:26:1] /r
[25/6/2013 20:26:37] /i 8693
[25/6/2013 20:26:52] /i 8692
[25/6/2013 20:27:12] /reload actions
[25/6/2013 20:34:45] /reload config
[25/6/2013 20:35:16] /clean
[25/6/2013 20:36:23] /s demon
[25/6/2013 20:36:23] /s demon
[25/6/2013 20:36:54] /m giant spider
[25/6/2013 20:37:7] /m juggernaut
[25/6/2013 20:39:14] /s demon
[25/6/2013 20:40:22] /r
[25/6/2013 20:40:26] /s juggernaut
[25/6/2013 20:40:27] /s juggernaut
[25/6/2013 20:40:34] /m orshabaal
[25/6/2013 20:41:15] /s juggernaut
[25/6/2013 20:41:18] /s juggernaut
[25/6/2013 20:41:23] /s juggernaut
[25/6/2013 20:41:24] /s juggernaut
[25/6/2013 20:41:43] /s juggernaut
[25/6/2013 20:42:44] /r
[25/6/2013 20:42:46] /r
[25/6/2013 20:43:1] /i 4545
[25/6/2013 20:43:14] /m morgaroth
[25/6/2013 20:43:15] /m morgaroth
[25/6/2013 20:44:2] /r
[25/6/2013 20:44:4] /r
[25/6/2013 20:44:7] /r
[25/6/2013 20:44:8] /r
[25/6/2013 20:44:10] /r
[25/6/2013 21:11:13] /reload config
[25/6/2013 21:11:18] /goto andre knight
[25/6/2013 21:11:26] /goto andre knight
[25/6/2013 21:12:9] /t
[25/6/2013 21:14:47] /reload creaturescripts
[25/6/2013 21:16:28] /i 18465
[25/6/2013 21:17:8] /i 8931
[25/6/2013 21:17:51] /reload items
[25/6/2013 21:18:0] /i 18465
[25/6/2013 21:19:20] /reload items.xml
[25/6/2013 21:19:46] /reload items
[25/6/2013 21:23:12] /i 13581
[25/6/2013 21:23:32] /goto andre knight
[25/6/2013 21:23:34] /goto andre knight
[25/6/2013 21:23:37] /goto andre knight
[25/6/2013 21:39:25] /i 13581
[25/6/2013 21:39:26] /i 13581
[25/6/2013 21:39:26] /i 13581
[25/6/2013 21:42:11] /i 13529
[25/6/2013 21:42:25] /i 13529
[25/6/2013 21:42:26] /i 13529
[25/6/2013 21:42:26] /i 13529
[25/6/2013 22:11:46] /save
[25/6/2013 22:11:48] /shutdown
[25/6/2013 23:17:42] /goto andre knight
[25/6/2013 23:18:1] /down
[25/6/2013 23:18:6] /up
[25/6/2013 23:18:7] /up
[25/6/2013 23:18:10] /down
[25/6/2013 23:18:12] /up
[25/6/2013 23:18:15] /down
[25/6/2013 23:18:37] /up
[25/6/2013 23:18:46] /down
[25/6/2013 23:18:49] /up
[25/6/2013 23:19:0] /down
[25/6/2013 23:19:6] /down
[25/6/2013 23:19:9] /up
[25/6/2013 23:19:11] /down
[25/6/2013 23:19:17] /save
[25/6/2013 23:19:22] /shutdown
[26/6/2013 0:1:29] /t
[26/6/2013 0:5:36] /goto andre knight
[26/6/2013 0:5:46] /r
[26/6/2013 0:5:57] /m dragon lord
[26/6/2013 0:5:59] /m dragon lord
[26/6/2013 0:25:19] /goto andre knight
[26/6/2013 0:27:39] /i 2672
[26/6/2013 0:29:40] /up
[26/6/2013 0:29:44] /up
[26/6/2013 0:29:53] /up
[26/6/2013 0:30:32] /up
[26/6/2013 0:30:37] /up
[26/6/2013 0:30:45] /up
[26/6/2013 0:31:57] /up
[26/6/2013 0:31:59] /up
[26/6/2013 0:32:2] /down
[26/6/2013 0:32:3] /down
[26/6/2013 0:32:6] /down
[26/6/2013 0:32:32] /goto demon skeleton
[26/6/2013 0:32:41] /save
[26/6/2013 0:32:44] /shutdown
[26/6/2013 1:10:50] /save
[26/6/2013 1:10:53] /shutdown
[26/6/2013 1:38:52] /t
[26/6/2013 1:40:31] /i 2390
[26/6/2013 1:40:35] /i 2390
[26/6/2013 1:42:57] /i 15406
[26/6/2013 1:43:23] /i 15412
[26/6/2013 1:43:49] /i 15413
[26/6/2013 1:45:46] /goto andre knight
[26/6/2013 1:46:34] /i 2365
[26/6/2013 1:46:35] /i 2365
[26/6/2013 1:46:36] /i 2365
[26/6/2013 1:46:36] /i 2365
[26/6/2013 1:46:37] /i 2365
[26/6/2013 1:46:37] /i 2365
[26/6/2013 1:46:38] /i 2365
[26/6/2013 1:50:7] /i 11302
[26/6/2013 1:50:51] /i 11240
[26/6/2013 1:52:54] /i 18403
[26/6/2013 1:53:24] /i 18404
[26/6/2013 1:54:20] /i 18410
[26/6/2013 1:58:8] /i 12541
[26/6/2013 2:4:43] /reload config
[26/6/2013 2:11:50] /t andre knight
[26/6/2013 2:12:59] /kick andre knight
[26/6/2013 2:13:10] /save
[26/6/2013 2:13:15] /shutdown
[26/6/2013 20:48:34] /goto andre knight
[26/6/2013 20:49:26] /t
[26/6/2013 20:49:54] /send andre knight; 32369,32233,7
[26/6/2013 21:49:54] /goto andre knight
[26/6/2013 21:50:15] /m demon
[26/6/2013 21:51:28] /kick andre knight[]
[26/6/2013 21:51:31] /kick andre knight
[26/6/2013 21:53:21] /m demon
[26/6/2013 21:56:5] /i 8473
[26/6/2013 21:56:12] /i 8473
[26/6/2013 21:56:13] /i 8473
[26/6/2013 21:56:17] /i 8473
[26/6/2013 21:56:18] /i 8473
[26/6/2013 21:56:19] /i 8473
[26/6/2013 21:56:19] /i 8473
[26/6/2013 21:56:20] /i 8473
[26/6/2013 21:56:21] /i 8473
[26/6/2013 21:56:21] /i 8473
[26/6/2013 21:56:22] /i 8473
[26/6/2013 21:56:22] /i 8473
[26/6/2013 21:56:23] /i 8473
[26/6/2013 21:56:23] /i 8473
[26/6/2013 21:56:24] /i 8473
[26/6/2013 21:56:24] /i 8473
[26/6/2013 21:57:2] /i 8473
[26/6/2013 21:57:3] /i 8473
[26/6/2013 21:57:4] /i 8473
[26/6/2013 21:57:5] /i 8473
[26/6/2013 21:57:5] /i 8473
[26/6/2013 21:57:5] /i 8473
[26/6/2013 21:57:6] /i 8473
[26/6/2013 21:57:7] /i 8473
[26/6/2013 21:57:7] /i 8473
[26/6/2013 21:57:8] /i 8473
[26/6/2013 22:10:56] /goto andre knight
[27/6/2013 0:22:11] /t
[27/6/2013 0:22:15] /reload talkactions
[27/6/2013 0:26:9] /save
[27/6/2013 0:26:13] /shutdown
[27/6/2013 0:39:48] /i 3909
[27/6/2013 0:40:37] /i 1614
[27/6/2013 0:40:38] /i 1614
[27/6/2013 0:46:33] /i 1614/i 1860
[27/6/2013 0:46:39] /i 1614/i 1860
[27/6/2013 0:46:44] /i 1860
[27/6/2013 0:46:51] /i 1863
[27/6/2013 0:51:18] /i 1863
[27/6/2013 0:51:19] /i 1863
[27/6/2013 0:51:26] /i 1863
[27/6/2013 0:51:26] /i 1863
[27/6/2013 0:51:40] /i 1860
[27/6/2013 0:51:41] /i 1860
[27/6/2013 0:51:51] /i 1860
[27/6/2013 0:51:52] /i 1860
[27/6/2013 0:51:59] /i 1869
[27/6/2013 0:52:0] /i 1869
[27/6/2013 0:52:0] /i 1869
[27/6/2013 0:52:1] /i 1869
[27/6/2013 0:52:3] /i 1860
[27/6/2013 0:52:6] /i 1860
[27/6/2013 0:52:29] /i 1863
[27/6/2013 0:52:34] /i 1869
[27/6/2013 0:52:34] /i 1869
[27/6/2013 0:52:39] /i 1863
[27/6/2013 0:53:37] /i 1860
[27/6/2013 0:53:40] /i 1860
[27/6/2013 0:53:47] /i 1860
[27/6/2013 0:53:55] /i 1860
[27/6/2013 0:53:56] /i 1860
[27/6/2013 0:53:57] /i 1860
[27/6/2013 0:55:26] /i 1863
[27/6/2013 0:55:27] /i 1863
[27/6/2013 0:55:33] /i 1863
[27/6/2013 0:55:35] /i 1863
[27/6/2013 0:55:36] /i 1863
[27/6/2013 0:55:36] /i 1863
[27/6/2013 0:55:37] /i 1863
[27/6/2013 0:55:38] /i 1863
[27/6/2013 0:55:38] /i 1863
[27/6/2013 0:55:40] /i 1863
[27/6/2013 0:55:43] /i 1869
[27/6/2013 0:55:43] /i 1869
[27/6/2013 0:55:55] /i 1860
[27/6/2013 0:55:56] /i 1869
[27/6/2013 0:55:58] /i 1869
[27/6/2013 0:55:58] /i 1869
[27/6/2013 0:55:59] /i 1869
[27/6/2013 0:56:0] /i 1869
[27/6/2013 0:56:1] /i 1869
[27/6/2013 0:56:2] /i 1869
[27/6/2013 0:56:2] /i 1869
[27/6/2013 0:58:12] /i 1689
[27/6/2013 0:58:13] /i 1689
[27/6/2013 0:58:14] /i 1689
[27/6/2013 0:58:15] /i 1689
[27/6/2013 0:58:15] /i 1689
[27/6/2013 0:58:17] /i 1689
[27/6/2013 0:58:17] /i 1689
[27/6/2013 0:58:18] /i 1689
[27/6/2013 0:58:24] /i 1689
[27/6/2013 0:58:30] /i 1689
[27/6/2013 0:58:31] /i 1689
[27/6/2013 0:58:33] /i 1689
[27/6/2013 0:58:33] /i 1689
[27/6/2013 0:58:34] /i 1689
[27/6/2013 0:58:35] /i 1689
[27/6/2013 0:58:36] /i 1689
[27/6/2013 1:0:58] /i 1688
[27/6/2013 1:0:59] /i 1688
[27/6/2013 1:0:59] /i 1688
[27/6/2013 1:1:0] /i 1688
[27/6/2013 1:1:1] /i 1688
[27/6/2013 1:1:1] /i 1688
[27/6/2013 1:1:2] /i 1688
[27/6/2013 1:1:3] /i 1688
[27/6/2013 1:1:7] /i 1688
[27/6/2013 1:1:9] /i 1688
[27/6/2013 1:1:9] /i 1688
[27/6/2013 1:1:14] /i 1688
[27/6/2013 1:1:15] /i 1688
[27/6/2013 1:1:41] /i 1687
[27/6/2013 1:1:42] /i 1687
[27/6/2013 1:1:42] /i 1687
[27/6/2013 1:1:44] /i 1688
[27/6/2013 1:1:44] /i 1688
[27/6/2013 1:1:45] /i 1688
[27/6/2013 1:1:46] /i 1688
[27/6/2013 1:1:55] /i 1687
[27/6/2013 1:1:55] /i 1687
[27/6/2013 1:1:56] /i 1687
[27/6/2013 1:1:57] /i 1687
[27/6/2013 1:1:58] /i 1687
[27/6/2013 1:2:13] /i 1687
[27/6/2013 1:2:14] /i 1687
[27/6/2013 1:2:15] /i 1687
[27/6/2013 1:2:15] /i 1687
[27/6/2013 1:2:16] /i 1687
[27/6/2013 1:2:17] /i 1687
[27/6/2013 1:2:18] /i 1687
[27/6/2013 1:2:19] /i 1687
[27/6/2013 1:2:57] /i 1661
[27/6/2013 1:3:5] /save
[27/6/2013 1:3:9] /shutdown
[27/6/2013 2:4:17] /i 1614
[27/6/2013 2:4:18] /i 1614
[27/6/2013 2:4:19] /i 1614
[27/6/2013 2:4:27] /i 1659
[27/6/2013 2:7:58] /i 1661
[27/6/2013 2:15:22] /i 1661
[27/6/2013 2:15:23] /i 1661
[27/6/2013 2:15:25] /i 1661
[27/6/2013 2:15:27] /i 1661
[27/6/2013 2:16:43] /i 2151
[27/6/2013 2:18:32] /i 2146
[27/6/2013 2:20:29] /a 300
[27/6/2013 2:22:2] /up
[27/6/2013 2:22:41] /up
[27/6/2013 2:22:44] /up
[27/6/2013 2:27:4] /t
[27/6/2013 2:28:22] /save
[27/6/2013 2:28:30] /m demon
[27/6/2013 2:31:15] /m demon
[27/6/2013 2:32:52] /m demon
[27/6/2013 2:36:42] /m demon
[27/6/2013 2:59:39] /m sea serpent
[27/6/2013 3:0:14] /save
[27/6/2013 3:0:18] /shutdown
[27/6/2013 18:37:43] /goto andre knight
[27/6/2013 18:49:28] /down
[27/6/2013 18:55:50] /down
[27/6/2013 18:55:52] /down
[27/6/2013 18:57:27] /down
[27/6/2013 18:57:28] /down
[27/6/2013 18:57:30] /down
[27/6/2013 18:58:23] /a
[27/6/2013 18:58:24] /a
[27/6/2013 18:58:24] /a
[27/6/2013 18:58:26] /down
[27/6/2013 18:58:27] /a
[27/6/2013 18:58:28] /a
[27/6/2013 18:58:29] /a
[27/6/2013 18:58:29] /a
[27/6/2013 18:58:30] /a
[27/6/2013 18:58:30] /a
[27/6/2013 18:58:31] /a
[27/6/2013 18:58:33] /a
[27/6/2013 18:58:35] /a
[27/6/2013 18:58:35] /a
[27/6/2013 19:2:22] /r
[27/6/2013 19:2:25] /r
[27/6/2013 19:3:13] /up
[27/6/2013 19:3:14] /up
[27/6/2013 19:57:28] /m dwarf
[27/6/2013 19:57:34] /m dwarf
[27/6/2013 19:57:37] /m dwarf
[27/6/2013 19:57:37] /m dwarf
[27/6/2013 19:57:39] /m dwarf
[27/6/2013 19:57:39] /m dwarf
[27/6/2013 19:58:15] /down
[27/6/2013 19:58:17] /down
[27/6/2013 19:59:4] /up
[27/6/2013 19:59:7] /up
[27/6/2013 20:0:24] /up
[27/6/2013 20:13:4] /m deer
[27/6/2013 20:15:14] /m white deer
[27/6/2013 20:15:23] /m enraged white deer
[27/6/2013 20:27:47] /up
[27/6/2013 20:29:20] /m ferumbras
[27/6/2013 20:37:51] /up
[27/6/2013 20:39:13] /save
[27/6/2013 20:39:26] /shutdown
[27/6/2013 23:25:26] /t
[27/6/2013 23:27:2] /i 13581
[27/6/2013 23:27:3] /i 13581
[27/6/2013 23:27:18] /i 13529
[27/6/2013 23:27:19] /i 13529
[27/6/2013 23:29:31] /i 13581
[27/6/2013 23:29:33] /i 13529
[27/6/2013 23:29:39] /i 13581
[27/6/2013 23:32:54] /goto andre knight
[27/6/2013 23:33:11] /i 2795
[28/6/2013 0:22:54] /save
[28/6/2013 0:23:44] /shutdown
[28/6/2013 22:59:36] /goto andre knight
[28/6/2013 23:1:0] /m training monk
[28/6/2013 23:1:3] /m training monk
[28/6/2013 23:2:13] /m training monk
[28/6/2013 23:2:15] /r
[28/6/2013 23:24:31] /m behemoth
[28/6/2013 23:28:20] /m cockroach
[28/6/2013 23:28:38] /t
[28/6/2013 23:28:47] /m devovorga
[28/6/2013 23:30:26] /m fish]
[28/6/2013 23:30:28] /m fish
[28/6/2013 23:31:1] /m dragonling
[28/6/2013 23:32:13] /m fat rat
[28/6/2013 23:32:30] /m young rat
[28/6/2013 23:32:47] /m fanced rat
[28/6/2013 23:33:38] /m apocalypse
[28/6/2013 23:36:30] /m snake god essence
[28/6/2013 23:36:55] /r
[28/6/2013 23:37:34] /m leviathan
[28/6/2013 23:38:44] /m lord of the elements
[28/6/2013 23:39:18] /m lord of the elements
[28/6/2013 23:41:35] /t
[28/6/2013 23:42:23] /t
[28/6/2013 23:42:24] /t
[28/6/2013 23:49:15] /goto andre knight
[28/6/2013 23:49:21] /r
[28/6/2013 23:49:24] /r
[28/6/2013 23:51:16] /m training monk
[28/6/2013 23:51:17] /m training monk
[28/6/2013 23:51:49] /m demon
[29/6/2013 0:48:6] /s giant spider
[29/6/2013 0:48:18] /s giant spider
[29/6/2013 0:48:36] /s demon
[29/6/2013 0:50:47] /s juggernaut
[29/6/2013 0:53:5] /t
[29/6/2013 0:53:14] /s orshabaal
[29/6/2013 0:53:22] /m demon skeleton
[29/6/2013 0:53:22] /m demon skeleton
[29/6/2013 0:53:22] /m demon skeleton
[29/6/2013 0:53:23] /m demon skeleton
[29/6/2013 0:53:23] /m demon skeleton
[29/6/2013 0:53:24] /m demon skeleton
[29/6/2013 0:53:24] /m demon skeleton
[29/6/2013 0:53:25] /m demon skeleton
[29/6/2013 0:53:38] /m hunter
[29/6/2013 0:53:39] /m hunter
[29/6/2013 0:53:39] /m hunter
[29/6/2013 0:53:39] /m hunter
[29/6/2013 0:53:42] /m hunter
[29/6/2013 0:53:42] /m hunter
[29/6/2013 0:53:43] /m hunter
[29/6/2013 0:53:44] /m hunter
[29/6/2013 0:53:45] /m hunter
[29/6/2013 0:53:45] /m hunter
[29/6/2013 0:53:46] /m hunter
[29/6/2013 0:53:47] /m hunter
[29/6/2013 0:53:48] /m hunter
[29/6/2013 0:53:48] /m hunter
[29/6/2013 0:53:49] /m hunter
[29/6/2013 0:53:50] /m hunter
[29/6/2013 0:53:51] /m hunter
[29/6/2013 0:53:51] /m hunter
[29/6/2013 0:53:52] /m hunter
[29/6/2013 0:53:52] /m hunter
[29/6/2013 0:53:53] /m hunter
[29/6/2013 0:53:54] /m hunter
[29/6/2013 0:53:54] /m hunter
[29/6/2013 0:53:55] /m hunter
[29/6/2013 0:53:56] /m hunter
[29/6/2013 0:53:56] /m hunter
[29/6/2013 0:53:57] /m hunter
[29/6/2013 0:53:57] /m hunter
[29/6/2013 0:53:58] /m hunter
[29/6/2013 0:53:59] /m hunter
[29/6/2013 0:53:59] /m hunter
[29/6/2013 0:54:0] /m hunter
[29/6/2013 0:54:0] /m hunter
[29/6/2013 0:54:1] /m hunter
[29/6/2013 0:54:3] /m hunter
[29/6/2013 0:54:4] /m hunter
[29/6/2013 0:54:4] /m hunter
[29/6/2013 0:54:5] /m hunter
[29/6/2013 0:54:6] /m hunter
[29/6/2013 0:54:6] /m hunter
[29/6/2013 0:54:9] /m hunter
[29/6/2013 0:54:19] /m hunter
[29/6/2013 0:54:19] /m hunter
[29/6/2013 0:54:20] /m hunter
[29/6/2013 0:54:21] /m hunter
[29/6/2013 0:54:22] /m hunter
[29/6/2013 0:54:32] /m hunter
[29/6/2013 0:54:33] /m hunter
[29/6/2013 0:54:48] /m hunter
[29/6/2013 0:54:48] /m hunter
[29/6/2013 0:54:49] /m hunter
[29/6/2013 0:54:50] /m hunter
[29/6/2013 0:54:51] /m hunter
[29/6/2013 0:54:52] /m hunter
[29/6/2013 0:54:53] /m hunter
[29/6/2013 0:55:42] /s orshabaal
[29/6/2013 0:57:15] /goto andre knight
[29/6/2013 0:57:22] /r
[29/6/2013 0:57:25] /r
[29/6/2013 0:57:35] /r
[29/6/2013 0:57:37] /r
[29/6/2013 0:57:47] /s rat
[29/6/2013 0:57:58] /s orc
[29/6/2013 0:58:6] /s training monk
[29/6/2013 0:58:16] /r
[29/6/2013 0:58:18] /t
[29/6/2013 0:58:22] /r
[29/6/2013 0:58:34] /s training monk
[29/6/2013 0:58:41] /m apocalypse
[29/6/2013 0:58:42] /m apocalypse
[29/6/2013 0:58:42] /m apocalypse
[29/6/2013 0:58:43] /m apocalypse
[29/6/2013 0:58:43] /m apocalypse
[29/6/2013 0:58:44] /m apocalypse
[29/6/2013 0:58:44] /m apocalypse
[29/6/2013 0:58:45] /m apocalypse
[29/6/2013 0:59:10] /m apocalypse
[29/6/2013 0:59:11] /m apocalypse
[29/6/2013 0:59:11] /m apocalypse
[29/6/2013 0:59:57] /m ferumbras
[29/6/2013 0:59:58] /m ferumbras
[29/6/2013 0:59:59] /m ferumbras
[29/6/2013 0:59:59] /m ferumbras
[29/6/2013 1:0:0] /m ferumbras
[29/6/2013 1:0:1] /m ferumbras
[29/6/2013 1:0:1] /m ferumbras
[29/6/2013 1:6:18] /s training monk
[29/6/2013 1:13:24] /goto ferumbras
[29/6/2013 1:13:28] /goto ferumbras
[29/6/2013 1:14:8] /i 9971
[29/6/2013 1:14:46] /r
[29/6/2013 1:14:50] /r
[29/6/2013 1:14:59] /goto ferumbras
[29/6/2013 1:15:7] /goto apocalypse
[29/6/2013 1:15:12] /goto demon
[29/6/2013 1:16:4] /goto andre knight
[29/6/2013 1:16:8] /r
[29/6/2013 1:16:10] /r
[29/6/2013 1:17:56] /save
[29/6/2013 1:18:0] /shutdown 
[29/6/2013 2:48:18] /goto andre knight
[29/6/2013 2:48:22] /down
[29/6/2013 2:53:45] /goto andre knight
[29/6/2013 3:25:15] /reload config
[29/6/2013 3:26:32] /goto andre zoio
[29/6/2013 3:26:36] /goto andre knight
[29/6/2013 3:26:43] /r
[29/6/2013 3:26:44] /r
[29/6/2013 3:26:45] /r
[29/6/2013 3:26:47] /r
[29/6/2013 3:26:49] /r
[29/6/2013 3:26:50] /r
[29/6/2013 3:26:50] /r
[29/6/2013 3:26:53] /r
[29/6/2013 3:26:56] /r
[29/6/2013 3:26:58] /r
[29/6/2013 3:27:0] /r
[29/6/2013 3:27:1] /r
[29/6/2013 3:27:3] /r
[29/6/2013 3:27:4] /r
[29/6/2013 3:27:5] /r
[29/6/2013 3:27:7] /r
[29/6/2013 3:27:9] /r
[29/6/2013 3:27:10] /r
[29/6/2013 3:27:12] /r
[29/6/2013 3:27:14] /r
[29/6/2013 3:27:15] /r
[29/6/2013 3:27:17] /r
[29/6/2013 3:27:18] /r
[29/6/2013 3:27:20] /r
[29/6/2013 3:27:21] /r
[29/6/2013 3:27:26] /down
[29/6/2013 3:27:33] /up
[29/6/2013 3:32:7] /goto andre knight
[29/6/2013 3:32:10] /down
[29/6/2013 3:32:16] /up
[29/6/2013 3:32:19] /down
[29/6/2013 3:32:22] /up
[29/6/2013 3:32:23] /up
[29/6/2013 4:8:12] /save
[29/6/2013 4:9:7] /s fish[
[29/6/2013 4:9:10] /s fish
[29/6/2013 4:9:22] /m calamari
[29/6/2013 4:9:25] /m calemari
[29/6/2013 4:9:30] /m celamari
[29/6/2013 4:9:44] /s sea serpent
[29/6/2013 4:10:24] /save
[29/6/2013 4:10:27] /shutdown
[29/6/2013 21:19:25] /t
[29/6/2013 21:24:49] /up
[29/6/2013 21:25:46] /up
[29/6/2013 21:26:50] /a
[29/6/2013 21:26:52] /a
[29/6/2013 21:26:56] /a
[29/6/2013 21:26:57] /a
[29/6/2013 21:30:11] /up
[29/6/2013 21:31:6] /down
[29/6/2013 21:34:4] /up
[29/6/2013 21:34:42] /up
[29/6/2013 21:34:58] /a 7
[29/6/2013 21:35:33] /up
[29/6/2013 21:35:36] /up
[29/6/2013 21:38:1] /m markwin
[29/6/2013 21:42:49] /t
[29/6/2013 22:38:58] /goto andre knight]
[29/6/2013 22:39:0] /goto andre knight
[29/6/2013 23:7:13] /goto andre knight
[29/6/2013 23:7:19] /down
[29/6/2013 23:7:24] /up
[29/6/2013 23:7:28] /down
[29/6/2013 23:7:30] /up
[29/6/2013 23:7:32] /down
[29/6/2013 23:7:34] /up
[29/6/2013 23:8:6] /m vampire bride
[29/6/2013 23:8:7] /m vampire bride
[29/6/2013 23:8:7] /m vampire bride
[29/6/2013 23:9:7] /up
[29/6/2013 23:9:17] /a 2
[29/6/2013 23:9:20] /a 2
[29/6/2013 23:34:32] /goto andre knight
[30/6/2013 0:56:44] /ghost
[30/6/2013 1:5:2] /a 10
[30/6/2013 1:5:21] /goto grizzly adams
[30/6/2013 1:6:44] /t
[30/6/2013 2:14:55] /goto andre knight
[30/6/2013 2:16:41] /r
[30/6/2013 2:30:19] /save
[30/6/2013 2:30:22] /shutdown
[30/6/2013 3:41:9] /t
[30/6/2013 3:48:16] /i 1738
[30/6/2013 3:48:44] /m ice dragon
[30/6/2013 3:48:45] /m ice dragon
[30/6/2013 3:48:50] /m frost dragon
[30/6/2013 3:48:51] /m frost dragon
[30/6/2013 3:48:51] /m frost dragon
[30/6/2013 3:48:52] /m frost dragon
[30/6/2013 3:51:37] /reload vocations
[30/6/2013 3:51:39] /reload vocations
[30/6/2013 3:51:40] /reload vocations
[30/6/2013 3:51:52] /m ice golem
[30/6/2013 3:51:54] /m ice golem
[30/6/2013 3:51:55] /m ice golem
[30/6/2013 3:51:55] /m ice golem
[30/6/2013 3:52:31] /reload vocations
[30/6/2013 3:53:2] /i 7441
[30/6/2013 3:53:21] /i 7441
[30/6/2013 3:53:22] /i 7441
[30/6/2013 3:53:23] /i 7441
[30/6/2013 3:53:24] /i 7441
[30/6/2013 3:53:24] /i 7441
[30/6/2013 3:53:25] /i 7441
[30/6/2013 3:53:26] /i 7441
[30/6/2013 3:54:25] /i 7441
[30/6/2013 3:54:26] /i 7441
[30/6/2013 3:54:27] /i 7441
[30/6/2013 3:54:29] /i 7441
[30/6/2013 3:54:51] /i 7441
[30/6/2013 3:54:52] /i 7441
[30/6/2013 3:54:52] /i 7441
[30/6/2013 3:54:53] /i 7441
[30/6/2013 3:55:3] /i 7441
[30/6/2013 3:55:42] /i 7441
[30/6/2013 3:55:43] /i 7441
[30/6/2013 3:55:43] /i 7441
[30/6/2013 3:55:44] /i 7441
[30/6/2013 3:56:13] /i 7441
[30/6/2013 3:56:14] /i 7441
[30/6/2013 3:56:14] /i 7441
[30/6/2013 3:56:15] /i 7441
[30/6/2013 3:56:43] /i 7441
[30/6/2013 3:56:58] /i 7441
[30/6/2013 3:57:13] /i 7441
[30/6/2013 3:57:25] /i 7441
[30/6/2013 3:57:58] /i 7441
[30/6/2013 3:57:59] /i 7441
[30/6/2013 3:58:2] /i 7441
[30/6/2013 3:58:2] /i 7441
[30/6/2013 3:58:31] /i 7441
[30/6/2013 3:58:31] /i 7441
[30/6/2013 3:58:32] /i 7441
[30/6/2013 3:58:48] /i 7441
[30/6/2013 3:58:50] /i 7441
[30/6/2013 3:58:51] /i 7441
[30/6/2013 3:58:52] /i 7441
[30/6/2013 4:10:22] /save
[30/6/2013 4:10:34] /goto black knight
[30/6/2013 4:11:39] /goto black knight
[30/6/2013 4:13:48] /t
[30/6/2013 4:13:55] /goto black knight
[30/6/2013 4:14:23] /a 90
[30/6/2013 4:14:26] /a 15
[30/6/2013 4:14:58] /goto black knight
[30/6/2013 4:15:3] /t
[30/6/2013 4:15:52] /goto rat
[30/6/2013 4:15:57] /goto snake
[30/6/2013 4:16:0] /goto snake
[30/6/2013 4:16:5] /goto snake
[30/6/2013 4:16:8] /goto snake
[30/6/2013 4:16:15] /goto snake
[30/6/2013 4:16:30] /goto rotworm
[30/6/2013 4:16:41] /goto the oracle
[30/6/2013 4:18:24] /r
[30/6/2013 4:18:25] /r
[30/6/2013 4:18:26] /r
[30/6/2013 4:18:27] /r
[30/6/2013 4:18:53] /shutdown
[30/6/2013 13:45:33] /goto andre knigjt
[30/6/2013 13:45:36] /goto andre knight
[30/6/2013 13:50:40] /r
[30/6/2013 13:55:47] /goto andre knight
[30/6/2013 14:21:47] /goto miles
[30/6/2013 14:21:51] /goto miles, the guard
[30/6/2013 14:29:1] /save
[30/6/2013 14:29:5] /shutdown
[30/6/2013 14:32:13] /goto andre knight
[30/6/2013 14:32:51] /i 7488
[30/6/2013 14:34:42] /attr
[30/6/2013 14:34:48] /attr andre knight
[30/6/2013 14:36:0] /m dragon
[30/6/2013 14:40:40] /goto andre knight
[30/6/2013 14:40:45] /m orshabaal
[30/6/2013 14:41:3] /m orshabaal
[30/6/2013 14:43:49] /shutdown
[30/6/2013 23:38:27] /reload config
[30/6/2013 23:42:58] /reload spells
[1/7/2013 0:10:10] /goto andre knight
[1/7/2013 0:26:50] /goto andre knight
[1/7/2013 0:31:40] /goto banshee queen
[1/7/2013 0:32:29] /up
[1/7/2013 0:34:11] /up
[1/7/2013 0:35:59] /t
[1/7/2013 0:36:5] /t andre knight
[1/7/2013 0:36:26] /send andre knight; 32369,32234,7
[1/7/2013 0:37:24] /m orshabaal
[1/7/2013 0:40:11] /m ferumbras
[1/7/2013 0:45:6] /m dracola
[1/7/2013 0:51:57] /i 7906
[1/7/2013 0:52:36] /i 7905
[1/7/2013 0:52:57] /i 7904
[1/7/2013 0:53:9] /i 7907
[1/7/2013 0:53:24] /i 7904
[1/7/2013 0:54:5] /save
[1/7/2013 0:54:7] /shutdown
[1/7/2013 1:47:14] /reload vocations.xml
[1/7/2013 1:47:17] /save
[1/7/2013 1:47:20] /shutdown
[1/7/2013 2:21:49] /goto andre knight
[1/7/2013 2:22:28] /m braindeath
[1/7/2013 2:22:34] /m braindeath
[1/7/2013 2:22:44] /m elder bonelord
[1/7/2013 2:22:46] /m elder bonelord
[1/7/2013 2:22:59] /m black knight
[1/7/2013 2:23:0] /m black knight
[1/7/2013 2:23:3] /m black knight
[1/7/2013 2:23:9] /m hero
[1/7/2013 2:23:11] /m hero
[1/7/2013 2:23:12] /m hero
[1/7/2013 2:56:45] /save
[1/7/2013 2:56:50] /shutdown
[1/7/2013 22:19:33] /up
[1/7/2013 22:19:49] /up
[1/7/2013 22:20:9] /ghost
[1/7/2013 22:20:13] /up
[1/7/2013 22:20:15] /up
[1/7/2013 22:25:17] /up
[1/7/2013 22:26:12] /up
[1/7/2013 22:27:7] /up
[1/7/2013 22:27:16] /up
[1/7/2013 22:29:51] /a 50
[1/7/2013 22:30:5] /a 30
[1/7/2013 22:33:15] /m demon
[1/7/2013 22:35:50] /m dragon
[1/7/2013 22:37:11] /m demon
[1/7/2013 22:44:6] /s morgaroth
[1/7/2013 22:44:37] /m ghazbaran
[1/7/2013 22:47:41] /m demon
[1/7/2013 22:48:9] /m dragon
[1/7/2013 22:49:51] /s dragon lord
[1/7/2013 22:50:40] /m dragon
[1/7/2013 22:51:26] /m giant spider
[1/7/2013 22:52:20] /s dragon lord
[1/7/2013 22:52:20] /s dragon lord
[1/7/2013 22:52:20] /s dragon lord
[1/7/2013 22:52:21] /s dragon lord
[1/7/2013 22:52:27] /m demon
[1/7/2013 22:54:20] /m demon
[1/7/2013 22:55:4] /save
[1/7/2013 22:55:7] /shutdown
[2/7/2013 2:24:56] /t
[2/7/2013 2:25:3] /save
[2/7/2013 2:25:31] /m hunter/up
[2/7/2013 2:25:35] /up
[2/7/2013 2:25:36] /up
[2/7/2013 2:25:40] /m hunter
[2/7/2013 2:25:40] /m hunter
[2/7/2013 2:25:41] /m hunter
[2/7/2013 2:25:41] /m hunter
[2/7/2013 2:25:42] /m hunter
[2/7/2013 2:25:42] /m hunter
[2/7/2013 2:25:43] /m hunter
[2/7/2013 2:25:43] /m hunter
[2/7/2013 2:25:47] /m hunter
[2/7/2013 2:25:56] /s demon
[2/7/2013 2:26:58] /m hunter
[2/7/2013 2:26:59] /m hunter
[2/7/2013 2:27:1] /m hunter
[2/7/2013 2:27:2] /m hunter
[2/7/2013 2:27:2] /m hunter
[2/7/2013 2:27:3] /m hunter
[2/7/2013 2:27:3] /m hunter
[2/7/2013 2:27:4] /m hunter
[2/7/2013 2:27:4] /m hunter
[2/7/2013 2:27:26] /m hunter
[2/7/2013 2:27:26] /m hunter
[2/7/2013 2:27:27] /m hunter
[2/7/2013 2:27:27] /m hunter
[2/7/2013 2:27:28] /m hunter
[2/7/2013 2:27:28] /m hunter
[2/7/2013 2:27:29] /m hunter
[2/7/2013 2:27:29] /m hunter
[2/7/2013 2:27:30] /m hunter
[2/7/2013 2:28:13] /m hunter
[2/7/2013 2:28:14] /m hunter
[2/7/2013 2:28:14] /m hunter
[2/7/2013 2:28:15] /m hunter
[2/7/2013 2:28:15] /m hunter
[2/7/2013 2:28:16] /m hunter
[2/7/2013 2:28:16] /m hunter
[2/7/2013 2:28:17] /m hunter
[2/7/2013 2:28:18] /m hunter
[2/7/2013 2:28:47] /m hunter
[2/7/2013 2:28:48] /m hunter
[2/7/2013 2:28:48] /m hunter
[2/7/2013 2:28:49] /m hunter
[2/7/2013 2:28:49] /m hunter
[2/7/2013 2:28:50] /m hunter
[2/7/2013 2:28:50] /m hunter
[2/7/2013 2:28:51] /m hunter
[2/7/2013 2:28:51] /m hunter
[2/7/2013 2:29:8] /m hunter
[2/7/2013 2:29:8] /m hunter
[2/7/2013 2:29:9] /m hunter
[2/7/2013 2:29:9] /m hunter
[2/7/2013 2:29:10] /m hunter
[2/7/2013 2:29:10] /m hunter
[2/7/2013 2:29:11] /m hunter
[2/7/2013 2:29:11] /m hunter
[2/7/2013 2:29:12] /m hunter
[2/7/2013 2:29:27] /m hunter
[2/7/2013 2:29:28] /m hunter
[2/7/2013 2:29:28] /m hunter
[2/7/2013 2:29:29] /m hunter
[2/7/2013 2:29:29] /m hunter
[2/7/2013 2:29:30] /m hunter
[2/7/2013 2:29:30] /m hunter
[2/7/2013 2:29:31] /m hunter
[2/7/2013 2:29:31] /m hunter
[2/7/2013 2:30:3] /m hunter
[2/7/2013 2:30:4] /m hunter
[2/7/2013 2:30:4] /m hunter
[2/7/2013 2:30:5] /m hunter
[2/7/2013 2:30:5] /m hunter
[2/7/2013 2:30:6] /m hunter
[2/7/2013 2:30:6] /m hunter
[2/7/2013 2:30:7] /m hunter
[2/7/2013 2:30:7] /m hunter
[2/7/2013 2:30:23] /m hunter
[2/7/2013 2:30:24] /m hunter
[2/7/2013 2:30:32] /save
[2/7/2013 2:30:34] /shutdown
[2/7/2013 22:18:42] /goto andre knight]
[2/7/2013 22:18:44] /goto andre knight
[2/7/2013 22:18:50] /up
[2/7/2013 22:18:53] /up
[2/7/2013 22:18:56] /a
[2/7/2013 22:19:8] /down
[2/7/2013 22:19:9] /down
[2/7/2013 22:19:10] /down
[2/7/2013 22:19:11] /down
[2/7/2013 22:19:12] /down
[2/7/2013 22:19:14] /down
[2/7/2013 22:23:38] /save
[2/7/2013 22:23:42] /shutdown
[3/7/2013 0:24:52] /save
[3/7/2013 0:25:5] /a
[3/7/2013 0:25:12] /a 2
[3/7/2013 0:25:16] /a 1
[3/7/2013 0:25:19] /a 2
[3/7/2013 0:25:21] /up
[3/7/2013 0:25:26] /a 3
[3/7/2013 0:25:28] /up
[3/7/2013 0:25:35] /up
[3/7/2013 0:25:37] /a
[3/7/2013 0:25:40] /up
[3/7/2013 0:25:45] /up
[3/7/2013 0:25:48] /a
[3/7/2013 0:25:53] /a 3
[3/7/2013 0:25:55] /up
[3/7/2013 0:26:7] /save
[3/7/2013 0:26:10] /shutdown
[3/7/2013 23:21:47] /t
[3/7/2013 23:22:7] /send andre knight; 32369, 32236, 7
[3/7/2013 23:29:19] /save
[3/7/2013 23:29:22] /shutdown
[4/7/2013 23:18:17] /goto andre knight
[4/7/2013 23:18:33] /up
[4/7/2013 23:18:38] /up
[4/7/2013 23:43:53] /save
[4/7/2013 23:43:57] /shutdown
[5/7/2013 1:40:32] /reload monsters
[5/7/2013 1:40:39] /m apocalypse
[5/7/2013 1:40:45] /s demon
[5/7/2013 1:41:59] /s deathslicer
[5/7/2013 1:41:59] /s deathslicer
[5/7/2013 1:42:0] /s deathslicer
[5/7/2013 1:42:1] /s deathslicer
[5/7/2013 1:42:24] /s deathslicer
[5/7/2013 1:42:25] /s deathslicer
[5/7/2013 1:42:25] /s deathslicer
[5/7/2013 1:42:26] /s deathslicer
[5/7/2013 1:42:26] /s deathslicer
[5/7/2013 1:42:26] /s deathslicer
[5/7/2013 1:42:27] /s deathslicer
[5/7/2013 1:42:27] /s deathslicer
[5/7/2013 1:42:28] /s deathslicer
[5/7/2013 1:42:28] /s deathslicer
[5/7/2013 1:42:29] /s deathslicer
[5/7/2013 1:42:29] /s deathslicer
[5/7/2013 1:42:30] /s deathslicer
[5/7/2013 1:42:30] /s deathslicer
[5/7/2013 1:42:31] /s deathslicer
[5/7/2013 1:43:42] /reload items
[5/7/2013 1:44:4] /down
[5/7/2013 1:44:11] /s deathslicer
[5/7/2013 1:44:11] /s deathslicer
[5/7/2013 1:44:12] /s deathslicer
[5/7/2013 1:44:12] /s deathslicer
[5/7/2013 1:44:13] /s deathslicer
[5/7/2013 1:44:26] /m apocalypse
[5/7/2013 1:44:38] /s deathslicer
[5/7/2013 1:44:40] /s deathslicer
[5/7/2013 1:44:40] /s deathslicer
[5/7/2013 1:44:41] /s deathslicer
[5/7/2013 1:44:42] /s deathslicer
[5/7/2013 1:44:42] /s deathslicer
[5/7/2013 1:44:43] /s deathslicer
[5/7/2013 1:44:43] /s deathslicer
[5/7/2013 1:44:44] /s deathslicer
[5/7/2013 1:44:44] /s deathslicer
[5/7/2013 1:44:45] /s deathslicer
[5/7/2013 1:44:53] /s deathslicer
[5/7/2013 1:44:54] /s deathslicer
[5/7/2013 1:44:54] /s deathslicer
[5/7/2013 1:44:55] /s deathslicer
[5/7/2013 1:44:56] /s deathslicer
[5/7/2013 1:44:56] /s deathslicer
[5/7/2013 1:44:57] /s deathslicer
[5/7/2013 1:44:58] /s deathslicer
[5/7/2013 1:44:58] /s deathslicer
[5/7/2013 1:44:59] /s deathslicer
[5/7/2013 1:45:0] /s deathslicer
[5/7/2013 1:45:0] /s deathslicer
[5/7/2013 1:45:1] /s deathslicer
[5/7/2013 1:45:1] /s deathslicer
[5/7/2013 1:45:2] /s deathslicer
[5/7/2013 1:45:3] /s deathslicer
[5/7/2013 1:45:25] /m apocalypse
[5/7/2013 1:46:5] /m apocalypse
[5/7/2013 1:48:50] /shutdown
[5/7/2013 1:54:38] /m apocalypse
[5/7/2013 1:54:48] /s deathslicer
[5/7/2013 1:54:49] /s deathslicer
[5/7/2013 1:54:50] /s deathslicer
[5/7/2013 1:54:50] /s deathslicer
[5/7/2013 1:54:51] /s deathslicer
[5/7/2013 1:54:51] /s deathslicer
[5/7/2013 1:54:53] /s deathslicer
[5/7/2013 1:54:53] /s deathslicer
[5/7/2013 1:54:54] /s deathslicer
[5/7/2013 1:54:54] /s deathslicer
[5/7/2013 1:54:55] /s deathslicer
[5/7/2013 1:54:56] /s deathslicer
[5/7/2013 1:54:56] /s deathslicer
[5/7/2013 1:54:57] /s deathslicer
[5/7/2013 1:54:57] /s deathslicer
[5/7/2013 1:54:58] /s deathslicer
[5/7/2013 1:54:59] /s deathslicer
[5/7/2013 1:54:59] /s deathslicer
[5/7/2013 1:54:59] /s deathslicer
[5/7/2013 1:55:0] /s deathslicer
[5/7/2013 1:55:10] /s deathslicer
[5/7/2013 1:55:11] /s deathslicer
[5/7/2013 1:55:11] /s deathslicer
[5/7/2013 1:55:11] /s deathslicer
[5/7/2013 1:55:12] /s deathslicer
[5/7/2013 1:55:13] /s deathslicer
[5/7/2013 1:55:14] /s deathslicer
[5/7/2013 1:55:14] /s deathslicer
[5/7/2013 1:55:14] /s deathslicer
[5/7/2013 1:55:15] /s deathslicer
[5/7/2013 1:56:4] /s deathslicer
[5/7/2013 1:56:4] /s deathslicer
[5/7/2013 1:56:5] /s deathslicer
[5/7/2013 1:56:6] /s deathslicer
[5/7/2013 1:56:7] /s deathslicer
[5/7/2013 1:56:8] /s deathslicer
[5/7/2013 1:56:9] /s deathslicer
[5/7/2013 1:56:9] /s deathslicer
[5/7/2013 1:56:10] /s deathslicer
[5/7/2013 1:56:10] /s deathslicer
[5/7/2013 1:56:45] /m apocalypse
[5/7/2013 1:57:18] /s deathslicer
[5/7/2013 1:57:19] /s deathslicer
[5/7/2013 1:57:19] /s deathslicer
[5/7/2013 1:57:20] /s deathslicer
[5/7/2013 1:57:20] /s deathslicer
[5/7/2013 1:57:21] /s deathslicer
[5/7/2013 1:57:34] /m apocalypse
[5/7/2013 1:58:31] /m apocalypse
[5/7/2013 1:59:17] /m apocalypse
[5/7/2013 2:0:23] /m ferumbras
[5/7/2013 2:1:43] /m morgaroth
[5/7/2013 2:2:15] /m ghazbaran
[5/7/2013 2:3:22] /goto wyrm
[5/7/2013 2:7:56] /t
[5/7/2013 2:8:40] /shutdown
[5/7/2013 20:43:20] /t
[5/7/2013 20:46:40] /skill andre zoio
[5/7/2013 20:46:44] /skill andre zoiol 150
[5/7/2013 20:46:48] /skill andre zoio l 150
[5/7/2013 20:47:34] /skill andre zoio; l 150
[5/7/2013 20:47:39] /skill andre zoio; l, 150
[5/7/2013 20:47:45] /skill andre zoio, l 150
[5/7/2013 20:48:4] /skill andre zoio, l, 100
[5/7/2013 20:48:10] /skill andre zoio, l, 50
[5/7/2013 20:48:21] /reload config
[5/7/2013 20:50:12] /skill andre zoio, l, 150
[5/7/2013 20:54:17] /i 1987
[5/7/2013 20:57:15] /m morgaroth
[5/7/2013 20:59:16] /m rotworm queen
[5/7/2013 20:59:17] /m rotworm queen
[5/7/2013 20:59:17] /m rotworm queen
[5/7/2013 20:59:18] /m rotworm queen
[5/7/2013 20:59:47] /m annihilon
[5/7/2013 21:2:8] /m infernalist
[5/7/2013 21:15:20] /m zarabustor
[5/7/2013 21:15:32] /m tiquanda's revenge
[5/7/2013 21:15:36] /m tiquandas revenge
[5/7/2013 21:16:9] /m zarabustor
[5/7/2013 21:16:13] /m the zarabustor
[5/7/2013 21:16:20] /m man in cave
[5/7/2013 21:16:21] /m man in cave
[5/7/2013 21:16:26] /m demon
[5/7/2013 21:17:23] /m lord of the elements
[5/7/2013 21:18:33] /m wyrm
[5/7/2013 21:19:8] /m necropharus
[5/7/2013 21:19:52] /m lost soul
[5/7/2013 21:20:55] /save
[5/7/2013 21:21:0] /shutdown
[5/7/2013 22:30:4] /i 18409
[5/7/2013 22:31:48] /i 12645
[5/7/2013 22:32:7] /i 12643
[5/7/2013 22:33:8] /i 15410
[5/7/2013 22:35:21] /reload items
[5/7/2013 22:35:30] /save
[5/7/2013 22:35:33] /shutdown
[5/7/2013 22:49:36] /save
[5/7/2013 22:49:39] /shutdown
[5/7/2013 23:25:33] /goto andre knight
[5/7/2013 23:26:15] /i 2365
[5/7/2013 23:28:55] /t
[6/7/2013 0:11:37] /save
[6/7/2013 0:11:40] /shutdown
[6/7/2013 20:32:54] /reload config
[6/7/2013 21:57:0] /i 2159
[6/7/2013 22:1:8] /m dragon
[6/7/2013 22:1:40] /s giant spider
[6/7/2013 22:3:24] /goto rahemos
[6/7/2013 22:4:59] /down
[6/7/2013 22:5:14] /r
[6/7/2013 22:5:52] /r
[6/7/2013 22:6:0] /r
[6/7/2013 22:6:40] /goto morguthis
[6/7/2013 22:11:36] /r
[6/7/2013 22:11:40] /r
[6/7/2013 22:11:41] /r
[6/7/2013 22:12:59] /up
[6/7/2013 22:13:40] /goto /m arkhothep
[6/7/2013 22:13:45] /m arkhothep
[6/7/2013 22:14:14] /goto arkhothep
[6/7/2013 22:14:19] /goto arkhothep
[6/7/2013 22:14:22] /m arkhothep
[6/7/2013 22:14:39] /goto orshabaal
[6/7/2013 22:15:14] /goto morgaroth
[6/7/2013 22:15:25] /up
[6/7/2013 22:15:29] /down
[6/7/2013 22:15:39] /goto ghazbaran
[6/7/2013 22:15:48] /s ghazbaran
[6/7/2013 22:15:56] /r
[6/7/2013 22:16:2] /r
[6/7/2013 22:16:5] /r
[6/7/2013 22:16:9] /goto morgaroth
[6/7/2013 22:16:46] /goto dipthra
[6/7/2013 22:16:48] /goto dipthrah
[6/7/2013 22:17:45] /goto mahdris
[6/7/2013 22:17:52] /goto mahrdris
[6/7/2013 22:18:6] /goto mahrdis
[6/7/2013 22:18:50] /goto omruc
[6/7/2013 22:20:12] /goto morguthis
[6/7/2013 22:20:42] /goto thalas
[6/7/2013 22:21:14] /goto vashresamus
[6/7/2013 22:21:18] /goto vashresamun
[6/7/2013 22:21:52] /goto ashmunrah
[6/7/2013 22:37:6] /r
[6/7/2013 22:37:8] /r
[6/7/2013 22:37:9] /a
[6/7/2013 22:37:11] /a
[6/7/2013 22:37:16] /a
[6/7/2013 22:37:17] /a
[6/7/2013 22:37:23] /a
[6/7/2013 22:38:9] /t
[6/7/2013 22:39:5] /s demon
[6/7/2013 22:39:11] /m arkhothep
[6/7/2013 22:40:18] /s rat
[6/7/2013 22:40:50] /m demon
[6/7/2013 22:41:3] /s cockroach
[6/7/2013 22:41:22] /s juggernaut
[6/7/2013 22:42:34] /m hunter
[6/7/2013 22:42:35] /m hunter
[6/7/2013 22:42:35] /m hunter
[6/7/2013 22:42:36] /m hunter
[6/7/2013 22:43:5] /m dark apprentice
[6/7/2013 22:48:41] /m deathslicer
[6/7/2013 22:48:41] /m deathslicer
[6/7/2013 22:48:42] /m deathslicer
[6/7/2013 22:48:42] /m deathslicer
[6/7/2013 22:48:43] /m deathslicer
[6/7/2013 22:48:43] /m deathslicer
[6/7/2013 22:48:44] /m deathslicer
[6/7/2013 22:48:44] /m deathslicer
[6/7/2013 22:48:44] /m deathslicer
[6/7/2013 22:48:46] /m deathslicer
[6/7/2013 22:49:21] /m juggernaut
[6/7/2013 22:49:27] /s rat
[6/7/2013 22:49:41] /s rat
[6/7/2013 22:50:27] /m dark apprentice
[6/7/2013 22:51:9] /m dark apprentice
[6/7/2013 22:51:18] /m dark apprentice
[6/7/2013 22:51:29] /i 2260
[6/7/2013 22:52:29] /r
[6/7/2013 22:54:41] /r
[6/7/2013 22:54:42] /r
[6/7/2013 22:54:43] /r
[6/7/2013 22:54:44] /r
[6/7/2013 22:54:45] /r
[6/7/2013 22:54:47] /r
[6/7/2013 22:54:48] /r
[6/7/2013 22:54:52] /r
[6/7/2013 22:54:52] /r
[6/7/2013 22:54:54] /r
[6/7/2013 22:55:12] /s orshabaal
[6/7/2013 22:56:38] /r
[6/7/2013 22:56:40] /r
[6/7/2013 22:56:40] /r
[6/7/2013 22:56:44] /r
[6/7/2013 22:56:46] /r
[6/7/2013 22:56:48] /r
[6/7/2013 22:56:51] /r
[6/7/2013 22:57:0] /r
[6/7/2013 22:57:12] /s orshabaal
[6/7/2013 22:57:21] /m juggernaut
[6/7/2013 22:57:21] /m juggernaut
[6/7/2013 22:58:20] /s morgaroth
[6/7/2013 22:58:58] /r
[6/7/2013 22:59:2] /r
[6/7/2013 22:59:11] /m morgaroth
[6/7/2013 22:59:18] /s orshabaal
[6/7/2013 22:59:18] /s orshabaal
[6/7/2013 23:0:25] /s orshabaal
[6/7/2013 23:0:26] /s orshabaal
[6/7/2013 23:0:59] /save
[6/7/2013 23:1:2] /shutdown
[7/7/2013 19:13:30] /goto andre knight
[7/7/2013 19:13:45] /up
[7/7/2013 19:13:53] /down
[7/7/2013 19:21:11] /t
[7/7/2013 19:25:55] /goto andre zoio
[7/7/2013 19:25:59] /goto andre knight
[7/7/2013 19:26:9] /m rat
[7/7/2013 19:29:10] /down
[7/7/2013 19:29:28] /up
[7/7/2013 19:40:27] /goto andre knight
[7/7/2013 19:40:33] /down
[7/7/2013 19:40:38] /up
[7/7/2013 19:40:43] /down
[7/7/2013 19:40:52] /up
[7/7/2013 19:40:55] /down
[7/7/2013 19:40:58] /up
[7/7/2013 19:41:13] /r
[7/7/2013 19:41:28] /down
[7/7/2013 19:41:32] /up
[7/7/2013 19:41:57] /down
[7/7/2013 19:42:1] /up
[7/7/2013 19:42:24] /down
[7/7/2013 19:42:31] /up
[7/7/2013 19:42:35] /down
[7/7/2013 19:42:44] /up
[7/7/2013 19:42:49] /down
[7/7/2013 19:42:51] /up
[7/7/2013 19:42:52] /up
[7/7/2013 19:42:56] /down
[7/7/2013 19:42:58] /down
[7/7/2013 19:42:59] /down
[7/7/2013 19:43:1] /down
[7/7/2013 19:43:2] /down
[7/7/2013 19:43:4] /up
[7/7/2013 19:43:5] /up
[7/7/2013 19:43:15] /up
[7/7/2013 19:43:18] /down
[7/7/2013 19:43:21] /up
[7/7/2013 19:43:21] /up
[7/7/2013 19:43:22] /up
[7/7/2013 19:43:24] /up
[7/7/2013 19:43:50] /goto andre knight
[7/7/2013 19:44:1] /up
[7/7/2013 19:44:25] /goto andre knight]
[7/7/2013 19:44:26] /goto andre knight
[7/7/2013 19:44:35] /up
[7/7/2013 19:44:54] /goto andre knight
[7/7/2013 19:45:2] /up
[7/7/2013 19:47:22] /r
[7/7/2013 19:47:23] /r
[7/7/2013 19:47:24] /r
[7/7/2013 19:47:24] /r
[7/7/2013 19:47:25] /r
[7/7/2013 19:47:26] /r
[7/7/2013 19:47:27] /r
[7/7/2013 19:47:29] /r
[7/7/2013 19:47:34] /r
[7/7/2013 19:47:35] /r
[7/7/2013 19:47:36] /r
[7/7/2013 19:47:37] /r
[7/7/2013 19:48:7] /skill andre knight, l, 490
[7/7/2013 19:48:25] /r
[7/7/2013 19:48:26] /r
[7/7/2013 19:48:27] /r
[7/7/2013 19:48:27] /r
[7/7/2013 19:48:28] /r
[7/7/2013 19:48:29] /r
[7/7/2013 19:48:29] /r
[7/7/2013 19:48:31] /r
[7/7/2013 19:48:31] /r
[7/7/2013 19:48:33] /r
[7/7/2013 19:48:34] /r
[7/7/2013 19:48:39] /r
[7/7/2013 19:48:39] /r
[7/7/2013 19:48:41] /r
[7/7/2013 19:48:42] /r
[7/7/2013 19:48:43] /r
[7/7/2013 19:48:43] /r
[7/7/2013 19:48:44] /r
[7/7/2013 19:48:45] /r
[7/7/2013 19:48:46] /r
[7/7/2013 19:48:47] /r
[7/7/2013 19:48:48] /r
[7/7/2013 19:48:52] /r
[7/7/2013 19:48:53] /r
[7/7/2013 19:48:54] /r
[7/7/2013 19:48:54] /r
[7/7/2013 19:48:55] /r
[7/7/2013 19:48:56] /r
[7/7/2013 19:49:25] /goto spectre
[7/7/2013 19:49:33] /goto phantasm
[7/7/2013 19:49:42] /goto phantasm
[7/7/2013 19:49:52] /goto dark torturer
[7/7/2013 19:50:6] /goto nightmare
[7/7/2013 19:50:17] /goto nightmare
[7/7/2013 19:50:32] /goto a ghostly woman
[7/7/2013 19:50:37] /goto ghostly woman
[7/7/2013 19:50:51] /goto juggernaut
[7/7/2013 19:51:34] /save
[7/7/2013 19:51:39] /shutdown
[7/7/2013 20:1:44] /t
[7/7/2013 20:1:59] /a 300
[7/7/2013 20:2:47] /a 20
[7/7/2013 20:3:41] /down
[7/7/2013 20:4:1] /down
[7/7/2013 20:4:17] /up
[9/7/2013 2:24:41] /goto andre knight
[9/7/2013 2:24:48] /t
[9/7/2013 2:26:4] /i 15408
[9/7/2013 2:26:8] /goto andre knight
[9/7/2013 2:56:32] /goto andre knight
[9/7/2013 2:56:35] /goto andre knight
[9/7/2013 2:57:22] /r
[9/7/2013 2:57:59] /r
[9/7/2013 2:58:9] /r
[9/7/2013 3:4:43] /goto andre knight
[9/7/2013 3:14:43] /save
[9/7/2013 3:14:46] /shutdown
[10/7/2013 2:42:40] /reload actions
[10/7/2013 2:42:58] /goto tarantula
[10/7/2013 2:43:11] /t
[10/7/2013 2:43:55] /t
[10/7/2013 3:7:48] /goto andre knight
[10/7/2013 3:16:17] /goto andre knight
[10/7/2013 3:16:21] /r
[10/7/2013 3:33:20] /a 6
[10/7/2013 3:35:36] /save
[10/7/2013 3:35:40] /shutdown
[11/7/2013 0:28:47] /t
[11/7/2013 0:35:33] /m dragon lord
[11/7/2013 0:35:46] /s frost dragon
[11/7/2013 0:36:32] /r
[11/7/2013 0:38:20] /goto captain
[11/7/2013 0:38:28] /goto captain max
[11/7/2013 0:42:21] /goto berenice]
[11/7/2013 0:42:24] /goto berenice
[11/7/2013 0:44:2] /t
[11/7/2013 0:44:44] /goto captain seahorse
[11/7/2013 0:47:44] /s fish
[11/7/2013 0:48:11] /up
[11/7/2013 0:48:22] /up
[11/7/2013 0:48:30] /up
[11/7/2013 0:48:32] /up
[11/7/2013 0:48:41] /up
[11/7/2013 0:49:16] /up
[11/7/2013 0:52:46] /up
[11/7/2013 0:53:48] /up
[11/7/2013 0:58:43] /goto ghastly dragon
[11/7/2013 0:59:48] /s deathslicer
[11/7/2013 0:59:49] /s deathslicer
[11/7/2013 0:59:50] /s deathslicer
[11/7/2013 0:59:51] /s deathslicer
[11/7/2013 0:59:51] /s deathslicer
[11/7/2013 0:59:52] /s deathslicer
[11/7/2013 0:59:52] /s deathslicer
[11/7/2013 0:59:53] /s deathslicer
[11/7/2013 0:59:53] /s deathslicer
[11/7/2013 0:59:54] /s deathslicer
[11/7/2013 0:59:54] /s deathslicer
[11/7/2013 1:0:10] /s deathslicer
[11/7/2013 1:0:10] /s deathslicer
[11/7/2013 1:0:11] /s deathslicer
[11/7/2013 1:0:12] /s deathslicer
[11/7/2013 1:0:12] /s deathslicer
[11/7/2013 1:0:12] /s deathslicer
[11/7/2013 1:0:13] /s deathslicer
[11/7/2013 1:0:13] /s deathslicer
[11/7/2013 1:1:15] /r
[11/7/2013 1:4:16] /up
[11/7/2013 1:4:20] /up
[11/7/2013 1:4:21] /up
[11/7/2013 1:4:33] /m hero
[11/7/2013 1:4:40] /m hero
[11/7/2013 1:4:53] /m hero
[11/7/2013 1:5:0] /m hero
[11/7/2013 1:5:0] /m hero
[11/7/2013 1:5:1] /m hero
[11/7/2013 1:5:1] /m hero
[11/7/2013 1:5:2] /m hero
[11/7/2013 1:5:2] /m hero
[11/7/2013 1:5:3] /m hero
[11/7/2013 1:5:3] /m hero
[11/7/2013 1:5:3] /m hero
[11/7/2013 1:5:36] /goto draken elite
[11/7/2013 1:7:35] /a 5
[11/7/2013 1:7:37] /a 5
[11/7/2013 1:10:46] /save
[11/7/2013 1:10:49] /shutdown
[11/7/2013 15:17:37] /goto andre knight
[11/7/2013 15:17:40] /r
[11/7/2013 15:19:23] /goto andre knight
[11/7/2013 15:19:25] /r
[11/7/2013 15:19:27] /r
[11/7/2013 15:35:31] /t
[11/7/2013 15:41:12] /goto town 7
[11/7/2013 15:41:25] /a 50
[11/7/2013 15:41:47] /m demon
[11/7/2013 15:44:43] /m water elementaal
[11/7/2013 15:44:45] /m water elemental
[11/7/2013 15:44:57] /m water elemental
[11/7/2013 15:45:19] /m massive water elemental
[11/7/2013 15:46:19] /up
[11/7/2013 15:50:7] /down
[11/7/2013 15:51:55] /m demon
[11/7/2013 15:51:57] /m demon
[11/7/2013 15:52:15] /i 2152
[11/7/2013 15:52:20] /i 2160
[11/7/2013 16:2:51] /up
[11/7/2013 16:4:3] /up
[11/7/2013 16:4:47] /save
[11/7/2013 16:4:50] /shutdown
[11/7/2013 19:41:7] /t
[11/7/2013 19:41:31] /i 2365
[11/7/2013 19:42:11] /i 2554
[11/7/2013 19:55:44] /t
[11/7/2013 19:56:2] /send andre knight; 32369 32237 7
[11/7/2013 19:56:9] /send andre knight; 32369, 32237,] 7
[11/7/2013 19:56:13] /send andre knight; 32369, 32237, 7
[11/7/2013 19:56:55] /raid old widow
[11/7/2013 19:57:1] /raid the old widow
[11/7/2013 20:50:9] /goto h.l.
[11/7/2013 20:50:12] /goto hl
[11/7/2013 20:50:17] /goto H.L
[11/7/2013 20:50:21] /goto H.L.
[11/7/2013 20:50:28] /goto smuggler
[11/7/2013 20:50:57] /goto HL
[11/7/2013 20:56:44] /goto H.L.
[11/7/2013 20:56:57] /goto grizzly adams
[11/7/2013 20:57:34] /t
[11/7/2013 20:58:8] /send andre knight 32411 32154 7
[11/7/2013 20:58:19] /send andre knight; 32411, 32154, 7
[11/7/2013 21:0:3] /goto andre knight
[11/7/2013 21:3:41] /goto andre knight
[11/7/2013 21:3:49] /goto andre knight
[11/7/2013 21:4:30] /goto andre knight
[11/7/2013 21:8:45] /save
[11/7/2013 21:8:48] /shutdown
[11/7/2013 22:0:17] /down
[12/7/2013 0:29:6] /goto jack fate
[12/7/2013 0:44:43] /raid morgaroth
[12/7/2013 0:53:30] /goto morgaroth
[12/7/2013 0:53:42] /s deathslicer
[12/7/2013 0:53:47] /s deathslicer
[12/7/2013 0:53:48] /s deathslicer
[12/7/2013 0:53:49] /s deathslicer
[12/7/2013 0:53:50] /s deathslicer
[12/7/2013 0:53:50] /s deathslicer
[12/7/2013 0:53:51] /s deathslicer
[12/7/2013 0:53:52] /s deathslicer
[12/7/2013 0:53:55] /s deathslicer
[12/7/2013 0:53:56] /s deathslicer
[12/7/2013 0:53:57] /s deathslicer
[12/7/2013 0:53:58] /s deathslicer
[12/7/2013 0:53:59] /s deathslicer
[12/7/2013 0:53:59] /s deathslicer
[12/7/2013 0:54:0] /s deathslicer
[12/7/2013 0:54:3] /s deathslicer
[12/7/2013 0:54:5] /s deathslicer
[12/7/2013 0:54:6] /s deathslicer
[12/7/2013 0:54:6] /s deathslicer
[12/7/2013 0:54:8] /s deathslicer
[12/7/2013 0:54:9] /s deathslicer
[12/7/2013 0:54:10] /s deathslicer
[12/7/2013 0:54:11] /s deathslicer
[12/7/2013 0:54:12] /s deathslicer
[12/7/2013 0:54:13] /s deathslicer
[12/7/2013 0:54:14] /s deathslicer
[12/7/2013 0:54:29] /goto morgaroth
[12/7/2013 0:54:52] /goto morgaroth
[12/7/2013 0:55:14] /goto morgaroth
[12/7/2013 0:55:16] /goto morgaroth
[12/7/2013 0:55:26] /raid morgaroth
[12/7/2013 0:56:5] /goto morgaroth
[12/7/2013 0:56:7] /goto morgaroth
[12/7/2013 0:56:12] /goto jack fate
[12/7/2013 0:57:50] /goto morgaroth
[12/7/2013 0:58:44] /up
[12/7/2013 1:0:6] /goto jack fate
[12/7/2013 1:30:3] /reload raids
[12/7/2013 1:30:9] /raid morgaroth
[12/7/2013 1:30:33] /s rat
[12/7/2013 1:30:43] /s deathslicer
[12/7/2013 1:31:32] /t
[12/7/2013 1:31:42] /r
[12/7/2013 1:33:25] /save
[12/7/2013 1:33:27] /shutdown
[12/7/2013 3:15:9] /i 461
[12/7/2013 3:15:21] /up
[12/7/2013 3:15:23] /r
[12/7/2013 3:15:25] /r
[12/7/2013 3:15:31] /up
[12/7/2013 3:15:35] /up
[12/7/2013 3:15:35] /up
[12/7/2013 3:15:36] /up
[12/7/2013 3:15:58] /up
[12/7/2013 3:26:0] /a 10
[12/7/2013 3:32:25] /s lavahole
[12/7/2013 3:32:59] /r
[12/7/2013 3:33:8] /s magicthrower
[12/7/2013 3:33:29] /s shredderthrower
[12/7/2013 3:33:41] /r
[12/7/2013 3:33:43] /r
[12/7/2013 3:33:45] /r
[12/7/2013 3:34:2] /r
[12/7/2013 3:34:14] /goto ghastly dragon
[12/7/2013 3:34:35] /r
[12/7/2013 3:35:30] /goto ghastly dragon
[12/7/2013 3:37:54] /goto jack fate
[12/7/2013 3:38:6] /a 60
[12/7/2013 3:43:48] /goto demon
[12/7/2013 3:45:15] /t
[12/7/2013 3:45:30] /up
[12/7/2013 3:46:53] /r
[12/7/2013 3:46:54] /r
[12/7/2013 4:3:9] /up
[12/7/2013 4:6:25] /down
[12/7/2013 4:6:31] /down
[12/7/2013 4:16:1] /save
[12/7/2013 4:16:5] /shutdown
[12/7/2013 17:25:36] /raid ferumbras
[12/7/2013 18:51:48] /goto demon
[12/7/2013 18:52:6] /a 30
[12/7/2013 18:55:40] /save
[12/7/2013 18:55:43] /shutdown
[13/7/2013 3:50:48] /save
[13/7/2013 3:50:54] /shutdown
[13/7/2013 14:10:38] /raid morgaroth
[13/7/2013 14:30:3] /m morgaroth
[13/7/2013 14:30:44] /r
[13/7/2013 14:30:48] /t
[13/7/2013 14:30:58] /m morgaroth
[13/7/2013 14:31:5] /s ghazbaran
[13/7/2013 14:32:18] /r
[13/7/2013 14:32:19] /r
[13/7/2013 14:32:26] /m ghazbaran
[13/7/2013 14:32:35] /s morgaroth
[13/7/2013 14:34:10] /r
[13/7/2013 14:34:43] /m ghazbaran
[13/7/2013 14:34:55] /s morgaroth
[13/7/2013 14:39:3] /r
[13/7/2013 14:39:4] /r
[13/7/2013 14:39:6] /r
[13/7/2013 14:39:26] /m morgaroth[
[13/7/2013 14:39:27] /m morgaroth
[13/7/2013 14:39:35] /s apocalypse
[13/7/2013 14:41:51] /r
[13/7/2013 14:41:57] /save
[13/7/2013 14:42:0] /shutdown
[14/7/2013 18:6:8] /save
[14/7/2013 18:6:14] /shutdown
[14/7/2013 19:35:34] /raid orshabaal
[14/7/2013 20:37:50] /save
[14/7/2013 20:37:53] /shutdown
[14/7/2013 22:7:46] /goto a grumpy cyclops
[14/7/2013 22:9:58] /skill house keeper, l, 100
[14/7/2013 22:25:53] /i 8473
[14/7/2013 22:29:8] /i 11127
[14/7/2013 22:29:17] /r
[14/7/2013 22:30:47] /i 7163
[14/7/2013 22:30:51] /r
[14/7/2013 22:31:53] /i 1670
[14/7/2013 22:32:22] /i 1670
[14/7/2013 22:32:24] /i 1670
[14/7/2013 22:32:25] /i 1670
[14/7/2013 22:32:26] /i 1670
[14/7/2013 22:32:37] /i 1666
[14/7/2013 22:32:39] /i 1666
[14/7/2013 22:32:40] /i 1666
[14/7/2013 22:32:41] /i 1666
[14/7/2013 22:32:42] /i 1666
[14/7/2013 22:33:50] /i 9974
[14/7/2013 22:34:11] /i 9975
[14/7/2013 22:34:25] /i 9976
[14/7/2013 22:35:4] /i 9980
[14/7/2013 22:35:23] /i 9981
[14/7/2013 22:36:48] /i 12291
[14/7/2013 22:36:51] /r
[14/7/2013 22:37:17] /i 13482
[14/7/2013 22:37:21] /r
[14/7/2013 22:37:40] /i 17777
[14/7/2013 22:38:5] /i 19565
[14/7/2013 22:38:12] /r
[14/7/2013 22:38:14] /r
[14/7/2013 22:38:21] /i 777
[14/7/2013 22:38:33] /i 19654
[14/7/2013 22:38:39] /r
[14/7/2013 22:38:56] /i 1602
[14/7/2013 22:38:58] /r
[14/7/2013 22:39:20] /i 1634
[14/7/2013 22:39:22] /r
[14/7/2013 22:39:43] /i 3812
[14/7/2013 22:40:43] /i 1614
[14/7/2013 22:40:51] /i 1614
[14/7/2013 22:40:52] /i 1614
[14/7/2013 22:40:53] /i 1614
[14/7/2013 22:40:53] /i 1614
[14/7/2013 22:41:28] /i 9975
[14/7/2013 22:41:30] /i 9975
[14/7/2013 22:41:30] /i 9975
[14/7/2013 22:41:33] /i 9975
[14/7/2013 22:41:35] /i 9975
[14/7/2013 22:41:53] /i 9975
[14/7/2013 22:44:14] /i 9976
[14/7/2013 22:44:15] /i 9976
[14/7/2013 22:44:27] /i 9976
[14/7/2013 22:44:28] /i 9976
[14/7/2013 22:46:55] /i 6569
[14/7/2013 22:49:32] /i 9971
[14/7/2013 22:49:38] /i 9976
[14/7/2013 22:49:49] /i 9976
[14/7/2013 22:54:48] /i 7759
[14/7/2013 22:54:51] /i 7760
[14/7/2013 22:54:55] /i 7761
[14/7/2013 22:54:57] /i 7762
[14/7/2013 22:55:11] /i 7406
[14/7/2013 22:55:13] /i 7406
[14/7/2013 22:55:14] /i 7406
[14/7/2013 22:55:15] /i 7406
[14/7/2013 22:57:8] /i 7415
[14/7/2013 22:57:13] /i 7415
[14/7/2013 22:57:14] /i 7415
[14/7/2013 22:57:16] /i 7415
[14/7/2013 22:59:24] /i 7389
[14/7/2013 22:59:26] /i 7389
[14/7/2013 22:59:26] /i 7389
[14/7/2013 22:59:26] /i 7389
[14/7/2013 23:0:46] /i 9975
[14/7/2013 23:0:47] /i 9975
[14/7/2013 23:0:48] /i 9975
[15/7/2013 0:18:46] /i 9976
[15/7/2013 0:19:9] /i 9976
[15/7/2013 0:19:10] /i 9976
[15/7/2013 0:19:16] /i 9976
[15/7/2013 0:19:17] /i 9976
[15/7/2013 0:19:17] /i 9976
[15/7/2013 0:19:19] /i 9976
[15/7/2013 0:19:19] /i 9976
[15/7/2013 0:19:20] /i 9976
[15/7/2013 0:19:20] /i 9976
[15/7/2013 0:19:21] /i 9976
[15/7/2013 0:19:21] /i 9976
[15/7/2013 0:19:22] /i 9976
[15/7/2013 0:20:7] /i 9976
[15/7/2013 0:20:7] /i 9976
[15/7/2013 0:20:8] /i 9976
[15/7/2013 0:20:9] /i 9976
[15/7/2013 0:20:10] /i 9976
[15/7/2013 0:20:10] /i 9976
[15/7/2013 0:20:11] /i 9976
[15/7/2013 0:20:11] /i 9976
[15/7/2013 0:21:14] /i 9975
[15/7/2013 0:21:16] /i 9975
[15/7/2013 0:21:17] /i 9975
[15/7/2013 0:21:18] /i 9975
[15/7/2013 0:21:18] /i 9975
[15/7/2013 0:21:24] /i 9975
[15/7/2013 0:21:25] /i 9975
[15/7/2013 0:21:25] /i 9975
[15/7/2013 0:21:26] /i 9975
[15/7/2013 0:21:29] /i 9975
[15/7/2013 0:21:29] /i 9975
[15/7/2013 0:21:30] /i 9975
[15/7/2013 0:21:31] /i 9975
[15/7/2013 0:21:32] /i 9975
[15/7/2013 0:21:33] /i 9975
[15/7/2013 0:21:34] /i 9975
[15/7/2013 0:21:40] /i 9975
[15/7/2013 0:21:41] /i 9975
[15/7/2013 0:22:5] /i 2157
[15/7/2013 0:32:34] /save
[15/7/2013 0:32:37] /shutdown
[15/7/2013 2:2:22] /i 1672
[15/7/2013 2:2:23] /i 1672
[15/7/2013 2:4:43] /i 1686
[15/7/2013 2:4:52] /i 1688
[15/7/2013 2:5:3] /i 1687
[15/7/2013 2:5:10] /i 1689
[15/7/2013 2:6:9] /i 2111
[15/7/2013 2:6:56] /m ghazbaran
[15/7/2013 2:7:0] /save
[15/7/2013 2:10:58] /save
[15/7/2013 2:11:1] /shutdown
[16/7/2013 0:19:2] /goto andre knight
[16/7/2013 0:19:16] /a 3
[16/7/2013 0:19:27] /a 3]
[16/7/2013 0:19:44] /a 3]/a 2
[16/7/2013 0:20:49] /i 8473
[16/7/2013 0:20:52] /i 8473
[16/7/2013 0:20:53] /i 8473
[16/7/2013 0:20:54] /i 8473
[16/7/2013 0:33:19] /save
[16/7/2013 0:33:24] /shutdown
[16/7/2013 2:3:8] /m lava golem
[16/7/2013 2:3:33] /goto lava golem
[16/7/2013 2:3:45] /t
[16/7/2013 3:13:59] /save
[16/7/2013 3:14:6] /goto ghastly dragom
[16/7/2013 3:14:8] /goto ghastly dragon
[16/7/2013 3:14:10] /goto spider
[16/7/2013 3:14:16] /m spider
[16/7/2013 3:14:57] /s spider]
[16/7/2013 3:14:58] /s spider
[16/7/2013 3:15:11] /s giant spider
[16/7/2013 3:15:40] /s spider
[16/7/2013 3:15:41] /s spider
[16/7/2013 3:15:41] /s spider
[16/7/2013 3:15:42] /s spider
[16/7/2013 3:15:42] /s spider
[16/7/2013 3:17:1] /r
[16/7/2013 3:17:9] /m spider
[16/7/2013 3:17:13] /m spider
[16/7/2013 3:17:14] /m spider
[16/7/2013 3:17:15] /m spider
[16/7/2013 3:17:16] /m spider
[16/7/2013 3:17:16] /m spider
[16/7/2013 3:17:17] /m spider
[16/7/2013 3:17:18] /m spider
[16/7/2013 3:17:25] /s giant spider
[16/7/2013 3:18:6] /t
[16/7/2013 3:18:25] /m spider
[16/7/2013 3:18:31] /s giant spider
[16/7/2013 3:19:8] /r
[16/7/2013 3:19:15] /s giant spider
[16/7/2013 3:19:24] /m goblin
[16/7/2013 3:19:36] /m ghost
[16/7/2013 3:19:55] /m demon
[16/7/2013 3:20:9] /s giant spider
[16/7/2013 3:20:9] /s giant spider
[16/7/2013 3:20:10] /s giant spider
[16/7/2013 3:20:10] /s giant spider
[16/7/2013 3:20:26] /save
[16/7/2013 3:20:29] /shutdown
[16/7/2013 4:52:43] /save
[16/7/2013 4:52:47] /shutdown
[16/7/2013 17:18:37] /a 30
[16/7/2013 17:18:39] /a 30
[16/7/2013 17:18:42] /a 5
[16/7/2013 17:19:37] /a 5
[16/7/2013 17:19:39] /a 5
[16/7/2013 17:19:40] /a 5
[16/7/2013 17:21:50] /t
[16/7/2013 17:28:59] /save
[16/7/2013 17:29:1] /shutdown
[16/7/2013 20:56:51] /save
[16/7/2013 20:56:54] /shutdown
[16/7/2013 23:56:45] /t
[17/7/2013 0:14:24] /reload actions
[17/7/2013 0:21:12] /reload actions
[17/7/2013 0:22:59] /reload actions
[17/7/2013 0:23:49] /reload actions
[17/7/2013 0:26:59] /reload actions
[17/7/2013 0:45:12] /reload actions
[17/7/2013 0:45:26] /reload actions
[17/7/2013 0:47:20] /reload actions
[17/7/2013 0:50:6] /reload actions
[17/7/2013 0:51:18] /reload actions
[17/7/2013 0:52:59] /reload actions
[17/7/2013 0:54:2] /save
[17/7/2013 0:54:6] /shutdown
[17/7/2013 1:32:9] /reload actions
[17/7/2013 1:34:7] /reload actions
[17/7/2013 1:37:6] /reload actions
[17/7/2013 1:37:41] /goto andre knight
[17/7/2013 1:37:57] /i 2213
[17/7/2013 1:37:58] /i 2213
[17/7/2013 1:37:59] /i 2213
[17/7/2013 1:38:0] /i 2213
[17/7/2013 1:38:0] /i 2213
[17/7/2013 1:38:1] /i 2213
[17/7/2013 1:38:1] /i 2213
[17/7/2013 3:0:43] /save
[17/7/2013 3:0:50] /m gnomevil
[17/7/2013 3:1:6] /s demon
[17/7/2013 3:1:6] /s demon
[17/7/2013 3:1:7] /s demon
[17/7/2013 3:1:7] /s demon
[17/7/2013 3:1:8] /s demon
[17/7/2013 3:1:8] /s demon
[17/7/2013 3:1:9] /s demon
[17/7/2013 3:1:9] /s demon
[17/7/2013 3:1:10] /s demon
[17/7/2013 3:1:36] /s deathslicer
[17/7/2013 3:1:37] /s deathslicer
[17/7/2013 3:1:38] /s deathslicer
[17/7/2013 3:1:38] /s deathslicer
[17/7/2013 3:1:39] /s deathslicer
[17/7/2013 3:1:39] /s deathslicer
[17/7/2013 3:1:39] /s deathslicer
[17/7/2013 3:1:40] /s deathslicer
[17/7/2013 3:1:40] /s deathslicer
[17/7/2013 3:1:41] /s deathslicer
[17/7/2013 3:1:41] /s deathslicer
[17/7/2013 3:1:42] /s deathslicer
[17/7/2013 3:1:42] /s deathslicer
[17/7/2013 3:1:43] /s deathslicer
[17/7/2013 3:1:43] /s deathslicer
[17/7/2013 3:1:44] /s deathslicer
[17/7/2013 3:1:44] /s deathslicer
[17/7/2013 3:1:45] /s deathslicer
[17/7/2013 3:1:45] /s deathslicer
[17/7/2013 3:1:46] /s deathslicer
[17/7/2013 3:1:46] /s deathslicer
[17/7/2013 3:1:47] /s deathslicer
[17/7/2013 3:1:47] /s deathslicer
[17/7/2013 3:1:47] /s deathslicer
[17/7/2013 3:1:48] /s deathslicer
[17/7/2013 3:1:53] /s deathslicer
[17/7/2013 3:1:54] /s deathslicer
[17/7/2013 3:1:55] /s deathslicer
[17/7/2013 3:1:55] /s deathslicer
[17/7/2013 3:1:56] /s deathslicer
[17/7/2013 3:1:56] /s deathslicer
[17/7/2013 3:1:57] /s deathslicer
[17/7/2013 3:1:57] /s deathslicer
[17/7/2013 3:1:58] /s deathslicer
[17/7/2013 3:1:58] /s deathslicer
[17/7/2013 3:1:59] /s deathslicer
[17/7/2013 3:1:59] /s deathslicer
[17/7/2013 3:2:0] /s deathslicer
[17/7/2013 3:2:0] /s deathslicer
[17/7/2013 3:2:1] /s deathslicer
[17/7/2013 3:2:1] /s deathslicer
[17/7/2013 3:2:2] /s deathslicer
[17/7/2013 3:2:2] /s deathslicer
[17/7/2013 3:2:3] /s deathslicer
[17/7/2013 3:2:3] /s deathslicer
[17/7/2013 3:2:4] /s deathslicer
[17/7/2013 3:2:4] /s deathslicer
[17/7/2013 3:2:5] /s deathslicer
[17/7/2013 3:2:5] /s deathslicer
[17/7/2013 3:2:8] /s deathslicer
[17/7/2013 3:2:8] /s deathslicer
[17/7/2013 3:2:9] /s deathslicer
[17/7/2013 3:2:10] /s deathslicer
[17/7/2013 3:2:10] /s deathslicer
[17/7/2013 3:2:11] /s deathslicer
[17/7/2013 3:2:11] /s deathslicer
[17/7/2013 3:2:12] /s deathslicer
[17/7/2013 3:2:12] /s deathslicer
[17/7/2013 3:2:13] /s deathslicer
[17/7/2013 3:2:13] /s deathslicer
[17/7/2013 3:2:14] /s deathslicer
[17/7/2013 3:2:14] /s deathslicer
[17/7/2013 3:2:15] /s deathslicer
[17/7/2013 3:2:15] /s deathslicer
[17/7/2013 3:2:16] /s deathslicer
[17/7/2013 3:2:16] /s deathslicer
[17/7/2013 3:2:17] /s deathslicer
[17/7/2013 3:2:17] /s deathslicer
[17/7/2013 3:2:18] /s deathslicer
[17/7/2013 3:2:18] /s deathslicer
[17/7/2013 3:2:19] /s deathslicer
[17/7/2013 3:2:19] /s deathslicer
[17/7/2013 3:2:20] /s deathslicer
[17/7/2013 3:2:20] /s deathslicer
[17/7/2013 3:2:21] /s deathslicer
[17/7/2013 3:2:21] /s deathslicer
[17/7/2013 3:2:22] /s deathslicer
[17/7/2013 3:2:23] /s deathslicer
[17/7/2013 3:2:33] /m gnomevil
[17/7/2013 3:2:44] /s deathslicer
[17/7/2013 3:2:45] /s deathslicer
[17/7/2013 3:2:46] /s deathslicer
[17/7/2013 3:2:46] /s deathslicer
[17/7/2013 3:2:47] /s deathslicer
[17/7/2013 3:2:47] /s deathslicer
[17/7/2013 3:2:47] /s deathslicer
[17/7/2013 3:2:48] /s deathslicer
[17/7/2013 3:2:48] /s deathslicer
[17/7/2013 3:2:49] /s deathslicer
[17/7/2013 3:2:49] /s deathslicer
[17/7/2013 3:2:50] /s deathslicer
[17/7/2013 3:3:14] /m gnomevil
[17/7/2013 3:3:50] /m gnomevil
[17/7/2013 3:4:26] /m gnomevil
[17/7/2013 3:5:1] /m gnomevil
[17/7/2013 3:5:34] /m gnomevil
[17/7/2013 3:6:3] /m gnomevil
[17/7/2013 3:6:4] /m gnomevil
[17/7/2013 3:7:22] /save
[17/7/2013 3:7:26] /shutdown
[17/7/2013 21:34:34] /t
[17/7/2013 21:35:3] /send andre knight; 32369,32239,7
[17/7/2013 21:35:40] /save
[17/7/2013 21:35:42] /shutdown
[18/7/2013 1:43:29] /save
[18/7/2013 1:43:32] /shutdown
[18/7/2013 2:49:40] /i 15515
[18/7/2013 2:50:19] /save
[18/7/2013 2:50:21] /shutdown
[18/7/2013 16:4:10] /down
[18/7/2013 16:4:19] /up
[18/7/2013 16:4:32] /goto dark torturer
[18/7/2013 16:4:54] /goto dark torturer
[18/7/2013 16:5:8] /t
[18/7/2013 16:5:21] /a 150
[18/7/2013 16:5:25] /a 300
[18/7/2013 16:6:10] /down
[18/7/2013 16:12:31] /down
[18/7/2013 16:15:32] /down
[18/7/2013 16:15:40] /up
[18/7/2013 16:15:43] /down
[18/7/2013 16:15:45] /up
[18/7/2013 16:15:47] /down
[18/7/2013 16:15:48] /up
[18/7/2013 16:15:54] /up
[18/7/2013 16:15:59] /up
[18/7/2013 16:16:2] /up
[18/7/2013 16:16:4] /down
[18/7/2013 16:16:5] /down
[18/7/2013 16:16:6] /down
[18/7/2013 16:16:8] /down
[18/7/2013 16:16:9] /down
[18/7/2013 16:16:10] /down
[18/7/2013 16:16:15] /down
[18/7/2013 16:16:22] /down
[18/7/2013 16:16:24] /up
[18/7/2013 16:16:27] /down
[18/7/2013 16:16:28] /up
[18/7/2013 16:16:34] /down
[18/7/2013 16:16:38] /up
[18/7/2013 16:16:50] /down
[18/7/2013 16:17:2] /down
[18/7/2013 16:17:7] /up
[18/7/2013 16:17:28] /down
[18/7/2013 16:17:30] /up
[18/7/2013 16:17:31] /down
[18/7/2013 16:17:32] /up
[18/7/2013 16:17:45] /up
[18/7/2013 16:19:3] /down
[18/7/2013 16:19:6] /up
[18/7/2013 16:19:29] /down
[18/7/2013 16:19:32] /up
[18/7/2013 16:19:36] /down
[18/7/2013 16:19:40] /up
[18/7/2013 16:19:53] /down
[18/7/2013 16:19:57] /up
[18/7/2013 16:21:51] /down
[18/7/2013 16:21:54] /up
[18/7/2013 16:22:2] /down
[18/7/2013 16:22:4] /up
[18/7/2013 16:22:30] /up
[18/7/2013 16:22:52] /up
[18/7/2013 16:23:30] /up
[18/7/2013 16:23:33] /up
[18/7/2013 16:23:48] /up
[18/7/2013 16:23:57] /up
[18/7/2013 16:23:58] /up
[18/7/2013 16:24:54] /up
[18/7/2013 16:25:19] /down
[18/7/2013 16:25:30] /up
[18/7/2013 16:31:26] /a 20
[18/7/2013 16:37:21] /up
[18/7/2013 16:37:28] /up
[18/7/2013 16:37:43] /a 30
[18/7/2013 16:45:10] /up
[18/7/2013 16:45:11] /up
[18/7/2013 16:45:16] /up
[18/7/2013 16:47:20] /up
[18/7/2013 16:48:26] /up
[18/7/2013 16:48:32] /up
[18/7/2013 16:48:36] /up
[18/7/2013 16:54:2] /up
[18/7/2013 16:57:33] /up
[18/7/2013 17:1:10] /save
[18/7/2013 17:1:12] /shutdown
[19/7/2013 0:6:51] /i 19848
[19/7/2013 0:6:58] /r
[19/7/2013 0:9:10] /i 19992
[19/7/2013 0:9:20] /i 19991
[19/7/2013 0:10:56] /i 19990
[19/7/2013 0:11:10] /r
[19/7/2013 0:11:14] /r
[19/7/2013 0:11:16] /r
[19/7/2013 0:11:35] /i 19992
[19/7/2013 0:11:40] /r
[19/7/2013 0:12:36] /i 19983
[19/7/2013 0:12:47] /r
[19/7/2013 0:12:58] /i 19983
[19/7/2013 0:13:18] /r
[19/7/2013 0:13:19] /i 19983
[19/7/2013 0:15:27] /r
[19/7/2013 0:15:36] /i 19980
[19/7/2013 0:15:45] /i 19981
[19/7/2013 0:16:6] /i 19981
[19/7/2013 0:16:9] /i 19980
[19/7/2013 0:18:10] /reload items.xml
[19/7/2013 0:18:22] /shutdown
[19/7/2013 0:25:52] /i 19840
[19/7/2013 0:25:56] /i 19839
[19/7/2013 0:26:5] /i 19841
[19/7/2013 0:26:28] /i 19842
[19/7/2013 0:26:34] /r
[19/7/2013 0:26:42] /r
[19/7/2013 0:26:44] /r
[19/7/2013 0:26:52] /i 19841
[19/7/2013 0:27:2] /i 19842
[19/7/2013 0:29:52] /r
[19/7/2013 0:29:53] /r
[19/7/2013 0:29:54] /r
[19/7/2013 0:29:57] /i 19991
[19/7/2013 0:30:14] /r
[19/7/2013 1:25:25] /m demon
[19/7/2013 1:25:28] /m demon
[19/7/2013 1:27:31] /save
[19/7/2013 1:27:34] /shutdown
[19/7/2013 3:38:11] /save
[19/7/2013 3:38:14] /shutdown
