[15/06/2011 00:17:08] /a 2
[15/06/2011 00:17:14] /a 1
[15/06/2011 00:17:19] /a 2
[15/06/2011 00:18:30] /a 2
[15/06/2011 00:18:45] /r
[15/06/2011 00:18:49] /a 1
[15/06/2011 00:19:23] /c kinazao mete terror
[15/06/2011 00:19:37] /c Kinazao Meteu Terror
[15/06/2011 00:19:39] /c Kinazao Meteu Terror
[15/06/2011 00:19:48] /a 5
[15/06/2011 00:21:54] /c Kinazao Meteu Terror
[15/06/2011 00:21:58] /a 5
[15/06/2011 00:22:01] /r
[15/06/2011 00:22:02] /r
[15/06/2011 00:22:04] /r
[15/06/2011 00:22:07] /a 5
[15/06/2011 00:22:28] /i 2160
[15/06/2011 00:22:49] /i 2160
[15/06/2011 00:25:22] /m ghazbaran
[15/06/2011 00:25:24] /m ghazbaran
[15/06/2011 00:25:25] /m ghazbaran
[15/06/2011 00:25:30] /r
[15/06/2011 00:25:31] /r
[15/06/2011 00:26:43] /goto god
[15/06/2011 00:26:47] /c Kinazao Meteu Terror
[15/06/2011 00:26:51] /goto go
[15/06/2011 00:26:52] /goto god
[15/06/2011 00:26:54] /c Kinazao Meteu Terror
[15/06/2011 00:28:06] /goto god
[15/06/2011 00:28:16] /goto Kinazao Meteu Terror
[15/06/2011 00:28:17] /goto Kinazao Meteu Terror
[15/06/2011 00:28:18] /goto Kinazao Meteu Terror
[15/06/2011 00:28:19] /goto Kinazao Meteu Terror
[15/06/2011 00:28:20] /goto god
[15/06/2011 00:28:20] /goto god
[15/06/2011 00:28:21] /goto god
[15/06/2011 00:28:21] /goto god
[15/06/2011 00:28:22] /goto god
[15/06/2011 00:28:23] /goto god
[15/06/2011 00:28:23] /goto god
[15/06/2011 00:28:24] /goto god
[15/06/2011 00:28:25] /goto god
[15/06/2011 00:28:25] /goto god
[15/06/2011 00:28:26] /goto god
[15/06/2011 00:28:26] /goto god
[15/06/2011 00:28:27] /goto god
[15/06/2011 00:28:27] /goto god
[15/06/2011 00:28:28] /goto god
[15/06/2011 00:28:28] /goto god
[15/06/2011 00:28:29] /goto god
[15/06/2011 00:28:30] /goto god
[15/06/2011 00:28:30] /goto god
[15/06/2011 00:28:56] /c god
[15/06/2011 00:29:12] /c Kinazao Meteu Terror
[15/06/2011 00:29:14] /c Kinazao Meteu Terror
[15/06/2011 00:29:16] /c Kinazao Meteu Terror
[15/06/2011 00:29:17] /c Kinazao Meteu Terror
[15/06/2011 00:29:18] /c Kinazao Meteu Terror
[15/06/2011 00:30:03] /goto god
[15/06/2011 00:30:04] /goto god
[15/06/2011 00:30:26] /a 8
[15/06/2011 00:30:35] /c Kinazao Meteu Terror
[15/06/2011 00:30:37] /c god
[15/06/2011 00:31:07] /a 2
[15/06/2011 00:31:10] /i avenger
[15/06/2011 00:31:17] /t
[15/06/2011 00:31:28] /goto god
[15/06/2011 00:32:03] /i yalahari mask
[15/06/2011 00:32:07] /i yalahari armor
[15/06/2011 00:32:12] /i yalahari leg piece
[15/06/2011 00:32:20] /i soft boots
[15/06/2011 00:32:39] /i blessed shield
[15/06/2011 00:33:18] /r
[15/06/2011 00:33:25] /goto koshei the deathless
[15/06/2011 00:33:29] /c god
[15/06/2011 00:33:31] /c Kinazao Meteu Terror
[15/06/2011 00:34:00] /goto koshei the deathless
[15/06/2011 00:34:13] /c god
[15/06/2011 00:34:30] /a 
[15/06/2011 00:34:41] /a 5
[15/06/2011 00:35:02] /c Kinazao Meteu Terror
[15/06/2011 00:36:04] /goto god
[15/06/2011 00:36:55] /attr addskill,magic level,Kinazao Meteu Terror
[15/06/2011 00:37:00] /c Kinazao Meteu Terror
[15/06/2011 00:37:08] /attr addskill,magic level,Kinazao Meteu Terror
[15/06/2011 00:37:11] /goto god
[15/06/2011 00:37:14] /goto god
[15/06/2011 00:37:15] /goto god
[15/06/2011 00:37:15] /goto god
[15/06/2011 00:37:28] /attr addskill,magic level,Kinazao Meteu Terror
[15/06/2011 00:37:34] /attr addskill,magic level,Kinazao Meteu Terror
[15/06/2011 00:39:32] /r
[15/06/2011 00:40:13] /i 7122
[15/06/2011 00:40:33] /goto ferumbras
[15/06/2011 00:40:41] /goto ferumbras
[15/06/2011 00:40:44] /goto god
[15/06/2011 00:40:45] /goto god
[15/06/2011 00:40:57] /bc invasao de ferumbras
[15/06/2011 00:41:11] /m ferumbras
[15/06/2011 00:41:42] /i ferumbras hat
[15/06/2011 00:41:50] /raid ferumbras
[15/06/2011 00:41:58] /raid ferumbras
[15/06/2011 00:43:07] /goto ghazbaran
[15/06/2011 00:43:09] /goto ghazbaran
[15/06/2011 00:43:09] /goto ghazbaran
[15/06/2011 00:43:10] /goto ghazbaran
[15/06/2011 00:43:10] /goto ghazbaran
[15/06/2011 00:43:11] /goto ghazbaran
[15/06/2011 00:43:11] /goto ghazbaran
[15/06/2011 00:45:09] /goto god
[15/06/2011 00:45:10] /goto god
[15/06/2011 00:45:11] /goto god
[15/06/2011 00:45:12] /goto god
[15/06/2011 00:45:13] /goto god
[15/06/2011 00:45:13] /goto god
[15/06/2011 00:45:15] /goto god
[15/06/2011 00:45:16] /goto god
[15/06/2011 00:45:16] /goto god
[15/06/2011 00:45:17] /goto god
[15/06/2011 00:45:18] /goto god
[15/06/2011 00:45:18] /goto god
[15/06/2011 00:45:19] /goto god
[15/06/2011 00:45:21] /goto god
[15/06/2011 00:45:25] /goto god
[15/06/2011 00:45:26] /goto god
[15/06/2011 00:45:33] /goto god
[15/06/2011 00:45:34] /goto god
[15/06/2011 00:45:35] /goto god
[15/06/2011 00:45:36] /goto god
[15/06/2011 00:45:37] /goto god
[15/06/2011 00:45:37] /goto god
[15/06/2011 00:45:38] /goto god
[15/06/2011 00:45:39] /goto god
[15/06/2011 00:45:39] /goto god
[15/06/2011 00:45:40] /goto god
[15/06/2011 00:45:40] /goto god
[15/06/2011 00:45:41] /goto god
[15/06/2011 00:45:41] /goto god
[15/06/2011 00:45:45] /c Kinazao Meteu Terror
[15/06/2011 00:45:46] /goto god
[15/06/2011 00:45:47] /goto god
[15/06/2011 00:45:48] /goto god
[15/06/2011 00:45:49] /goto god
[15/06/2011 00:45:50] /goto god
[15/06/2011 00:45:52] /c Kinazao Meteu Terror
[15/06/2011 00:45:53] /goto god
[15/06/2011 00:45:53] /goto god
[15/06/2011 00:45:54] /goto god
[15/06/2011 00:45:55] /goto god
[15/06/2011 00:45:55] /goto god
[15/06/2011 00:45:56] /goto god
[15/06/2011 00:45:57] /goto god
[15/06/2011 00:45:57] /goto god
[15/06/2011 00:45:58] /goto god
[15/06/2011 00:45:58] /goto god
[15/06/2011 00:45:59] /goto god
[15/06/2011 00:45:59] /goto god
[15/06/2011 00:46:00] /goto god
[15/06/2011 00:46:00] /goto god
[15/06/2011 00:46:01] /goto god
[15/06/2011 00:46:01] /goto god
[15/06/2011 00:46:02] /goto god
[15/06/2011 00:46:02] /goto god
[15/06/2011 00:46:20] /b vamo ve quem bloka bixo lvl mais basho
[15/06/2011 00:46:26] /b vamo ve quem bloka bixo lvl mais basho
[15/06/2011 00:47:15] /m Kinazao Meteu Terror
[15/06/2011 00:47:22] /m necropharus
[15/06/2011 00:48:51] /raid akhotep
[15/06/2011 00:49:02] /m akhotep
[15/06/2011 00:49:23] /m akhotep
[15/06/2011 00:49:56] /raid Arachir the Ancient One
[15/06/2011 00:50:05] /goto god
[15/06/2011 00:50:36] /m the horned fox
[15/06/2011 00:50:41] /m the horned fox
[15/06/2011 00:50:57] /m the horned fox
[15/06/2011 00:50:58] /m the horned fox
[15/06/2011 00:50:59] /m the horned fox
[15/06/2011 00:51:18] /goto god
[15/06/2011 00:51:19] /goto god
[15/06/2011 00:51:20] /goto god
[15/06/2011 00:51:21] /goto god
[15/06/2011 00:51:21] /goto god
[15/06/2011 00:51:21] /goto god
[15/06/2011 00:51:21] /goto god
[15/06/2011 00:51:21] /goto god
[15/06/2011 00:51:21] /goto god
[15/06/2011 00:51:21] /goto god
[15/06/2011 00:51:21] /goto god
[15/06/2011 00:51:21] /goto god
[15/06/2011 00:51:21] /goto god
[15/06/2011 00:51:21] /goto god
[15/06/2011 00:51:21] /goto god
[15/06/2011 00:51:22] /goto god
[15/06/2011 00:51:22] /goto god
[15/06/2011 00:51:22] /goto god
[15/06/2011 00:51:22] /goto god
[15/06/2011 00:51:22] /goto god
[15/06/2011 00:51:22] /goto god
[15/06/2011 00:51:22] /goto god
[15/06/2011 00:51:22] /goto god
[15/06/2011 00:51:22] /goto god
[15/06/2011 00:51:22] /goto god
[15/06/2011 00:51:22] /goto god
[15/06/2011 00:51:22] /goto god
[15/06/2011 00:51:22] /goto god
[15/06/2011 00:51:22] /goto god
[15/06/2011 00:51:22] /goto god
[15/06/2011 00:51:23] /goto god
[15/06/2011 00:51:23] /goto god
[15/06/2011 00:51:23] /goto god
[15/06/2011 00:51:23] /goto god
[15/06/2011 00:51:23] /goto god
[15/06/2011 00:51:23] /goto god
[15/06/2011 00:51:23] /goto god
[15/06/2011 00:51:23] /goto god
[15/06/2011 00:51:23] /goto god
[15/06/2011 00:51:23] /goto god
[15/06/2011 00:51:23] /goto god
[15/06/2011 00:51:23] /goto god
[15/06/2011 00:51:23] /goto god
[15/06/2011 00:51:24] /goto god
[15/06/2011 00:51:24] /goto god
[15/06/2011 00:51:24] /goto god
[15/06/2011 00:51:24] /goto god
[15/06/2011 00:51:24] /goto god
[15/06/2011 00:51:24] /goto god
[15/06/2011 00:51:24] /goto god
[15/06/2011 00:51:24] /goto god
[15/06/2011 00:51:24] /goto god
[15/06/2011 00:51:24] /goto god
[15/06/2011 00:51:24] /goto god
[15/06/2011 00:51:24] /goto god
[15/06/2011 00:51:24] /goto god
[15/06/2011 00:51:24] /goto god
[15/06/2011 00:51:24] /goto god
[15/06/2011 00:51:25] /goto god
[15/06/2011 00:51:25] /goto god
[15/06/2011 00:51:25] /goto god
[15/06/2011 00:51:25] /goto god
[15/06/2011 00:51:25] /goto god
[15/06/2011 00:51:25] /goto god
[15/06/2011 00:51:25] /goto god
[15/06/2011 00:51:25] /goto god
[15/06/2011 00:51:25] /goto god
[15/06/2011 00:51:25] /goto god
[15/06/2011 00:51:25] /goto god
[15/06/2011 00:51:25] /goto god
[15/06/2011 00:51:25] /goto god
[15/06/2011 00:51:25] /goto god
[15/06/2011 00:51:25] /goto god
[15/06/2011 00:51:25] /goto god
[15/06/2011 00:51:25] /goto god
[15/06/2011 00:51:26] /goto god
[15/06/2011 00:51:26] /goto god
[15/06/2011 00:51:26] /goto god
[15/06/2011 00:51:36] /goto god
[15/06/2011 00:51:37] /goto god
[15/06/2011 00:51:37] /goto god
[15/06/2011 00:51:37] /goto god
[15/06/2011 00:51:37] /goto god
[15/06/2011 00:51:37] /goto god
[15/06/2011 00:51:37] /goto god
[15/06/2011 00:51:37] /goto god
[15/06/2011 00:51:37] /goto god
[15/06/2011 00:51:37] /goto god
[15/06/2011 00:51:37] /goto god
[15/06/2011 00:51:38] /goto god
[15/06/2011 00:51:38] /goto god
[15/06/2011 00:51:38] /goto god
[15/06/2011 00:51:38] /goto god
[15/06/2011 00:51:38] /goto god
[15/06/2011 00:51:38] /goto god
[15/06/2011 00:51:38] /goto god
[15/06/2011 00:51:38] /goto god
[15/06/2011 00:51:38] /goto god
[15/06/2011 00:51:38] /goto god
[15/06/2011 00:51:38] /goto god
[15/06/2011 00:51:38] /goto god
[15/06/2011 00:51:38] /goto god
[15/06/2011 00:51:38] /goto god
[15/06/2011 00:51:39] /goto god
[15/06/2011 00:51:39] /goto god
[15/06/2011 00:51:39] /goto god
[15/06/2011 00:51:39] /goto god
[15/06/2011 00:51:39] /goto god
[15/06/2011 00:51:39] /goto god
[15/06/2011 00:51:39] /goto god
[15/06/2011 00:51:39] /goto god
[15/06/2011 00:51:39] /goto god
[15/06/2011 00:51:39] /goto god
[15/06/2011 00:51:39] /goto god
[15/06/2011 00:51:39] /goto god
[15/06/2011 00:51:39] /goto god
[15/06/2011 00:51:39] /goto god
[15/06/2011 00:51:40] /goto god
[15/06/2011 00:51:40] /goto god
[15/06/2011 00:51:40] /goto god
[15/06/2011 00:51:40] /goto god
[15/06/2011 00:51:40] /goto god
[15/06/2011 00:51:40] /goto god
[15/06/2011 00:51:40] /goto god
[15/06/2011 00:51:40] /goto god
[15/06/2011 00:51:40] /goto god
[15/06/2011 00:51:40] /goto god
[15/06/2011 00:51:40] /goto god
[15/06/2011 00:51:40] /goto god
[15/06/2011 00:51:40] /goto god
[15/06/2011 00:51:40] /goto god
[15/06/2011 00:51:40] /goto god
[15/06/2011 00:51:40] /goto god
[15/06/2011 00:51:41] /goto god
[15/06/2011 00:51:41] /goto god
[15/06/2011 00:51:41] /goto god
[15/06/2011 00:51:41] /goto god
[15/06/2011 00:51:41] /goto god
[15/06/2011 00:51:41] /goto god
[15/06/2011 00:51:41] /goto god
[15/06/2011 00:51:41] /goto god
[15/06/2011 00:51:41] /goto god
[15/06/2011 00:51:41] /goto god
[15/06/2011 00:51:41] /goto god
[15/06/2011 00:51:41] /goto god
[15/06/2011 00:51:41] /goto god
[15/06/2011 00:51:41] /goto god
[15/06/2011 00:51:41] /goto god
[15/06/2011 00:51:42] /goto god
[15/06/2011 00:51:42] /goto god
[15/06/2011 00:51:42] /goto god
[15/06/2011 00:51:42] /goto god
[15/06/2011 00:51:42] /goto god
[15/06/2011 00:51:42] /goto god
[15/06/2011 00:51:42] /goto god
[15/06/2011 00:51:42] /goto god
[15/06/2011 00:51:42] /goto god
[15/06/2011 00:51:42] /goto god
[15/06/2011 00:51:42] /goto god
[15/06/2011 00:51:42] /goto god
[15/06/2011 00:51:42] /goto god
[15/06/2011 00:51:42] /goto god
[15/06/2011 00:51:42] /goto god
[15/06/2011 00:51:43] /goto god
[15/06/2011 00:51:43] /goto god
[15/06/2011 00:51:43] /goto god
[15/06/2011 00:51:43] /goto god
[15/06/2011 00:51:43] /goto god
[15/06/2011 00:51:43] /goto god
[15/06/2011 00:51:43] /goto god
[15/06/2011 00:51:43] /goto god
[15/06/2011 00:51:43] /goto god
[15/06/2011 00:51:43] /goto god
[15/06/2011 00:51:43] /goto god
[15/06/2011 00:51:43] /goto god
[15/06/2011 00:51:44] /goto god
[15/06/2011 00:51:44] /goto god
[15/06/2011 00:51:44] /goto god
[15/06/2011 00:51:44] /goto god
[15/06/2011 00:51:44] /goto god
[15/06/2011 00:51:44] /goto god
[15/06/2011 00:51:44] /goto god
[15/06/2011 00:51:44] /goto god
[15/06/2011 00:51:44] /goto god
[15/06/2011 00:51:44] /goto god
[15/06/2011 00:51:44] /goto god
[15/06/2011 00:51:44] /goto god
[15/06/2011 00:51:44] /goto god
[15/06/2011 00:51:44] /goto god
[15/06/2011 00:51:44] /goto god
[15/06/2011 00:51:44] /goto god
[15/06/2011 00:51:44] /goto god
[15/06/2011 00:51:45] /goto god
[15/06/2011 00:51:45] /goto god
[15/06/2011 00:51:45] /goto god
[15/06/2011 00:51:45] /goto god
[15/06/2011 00:51:45] /goto god
[15/06/2011 00:51:45] /goto god
[15/06/2011 00:51:45] /goto god
[15/06/2011 00:51:45] /goto god
[15/06/2011 00:51:45] /goto god
[15/06/2011 00:51:45] /goto god
[15/06/2011 00:51:45] /goto god
[15/06/2011 00:51:45] /goto god
[15/06/2011 00:51:45] /goto god
[15/06/2011 00:51:45] /goto god
[15/06/2011 00:51:46] /goto god
[15/06/2011 00:51:46] /goto god
[15/06/2011 00:51:46] /goto god
[15/06/2011 00:51:46] /goto god
[15/06/2011 00:51:46] /goto god
[15/06/2011 00:51:46] /goto god
[15/06/2011 00:51:46] /goto god
[15/06/2011 00:51:46] /goto god
[15/06/2011 00:51:46] /goto god
[15/06/2011 00:51:46] /goto god
[15/06/2011 00:51:46] /goto god
[15/06/2011 00:51:46] /goto god
[15/06/2011 00:51:46] /goto god
[15/06/2011 00:51:46] /goto god
[15/06/2011 00:51:46] /goto god
[15/06/2011 00:51:46] /goto god
[15/06/2011 00:51:47] /goto god
[15/06/2011 00:51:47] /goto god
[15/06/2011 00:51:47] /goto god
[15/06/2011 00:51:47] /goto god
[15/06/2011 00:51:47] /goto god
[15/06/2011 00:51:47] /goto god
[15/06/2011 00:51:47] /goto god
[15/06/2011 00:51:47] /goto god
[15/06/2011 00:51:47] /goto god
[15/06/2011 00:51:47] /goto god
[15/06/2011 00:51:47] /goto god
[15/06/2011 00:51:47] /goto god
[15/06/2011 00:51:47] /goto god
[15/06/2011 00:51:47] /goto god
[15/06/2011 00:51:47] /goto god
[15/06/2011 00:51:48] /goto god
[15/06/2011 00:51:48] /goto god
[15/06/2011 00:51:48] /goto god
[15/06/2011 00:51:48] /goto god
[15/06/2011 00:51:48] /goto god
[15/06/2011 00:51:48] /goto god
[15/06/2011 00:51:48] /goto god
[15/06/2011 00:51:48] /goto god
[15/06/2011 00:51:48] /goto god
[15/06/2011 00:51:48] /goto god
[15/06/2011 00:51:48] /goto god
[15/06/2011 00:51:48] /goto god
[15/06/2011 00:51:48] /goto god
[15/06/2011 00:51:48] /goto god
[15/06/2011 00:51:48] /goto god
[15/06/2011 00:51:48] /goto god
[15/06/2011 00:51:49] /goto god
[15/06/2011 00:51:49] /goto god
[15/06/2011 00:51:49] /goto god
[15/06/2011 00:51:49] /goto god
[15/06/2011 00:51:49] /goto god
[15/06/2011 00:51:49] /goto god
[15/06/2011 00:51:49] /goto god
[15/06/2011 00:51:49] /goto god
[15/06/2011 00:51:49] /goto god
[15/06/2011 00:51:49] /goto god
[15/06/2011 00:51:49] /goto god
[15/06/2011 00:51:49] /goto god
[15/06/2011 00:51:49] /goto god
[15/06/2011 00:51:49] /goto god
[15/06/2011 00:51:50] /goto god
[15/06/2011 00:51:50] /goto god
[15/06/2011 00:51:50] /goto god
[15/06/2011 00:51:50] /goto god
[15/06/2011 00:51:50] /goto god
[15/06/2011 00:51:50] /goto god
[15/06/2011 00:51:50] /goto god
[15/06/2011 00:51:50] /goto god
[15/06/2011 00:51:50] /goto god
[15/06/2011 00:51:50] /goto god
[15/06/2011 00:51:50] /goto god
[15/06/2011 00:51:50] /goto god
[15/06/2011 00:51:50] /goto god
[15/06/2011 00:51:50] /goto god
[15/06/2011 00:51:50] /goto god
[15/06/2011 00:51:51] /goto god
[15/06/2011 00:51:51] /goto god
[15/06/2011 00:51:51] /goto god
[15/06/2011 00:51:51] /goto god
[15/06/2011 00:51:51] /goto god
[15/06/2011 00:51:51] /goto god
[15/06/2011 00:51:51] /goto god
[15/06/2011 00:51:51] /goto god
[15/06/2011 00:51:51] /goto god
[15/06/2011 00:51:51] /goto god
[15/06/2011 00:51:51] /goto god
[15/06/2011 00:51:51] /goto god
[15/06/2011 00:51:51] /goto god
[15/06/2011 00:51:51] /goto god
[15/06/2011 00:51:52] /goto god
[15/06/2011 00:51:52] /goto god
[15/06/2011 00:51:52] /goto god
[15/06/2011 00:51:52] /goto god
[15/06/2011 00:51:52] /goto god
[15/06/2011 00:51:52] /goto god
[15/06/2011 00:51:52] /goto god
[15/06/2011 00:51:52] /goto god
[15/06/2011 00:51:52] /goto god
[15/06/2011 00:51:52] /goto god
[15/06/2011 00:51:52] /goto god
[15/06/2011 00:51:52] /goto god
[15/06/2011 00:51:52] /goto god
[15/06/2011 00:51:52] /goto god
[15/06/2011 00:51:52] /goto god
[15/06/2011 00:51:52] /goto god
[15/06/2011 00:51:53] /goto god
[15/06/2011 00:51:53] /goto god
[15/06/2011 00:51:53] /goto god
[15/06/2011 00:51:53] /goto god
[15/06/2011 00:51:53] /goto god
[15/06/2011 00:51:53] /goto god
[15/06/2011 00:51:53] /goto god
[15/06/2011 00:51:53] /goto god
[15/06/2011 00:51:53] /goto god
[15/06/2011 00:51:53] /goto god
[15/06/2011 00:51:53] /goto god
[15/06/2011 00:51:53] /goto god
[15/06/2011 00:51:53] /goto god
[15/06/2011 00:51:53] /goto god
[15/06/2011 00:51:53] /goto god
[15/06/2011 00:51:54] /goto god
[15/06/2011 00:51:54] /goto god
[15/06/2011 00:51:54] /goto god
[15/06/2011 00:51:54] /goto god
[15/06/2011 00:51:54] /goto god
[15/06/2011 00:51:54] /goto god
[15/06/2011 00:51:54] /goto god
[15/06/2011 00:51:54] /goto god
[15/06/2011 00:51:54] /goto god
[15/06/2011 00:51:54] /goto god
[15/06/2011 00:51:54] /goto god
[15/06/2011 00:51:54] /goto god
[15/06/2011 00:51:55] /goto god
[15/06/2011 00:51:55] /goto god
[15/06/2011 00:51:55] /goto god
[15/06/2011 00:51:55] /goto god
[15/06/2011 00:51:55] /goto god
[15/06/2011 00:51:55] /goto god
[15/06/2011 00:51:55] /goto god
[15/06/2011 00:51:55] /goto god
[15/06/2011 00:51:55] /goto god
[15/06/2011 00:51:55] /goto god
[15/06/2011 00:51:55] /goto god
[15/06/2011 00:51:55] /goto god
[15/06/2011 00:51:55] /goto god
[15/06/2011 00:51:55] /goto god
[15/06/2011 00:51:55] /goto god
[15/06/2011 00:51:55] /goto god
[15/06/2011 00:51:55] /goto god
[15/06/2011 00:51:55] /goto god
[15/06/2011 00:51:56] /goto god
[15/06/2011 00:51:56] /goto god
[15/06/2011 00:51:56] /goto god
[15/06/2011 00:51:56] /goto god
[15/06/2011 00:51:56] /goto god
[15/06/2011 00:51:56] /goto god
[15/06/2011 00:51:56] /goto god
[15/06/2011 00:51:56] /goto god
[15/06/2011 00:51:56] /goto god
[15/06/2011 00:51:56] /goto god
[15/06/2011 00:51:56] /goto god
[15/06/2011 00:51:56] /goto god
[15/06/2011 00:51:56] /goto god
[15/06/2011 00:51:56] /goto god
[15/06/2011 00:51:56] /goto god
[15/06/2011 00:51:56] /goto god
[15/06/2011 00:51:57] /goto god
[15/06/2011 00:51:57] /goto god
[15/06/2011 00:51:57] /goto god
[15/06/2011 00:51:57] /goto god
[15/06/2011 00:51:57] /goto god
[15/06/2011 00:52:15] /goto god
[15/06/2011 00:52:16] /goto god
[15/06/2011 00:52:16] /goto god
[15/06/2011 00:52:17] /goto god
[15/06/2011 00:52:17] /goto god
[15/06/2011 00:52:17] /goto god
[15/06/2011 00:52:17] /goto god
[15/06/2011 00:52:18] /goto god
[15/06/2011 00:52:18] /goto god
[15/06/2011 00:52:19] /goto god
[15/06/2011 00:52:19] /goto god
[15/06/2011 00:52:19] /goto god
[15/06/2011 00:52:19] /goto god
[15/06/2011 00:52:19] /goto god
[15/06/2011 00:52:19] /goto god
[15/06/2011 00:52:20] /goto god
[15/06/2011 00:52:20] /goto god
[15/06/2011 00:52:21] /goto god
[15/06/2011 00:52:31] /goto god
[15/06/2011 00:53:32] /raid rat
[15/06/2011 00:54:09] /goto god
[15/06/2011 00:54:11] /goto god
[15/06/2011 00:55:00] /goto god
[15/06/2011 00:55:01] /goto god
[15/06/2011 00:55:02] /goto god
[15/06/2011 00:55:02] /goto god
[15/06/2011 00:55:02] /goto god
[15/06/2011 00:55:02] /goto god
[15/06/2011 00:55:03] /goto god
[15/06/2011 00:55:03] /goto god
[15/06/2011 00:55:03] /goto god
[15/06/2011 00:55:03] /goto god
[15/06/2011 00:55:04] /goto god
[15/06/2011 00:55:04] /goto god
[15/06/2011 00:55:04] /goto god
[15/06/2011 00:55:04] /goto god
[15/06/2011 00:55:05] /goto god
[15/06/2011 00:55:05] /goto god
[15/06/2011 00:55:05] /goto god
[15/06/2011 00:55:05] /goto god
[15/06/2011 00:55:05] /goto god
[15/06/2011 00:55:05] /goto god
[15/06/2011 00:55:05] /goto god
[15/06/2011 00:55:05] /goto god
[15/06/2011 00:55:05] /goto god
[15/06/2011 00:55:05] /goto god
[15/06/2011 00:55:06] /goto god
[15/06/2011 00:55:06] /goto god
[15/06/2011 00:55:06] /goto god
[15/06/2011 00:55:06] /goto god
[15/06/2011 00:55:06] /goto god
[15/06/2011 00:55:06] /goto god
[15/06/2011 00:55:06] /goto god
[15/06/2011 00:55:06] /goto god
[15/06/2011 00:55:07] /goto god
[15/06/2011 00:55:07] /goto god
[15/06/2011 00:55:07] /goto god
[15/06/2011 00:55:07] /goto god
[15/06/2011 00:55:07] /goto god
[15/06/2011 00:55:07] /goto god
[15/06/2011 00:55:07] /goto god
[15/06/2011 00:55:07] /goto god
[15/06/2011 00:55:08] /goto god
[15/06/2011 00:55:08] /goto god
[15/06/2011 00:55:08] /goto god
[15/06/2011 00:55:08] /goto god
[15/06/2011 00:55:08] /goto god
[15/06/2011 00:55:08] /goto god
[15/06/2011 00:55:08] /goto god
[15/06/2011 00:55:08] /goto god
[15/06/2011 00:55:08] /goto god
[15/06/2011 00:55:08] /goto god
[15/06/2011 00:55:09] /goto god
[15/06/2011 00:55:09] /goto god
[15/06/2011 00:55:09] /goto god
[15/06/2011 00:55:09] /goto god
[15/06/2011 00:55:09] /goto god
[15/06/2011 00:55:09] /goto god
[15/06/2011 00:55:09] /goto god
[15/06/2011 00:55:09] /goto god
[15/06/2011 00:55:09] /goto god
[15/06/2011 00:55:09] /goto god
[15/06/2011 00:55:09] /goto god
[15/06/2011 00:55:09] /goto god
[15/06/2011 00:55:09] /goto god
[15/06/2011 00:55:09] /goto god
[15/06/2011 00:55:09] /goto god
[15/06/2011 00:55:10] /goto god
[15/06/2011 00:55:10] /goto god
[15/06/2011 00:55:10] /goto god
[15/06/2011 00:55:10] /goto god
[15/06/2011 00:55:10] /goto god
[15/06/2011 00:55:10] /goto god
[15/06/2011 00:55:10] /goto god
[15/06/2011 00:55:10] /goto god
[15/06/2011 00:55:10] /goto god
[15/06/2011 00:55:10] /goto god
[15/06/2011 00:55:10] /goto god
[15/06/2011 00:55:10] /goto god
[15/06/2011 00:55:10] /goto god
[15/06/2011 00:55:11] /goto god
[15/06/2011 00:55:11] /goto god
[15/06/2011 00:55:11] /goto god
[15/06/2011 00:55:11] /goto god
[15/06/2011 00:55:11] /goto god
[15/06/2011 00:55:11] /goto god
[15/06/2011 00:55:11] /goto god
[15/06/2011 00:55:11] /goto god
[15/06/2011 00:55:11] /goto god
[15/06/2011 00:55:11] /goto god
[15/06/2011 00:55:11] /goto god
[15/06/2011 00:55:11] /goto god
[15/06/2011 00:55:11] /goto god
[15/06/2011 00:55:11] /goto god
[15/06/2011 00:55:12] /goto god
[15/06/2011 00:55:12] /goto god
[15/06/2011 00:55:12] /goto god
[15/06/2011 00:55:12] /goto god
[15/06/2011 00:55:12] /goto god
[15/06/2011 00:55:12] /goto god
[15/06/2011 00:55:12] /goto god
[15/06/2011 00:55:12] /goto god
[15/06/2011 00:55:12] /goto god
[15/06/2011 00:55:12] /goto god
[15/06/2011 00:55:12] /goto god
[15/06/2011 00:55:12] /goto god
[15/06/2011 00:55:12] /goto god
[15/06/2011 00:55:13] /goto god
[15/06/2011 00:55:13] /goto god
[15/06/2011 00:55:13] /goto god
[15/06/2011 00:55:13] /goto god
[15/06/2011 00:55:13] /goto god
[15/06/2011 00:55:13] /goto god
[15/06/2011 00:55:13] /goto god
[15/06/2011 00:55:13] /goto god
[15/06/2011 00:55:13] /goto god
[15/06/2011 00:55:13] /goto god
[15/06/2011 00:55:13] /goto god
[15/06/2011 00:55:13] /goto god
[15/06/2011 00:55:14] /goto god
[15/06/2011 00:55:14] /goto god
[15/06/2011 00:55:14] /goto god
[15/06/2011 00:55:14] /goto god
[15/06/2011 00:55:14] /goto god
[15/06/2011 00:55:14] /goto god
[15/06/2011 00:55:14] /goto god
[15/06/2011 00:55:14] /goto god
[15/06/2011 00:55:14] /goto god
[15/06/2011 00:55:14] /goto god
[15/06/2011 00:55:14] /goto god
[15/06/2011 00:55:14] /goto god
[15/06/2011 00:55:14] /goto god
[15/06/2011 00:55:15] /goto god
[15/06/2011 00:55:15] /goto god
[15/06/2011 00:55:15] /goto god
[15/06/2011 00:55:32] /goto god
[15/06/2011 00:55:33] /goto god
[15/06/2011 00:55:36] /goto god
[15/06/2011 00:55:36] /goto god
[15/06/2011 00:55:38] /goto god
[15/06/2011 00:55:40] /goto god
[15/06/2011 00:55:45] /goto god
[15/06/2011 00:55:48] /goto god
[15/06/2011 00:55:50] /goto god
[15/06/2011 00:55:51] /goto god
[15/06/2011 00:55:51] /goto god
[15/06/2011 00:55:51] /goto god
[15/06/2011 00:55:51] /goto god
[15/06/2011 00:55:51] /goto god
[15/06/2011 00:55:51] /goto god
[15/06/2011 00:55:52] /goto god
[15/06/2011 00:55:52] /goto god
[15/06/2011 00:55:52] /goto god
[15/06/2011 00:55:52] /goto god
[15/06/2011 00:55:53] /goto god
[15/06/2011 00:55:53] /goto god
[15/06/2011 00:55:53] /goto god
[15/06/2011 00:55:53] /goto god
[15/06/2011 00:55:53] /goto god
[15/06/2011 00:55:53] /goto god
[15/06/2011 00:55:53] /goto god
[15/06/2011 00:55:53] /goto god
[15/06/2011 00:55:53] /goto god
[15/06/2011 00:55:53] /goto god
[15/06/2011 00:55:53] /goto god
[15/06/2011 00:55:53] /goto god
[15/06/2011 00:55:53] /goto god
[15/06/2011 00:55:53] /goto god
[15/06/2011 00:55:53] /goto god
[15/06/2011 00:55:53] /goto god
[15/06/2011 00:55:53] /goto god
[15/06/2011 00:55:53] /goto god
[15/06/2011 00:55:54] /goto god
[15/06/2011 00:55:54] /goto god
[15/06/2011 00:55:54] /goto god
[15/06/2011 00:55:54] /goto god
[15/06/2011 00:55:54] /goto god
[15/06/2011 00:55:54] /goto god
[15/06/2011 00:55:54] /goto god
[15/06/2011 00:55:54] /goto god
[15/06/2011 00:55:54] /goto god
[15/06/2011 00:55:54] /goto god
[15/06/2011 00:55:54] /goto god
[15/06/2011 00:55:54] /goto god
[15/06/2011 00:55:54] /goto god
[15/06/2011 00:55:55] /goto god
[15/06/2011 00:55:55] /goto god
[15/06/2011 00:55:55] /goto god
[15/06/2011 00:55:55] /goto god
[15/06/2011 00:55:55] /goto god
[15/06/2011 00:55:55] /goto god
[15/06/2011 00:55:55] /goto god
[15/06/2011 00:55:55] /goto god
[15/06/2011 00:55:55] /goto god
[15/06/2011 00:55:55] /goto god
[15/06/2011 00:55:55] /goto god
[15/06/2011 00:55:55] /goto god
[15/06/2011 00:55:56] /goto god
[15/06/2011 00:55:56] /goto god
[15/06/2011 00:55:56] /goto god
[15/06/2011 00:55:56] /goto god
[15/06/2011 00:55:56] /goto god
[15/06/2011 00:55:56] /goto god
[15/06/2011 00:55:56] /goto god
[15/06/2011 00:55:56] /goto god
[15/06/2011 00:55:56] /goto god
[15/06/2011 00:55:56] /goto god
[15/06/2011 00:55:57] /goto god
[15/06/2011 00:55:57] /goto god
[15/06/2011 00:55:57] /goto god
[15/06/2011 00:55:58] /goto god
[15/06/2011 00:55:58] /goto god
[15/06/2011 00:55:59] /goto god
[15/06/2011 00:55:59] /goto god
[15/06/2011 00:55:59] /goto god
[15/06/2011 00:55:59] /goto god
[15/06/2011 00:55:59] /goto god
[15/06/2011 00:55:59] /goto god
[15/06/2011 00:55:59] /goto god
[15/06/2011 00:55:59] /goto god
[15/06/2011 00:56:00] /goto god
[15/06/2011 00:56:00] /goto god
[15/06/2011 00:56:00] /goto god
[15/06/2011 00:56:00] /goto god
[15/06/2011 00:56:00] /goto god
[15/06/2011 00:56:00] /goto god
[15/06/2011 00:56:00] /goto god
[15/06/2011 00:56:00] /goto god
[15/06/2011 00:56:00] /goto god
[15/06/2011 00:56:00] /goto god
[15/06/2011 00:56:00] /goto god
[15/06/2011 00:56:00] /goto god
[15/06/2011 00:56:00] /goto god
[15/06/2011 00:56:00] /goto god
[15/06/2011 00:56:00] /goto god
[15/06/2011 00:56:00] /goto god
[15/06/2011 00:56:00] /goto god
[15/06/2011 00:56:01] /goto god
[15/06/2011 00:56:25] /goto god
[15/06/2011 00:56:26] /goto god
[15/06/2011 00:56:26] /goto god
[15/06/2011 00:56:26] /goto god
[15/06/2011 00:56:26] /goto god
[15/06/2011 00:56:26] /goto god
[15/06/2011 00:56:26] /goto god
[15/06/2011 00:56:26] /goto god
[15/06/2011 00:56:26] /goto god
[15/06/2011 00:56:26] /goto god
[15/06/2011 00:56:26] /goto god
[15/06/2011 00:56:26] /goto god
[15/06/2011 00:56:26] /goto god
[15/06/2011 00:56:26] /goto god
[15/06/2011 00:56:59] /goto god
[15/06/2011 00:57:00] /goto god
[15/06/2011 00:57:00] /goto god
[15/06/2011 00:57:00] /goto god
[15/06/2011 00:57:00] /goto god
[15/06/2011 00:57:00] /goto god
[15/06/2011 00:57:01] /goto god
[15/06/2011 00:57:01] /goto god
[15/06/2011 00:57:01] /goto god
[15/06/2011 00:57:01] /goto god
[15/06/2011 00:57:01] /goto god
[15/06/2011 00:57:01] /goto god
[15/06/2011 00:57:01] /goto god
[15/06/2011 00:57:01] /goto god
[15/06/2011 00:57:01] /goto god
[15/06/2011 00:57:01] /goto god
[15/06/2011 00:57:01] /goto god
[15/06/2011 00:57:40] /raid tar plague
[15/06/2011 00:57:53] /raid ferumbras
[15/06/2011 00:58:27] /raid Arachir the Ancient One
[15/06/2011 00:58:32] /raid Arachir the Ancient One
[15/06/2011 00:58:49] /raid Arachir the Ancient One
[15/06/2011 00:58:53] /raid ferumbras
[15/06/2011 00:58:54] /raid ferumbras
[15/06/2011 00:58:55] /raid ferumbras
[15/06/2011 00:58:57] /raid ferumbras
[15/06/2011 00:59:07] /raid ferumbras
[15/06/2011 01:00:52] /raid rat plague in thais
[15/06/2011 01:00:57] /raid rat plague in thais
[15/06/2011 01:02:08] /goto god
[15/06/2011 01:02:17] /goto god
[15/06/2011 01:02:32] /goto ferumbras
[15/06/2011 01:02:43] /goto ferumbras
[15/06/2011 01:02:44] /goto god
[15/06/2011 01:02:45] /goto god
[15/06/2011 01:02:47] /goto ferumbras
[15/06/2011 01:02:57] /goto ferumbras
[15/06/2011 01:03:15] /goto ferumbras
[15/06/2011 01:03:21] /goto ferumbras
[15/06/2011 01:05:07] /r
[15/06/2011 01:05:26] /raid ferumbras
[15/06/2011 01:05:45] /goto god
[15/06/2011 01:05:46] /goto god
[15/06/2011 01:05:48] /goto god
[15/06/2011 01:05:49] /goto god
[15/06/2011 01:05:49] /goto god
[15/06/2011 01:05:50] /goto god
[15/06/2011 01:05:51] /goto god
[15/06/2011 01:05:51] /goto god
[15/06/2011 01:05:52] /goto god
[15/06/2011 01:05:52] /goto god
[15/06/2011 01:05:52] /goto god
[15/06/2011 01:05:52] /goto god
[15/06/2011 01:05:52] /goto god
[15/06/2011 01:05:52] /goto god
[15/06/2011 01:05:52] /goto god
[15/06/2011 01:05:52] /goto god
[15/06/2011 01:05:52] /goto god
[15/06/2011 01:05:52] /goto god
[15/06/2011 01:05:52] /goto god
[15/06/2011 01:05:53] /goto god
[15/06/2011 01:05:53] /goto god
[15/06/2011 01:05:53] /goto god
[15/06/2011 01:05:53] /goto god
[15/06/2011 01:05:53] /goto god
[15/06/2011 01:05:53] /goto god
[15/06/2011 01:05:53] /goto god
[15/06/2011 01:05:53] /goto god
[15/06/2011 01:05:53] /goto god
[15/06/2011 01:05:53] /goto god
[15/06/2011 01:05:53] /goto god
[15/06/2011 01:05:53] /goto god
[15/06/2011 01:05:53] /goto god
[15/06/2011 01:05:53] /goto god
[15/06/2011 01:05:53] /goto god
[15/06/2011 01:05:54] /goto god
[15/06/2011 01:05:54] /goto god
[15/06/2011 01:05:54] /goto god
[15/06/2011 01:05:54] /goto god
[15/06/2011 01:05:54] /goto god
[15/06/2011 01:05:54] /goto god
[15/06/2011 01:05:54] /goto god
[15/06/2011 01:05:54] /goto god
[15/06/2011 01:05:54] /goto god
[15/06/2011 01:05:54] /goto god
[15/06/2011 01:05:54] /goto god
[15/06/2011 01:05:54] /goto god
[15/06/2011 01:05:56] /goto god
[15/06/2011 01:05:57] /goto god
[15/06/2011 01:05:58] /goto god
[15/06/2011 01:05:58] /goto god
[15/06/2011 01:05:59] /goto god
[15/06/2011 01:06:00] /goto god
[15/06/2011 01:06:01] /goto god
[15/06/2011 01:06:02] /goto god
[15/06/2011 01:06:03] /goto god
[15/06/2011 01:06:03] /goto god
[15/06/2011 01:06:04] /goto god
[15/06/2011 01:06:05] /goto god
[15/06/2011 01:06:05] /goto god
[15/06/2011 01:06:06] /goto god
[15/06/2011 01:06:06] /goto god
[15/06/2011 01:06:07] /goto god
[15/06/2011 01:06:08] /goto god
[15/06/2011 01:06:08] /goto god
[15/06/2011 01:06:09] /goto god
[15/06/2011 01:06:09] /goto god
[15/06/2011 01:06:10] /goto god
[15/06/2011 01:06:11] /goto god
[15/06/2011 01:06:11] /goto god
[15/06/2011 01:06:12] /goto god
[15/06/2011 01:06:12] /goto god
[15/06/2011 01:06:13] /goto god
[15/06/2011 01:06:13] /goto god
[15/06/2011 01:06:14] /goto god
[15/06/2011 01:06:14] /goto god
[15/06/2011 01:06:14] /goto god
[15/06/2011 01:06:15] /goto god
[15/06/2011 01:06:15] /goto god
[15/06/2011 01:06:15] /goto god
[15/06/2011 01:06:15] /goto god
[15/06/2011 01:06:15] /goto god
[15/06/2011 01:06:15] /goto god
[15/06/2011 01:06:15] /goto god
[15/06/2011 01:06:15] /goto god
[15/06/2011 01:06:15] /goto god
[15/06/2011 01:06:15] /goto god
[15/06/2011 01:06:15] /goto god
[15/06/2011 01:06:15] /goto god
[15/06/2011 01:06:15] /goto god
[15/06/2011 01:06:15] /goto god
[15/06/2011 01:06:16] /goto god
[15/06/2011 01:06:16] /goto god
[15/06/2011 01:06:16] /goto god
[15/06/2011 01:06:16] /goto god
[15/06/2011 01:06:16] /goto god
[15/06/2011 01:06:16] /goto god
[15/06/2011 01:06:16] /goto god
[15/06/2011 01:06:16] /goto god
[15/06/2011 01:06:16] /goto god
[15/06/2011 01:06:16] /goto god
[15/06/2011 01:06:16] /goto god
[15/06/2011 01:06:16] /goto god
[15/06/2011 01:06:17] /goto god
[15/06/2011 01:06:17] /goto god
[15/06/2011 01:06:17] /goto god
[15/06/2011 01:06:17] /goto god
[15/06/2011 01:06:17] /goto god
[15/06/2011 01:06:17] /goto god
[15/06/2011 01:06:18] /goto god
[15/06/2011 01:06:18] /goto god
[15/06/2011 01:06:18] /goto god
[15/06/2011 01:06:18] /goto god
[15/06/2011 01:06:18] /goto god
[15/06/2011 01:06:18] /goto god
[15/06/2011 01:06:18] /goto god
[15/06/2011 01:06:18] /goto god
[15/06/2011 01:06:18] /goto god
[15/06/2011 01:06:18] /goto god
[15/06/2011 01:06:18] /goto god
[15/06/2011 01:06:18] /goto god
[15/06/2011 01:06:18] /goto god
[15/06/2011 01:06:18] /goto god
[15/06/2011 01:06:18] /goto god
[15/06/2011 01:06:18] /goto god
[15/06/2011 01:06:19] /goto god
[15/06/2011 01:06:19] /goto god
[15/06/2011 01:06:19] /goto god
[15/06/2011 01:06:19] /goto god
[15/06/2011 01:06:19] /goto god
[15/06/2011 01:06:19] /goto god
[15/06/2011 01:06:19] /goto god
[15/06/2011 01:06:19] /goto god
[15/06/2011 01:06:19] /goto god
[15/06/2011 01:06:19] /goto god
[15/06/2011 01:06:19] /goto god
[15/06/2011 01:06:19] /goto god
[15/06/2011 01:06:19] /goto god
[15/06/2011 01:06:20] /goto god
[15/06/2011 01:06:20] /goto god
[15/06/2011 01:06:20] /goto god
[15/06/2011 01:06:20] /goto god
[15/06/2011 01:06:20] /goto god
[15/06/2011 01:06:20] /goto god
[15/06/2011 01:06:20] /goto god
[15/06/2011 01:06:20] /goto god
[15/06/2011 01:06:20] /goto god
[15/06/2011 01:06:20] /goto god
[15/06/2011 01:06:20] /goto god
[15/06/2011 01:06:20] /goto god
[15/06/2011 01:06:21] /goto god
[15/06/2011 01:06:21] /goto god
[15/06/2011 01:06:21] /goto god
[15/06/2011 01:06:21] /goto god
[15/06/2011 01:06:21] /goto god
[15/06/2011 01:06:21] /goto god
[15/06/2011 01:06:21] /goto god
[15/06/2011 01:06:21] /goto god
[15/06/2011 01:06:21] /goto god
[15/06/2011 01:06:21] /goto god
[15/06/2011 01:06:21] /goto god
[15/06/2011 01:06:21] /goto god
[15/06/2011 01:06:22] /goto god
[15/06/2011 01:06:22] /goto god
[15/06/2011 01:06:22] /goto god
[15/06/2011 01:06:22] /goto god
[15/06/2011 01:06:22] /goto god
[15/06/2011 01:06:22] /goto god
[15/06/2011 01:06:22] /goto god
[15/06/2011 01:06:22] /goto god
[15/06/2011 01:06:23] /goto god
[15/06/2011 01:06:23] /goto god
[15/06/2011 01:06:23] /goto god
[15/06/2011 01:06:23] /goto god
[15/06/2011 01:06:23] /goto god
[15/06/2011 01:06:23] /goto god
[15/06/2011 01:06:23] /goto god
[15/06/2011 01:06:23] /goto god
[15/06/2011 01:06:23] /goto god
[15/06/2011 01:06:23] /goto god
[15/06/2011 01:06:23] /goto god
[15/06/2011 01:06:23] /goto god
[15/06/2011 01:06:23] /goto god
[15/06/2011 01:06:23] /goto god
[15/06/2011 01:06:24] /goto god
[15/06/2011 01:06:24] /goto god
[15/06/2011 01:06:24] /goto god
[15/06/2011 01:06:24] /goto god
[15/06/2011 01:06:24] /goto god
[15/06/2011 01:06:24] /goto god
[15/06/2011 01:06:24] /goto god
[15/06/2011 01:06:24] /goto god
[15/06/2011 01:06:24] /goto god
[15/06/2011 01:06:24] /goto god
[15/06/2011 01:06:24] /goto god
[15/06/2011 01:06:24] /goto god
[15/06/2011 01:06:24] /goto god
[15/06/2011 01:06:24] /goto god
[15/06/2011 01:06:25] /goto god
[15/06/2011 01:06:25] /goto god
[15/06/2011 01:06:25] /goto god
[15/06/2011 01:06:25] /goto god
[15/06/2011 01:06:25] /goto god
[15/06/2011 01:06:25] /goto god
[15/06/2011 01:06:25] /goto god
[15/06/2011 01:06:25] /goto god
[15/06/2011 01:06:25] /goto god
[15/06/2011 01:06:25] /goto god
[15/06/2011 01:06:25] /goto god
[15/06/2011 01:06:25] /goto god
[15/06/2011 01:06:25] /goto god
[15/06/2011 01:06:25] /goto god
[15/06/2011 01:06:25] /goto god
[15/06/2011 01:06:26] /goto god
[15/06/2011 01:06:26] /goto god
[15/06/2011 01:06:26] /goto god
[15/06/2011 01:06:26] /goto god
[15/06/2011 01:06:26] /goto god
[15/06/2011 01:06:26] /goto god
[15/06/2011 01:06:26] /goto god
[15/06/2011 01:06:26] /goto god
[15/06/2011 01:06:26] /goto god
[15/06/2011 01:06:26] /goto god
[15/06/2011 01:06:26] /goto god
[15/06/2011 01:06:26] /goto god
[15/06/2011 01:06:26] /goto god
[15/06/2011 01:06:26] /goto god
[15/06/2011 01:06:27] /goto god
[15/06/2011 01:06:27] /goto god
[15/06/2011 01:06:27] /goto god
[15/06/2011 01:06:27] /goto god
[15/06/2011 01:06:27] /goto god
[15/06/2011 01:06:27] /goto god
[15/06/2011 01:06:27] /goto god
[15/06/2011 01:06:27] /goto god
[15/06/2011 01:06:27] /goto god
[15/06/2011 01:06:27] /goto god
[15/06/2011 01:06:27] /goto god
[15/06/2011 01:06:27] /goto god
[15/06/2011 01:06:27] /goto god
[15/06/2011 01:06:27] /goto god
[15/06/2011 01:06:27] /goto god
[15/06/2011 01:06:27] /goto god
[15/06/2011 01:06:27] /goto god
[15/06/2011 01:06:28] /goto god
[15/06/2011 01:06:28] /goto god
[15/06/2011 01:06:28] /goto god
[15/06/2011 01:06:28] /goto god
[15/06/2011 01:06:28] /goto god
[15/06/2011 01:06:28] /goto god
[15/06/2011 01:06:28] /goto god
[15/06/2011 01:06:28] /goto god
[15/06/2011 01:06:28] /goto god
[15/06/2011 01:06:28] /goto god
[15/06/2011 01:06:28] /goto god
[15/06/2011 01:06:28] /goto god
[15/06/2011 01:06:29] /goto god
[15/06/2011 01:06:29] /goto god
[15/06/2011 01:06:29] /goto god
[15/06/2011 01:06:29] /goto god
[15/06/2011 01:06:29] /goto god
[15/06/2011 01:06:29] /goto god
[15/06/2011 01:06:29] /goto god
[15/06/2011 01:06:29] /goto god
[15/06/2011 01:06:29] /goto god
[15/06/2011 01:06:29] /goto god
[15/06/2011 01:06:29] /goto god
[15/06/2011 01:06:29] /goto god
[15/06/2011 01:06:29] /goto god
[15/06/2011 01:06:29] /goto god
[15/06/2011 01:06:29] /goto god
[15/06/2011 01:06:29] /goto god
[15/06/2011 01:06:29] /goto god
[15/06/2011 01:06:30] /goto god
[15/06/2011 01:06:30] /goto god
[15/06/2011 01:06:30] /goto god
[15/06/2011 01:06:30] /goto god
[15/06/2011 01:06:30] /goto god
[15/06/2011 01:06:30] /goto god
[15/06/2011 01:06:30] /goto god
[15/06/2011 01:06:30] /goto god
[15/06/2011 01:06:30] /goto god
[15/06/2011 01:06:30] /goto god
[15/06/2011 01:06:30] /goto god
[15/06/2011 01:06:30] /goto god
[15/06/2011 01:06:31] /goto god
[15/06/2011 01:06:31] /goto god
[15/06/2011 01:06:32] /goto god
[15/06/2011 01:06:33] /goto god
[15/06/2011 01:06:33] /goto god
[15/06/2011 01:06:33] /goto god
[15/06/2011 01:06:33] /goto god
[15/06/2011 01:06:33] /goto god
[15/06/2011 01:06:33] /goto god
[15/06/2011 01:06:33] /goto god
[15/06/2011 01:06:33] /goto god
[15/06/2011 01:06:33] /goto god
[15/06/2011 01:06:34] /goto god
[15/06/2011 01:06:34] /goto god
[15/06/2011 01:06:34] /goto god
[15/06/2011 01:06:34] /goto god
[15/06/2011 01:06:34] /goto god
[15/06/2011 01:06:34] /goto god
[15/06/2011 01:06:34] /goto god
[15/06/2011 01:06:35] /goto god
[15/06/2011 01:06:35] /goto god
[15/06/2011 01:06:35] /goto god
[15/06/2011 01:06:35] /goto god
[15/06/2011 01:06:35] /goto god
[15/06/2011 01:06:36] /goto god
[15/06/2011 01:06:38] /goto god
[15/06/2011 01:06:39] /goto god
[15/06/2011 01:06:39] /goto god
[15/06/2011 01:06:39] /goto god
[15/06/2011 01:06:39] /goto god
[15/06/2011 01:06:39] /goto god
[15/06/2011 01:06:39] /goto god
[15/06/2011 01:06:39] /goto god
[15/06/2011 01:06:39] /goto god
[15/06/2011 01:06:39] /goto god
[15/06/2011 01:06:39] /goto god
[15/06/2011 01:06:40] /goto god
[15/06/2011 01:06:40] /goto god
[15/06/2011 01:06:40] /goto god
[15/06/2011 01:06:40] /goto god
[15/06/2011 01:06:40] /goto god
[15/06/2011 01:06:40] /goto god
[15/06/2011 01:06:40] /goto god
[15/06/2011 01:06:40] /goto god
[15/06/2011 01:06:40] /goto god
[15/06/2011 01:06:40] /goto god
[15/06/2011 01:06:43] /goto god
[15/06/2011 01:06:47] /goto god
[15/06/2011 01:06:48] /goto god
[15/06/2011 01:06:49] /goto god
[15/06/2011 01:06:49] /goto god
[15/06/2011 01:06:49] /goto god
[15/06/2011 01:06:49] /goto god
[15/06/2011 01:06:49] /goto god
[15/06/2011 01:06:49] /goto god
[15/06/2011 01:06:49] /goto god
[15/06/2011 01:06:50] /goto god
[15/06/2011 01:06:50] /goto god
[15/06/2011 01:06:50] /goto god
[15/06/2011 01:06:50] /goto god
[15/06/2011 01:06:50] /goto god
[15/06/2011 01:06:50] /goto god
[15/06/2011 01:06:50] /goto god
[15/06/2011 01:06:50] /goto god
[15/06/2011 01:06:50] /goto god
[15/06/2011 01:06:50] /goto god
[15/06/2011 01:06:50] /goto god
[15/06/2011 01:06:50] /goto god
[15/06/2011 01:06:50] /goto god
[15/06/2011 01:06:50] /goto god
[15/06/2011 01:06:51] /goto god
[15/06/2011 01:06:51] /goto god
[15/06/2011 01:06:51] /goto god
[15/06/2011 01:06:51] /goto god
[15/06/2011 01:06:51] /goto god
[15/06/2011 01:06:51] /goto god
[15/06/2011 01:06:51] /goto god
[15/06/2011 01:06:51] /goto god
[15/06/2011 01:06:51] /goto god
[15/06/2011 01:06:51] /goto god
[15/06/2011 01:06:51] /goto god
[15/06/2011 01:06:51] /goto god
[15/06/2011 01:06:51] /goto god
[15/06/2011 01:06:51] /goto god
[15/06/2011 01:06:51] /goto god
[15/06/2011 01:12:56] /i 2721
[15/06/2011 01:13:02] /a 2
[15/06/2011 01:13:04] /i 2721
[15/06/2011 01:13:47] /r
[15/06/2011 01:13:48] /r
[15/06/2011 01:13:48] /r
[15/06/2011 01:13:48] /r
[15/06/2011 01:13:48] /r
[15/06/2011 01:13:49] /r
[15/06/2011 01:13:49] /r
[15/06/2011 01:13:49] /r
[15/06/2011 01:13:49] /r
[15/06/2011 01:13:49] /r
[15/06/2011 01:13:50] /r
[15/06/2011 01:13:50] /r
[15/06/2011 01:13:51] /r
[15/06/2011 01:13:51] /r
[15/06/2011 01:13:51] /r
[15/06/2011 01:13:51] /r
[15/06/2011 01:13:51] /r
[15/06/2011 01:13:52] /r
[15/06/2011 01:13:52] /r
[15/06/2011 01:13:52] /r
[15/06/2011 01:13:52] /r
[15/06/2011 01:13:53] /r
[15/06/2011 01:13:53] /r
[15/06/2011 01:13:53] /r
[15/06/2011 01:13:53] /r
[15/06/2011 01:13:53] /r
[15/06/2011 01:13:54] /r
[15/06/2011 01:13:54] /r
[15/06/2011 01:13:54] /r
[15/06/2011 01:13:55] /r
[15/06/2011 01:13:55] /r
[15/06/2011 01:13:56] /r
[15/06/2011 01:13:56] /r
[15/06/2011 01:13:56] /r
[15/06/2011 01:13:56] /r
[15/06/2011 01:13:56] /r
[15/06/2011 01:13:56] /r
[15/06/2011 01:13:56] /r
[15/06/2011 01:13:57] /r
[15/06/2011 01:13:57] /r
[15/06/2011 01:13:57] /r
[15/06/2011 01:13:57] /r
[15/06/2011 01:13:57] /r
[15/06/2011 01:13:58] /r
[15/06/2011 01:13:58] /r
[15/06/2011 01:13:58] /r
[15/06/2011 01:13:58] /r
[15/06/2011 01:13:59] /r
[15/06/2011 01:13:59] /r
[15/06/2011 01:14:00] /r
[15/06/2011 01:14:01] /r
[15/06/2011 01:14:01] /r
[15/06/2011 01:14:01] /r
[15/06/2011 01:14:01] /r
[15/06/2011 01:14:02] /r
[15/06/2011 01:14:02] /r
[15/06/2011 01:14:03] /r
[15/06/2011 01:14:03] /r
[15/06/2011 01:14:03] /r
[15/06/2011 01:14:03] /r
[15/06/2011 01:14:04] /r
[15/06/2011 01:14:04] /r
[15/06/2011 01:14:04] /r
[15/06/2011 01:14:04] /r
[15/06/2011 01:14:05] /r
[15/06/2011 01:14:05] /r
[15/06/2011 01:14:05] /r
[15/06/2011 01:14:06] /r
[15/06/2011 01:14:06] /r
[15/06/2011 01:14:06] /r
[15/06/2011 01:14:06] /r
[15/06/2011 01:14:07] /r
[15/06/2011 01:14:07] /r
[15/06/2011 01:14:07] /r
[15/06/2011 01:14:08] /r
[15/06/2011 01:14:08] /r
[15/06/2011 01:14:08] /r
[15/06/2011 01:14:09] /r
[15/06/2011 01:14:10] /r
[15/06/2011 01:14:10] /r
[15/06/2011 01:14:11] /r
[15/06/2011 01:14:11] /r
[15/06/2011 01:14:11] /r
[15/06/2011 01:14:11] /r
[15/06/2011 01:14:11] /r
[15/06/2011 01:14:13] /r
[15/06/2011 01:14:13] /r
[15/06/2011 01:14:13] /r
[15/06/2011 01:14:13] /r
[15/06/2011 01:14:14] /r
[15/06/2011 01:14:14] /r
[15/06/2011 01:14:15] /r
[15/06/2011 01:14:15] /r
[15/06/2011 01:14:16] /r
[15/06/2011 01:14:17] /r
[15/06/2011 01:14:18] /r
[15/06/2011 01:14:19] /r
[15/06/2011 01:14:20] /r
[15/06/2011 01:14:20] /r
[15/06/2011 01:14:21] /r
[15/06/2011 01:14:22] /r
[15/06/2011 01:14:23] /r
[15/06/2011 01:14:24] /r
[15/06/2011 01:14:25] /r
[15/06/2011 01:14:28] /r
[15/06/2011 01:14:30] /r
[15/06/2011 01:14:34] /r
[15/06/2011 01:14:34] /r
[15/06/2011 01:14:35] /r
[15/06/2011 01:14:37] /r
[15/06/2011 01:14:37] /r
[15/06/2011 01:14:37] /r
[15/06/2011 01:14:38] /r
[15/06/2011 01:14:38] /r
[15/06/2011 01:14:39] /r
[15/06/2011 01:14:39] /r
[15/06/2011 01:14:39] /r
[15/06/2011 01:14:39] /r
[15/06/2011 01:14:39] /r
[15/06/2011 01:14:40] /r
[15/06/2011 01:14:40] /r
[15/06/2011 01:14:52] /r
[15/06/2011 01:14:52] /r
[15/06/2011 01:14:52] /r
[15/06/2011 01:14:52] /r
[15/06/2011 01:14:52] /r
[15/06/2011 01:14:53] /r
[15/06/2011 01:14:53] /r
[15/06/2011 01:14:53] /r
[15/06/2011 01:14:53] /r
[15/06/2011 01:14:53] /r
[15/06/2011 01:14:56] /r
[15/06/2011 01:14:56] /r
[15/06/2011 01:14:56] /r
[15/06/2011 01:14:57] /r
[15/06/2011 01:14:57] /r
[15/06/2011 01:14:57] /r
[15/06/2011 01:14:57] /r
[15/06/2011 01:14:57] /r
[15/06/2011 01:14:58] /r
[15/06/2011 01:14:58] /r
[15/06/2011 01:14:58] /r
[15/06/2011 01:14:58] /r
[15/06/2011 01:14:59] /r
[15/06/2011 01:14:59] /r
[15/06/2011 01:14:59] /r
[15/06/2011 01:15:02] /r
[15/06/2011 01:15:22] /r
[15/06/2011 01:15:22] /r
[15/06/2011 01:15:22] /r
[15/06/2011 01:15:23] /r
[15/06/2011 01:15:23] /r
[15/06/2011 01:15:24] /r
[15/06/2011 01:15:24] /r
[15/06/2011 01:15:24] /r
[15/06/2011 01:15:24] /r
[15/06/2011 01:15:24] /r
[15/06/2011 01:15:24] /r
[15/06/2011 01:15:24] /r
[15/06/2011 01:15:24] /r
[15/06/2011 01:15:24] /r
[15/06/2011 01:15:24] /r
[15/06/2011 01:15:24] /r
[15/06/2011 01:15:24] /r
[15/06/2011 01:15:24] /r
[15/06/2011 01:15:24] /r
[15/06/2011 01:15:24] /r
[15/06/2011 01:15:24] /r
[15/06/2011 01:15:25] /r
[15/06/2011 01:15:25] /r
[15/06/2011 01:15:25] /r
[15/06/2011 01:15:25] /r
[15/06/2011 01:15:25] /r
[15/06/2011 01:15:25] /r
[15/06/2011 01:15:25] /r
[15/06/2011 01:15:25] /r
[15/06/2011 01:15:25] /r
[15/06/2011 01:15:25] /r
[15/06/2011 01:15:25] /r
[15/06/2011 01:15:25] /r
[15/06/2011 01:15:25] /r
[15/06/2011 01:15:25] /r
[15/06/2011 01:15:26] /r
[15/06/2011 01:15:26] /r
[15/06/2011 01:15:26] /r
[15/06/2011 01:15:26] /r
[15/06/2011 01:15:26] /r
[15/06/2011 01:15:26] /r
[15/06/2011 01:15:26] /r
[15/06/2011 01:15:26] /r
[15/06/2011 01:15:58] /r
[15/06/2011 01:15:58] /r
[15/06/2011 01:15:58] /r
[15/06/2011 01:15:58] /r
[15/06/2011 01:15:59] /r
[15/06/2011 01:15:59] /r
[15/06/2011 01:15:59] /r
[15/06/2011 01:16:00] /r
[15/06/2011 01:16:00] /r
[15/06/2011 01:16:00] /r
[15/06/2011 01:16:00] /r
[15/06/2011 01:16:00] /r
[15/06/2011 01:16:01] /r
[15/06/2011 01:16:01] /r
[15/06/2011 01:16:01] /r
[15/06/2011 01:16:01] /r
[15/06/2011 01:16:01] /r
[15/06/2011 01:16:02] /r
[15/06/2011 01:16:02] /r
[15/06/2011 01:16:02] /r
[15/06/2011 01:16:02] /r
[15/06/2011 01:16:02] /r
[15/06/2011 01:16:02] /r
[15/06/2011 01:16:02] /r
[15/06/2011 01:16:02] /r
[15/06/2011 01:16:02] /r
[15/06/2011 01:16:02] /r
[15/06/2011 01:16:03] /r
[15/06/2011 01:16:03] /r
[15/06/2011 01:16:03] /r
[15/06/2011 01:16:03] /r
[15/06/2011 01:16:03] /r
[15/06/2011 01:16:03] /r
[15/06/2011 01:16:03] /r
[15/06/2011 01:16:03] /r
[15/06/2011 01:16:03] /r
[15/06/2011 01:16:03] /r
[15/06/2011 01:16:03] /r
[15/06/2011 01:16:03] /r
[15/06/2011 01:16:03] /r
[15/06/2011 01:16:03] /r
[15/06/2011 01:16:03] /r
[15/06/2011 01:16:03] /r
[15/06/2011 01:16:03] /r
[15/06/2011 01:16:03] /r
[15/06/2011 01:16:04] /r
[15/06/2011 01:16:04] /r
[15/06/2011 01:16:04] /r
[15/06/2011 01:16:04] /r
[15/06/2011 01:16:04] /r
[15/06/2011 01:16:04] /r
[15/06/2011 01:16:04] /r
[15/06/2011 01:16:04] /r
[15/06/2011 01:16:04] /r
[15/06/2011 01:16:04] /r
[15/06/2011 01:16:04] /r
[15/06/2011 01:16:04] /r
[15/06/2011 01:16:04] /r
[15/06/2011 01:16:04] /r
[15/06/2011 01:16:04] /r
[15/06/2011 01:16:05] /r
[15/06/2011 01:16:49] /r
[15/06/2011 01:16:52] /r
[15/06/2011 01:16:54] /up
[15/06/2011 01:17:01] /r
[15/06/2011 01:17:02] /r
[15/06/2011 01:17:02] /r
[15/06/2011 01:17:02] /r
[15/06/2011 01:17:02] /r
[15/06/2011 01:17:02] /r
[15/06/2011 01:17:02] /r
[15/06/2011 01:17:02] /r
[15/06/2011 01:18:39] /r
[15/06/2011 01:18:40] /r
[15/06/2011 01:18:41] /r
[15/06/2011 01:18:41] /r
[15/06/2011 01:18:41] /r
[15/06/2011 01:18:41] /r
[15/06/2011 01:18:41] /r
[15/06/2011 01:20:49] /i adura vita
[15/06/2011 01:23:06] /i demon skeleton
[15/06/2011 01:25:11] /m dragon
[15/06/2011 01:26:13] /r
[15/06/2011 01:26:14] /r
[15/06/2011 01:26:16] /r
[15/06/2011 01:26:19] /clean
[15/06/2011 01:27:02] /r
[15/06/2011 01:27:17] /clean
[15/06/2011 01:27:54] /r
[15/06/2011 01:27:56] /r
[15/06/2011 01:28:08] /r
[15/06/2011 01:28:10] /r
[15/06/2011 01:28:11] /r
[15/06/2011 01:28:13] /r
[15/06/2011 01:28:15] /r
[15/06/2011 01:28:18] /r
[15/06/2011 01:30:03] /r
[15/06/2011 01:30:15] /r
[15/06/2011 01:40:19] /goto god
[15/06/2011 01:42:44] /goto god
[15/06/2011 01:42:52] /goto god
[15/06/2011 01:43:15] /goto account manager
[15/06/2011 01:43:20] /m rato
[15/06/2011 01:43:40] /goto the oracle
[15/06/2011 01:43:42] /c dener
[15/06/2011 01:43:58] /addskill dener, level
[15/06/2011 01:44:00] /addskill dener, level
[15/06/2011 01:44:04] /addskill dener, level
[15/06/2011 01:44:04] /addskill dener, level
[15/06/2011 01:44:05] /addskill dener, level
[15/06/2011 01:44:21] /addskill dener, level
[15/06/2011 01:44:27] /addskill dener, level
[15/06/2011 01:44:45] /goto denr
[15/06/2011 01:44:47] /goto dener
[15/06/2011 01:46:05] /i ultimate mana potion
[15/06/2011 01:46:33] /i 2160
[15/06/2011 01:46:48] /i backpack of holding
[15/06/2011 01:46:48] /i backpack of holding
[15/06/2011 01:46:49] /i backpack of holding
[15/06/2011 01:46:49] /i backpack of holding
[15/06/2011 01:46:50] /i backpack of holding
[15/06/2011 01:46:50] /i backpack of holding
[15/06/2011 01:46:50] /i backpack of holding
[15/06/2011 01:46:52] /i backpack of holding
[15/06/2011 01:50:06] /goto god
[15/06/2011 01:50:18] /i backpack of holding
[15/06/2011 01:50:23] /i 2160
[15/06/2011 01:50:45] /goto god
[15/06/2011 01:50:52] /goto dener
[15/06/2011 01:51:21] /addskill dener,level
[15/06/2011 01:51:22] /addskill dener,level
[15/06/2011 01:51:22] /addskill dener,level
[15/06/2011 01:51:23] /addskill dener,level
[15/06/2011 01:51:23] /addskill dener,level
[15/06/2011 01:51:24] /addskill dener,level
[15/06/2011 01:51:24] /addskill dener,level
[15/06/2011 01:51:46] /addskill dener,level
[15/06/2011 01:51:46] /addskill dener,level
[15/06/2011 01:51:46] /addskill dener,level
[15/06/2011 01:51:46] /addskill dener,level
[15/06/2011 01:51:46] /addskill dener,level
[15/06/2011 01:51:47] /addskill dener,level
[15/06/2011 01:51:47] /addskill dener,level
[15/06/2011 01:51:47] /addskill dener,level
[15/06/2011 01:51:47] /addskill dener,level
[15/06/2011 01:51:47] /addskill dener,level
[15/06/2011 01:51:47] /addskill dener,level
[15/06/2011 01:51:47] /addskill dener,level
[15/06/2011 01:51:47] /addskill dener,level
[15/06/2011 01:51:47] /addskill dener,level
[15/06/2011 01:51:47] /addskill dener,level
[15/06/2011 01:51:47] /addskill dener,level
[15/06/2011 01:51:48] /addskill dener,level
[15/06/2011 01:51:48] /addskill dener,level
[15/06/2011 01:51:48] /addskill dener,level
[15/06/2011 01:51:48] /addskill dener,level
[15/06/2011 01:51:48] /addskill dener,level
[15/06/2011 01:51:48] /addskill dener,level
[15/06/2011 01:51:48] /addskill dener,level
[15/06/2011 01:51:48] /addskill dener,level
[15/06/2011 01:51:48] /addskill dener,level
[15/06/2011 01:51:48] /addskill dener,level
[15/06/2011 01:51:49] /addskill dener,level
[15/06/2011 01:51:49] /addskill dener,level
[15/06/2011 01:51:49] /addskill dener,level
[15/06/2011 01:51:49] /addskill dener,level
[15/06/2011 01:51:49] /addskill dener,level
[15/06/2011 01:51:49] /addskill dener,level
[15/06/2011 01:51:49] /addskill dener,level
[15/06/2011 01:51:49] /addskill dener,level
[15/06/2011 01:51:50] /addskill dener,level
[15/06/2011 01:51:50] /addskill dener,level
[15/06/2011 01:51:50] /addskill dener,level
[15/06/2011 01:51:50] /addskill dener,level
[15/06/2011 01:51:50] /addskill dener,level
[15/06/2011 01:51:50] /addskill dener,level
[15/06/2011 01:51:50] /addskill dener,level
[15/06/2011 01:51:51] /addskill dener,level
[15/06/2011 01:51:53] /addskill dener,level
[15/06/2011 01:51:53] /addskill dener,level
[15/06/2011 01:51:53] /addskill dener,level
[15/06/2011 01:51:53] /addskill dener,level
[15/06/2011 01:51:54] /addskill dener,level
[15/06/2011 01:51:54] /addskill dener,level
[15/06/2011 01:51:54] /addskill dener,level
[15/06/2011 01:51:54] /addskill dener,level
[15/06/2011 01:51:54] /addskill dener,level
[15/06/2011 01:51:54] /addskill dener,level
[15/06/2011 01:51:54] /addskill dener,level
[15/06/2011 01:51:54] /addskill dener,level
[15/06/2011 01:51:54] /addskill dener,level
[15/06/2011 01:51:55] /addskill dener,level
[15/06/2011 01:51:55] /addskill dener,level
[15/06/2011 01:51:55] /addskill dener,level
[15/06/2011 01:51:55] /addskill dener,level
[15/06/2011 01:51:55] /addskill dener,level
[15/06/2011 01:51:55] /addskill dener,level
[15/06/2011 01:51:55] /addskill dener,level
[15/06/2011 01:51:55] /addskill dener,level
[15/06/2011 01:51:55] /addskill dener,level
[15/06/2011 01:51:55] /addskill dener,level
[15/06/2011 01:51:55] /addskill dener,level
[15/06/2011 01:51:56] /addskill dener,level
[15/06/2011 01:51:56] /addskill dener,level
[15/06/2011 01:51:56] /addskill dener,level
[15/06/2011 01:51:56] /addskill dener,level
[15/06/2011 01:51:56] /addskill dener,level
[15/06/2011 01:51:56] /addskill dener,level
[15/06/2011 01:51:56] /addskill dener,level
[15/06/2011 01:51:56] /addskill dener,level
[15/06/2011 01:51:56] /addskill dener,level
[15/06/2011 01:51:57] /addskill dener,level
[15/06/2011 01:51:57] /addskill dener,level
[15/06/2011 01:51:57] /addskill dener,level
[15/06/2011 01:51:57] /addskill dener,level
[15/06/2011 01:51:57] /addskill dener,level
[15/06/2011 01:51:57] /addskill dener,level
[15/06/2011 01:51:57] /addskill dener,level
[15/06/2011 01:51:57] /addskill dener,level
[15/06/2011 01:51:57] /addskill dener,level
[15/06/2011 01:51:57] /addskill dener,level
[15/06/2011 01:51:58] /addskill dener,level
[15/06/2011 01:51:58] /addskill dener,level
[15/06/2011 01:51:58] /addskill dener,level
[15/06/2011 01:51:58] /addskill dener,level
[15/06/2011 01:51:58] /addskill dener,level
[15/06/2011 01:51:58] /addskill dener,level
[15/06/2011 01:51:58] /addskill dener,level
[15/06/2011 01:51:58] /addskill dener,level
[15/06/2011 01:52:38] /goto dener
[15/06/2011 01:52:46] /i 7590
[15/06/2011 01:52:51] /i 7590
[15/06/2011 01:52:51] /i 7590
[15/06/2011 01:52:52] /i 7590
[15/06/2011 01:52:53] /i 7590
[15/06/2011 01:52:53] /i 7590
[15/06/2011 01:52:54] /i 7590
[15/06/2011 01:52:54] /i 7590
[15/06/2011 01:53:06] /i 7590
[15/06/2011 01:53:07] /i 7590
[15/06/2011 01:53:07] /i 7590
[15/06/2011 01:53:08] /i 7590
[15/06/2011 01:53:09] /i 7590
[15/06/2011 01:53:09] /i 7590
[15/06/2011 01:53:10] /i 7590
[15/06/2011 01:53:10] /i 7590
[15/06/2011 01:53:11] /i 7590
[15/06/2011 01:53:11] /i 7590
[15/06/2011 01:53:12] /i 7590
[15/06/2011 01:53:12] /i 7590
[15/06/2011 01:53:13] /i 7590
[15/06/2011 01:53:14] /i 7590
[15/06/2011 01:53:14] /i 7590
[15/06/2011 01:53:15] /i 7590
[15/06/2011 01:53:15] /i 7590
[15/06/2011 01:53:23] /r
[15/06/2011 01:53:28] /r 98
[15/06/2011 01:53:30] /r 98
[15/06/2011 01:54:04] /addskill dener,magic level
[15/06/2011 01:54:31] /addskill dener,magic level
[15/06/2011 01:54:32] /addskill dener,magic level
[15/06/2011 01:54:33] /addskill dener,magic level
[15/06/2011 01:54:33] /addskill dener,magic level
[15/06/2011 01:54:33] /addskill dener,magic level
[15/06/2011 01:54:34] /addskill dener,magic level
[15/06/2011 01:54:34] /addskill dener,magic level
[15/06/2011 01:54:34] /addskill dener,magic level
[15/06/2011 01:54:35] /addskill dener,magic level
[15/06/2011 01:54:35] /addskill dener,magic level
[15/06/2011 01:54:36] /addskill dener,magic level
[15/06/2011 01:54:36] /addskill dener,magic level
[15/06/2011 01:54:36] /addskill dener,magic level
[15/06/2011 01:54:37] /addskill dener,magic level
[15/06/2011 01:54:37] /addskill dener,magic level
[15/06/2011 01:54:37] /addskill dener,magic level
[15/06/2011 01:54:38] /addskill dener,magic level
[15/06/2011 01:54:38] /addskill dener,magic level
[15/06/2011 01:54:58] /i hat of the mad
[15/06/2011 01:55:06] /i focus cape
[15/06/2011 01:55:17] /i blue legs
[15/06/2011 01:55:29] /i soft boots
[15/06/2011 01:55:38] /i 6132
[15/06/2011 01:55:54] /i spellbook of dark mysteries
[15/06/2011 01:56:02] /i hailstorm rod
[15/06/2011 01:56:29] /goto dener
[15/06/2011 01:56:37] /i backpack of holding
[15/06/2011 01:56:41] /i 2268
[15/06/2011 01:56:44] /i 2268
[15/06/2011 01:56:45] /i 2268
[15/06/2011 01:56:45] /i 2268
[15/06/2011 01:56:46] /i 2268
[15/06/2011 01:56:46] /i 2268
[15/06/2011 01:56:52] /i 2268
[15/06/2011 01:56:52] /i 2268
[15/06/2011 01:56:53] /i 2268
[15/06/2011 01:56:53] /i 2268
[15/06/2011 01:56:53] /i 2268
[15/06/2011 01:56:54] /i 2268
[15/06/2011 01:56:54] /i 2268
[15/06/2011 01:56:55] /i 2268
[15/06/2011 01:56:55] /i 2268
[15/06/2011 01:56:56] /i 2268
[15/06/2011 01:56:57] /i 2268
[15/06/2011 01:56:57] /i 2268
[15/06/2011 01:56:57] /i 2268
[15/06/2011 01:56:58] /i 2268
[15/06/2011 01:56:59] /i 2268
[15/06/2011 01:56:59] /i 2268
[15/06/2011 01:57:00] /i 2268
[15/06/2011 01:57:00] /i 2268
[15/06/2011 01:57:01] /i 2268
[15/06/2011 02:29:33] /goto god
[15/06/2011 02:29:37] /goto dener
[15/06/2011 02:29:42] /ghost
[15/06/2011 02:30:21] /a 5
[15/06/2011 02:30:29] /m demon
[15/06/2011 02:30:44] /m ghazbaran
[15/06/2011 02:30:56] /m ghazbaran
[15/06/2011 02:30:57] /m ghazbaran
[15/06/2011 02:30:57] /m ghazbaran
[15/06/2011 02:30:58] /m ghazbaran
[15/06/2011 02:30:58] /m ghazbaran
[15/06/2011 02:30:58] /m ghazbaran
[15/06/2011 02:31:31] /r
[15/06/2011 02:31:33] /r
[15/06/2011 02:31:36] /r
[15/06/2011 02:31:39] /r
[15/06/2011 02:31:41] /r
[15/06/2011 02:31:44] /m ghazbaran
[15/06/2011 02:31:45] /m ghazbaran
[15/06/2011 02:31:45] /m ghazbaran
[15/06/2011 02:31:46] /m ghazbaran
[15/06/2011 02:31:46] /m ghazbaran
[15/06/2011 02:31:46] /m ghazbaran
[15/06/2011 02:31:50] /m ghazbaran
[15/06/2011 02:31:53] /r
[15/06/2011 02:32:02] /r
[15/06/2011 02:32:03] /r
[15/06/2011 02:32:05] /m ghazbaran
[15/06/2011 02:32:06] /m ghazbaran
[15/06/2011 02:32:08] /r
[15/06/2011 02:32:14] /r
[15/06/2011 02:32:17] /r
[15/06/2011 02:32:44] /m orshabaal
[15/06/2011 02:32:45] /m orshabaal
[15/06/2011 02:32:45] /m orshabaal
[15/06/2011 02:32:45] /m orshabaal
[15/06/2011 02:32:46] /m orshabaal
[15/06/2011 02:32:46] /m orshabaal
[15/06/2011 02:32:47] /m orshabaal
[15/06/2011 02:33:13] /m tibia bug
[15/06/2011 02:33:28] /m ghazbaran
[15/06/2011 02:33:29] /m ghazbaran
[15/06/2011 02:33:29] /m ghazbaran
[15/06/2011 02:33:29] /m ghazbaran
[15/06/2011 02:33:29] /m ghazbaran
[15/06/2011 02:33:29] /m ghazbaran
[15/06/2011 02:33:29] /m ghazbaran
[15/06/2011 02:33:29] /m ghazbaran
[15/06/2011 02:33:29] /m ghazbaran
[15/06/2011 02:33:29] /m ghazbaran
[15/06/2011 02:33:29] /m ghazbaran
[15/06/2011 02:33:29] /m ghazbaran
[15/06/2011 02:33:30] /m ghazbaran
[15/06/2011 02:33:30] /m ghazbaran
[15/06/2011 02:33:30] /m ghazbaran
[15/06/2011 02:33:30] /m ghazbaran
[15/06/2011 02:33:30] /m ghazbaran
[15/06/2011 02:33:30] /m ghazbaran
[15/06/2011 02:33:31] /m ghazbaran
[15/06/2011 02:33:31] /m ghazbaran
[15/06/2011 02:33:32] /m ghazbaran
[15/06/2011 02:33:32] /m ghazbaran
[15/06/2011 02:33:32] /m ghazbaran
[15/06/2011 02:33:32] /m ghazbaran
[15/06/2011 02:33:32] /m ghazbaran
[15/06/2011 02:33:32] /m ghazbaran
[15/06/2011 02:33:32] /m ghazbaran
[15/06/2011 02:33:32] /m ghazbaran
[15/06/2011 02:33:32] /m ghazbaran
[15/06/2011 02:33:32] /m ghazbaran
[15/06/2011 02:33:32] /m ghazbaran
[15/06/2011 02:33:32] /m ghazbaran
[15/06/2011 02:33:32] /m ghazbaran
[15/06/2011 02:33:32] /m ghazbaran
[15/06/2011 02:33:32] /m ghazbaran
[15/06/2011 02:33:32] /m ghazbaran
[15/06/2011 02:33:33] /m ghazbaran
[15/06/2011 02:33:33] /m ghazbaran
[15/06/2011 02:33:33] /m ghazbaran
[15/06/2011 02:33:33] /m ghazbaran
[15/06/2011 02:33:33] /m ghazbaran
[15/06/2011 02:33:33] /m ghazbaran
[15/06/2011 02:33:33] /m ghazbaran
[15/06/2011 02:33:33] /m ghazbaran
[15/06/2011 02:33:33] /m ghazbaran
[15/06/2011 02:33:33] /m ghazbaran
[15/06/2011 02:33:33] /m ghazbaran
[15/06/2011 02:33:33] /m ghazbaran
[15/06/2011 02:33:33] /m ghazbaran
[15/06/2011 02:33:33] /m ghazbaran
[15/06/2011 02:33:34] /m ghazbaran
[15/06/2011 02:33:34] /m ghazbaran
[15/06/2011 02:33:34] /m ghazbaran
[15/06/2011 02:33:34] /m ghazbaran
[15/06/2011 02:33:34] /m ghazbaran
[15/06/2011 02:33:34] /m ghazbaran
[15/06/2011 02:33:34] /m ghazbaran
[15/06/2011 02:33:34] /m ghazbaran
[15/06/2011 02:33:34] /m ghazbaran
[15/06/2011 02:33:34] /m ghazbaran
[15/06/2011 02:33:34] /m ghazbaran
[15/06/2011 02:33:34] /m ghazbaran
[15/06/2011 02:33:34] /m ghazbaran
[15/06/2011 02:33:35] /m ghazbaran
[15/06/2011 02:33:35] /m ghazbaran
[15/06/2011 02:33:35] /m ghazbaran
[15/06/2011 02:33:35] /m ghazbaran
[15/06/2011 02:33:35] /m ghazbaran
[15/06/2011 02:33:35] /m ghazbaran
[15/06/2011 02:33:35] /m ghazbaran
[15/06/2011 02:33:35] /m ghazbaran
[15/06/2011 02:33:35] /m ghazbaran
[15/06/2011 02:33:35] /m ghazbaran
[15/06/2011 02:33:35] /m ghazbaran
[15/06/2011 02:33:35] /m ghazbaran
[15/06/2011 02:33:35] /m ghazbaran
[15/06/2011 02:33:36] /m ghazbaran
[15/06/2011 02:33:36] /m ghazbaran
[15/06/2011 02:33:36] /m ghazbaran
[15/06/2011 02:33:36] /m ghazbaran
[15/06/2011 02:33:36] /m ghazbaran
[15/06/2011 02:33:36] /m ghazbaran
[15/06/2011 02:33:36] /m ghazbaran
[15/06/2011 02:33:36] /m ghazbaran
[15/06/2011 02:33:36] /m ghazbaran
[15/06/2011 02:33:36] /m ghazbaran
[15/06/2011 02:33:36] /m ghazbaran
[15/06/2011 02:33:36] /m ghazbaran
[15/06/2011 02:33:36] /m ghazbaran
[15/06/2011 02:33:36] /m ghazbaran
[15/06/2011 02:33:36] /m ghazbaran
[15/06/2011 02:33:36] /m ghazbaran
[15/06/2011 02:33:37] /m ghazbaran
[15/06/2011 02:33:37] /m ghazbaran
[15/06/2011 02:33:37] /m ghazbaran
[15/06/2011 02:33:37] /m ghazbaran
[15/06/2011 02:33:37] /m ghazbaran
[15/06/2011 02:33:37] /m ghazbaran
[15/06/2011 02:33:37] /m ghazbaran
[15/06/2011 02:33:37] /m ghazbaran
[15/06/2011 02:33:37] /m ghazbaran
[15/06/2011 02:33:37] /m ghazbaran
[15/06/2011 02:33:37] /m ghazbaran
[15/06/2011 02:33:37] /m ghazbaran
[15/06/2011 02:33:38] /m ghazbaran
[15/06/2011 02:33:38] /m ghazbaran
[15/06/2011 02:33:38] /m ghazbaran
[15/06/2011 02:33:38] /m ghazbaran
[15/06/2011 02:33:38] /m ghazbaran
[15/06/2011 02:33:38] /m ghazbaran
[15/06/2011 02:33:38] /m ghazbaran
[15/06/2011 02:33:38] /m ghazbaran
[15/06/2011 02:33:38] /m ghazbaran
[15/06/2011 02:33:38] /m ghazbaran
[15/06/2011 02:33:38] /m ghazbaran
[15/06/2011 02:33:38] /m ghazbaran
[15/06/2011 02:33:38] /m ghazbaran
[15/06/2011 02:33:38] /m ghazbaran
[15/06/2011 02:33:39] /m ghazbaran
[15/06/2011 02:33:39] /m ghazbaran
[15/06/2011 02:33:39] /m ghazbaran
[15/06/2011 02:33:39] /m ghazbaran
[15/06/2011 02:33:39] /m ghazbaran
[15/06/2011 02:33:39] /m ghazbaran
[15/06/2011 02:33:39] /m ghazbaran
[15/06/2011 02:33:39] /m ghazbaran
[15/06/2011 02:33:39] /m ghazbaran
[15/06/2011 02:33:39] /m ghazbaran
[15/06/2011 02:33:39] /m ghazbaran
[15/06/2011 02:33:39] /m ghazbaran
[15/06/2011 02:33:39] /m ghazbaran
[15/06/2011 02:33:39] /m ghazbaran
[15/06/2011 02:33:39] /m ghazbaran
[15/06/2011 02:33:39] /m ghazbaran
[15/06/2011 02:33:39] /m ghazbaran
[15/06/2011 02:33:40] /m ghazbaran
[15/06/2011 02:33:40] /m ghazbaran
[15/06/2011 02:33:40] /m ghazbaran
[15/06/2011 02:33:40] /m ghazbaran
[15/06/2011 02:33:40] /m ghazbaran
[15/06/2011 02:33:40] /m ghazbaran
[15/06/2011 02:33:40] /m ghazbaran
[15/06/2011 02:33:40] /m ghazbaran
[15/06/2011 02:33:40] /m ghazbaran
[15/06/2011 02:33:40] /m ghazbaran
[15/06/2011 02:33:40] /m ghazbaran
[15/06/2011 02:33:40] /m ghazbaran
[15/06/2011 02:33:40] /m ghazbaran
[15/06/2011 02:33:41] /m ghazbaran
[15/06/2011 02:33:41] /m ghazbaran
[15/06/2011 02:33:41] /m ghazbaran
[15/06/2011 02:33:41] /m ghazbaran
[15/06/2011 02:33:41] /m ghazbaran
[15/06/2011 02:33:41] /m ghazbaran
[15/06/2011 02:33:41] /m ghazbaran
[15/06/2011 02:33:41] /m ghazbaran
[15/06/2011 02:33:41] /m ghazbaran
[15/06/2011 02:33:41] /m ghazbaran
[15/06/2011 02:33:41] /m ghazbaran
[15/06/2011 02:33:42] /m ghazbaran
[15/06/2011 02:33:42] /m ghazbaran
[15/06/2011 02:33:42] /m ghazbaran
[15/06/2011 02:33:42] /m ghazbaran
[15/06/2011 02:33:42] /m ghazbaran
[15/06/2011 02:33:42] /m ghazbaran
[15/06/2011 02:33:42] /m ghazbaran
[15/06/2011 02:33:42] /m ghazbaran
[15/06/2011 02:33:42] /m ghazbaran
[15/06/2011 02:33:42] /m ghazbaran
[15/06/2011 02:33:42] /m ghazbaran
[15/06/2011 02:33:42] /m ghazbaran
[15/06/2011 02:33:42] /m ghazbaran
[15/06/2011 02:33:42] /m ghazbaran
[15/06/2011 02:33:43] /m ghazbaran
[15/06/2011 02:33:43] /m ghazbaran
[15/06/2011 02:33:43] /m ghazbaran
[15/06/2011 02:33:43] /m ghazbaran
[15/06/2011 02:33:43] /m ghazbaran
[15/06/2011 02:33:43] /m ghazbaran
[15/06/2011 02:33:43] /m ghazbaran
[15/06/2011 02:33:43] /m ghazbaran
[15/06/2011 02:33:43] /m ghazbaran
[15/06/2011 02:33:43] /m ghazbaran
[15/06/2011 02:33:43] /m ghazbaran
[15/06/2011 02:33:43] /m ghazbaran
[15/06/2011 02:33:44] /m ghazbaran
[15/06/2011 02:33:44] /m ghazbaran
[15/06/2011 02:33:44] /m ghazbaran
[15/06/2011 02:33:44] /m ghazbaran
[15/06/2011 02:33:44] /m ghazbaran
[15/06/2011 02:33:44] /m ghazbaran
[15/06/2011 02:33:44] /m ghazbaran
[15/06/2011 02:33:44] /m ghazbaran
[15/06/2011 02:33:44] /m ghazbaran
[15/06/2011 02:33:44] /m ghazbaran
[15/06/2011 02:33:44] /m ghazbaran
[15/06/2011 02:33:45] /m ghazbaran
[15/06/2011 02:33:45] /m ghazbaran
[15/06/2011 02:33:45] /m ghazbaran
[15/06/2011 02:33:45] /m ghazbaran
[15/06/2011 02:33:45] /m ghazbaran
[15/06/2011 02:33:45] /m ghazbaran
[15/06/2011 02:33:45] /m ghazbaran
[15/06/2011 02:33:45] /m ghazbaran
[15/06/2011 02:33:45] /m ghazbaran
[15/06/2011 02:33:45] /m ghazbaran
[15/06/2011 02:33:45] /m ghazbaran
[15/06/2011 02:33:45] /m ghazbaran
[15/06/2011 02:33:46] /m ghazbaran
[15/06/2011 02:33:46] /m ghazbaran
[15/06/2011 02:33:46] /m ghazbaran
[15/06/2011 02:33:46] /m ghazbaran
[15/06/2011 02:33:46] /m ghazbaran
[15/06/2011 02:33:46] /m ghazbaran
[15/06/2011 02:33:46] /m ghazbaran
[15/06/2011 02:33:46] /m ghazbaran
[15/06/2011 02:33:46] /m ghazbaran
[15/06/2011 02:33:46] /m ghazbaran
[15/06/2011 02:33:46] /m ghazbaran
[15/06/2011 02:33:46] /m ghazbaran
[15/06/2011 02:33:46] /m ghazbaran
[15/06/2011 02:33:46] /m ghazbaran
[15/06/2011 02:33:46] /m ghazbaran
[15/06/2011 02:33:47] /m ghazbaran
[15/06/2011 02:33:47] /m ghazbaran
[15/06/2011 02:33:47] /m ghazbaran
[15/06/2011 02:33:47] /m ghazbaran
[15/06/2011 02:33:47] /m ghazbaran
[15/06/2011 02:33:47] /m ghazbaran
[15/06/2011 02:33:47] /m ghazbaran
[15/06/2011 02:33:47] /m ghazbaran
[15/06/2011 02:33:47] /m ghazbaran
[15/06/2011 02:33:47] /m ghazbaran
[15/06/2011 02:33:48] /m ghazbaran
[15/06/2011 02:33:48] /m ghazbaran
[15/06/2011 02:33:48] /m ghazbaran
[15/06/2011 02:33:48] /m ghazbaran
[15/06/2011 02:33:48] /m ghazbaran
[15/06/2011 02:33:48] /m ghazbaran
[15/06/2011 02:33:48] /m ghazbaran
[15/06/2011 02:33:48] /m ghazbaran
[15/06/2011 02:33:48] /m ghazbaran
[15/06/2011 02:33:48] /m ghazbaran
[15/06/2011 02:33:48] /m ghazbaran
[15/06/2011 02:33:48] /m ghazbaran
[15/06/2011 02:33:53] /goto dener
[15/06/2011 02:34:02] /goto god
[15/06/2011 02:34:13] /r
[15/06/2011 02:34:14] /r
[15/06/2011 02:34:16] /r
[15/06/2011 02:34:17] /r
[15/06/2011 02:34:20] /r
[15/06/2011 02:34:21] /r
[15/06/2011 02:34:22] /r
[15/06/2011 02:34:23] /r
[15/06/2011 02:34:25] /r
[15/06/2011 02:34:27] /r
[15/06/2011 02:34:28] /r
[15/06/2011 02:34:29] /r
[15/06/2011 02:34:32] /r
[15/06/2011 02:34:33] /r
[15/06/2011 02:34:34] /r
[15/06/2011 02:34:36] /r
[15/06/2011 02:34:36] /r
[15/06/2011 02:34:38] /r
[15/06/2011 02:34:40] /r
[15/06/2011 02:34:41] /r
[15/06/2011 02:34:42] /r
[15/06/2011 02:34:45] /r
[15/06/2011 02:34:47] /r
[15/06/2011 02:34:53] /goto god
[15/06/2011 02:42:15] /i 9957
[15/06/2011 02:42:17] /i 9957
[15/06/2011 02:42:18] /i 9957
[15/06/2011 02:42:21] /i 9957
[15/06/2011 02:42:22] /i 9957
[15/06/2011 02:42:25] /a 2
[15/06/2011 02:42:57] /r
[15/06/2011 02:43:00] /r
[15/06/2011 02:43:02] /r
[15/06/2011 02:43:03] /r
[15/06/2011 02:43:05] /r
[15/06/2011 02:46:17] /m exo boss
[15/06/2011 02:46:52] /i 2160
[15/06/2011 02:46:52] /i 2160
[15/06/2011 02:46:52] /i 2160
[15/06/2011 02:46:52] /i 2160
[15/06/2011 02:46:52] /i 2160
[15/06/2011 02:46:52] /i 2160
[15/06/2011 02:46:53] /i 2160
[15/06/2011 02:46:53] /i 2160
[15/06/2011 02:46:53] /i 2160
[15/06/2011 02:46:53] /i 2160
[15/06/2011 02:46:53] /i 2160
[15/06/2011 02:46:53] /i 2160
[15/06/2011 02:46:54] /i 2160
[15/06/2011 02:46:54] /i 2160
[15/06/2011 02:46:54] /i 2160
[15/06/2011 02:46:54] /i 2160
[15/06/2011 02:46:54] /i 2160
[15/06/2011 02:46:54] /i 2160
[15/06/2011 02:46:55] /i 2160
[15/06/2011 02:46:55] /i 2160
[15/06/2011 02:46:55] /i 2160
[15/06/2011 02:46:55] /i 2160
[15/06/2011 02:46:55] /i 2160
[15/06/2011 02:46:55] /i 2160
[15/06/2011 02:46:55] /i 2160
[15/06/2011 02:46:56] /i 2160
[15/06/2011 02:46:56] /i 2160
[15/06/2011 02:46:56] /i 2160
[15/06/2011 02:46:56] /i 2160
[15/06/2011 02:46:56] /i 2160
[15/06/2011 02:46:56] /i 2160
[15/06/2011 02:46:57] /i 2160
[15/06/2011 02:46:57] /i 2160
[15/06/2011 02:46:57] /i 2160
[15/06/2011 02:46:57] /i 2160
[15/06/2011 02:46:57] /i 2160
[15/06/2011 02:46:58] /i 2160
[15/06/2011 02:46:58] /i 2160
[15/06/2011 02:46:58] /i 2160
[15/06/2011 02:46:59] /i 2160
[15/06/2011 02:46:59] /i 2160
[15/06/2011 02:46:59] /i 2160
[15/06/2011 02:46:59] /i 2160
[15/06/2011 02:46:59] /i 2160
[15/06/2011 02:47:00] /i 2160
[15/06/2011 02:47:00] /i 2160
[15/06/2011 02:47:00] /i 2160
[15/06/2011 02:47:00] /i 2160
[15/06/2011 02:47:00] /i 2160
[15/06/2011 02:47:00] /i 2160
[15/06/2011 02:47:01] /i 2160
[15/06/2011 02:47:01] /i 2160
[15/06/2011 02:47:01] /i 2160
[15/06/2011 02:47:01] /i 2160
[15/06/2011 02:47:01] /i 2160
[15/06/2011 02:47:02] /i 2160
[15/06/2011 02:47:02] /i 2160
[15/06/2011 02:47:03] /i 2160
[15/06/2011 02:47:03] /i 2160
[15/06/2011 02:47:03] /i 2160
[15/06/2011 02:47:03] /i 2160
[15/06/2011 02:47:04] /i 2160
[15/06/2011 02:47:04] /i 2160
[15/06/2011 02:47:04] /i 2160
[15/06/2011 02:47:04] /i 2160
[15/06/2011 02:47:04] /i 2160
[15/06/2011 02:47:04] /i 2160
[15/06/2011 02:47:05] /i 2160
[15/06/2011 02:47:05] /i 2160
[15/06/2011 02:47:05] /i 2160
[15/06/2011 02:47:05] /i 2160
[15/06/2011 02:47:06] /i 2160
[15/06/2011 02:47:06] /i 2160
[15/06/2011 02:47:06] /i 2160
[15/06/2011 02:47:06] /i 2160
[15/06/2011 02:47:07] /i 2160
[15/06/2011 02:47:07] /i 2160
[15/06/2011 02:47:07] /i 2160
[15/06/2011 02:47:07] /i 2160
[15/06/2011 02:47:08] /i 2160
[15/06/2011 02:47:08] /i 2160
[15/06/2011 02:47:08] /i 2160
[15/06/2011 02:47:09] /i 2160
[15/06/2011 02:47:09] /i 2160
[15/06/2011 02:47:09] /i 2160
[15/06/2011 02:47:10] /i 2160
[15/06/2011 02:47:10] /i 2160
[15/06/2011 02:47:10] /i 2160
[15/06/2011 02:47:10] /i 2160
[15/06/2011 02:47:10] /i 2160
[15/06/2011 02:47:12] /i 2160
