[11/06/2011 01:39:39] /goto palimuth
[11/06/2011 01:40:12] /m dog
[11/06/2011 01:40:17] /m dog
[11/06/2011 01:40:34] /m dog
[11/06/2011 01:40:36] /m dog
[11/06/2011 01:40:57] /m dog
[11/06/2011 01:40:59] /m dog
[11/06/2011 01:41:06] /m dog
[11/06/2011 01:41:11] /r
[11/06/2011 01:41:12] /r
[11/06/2011 01:41:13] /r
[11/06/2011 01:42:21] /goto dener diegoli
[11/06/2011 01:42:47] /i sniper gloves
[11/06/2011 01:43:13] /i backpack
[11/06/2011 01:43:27] /i elane's crossbow
[11/06/2011 01:43:37] /i lizard leather
[11/06/2011 01:43:49] /i red dragon leather
[11/06/2011 01:44:02] /i enchanted chicken wing
[11/06/2011 01:44:24] /i piece of royal steel
[11/06/2011 01:44:41] /i piece of draconian steel
[11/06/2011 01:45:04] /i piece of hell steel
[11/06/2011 01:45:54] /goto god
[11/06/2011 01:45:56] /goto god
[11/06/2011 01:46:27] /i assassin star
[11/06/2011 01:47:44] /a 3
[11/06/2011 01:47:54] /a 2
[11/06/2011 01:48:55] /m elf
[11/06/2011 01:49:04] /a 2
[11/06/2011 01:49:52] /a 3
[11/06/2011 01:49:55] /r
[11/06/2011 01:49:57] /r
[11/06/2011 01:49:59] /r
[11/06/2011 01:50:00] /r
[11/06/2011 01:50:02] /r
[11/06/2011 01:50:06] /a 2
[11/06/2011 01:50:09] /a 2
[11/06/2011 01:51:05] /i 2109
[11/06/2011 01:53:08] /c god
[11/06/2011 01:53:11] /c god
[11/06/2011 01:53:14] /c god
[11/06/2011 01:53:17] /c god
[11/06/2011 01:53:18] /c god
[11/06/2011 01:53:22] /c god
[11/06/2011 01:53:25] /c god
[11/06/2011 01:53:27] /c god
[11/06/2011 01:53:38] /c god
[11/06/2011 01:53:39] /c god
[11/06/2011 01:53:41] /c god
[11/06/2011 01:53:44] /c god
[11/06/2011 01:53:49] /c god
[11/06/2011 01:53:51] /c god
[11/06/2011 01:53:53] /c god
[11/06/2011 01:53:59] /c god
[11/06/2011 01:54:05] /c god
[11/06/2011 01:54:17] /c god
[11/06/2011 01:54:19] /c god
[11/06/2011 01:54:21] /c god
[11/06/2011 01:54:24] /c god
[11/06/2011 01:54:26] /c god
[11/06/2011 01:55:11] /c god
[11/06/2011 01:56:29] /m treiner
[11/06/2011 01:56:39] /r
[11/06/2011 01:56:42] /r
[11/06/2011 01:56:50] /i 4785
[11/06/2011 01:56:54] /r
[11/06/2011 01:56:57] /r
[11/06/2011 01:56:59] /r
[11/06/2011 01:57:00] /r
[11/06/2011 01:57:02] /r
[11/06/2011 01:57:05] /r
[11/06/2011 01:57:12] /i 1617
[11/06/2011 01:57:13] /i 1617
[11/06/2011 01:57:14] /i 1617
[11/06/2011 01:57:15] /i 1617
[11/06/2011 01:57:15] /i 1617
[11/06/2011 01:57:17] /i 1617
[11/06/2011 01:57:18] /i 1617
[11/06/2011 01:57:19] /i 1617
[11/06/2011 01:57:46] /r
[11/06/2011 01:57:48] /r
[11/06/2011 01:57:49] /r
[11/06/2011 01:57:50] /r
[11/06/2011 01:57:52] /r
[11/06/2011 01:57:53] /r
[11/06/2011 01:57:54] /r
[11/06/2011 01:57:57] /r
[11/06/2011 01:58:00] /r
[11/06/2011 01:58:02] /a 2
[11/06/2011 01:58:43] /i cristal arrow
[11/06/2011 01:58:47] /i cristal arrow
[11/06/2011 01:59:07] /i cristal arrow
[11/06/2011 01:59:47] /a 
[11/06/2011 01:59:49] /a 
[11/06/2011 01:59:59] /r
[11/06/2011 02:00:02] /r
[11/06/2011 02:00:05] /r
[11/06/2011 02:00:06] /r
[11/06/2011 02:00:17] /a 
[11/06/2011 02:00:21] /a 
[11/06/2011 02:00:29] /a
[11/06/2011 02:00:42] /a
[11/06/2011 02:00:45] /a
[11/06/2011 02:01:08] /r
[11/06/2011 02:01:13] /r
[11/06/2011 02:01:27] /r
[11/06/2011 02:01:28] /r
[11/06/2011 02:01:29] /r
[11/06/2011 02:01:31] /r
[11/06/2011 02:01:45] /r
[11/06/2011 02:02:03] /a 5
[11/06/2011 02:04:45] /a
[11/06/2011 02:04:47] /a
[11/06/2011 02:04:48] /a
[11/06/2011 02:04:51] /a 2
[11/06/2011 02:04:52] /r
[11/06/2011 02:04:58] /r
[11/06/2011 02:04:59] /r
[11/06/2011 02:05:00] /r
[11/06/2011 02:05:00] /r
[11/06/2011 02:05:01] /r
[11/06/2011 02:05:01] /r
[11/06/2011 02:05:03] /r
[11/06/2011 02:05:04] /r
[11/06/2011 02:05:06] /r
[11/06/2011 02:05:07] /r
[11/06/2011 02:05:08] /r
[11/06/2011 02:05:12] /r
[11/06/2011 02:05:16] /r
[11/06/2011 02:05:18] /r
[11/06/2011 02:05:19] /r
[11/06/2011 02:05:55] /m elf scout
[11/06/2011 02:06:07] /r
[11/06/2011 02:06:12] /a 2
[11/06/2011 02:06:15] /c god
[11/06/2011 02:08:01] /a 3
[11/06/2011 02:08:51] /m orshabaal
[11/06/2011 02:09:00] /r
[11/06/2011 02:10:10] /i 1793
[11/06/2011 02:10:13] /a 3
[11/06/2011 02:10:16] /i 1793
[11/06/2011 02:10:17] /i 1793
[11/06/2011 02:10:21] /r
[11/06/2011 02:10:23] /r
[11/06/2011 02:10:38] /i create
[11/06/2011 02:10:47] /i 1713
[11/06/2011 02:10:50] /r
[11/06/2011 02:10:54] /i 1739
[11/06/2011 02:10:56] /i 1739
[11/06/2011 02:10:57] /i 1739
[11/06/2011 02:10:57] /i 1739
[11/06/2011 02:10:58] /i 1739
[11/06/2011 02:10:59] /i 1739
[11/06/2011 02:10:59] /i 1739
[11/06/2011 02:11:00] /i 1739
[11/06/2011 02:11:00] /i 1739
[11/06/2011 02:11:08] /i 1739
[11/06/2011 02:11:09] /i 1739
[11/06/2011 02:11:09] /i 1739
[11/06/2011 02:11:09] /i 1739
[11/06/2011 02:11:10] /i 1739
[11/06/2011 02:11:10] /i 1739
[11/06/2011 02:11:10] /i 1739
[11/06/2011 02:11:10] /i 1739
[11/06/2011 02:11:11] /i 1739
[11/06/2011 02:11:13] /i 1739
[11/06/2011 02:11:14] /i 1739
[11/06/2011 02:11:15] /i 1739
[11/06/2011 02:11:15] /i 1739
[11/06/2011 02:11:16] /i 1739
[11/06/2011 02:11:16] /i 1739
[11/06/2011 02:11:16] /i 1739
[11/06/2011 02:11:16] /i 1739
[11/06/2011 02:11:17] /i 1739
[11/06/2011 02:11:20] /i 1739
[11/06/2011 02:11:21] /i 1739
[11/06/2011 02:11:26] /i 1739
[11/06/2011 02:11:29] /i 1739
[11/06/2011 02:11:31] /i 1739
[11/06/2011 02:11:33] /i 1739
[11/06/2011 02:11:36] /i 1739
[11/06/2011 02:11:38] /i 1739
[11/06/2011 02:11:39] /i 1739
[11/06/2011 02:11:41] /i 1739
[11/06/2011 02:11:43] /i 1739
[11/06/2011 02:11:45] /i 1739
[11/06/2011 02:11:45] /i 1739
[11/06/2011 02:11:45] /i 1739
[11/06/2011 02:11:46] /i 1739
[11/06/2011 02:11:46] /i 1739
[11/06/2011 02:11:46] /i 1739
[11/06/2011 02:11:46] /i 1739
[11/06/2011 02:11:46] /i 1739
[11/06/2011 02:11:46] /i 1739
[11/06/2011 02:11:46] /i 1739
[11/06/2011 02:11:46] /i 1739
[11/06/2011 02:11:46] /i 1739
[11/06/2011 02:11:46] /i 1739
[11/06/2011 02:11:46] /i 1739
[11/06/2011 02:11:46] /i 1739
[11/06/2011 02:11:46] /i 1739
[11/06/2011 02:11:46] /i 1739
[11/06/2011 02:11:51] /i 1739
[11/06/2011 02:11:56] /i 1739
[11/06/2011 02:11:57] /i 1739
[11/06/2011 02:12:01] /i 1739
[11/06/2011 02:12:01] /i 1739
[11/06/2011 02:12:02] /i 1739
[11/06/2011 02:12:02] /i 1739
[11/06/2011 02:12:02] /i 1739
[11/06/2011 02:12:02] /i 1739
[11/06/2011 02:12:02] /i 1739
[11/06/2011 02:12:02] /i 1739
[11/06/2011 02:12:02] /i 1739
[11/06/2011 02:12:17] /a 3
[11/06/2011 02:12:28] /i 1739
[11/06/2011 02:12:28] /i 1739
[11/06/2011 02:12:39] /a 3
[11/06/2011 02:12:41] /i 1739
[11/06/2011 02:12:44] /i 1739
[11/06/2011 02:12:44] /i 1739
[11/06/2011 02:12:44] /i 1739
[11/06/2011 02:12:44] /i 1739
[11/06/2011 02:12:45] /i 1739
[11/06/2011 02:12:45] /i 1739
[11/06/2011 02:12:45] /i 1739
[11/06/2011 02:12:45] /i 1739
[11/06/2011 02:12:46] /i 1739
[11/06/2011 02:12:46] /i 1739
[11/06/2011 02:12:46] /i 1739
[11/06/2011 02:12:46] /i 1739
[11/06/2011 02:12:46] /i 1739
[11/06/2011 02:12:46] /i 1739
[11/06/2011 02:12:46] /i 1739
[11/06/2011 02:12:46] /i 1739
[11/06/2011 02:12:46] /i 1739
[11/06/2011 02:12:46] /i 1739
[11/06/2011 02:12:46] /i 1739
[11/06/2011 02:12:46] /i 1739
[11/06/2011 02:12:46] /i 1739
[11/06/2011 02:12:46] /i 1739
[11/06/2011 02:12:47] /i 1739
[11/06/2011 02:12:47] /i 1739
[11/06/2011 02:12:47] /i 1739
[11/06/2011 02:12:47] /i 1739
[11/06/2011 02:12:47] /i 1739
[11/06/2011 02:12:47] /i 1739
[11/06/2011 02:12:47] /i 1739
[11/06/2011 02:12:47] /i 1739
[11/06/2011 02:12:47] /i 1739
[11/06/2011 02:12:47] /i 1739
[11/06/2011 02:12:47] /i 1739
[11/06/2011 02:12:47] /i 1739
[11/06/2011 02:12:48] /i 1739
[11/06/2011 02:12:48] /i 1739
[11/06/2011 02:12:48] /i 1739
[11/06/2011 02:12:48] /i 1739
[11/06/2011 02:12:48] /i 1739
[11/06/2011 02:12:48] /i 1739
[11/06/2011 02:12:49] /i 1739
[11/06/2011 02:12:49] /i 1739
[11/06/2011 02:12:49] /i 1739
[11/06/2011 02:12:49] /i 1739
[11/06/2011 02:12:49] /i 1739
[11/06/2011 02:12:49] /i 1739
[11/06/2011 02:12:49] /i 1739
[11/06/2011 02:12:49] /i 1739
[11/06/2011 02:12:49] /i 1739
[11/06/2011 02:12:49] /i 1739
[11/06/2011 02:12:49] /i 1739
[11/06/2011 02:12:49] /i 1739
[11/06/2011 02:12:49] /i 1739
[11/06/2011 02:12:50] /i 1739
[11/06/2011 02:12:50] /i 1739
[11/06/2011 02:12:50] /i 1739
[11/06/2011 02:12:50] /i 1739
[11/06/2011 02:12:51] /i 1739
[11/06/2011 02:12:51] /i 1739
[11/06/2011 02:12:51] /i 1739
[11/06/2011 02:12:51] /i 1739
[11/06/2011 02:12:52] /i 1739
[11/06/2011 02:12:52] /i 1739
[11/06/2011 02:12:52] /i 1739
[11/06/2011 02:12:52] /i 1739
[11/06/2011 02:12:52] /i 1739
[11/06/2011 02:12:53] /i 1739
[11/06/2011 02:12:53] /i 1739
[11/06/2011 02:12:53] /i 1739
[11/06/2011 02:12:53] /i 1739
[11/06/2011 02:12:53] /i 1739
[11/06/2011 02:12:53] /i 1739
[11/06/2011 02:13:06] /goto palimuth
[11/06/2011 02:13:24] /a 3
[11/06/2011 02:13:58] /c god
[11/06/2011 02:14:40] /a 3
[11/06/2011 02:18:52] /c god
[11/06/2011 02:19:30] /a 2
[11/06/2011 02:20:24] /c god
[11/06/2011 02:21:24] /a 5
[11/06/2011 02:21:30] /a 5
[11/06/2011 02:21:31] /a 5
[11/06/2011 02:21:34] /a 7
[11/06/2011 02:21:41] /a 2
[11/06/2011 02:22:25] /a 5
[11/06/2011 02:22:26] /a 5
[11/06/2011 02:22:27] /a 5
[11/06/2011 02:22:28] /a 5
[11/06/2011 02:22:29] /a 5
[11/06/2011 02:22:30] /a 5
[11/06/2011 02:22:31] /a 5
[11/06/2011 02:22:31] /a 5
[11/06/2011 02:22:33] /a 5
[11/06/2011 02:22:34] /a 5
[11/06/2011 02:22:36] /a 5
[11/06/2011 02:22:46] /a 5
[11/06/2011 02:23:45] /i hailstorm rod
[11/06/2011 02:24:00] /i sudden death
[11/06/2011 02:26:26] /up
[11/06/2011 02:27:06] /a 5
[11/06/2011 02:27:17] /c god
[11/06/2011 02:27:29] /c god
[11/06/2011 02:27:42] /i backpack
[11/06/2011 02:28:00] /goto god
[11/06/2011 02:28:59] /a 5
[11/06/2011 02:29:00] /a 5
[11/06/2011 02:29:04] /a 10
[11/06/2011 02:29:09] /a 5
[11/06/2011 02:29:10] /a 5
[11/06/2011 02:29:10] /a 5
[11/06/2011 02:29:26] /up
[11/06/2011 02:29:30] /up
[11/06/2011 02:31:13] /goto lorena
[11/06/2011 02:31:19] /goto froodo
[11/06/2011 02:31:22] /goto froddo
[11/06/2011 02:31:33] /goto cyclop
[11/06/2011 02:31:34] /goto cyclops
[11/06/2011 02:31:44] /goto rotworm
[11/06/2011 02:32:05] /c god
[11/06/2011 02:32:51] /goto giant spider
[11/06/2011 02:33:20] /a
[11/06/2011 02:34:57] /r
[11/06/2011 02:35:01] /r
[11/06/2011 02:35:47] /i 2160
[11/06/2011 02:36:32] /c god
[11/06/2011 02:36:47] /m treiner
[11/06/2011 02:36:52] /m demon
[11/06/2011 02:38:43] /r
[11/06/2011 02:38:45] /r
[11/06/2011 02:39:25] /m ghazbaran
[11/06/2011 02:39:53] /r
[11/06/2011 02:40:07] /a 2
[11/06/2011 02:40:11] /a 2
[11/06/2011 02:40:16] /a 2
[11/06/2011 02:40:22] /a 2
[11/06/2011 02:40:28] /a 2
[11/06/2011 02:40:40] /a 3
[11/06/2011 02:40:45] /a 3
[11/06/2011 02:40:48] /a 3
[11/06/2011 02:40:54] /a 3
[11/06/2011 02:40:57] /a 3
[11/06/2011 02:41:03] /a 3
[11/06/2011 02:41:06] /a
[11/06/2011 02:41:09] /a 1
[11/06/2011 02:41:11] /a 2
[11/06/2011 02:41:25] /a 2
[11/06/2011 02:41:34] /a 3
[11/06/2011 02:41:38] /a 
[11/06/2011 02:41:41] /a 2
[11/06/2011 02:41:47] /a 2
[11/06/2011 02:41:53] /goto god
[11/06/2011 02:42:45] /clean
[11/06/2011 02:42:48] /clean
[11/06/2011 02:43:04] /a 3
[11/06/2011 02:43:08] /c god
[11/06/2011 02:43:11] /r
[11/06/2011 02:43:13] /c god
[11/06/2011 02:43:17] /down
[11/06/2011 02:46:27] /i yalahari mask
[11/06/2011 02:46:43] /clean
[11/06/2011 02:47:05] /i magic plate armor
[11/06/2011 02:47:16] /r
[11/06/2011 02:47:22] /i demon helmet
[11/06/2011 02:47:37] /i golden legs
[11/06/2011 02:47:45] /i boots of haste
[11/06/2011 02:47:58] /i hellforged axe
[11/06/2011 02:48:10] /i mastermind shield
[11/06/2011 02:48:18] /i amulet of loss
[11/06/2011 02:48:20] /i amulet of loss
[11/06/2011 02:48:40] /r
[11/06/2011 02:48:49] /c god
[11/06/2011 03:10:41] /goto god
[11/06/2011 03:12:09] /goto god
[11/06/2011 03:13:19] /r
[18/06/2011 01:10:28] /goto god
[18/06/2011 01:13:49] /i infernal bolts
[18/06/2011 01:13:51] /i infernal bolt
[18/06/2011 01:14:02] /m slime
[18/06/2011 01:14:13] /m slime
[18/06/2011 01:14:27] /i flame aroow
[18/06/2011 01:14:31] /i flame arrow
[18/06/2011 01:14:49] /goto dener
[18/06/2011 01:14:55] /goto god
[18/06/2011 01:14:57] /goto god
[18/06/2011 01:14:58] /goto god
[18/06/2011 01:14:59] /goto god
[18/06/2011 01:15:00] /goto god
[18/06/2011 01:15:00] /goto god
[18/06/2011 01:15:01] /goto god
[18/06/2011 01:15:01] /goto god
[18/06/2011 01:15:51] /a 5
[18/06/2011 01:16:59] /a 2
[18/06/2011 01:17:03] /a 2
[18/06/2011 01:19:56] /m minotaur
[18/06/2011 01:20:20] /r
[18/06/2011 01:21:39] /r
[18/06/2011 01:21:40] /r
[18/06/2011 01:21:41] /r
[18/06/2011 01:21:43] /r
[18/06/2011 01:21:47] /r
[18/06/2011 01:21:48] /r
[18/06/2011 01:21:50] /r
[18/06/2011 01:21:51] /r
[18/06/2011 01:21:52] /r
[18/06/2011 01:21:53] /r
[18/06/2011 01:21:55] /r
[18/06/2011 01:22:24] /m apocalipse
[18/06/2011 01:22:26] /m apocalipse
[18/06/2011 01:22:34] /m morgaroth
[18/06/2011 01:22:38] /m morgaroth
[18/06/2011 01:22:43] /m morgaroth
[18/06/2011 01:22:49] /r
[18/06/2011 01:22:59] /r
[18/06/2011 01:23:00] /m morgaroth
[18/06/2011 01:23:03] /r
[18/06/2011 01:23:15] /r
[18/06/2011 01:23:18] /r
[18/06/2011 01:23:20] /r
[18/06/2011 01:23:25] /r
[18/06/2011 01:23:27] /r
[18/06/2011 01:23:28] /r
[18/06/2011 01:23:31] /r
[18/06/2011 01:23:32] /r
[18/06/2011 01:23:47] /m training monk
[18/06/2011 01:24:19] /i flaming arrow
[18/06/2011 01:24:32] /m hero hacker
[18/06/2011 01:24:49] /m training monk
[18/06/2011 01:24:59] /r
[18/06/2011 01:25:15] /r
[18/06/2011 01:25:46] /m training monk
[18/06/2011 01:26:08] /m training monk
[18/06/2011 01:26:48] /i bow
[18/06/2011 01:27:47] /m hero hacker
[18/06/2011 01:28:19] /i training monk
[18/06/2011 01:29:19] /goto god
[18/06/2011 01:35:52] /c god
[18/06/2011 01:40:24] /goto god
[18/06/2011 01:40:44] /a 3
[18/06/2011 01:40:49] /r
[18/06/2011 01:42:57] /goto god
[18/06/2011 01:47:30] /i assassin star
[18/06/2011 01:47:41] /i demon helmet
[18/06/2011 01:47:52] /i master archer's armor
[18/06/2011 01:48:04] /i yalahari leg piece
[18/06/2011 01:48:12] /i soft boots
[18/06/2011 01:48:23] /i boots of haste
[18/06/2011 01:48:32] /i blessed shield
[18/06/2011 02:01:09] /r
[18/06/2011 02:01:25] /r
[18/06/2011 02:01:56] /i blessed shield
[18/06/2011 02:06:09] /goto god
[18/06/2011 02:09:19] /a 1
[18/06/2011 02:09:23] /a 1
[18/06/2011 02:10:18] /a 3
[18/06/2011 02:10:24] /c god
[18/06/2011 02:11:11] /a
[18/06/2011 02:11:49] /goto god
[18/06/2011 02:11:54] /goto god
[18/06/2011 02:11:58] /goto god
[18/06/2011 02:12:05] /goto god
[18/06/2011 02:12:06] /goto god
[18/06/2011 02:12:09] /goto god
[18/06/2011 02:12:10] /goto god
[18/06/2011 02:12:11] /goto god
[18/06/2011 02:12:12] /goto god
[18/06/2011 02:12:12] /goto god
[18/06/2011 02:12:13] /goto god
[18/06/2011 02:12:14] /goto god
[18/06/2011 02:12:14] /goto god
[18/06/2011 02:12:15] /goto god
[18/06/2011 02:12:16] /goto god
[18/06/2011 02:12:16] /goto god
[18/06/2011 02:12:17] /goto god
[18/06/2011 02:12:19] /goto god
[18/06/2011 02:12:24] /goto god
[18/06/2011 02:12:28] /goto god
[18/06/2011 02:13:52] /i assassin star
[18/06/2011 02:14:23] /a 4
